Warning: Permanently added '54.193.14.51' (ECDSA) to the list of known hosts.
/etc/profile.d/lang.sh: line 19: warning: setlocale: LC_CTYPE: cannot change locale (UTF-8): No such file or directory
initializing server with:
addr=848af695ee0b7fc4a8be73ddc63e9fed6a627fd9a97e659f403ea30dc3d5742b, instance=0, port=6666, benchmark=true, pprof=false, batchVerification=true, mapType=insertOnly, merklePooling=true, merklePoolSize=64
initializing map with len = 1.000000e+07...
initialized map. server is ready.
collect and dispatch: 64
1600939917253,64,6.635368
1600939918255,576,6.185567
1600939919256,512,9.365179
1600939920257,1216,1.566416
1600939921258,640,0.657689
1600939922259,256,1.222187
1600939923260,512,1.283255
1600939924261,384,25.878294
1600939925262,1472,22.257152
1600939926265,2176,31.862591
1600939927266,2432,17.959184
1600939928267,2176,68.399102
1600939929268,4608,46.670894
1600939930271,3905,83.783784
1600939931279,6207,64.042821
1600939932284,6720,57.567746
1600939933286,5056,63.822418
1600939934288,7296,95.098963
1600939935290,7232,74.016240
1600939936292,8192,99.343955
1600939937295,6020,99.310993
1600939938298,7291,81.514258
1600939939300,5569,80.119284
1600939940302,3649,98.289269
1600939941304,4031,99.812383
1600939942306,3773,97.187600
1600939943308,5443,97.199751
1600939944313,3713,99.126092
1600939945340,2209,99.226485
1600939946351,3652,100.000000
1600939947355,3939,85.253750
1600939948357,3447,69.498984
1600939949358,1408,69.634394
1600939950360,1216,79.564213
1600939951364,2241,99.968760
1600939952366,4881,99.687890
1600939953370,5678,99.906629
1600939954376,4736,98.590226
1600939955606,5889,88.195991
1600939956608,5695,12.680025
1600939957610,768,95.448799
1600939958612,8256,99.968876
1600939959616,9730,97.731569
1600939960618,6208,99.751012
1600939961622,10366,99.844237
1600939962623,10663,98.343750
1600939963625,8184,99.249766
1600939964630,12130,98.744901
1600939965632,9856,97.223089
1600939966634,15039,96.999368
1600939967636,11264,96.796702
1600939968638,11736,94.866920
1600939969640,13096,93.346191
1600939970642,13826,90.674927
1600939971644,17536,91.414944
1600939972647,19134,93.141026
1600939973649,14208,92.229623
1600939974657,14985,79.518072
1600939975661,10552,69.127086
1600939976662,2303,72.711522
1600939977762,192,28.991060
1600939978763,128,71.397174
1600939979766,15434,98.842665
1600939980768,6596,98.329130
1600939981770,29495,97.711599
1600939982772,41917,91.557821
1600939983777,27352,93.174396
1600939984779,16155,93.852978
1600939985790,15179,91.751918
1600939986792,18395,92.834293
1600939987797,17727,92.073171
1600939988799,18086,93.514711
1600939989802,16000,71.627305
1600939990804,16388,93.627293
1600939991806,12412,91.175534
1600939992808,14720,92.332167
1600939993810,13542,48.083624
1600939994812,410,67.715284
1600939995814,384,67.707348
1600939996818,17869,98.622417
1600939997824,20488,97.187994
1600939998829,23926,95.483461
1600939999831,20917,95.579413
1600940000833,15680,93.019533
1600940001837,17384,89.600000
1600940002839,21144,95.201779
1600940003854,14977,91.168915
1600940004857,16051,88.653166
1600940005862,20877,93.789607
1600940006864,17791,44.957710
1600940007866,12931,95.345155
1600940008868,13309,77.229299
1600940009874,18752,92.752681
1600940010875,4288,83.323058
1600940011893,512,27.345246
1600940012894,448,72.744479
1600940013895,384,89.272271
1600940014899,28290,98.233932
1600940015985,19262,94.900384
1600940017728,34499,92.274995
1600940019459,29693,82.185430
1600940020461,21022,93.852978
1600940021463,14178,91.562749
1600940022689,16839,81.881188
1600940023691,20028,91.849033
1600940024694,16637,88.603104
1600940026158,27704,90.201823
1600940027161,10440,94.580015
1600940028403,15363,93.653554
1600940029869,3389,32.078456
1600940030872,384,51.698952
1600940031873,4480,99.248356
1600940032876,8439,98.101866
1600940033880,28171,97.405884
1600940034882,34942,96.718037
1600940035986,13824,90.997725
1600940036988,18135,93.587302
1600940037990,16553,92.593636
1600940039131,13120,95.393901
1600940040479,24855,82.188630
1600940041481,20713,95.244055
1600940042487,15680,89.390561
1600940044223,34586,93.001346
1600940045657,19404,93.811475
1600940047225,15725,48.961993
1600940048226,1069,71.145374
1600940049227,256,65.734925
1600940050229,8737,99.282595
1600940051314,12601,97.655819
1600940053603,73574,95.675676
1600940054605,9422,95.524194
1600940056177,19626,87.495908
1600940057179,19400,96.413837
1600940058183,13184,91.130773
1600940059661,24619,91.986436
1600940061459,35418,91.942446
1600940063019,27422,93.701160
1600940064363,20555,86.730769
1600940065365,13718,75.768134
1600940066367,5244,62.208362
1600940067732,449,47.533207
1600940068733,447,75.637394
1600940069735,9792,99.058085
1600940070738,128,97.870341
1600940071742,640,97.106109
1600940072746,39453,96.235922
1600940073809,25251,93.403778
1600940074812,36526,94.841772
1600940075814,12157,90.534846
1600940076819,16152,95.735340
1600940077821,14653,93.012125
1600940078823,13887,88.903394
1600940079825,19969,81.985176
1600940080829,22720,93.748006
1600940081831,18624,94.653087
1600940082832,15814,92.836399
1600940083835,17786,95.958320
1600940084836,10717,94.130853
1600940085840,8400,93.604093
1600940086845,9363,76.788504
1600940087846,1472,17.704403
1600940088847,384,55.611443
1600940089850,10933,99.688667
1600940090852,24121,98.432110
1600940091854,26213,94.667098
1600940092860,16966,94.846864
1600940095502,35332,90.215642
1600940096505,17443,96.324222
1600940097507,12960,84.832393
1600940098510,21984,92.586701
1600940099978,24649,84.175752
1600940100986,25719,94.497455
1600940101988,13660,88.237200
1600940102995,18276,93.774069
1600940103997,13504,96.433081
1600940105034,10580,88.800255
1600940106841,22124,54.815283
1600940107843,2304,48.006279
1600940108845,192,67.265847
1600940109848,962,99.255923
1600940111448,23678,98.255639
1600940113118,22509,97.447073
1600940114121,36512,97.573118
1600940115125,22707,91.109690
1600940116131,17072,96.584440
1600940117214,12566,86.086383
1600940118216,19642,93.761186
1600940119458,16616,84.808454
1600940120460,24024,94.543147
1600940121642,17828,83.494520
1600940122645,26396,93.628418
1600940123766,18498,93.045718
1600940124770,15170,94.093493
1600940125772,9788,96.367656
1600940126774,10304,93.439490
1600940127778,11666,70.311027
1600940128779,2286,27.500794
1600940129780,320,71.566223
1600940131593,9216,99.033666
1600940132596,11152,98.491844
1600940134212,55016,92.606756
1600940135218,21192,93.205575
1600940136507,17303,93.832367
1600940138357,24052,88.646568
1600940139359,21975,96.601636
1600940140361,13214,90.304976
1600940141694,17027,87.769553
1600940142696,22978,96.241314
1600940143701,13051,91.926205
1600940145331,24494,92.806584
1600940147273,32506,87.640449
1600940148276,16921,96.188976
1600940149278,11391,68.060470
1600940150283,3776,57.819905
1600940151285,512,27.575277
1600940152286,448,79.075578
1600940154117,21748,96.902378
1600940155119,17474,99.331662
1600940156245,21808,96.487707
1600940158140,41304,89.629630
1600940159141,18370,95.618694
1600940160327,13589,86.519767
1600940161330,21995,95.130380
1600940162477,13760,82.491803
1600940163481,25408,94.054396
1600940164839,19552,88.537676
1600940165848,21792,96.998420
1600940166872,11777,93.823081
1600940168126,10733,93.951739
1600940169131,19031,94.080204
1600940170147,11774,81.535407
1600940171149,20963,94.870978
1600940172205,8666,35.264163
1600940173207,512,29.024081
1600940174208,384,88.294238
1600940175587,7928,99.146919
1600940176589,18553,98.659930
1600940178020,32403,97.117343
1600940180051,39013,97.196262
1600940181837,24740,93.559603
1600940183752,30579,81.805975
1600940184754,22400,95.020615
1600940186095,18899,83.776683
1600940187101,25197,93.836478
1600940188419,17910,87.317548
1600940189421,20924,97.387472
1600940190514,11102,91.049173
1600940191947,16793,90.127796
1600940192951,22167,94.798979
1600940193953,14297,79.840510
1600940194957,10727,84.455632
1600940195958,768,26.600828
1600940196960,256,30.570438
1600940197962,2078,99.377109
1600940199440,4514,97.958350
1600940200977,23555,96.693955
1600940201982,22310,98.682146
1600940203008,26189,91.303021
1600940204053,28616,97.364292
1600940205055,10626,93.092572
1600940207098,28074,83.447377
1600940208100,20822,89.859245
1600940209275,8576,82.744837
1600940210278,26560,94.863832
1600940211611,19887,85.589378
1600940212613,23953,94.240679
1600940213666,9484,92.720655
1600940215494,22901,89.888568
1600940217837,34508,72.068854
1600940218841,15667,59.082278
1600940219845,384,56.899274
1600940220846,576,33.972947
1600940221849,1978,99.533582
1600940222853,17222,98.437988
1600940223855,16768,98.364265
1600940224857,23779,96.419676
1600940225860,18974,94.285714
1600940226862,21618,96.724409
1600940228033,14791,92.854823
1600940229035,19974,95.136682
1600940230375,15341,93.951826
1600940232785,39032,86.057069
1600940233801,22939,89.290323
1600940234805,14599,89.510030
1600940235807,20153,92.675159
1600940236812,12288,94.001276
1600940237814,19106,95.829384
1600940238820,10974,92.889807
1600940240993,34689,86.475943
1600940241994,16767,88.881910
1600940242996,8192,38.541997
1600940243998,704,29.566318
1600940244999,640,74.246988
1600940246251,640,86.717029
1600940247254,18801,99.469248
1600940248514,16648,96.542761
1600940250943,49352,92.955053
1600940251948,21311,94.777435
1600940253380,18066,89.194435
1600940254382,22830,95.290771
1600940255927,20016,84.309831
1600940256929,20496,91.662796
1600940258312,17349,86.638073
1600940259314,21371,96.346494
1600940260383,10960,82.804995
1600940261405,24048,96.030246
1600940262774,21694,87.060342
1600940263776,25922,94.896989
1600940264778,12801,89.886179
1600940265786,15749,93.480615
1600940267260,17777,52.638231
1600940268261,2889,30.229632
1600940269265,128,95.363409
1600940270266,640,56.458727
1600940271269,13101,98.941799
1600940273027,40120,95.351074
1600940274029,20763,97.171590
1600940275032,7412,95.527477
1600940276628,19212,93.320574
1600940278295,21282,85.941558
1600940279298,18617,97.640768
1600940280301,10125,88.802589
1600940282311,27928,82.578512
1600940283314,20032,95.448276
1600940284457,13215,83.472733
1600940285459,20641,96.004963
1600940286738,16576,84.473258
1600940287739,24320,94.384012
1600940288998,20096,85.885788
1600940290000,21952,97.142857
1600940291362,17728,94.011544
1600940293139,21008,56.877204
1600940294143,1520,92.030122
1600940295144,576,26.238882
1600940296146,704,77.403322
1600940299004,43394,89.883268
1600940300816,26110,94.471545
1600940303013,30279,83.234714
1600940304015,21497,96.843434
1600940305031,7601,89.672294
1600940307140,31375,84.059406
1600940308142,19904,97.341257
1600940309144,6784,91.487231
1600940311071,27513,84.203655
1600940312073,18759,95.661742
1600940313076,11083,86.627335
1600940314079,21621,90.572716
1600940315940,28544,83.814839
1600940316943,25472,93.551568
1600940318560,19959,70.507812
1600940319561,16969,70.305127
1600940320761,256,55.133080
1600940321763,449,98.230363
1600940322773,488,35.870599
1600940323775,1047,84.615385
1600940324776,25113,98.720350
1600940325981,22687,96.560429
1600940327063,27535,97.803577
1600940328198,10362,91.301461
1600940329202,20607,98.123827
1600940330203,7936,91.747430
1600940332398,31947,83.158927
1600940333400,21557,95.631529
1600940334402,7610,87.621278
1600940335404,20370,97.625000
1600940336453,7606,88.239116
1600940337456,12158,92.221151
1600940338458,11968,93.664872
1600940339982,16192,77.088225
1600940340985,20864,94.545455
1600940342340,16628,90.258001
1600940344655,36530,83.179420
1600940345657,23898,91.766268
1600940347619,32378,55.139257
1600940348621,5062,75.069681
1600940349640,320,66.478520
1600940350642,320,34.410646
1600940351643,512,92.758621
1600940352644,256,74.378344
1600940353646,18420,98.934169
1600940354649,26450,96.948726
1600940355654,22626,97.686054
1600940357369,28213,93.511175
1600940359577,30548,85.989549
1600940360579,19983,94.856278
1600940361630,9375,87.206266
1600940362635,18721,96.846421
1600940363639,5884,93.608182
1600940364643,19140,95.963418
1600940365650,10707,84.703196
1600940366652,17964,98.482972
1600940367664,7302,81.444333
1600940368669,19516,97.923222
1600940369671,10480,92.493847
1600940371233,17231,82.528736
1600940372235,17728,95.966552
1600940373525,15690,83.333333
1600940374528,22774,90.000000
1600940376261,27906,85.544108
1600940377266,22232,96.358455
1600940378701,10982,63.586957
1600940379702,704,73.268829
1600940381356,896,26.380952
1600940382358,832,70.370370
1600940383359,26944,96.455696
1600940384986,25631,93.536122
1600940385994,29409,96.485238
1600940387572,21797,88.791990
1600940388574,18789,98.998748
1600940389579,6137,86.756490
1600940390583,15102,96.677215
1600940391585,10803,80.839895
1600940392587,19980,93.284298
1600940393589,9948,88.727390
1600940394591,16164,94.538486
1600940396419,23872,81.586777
1600940397421,22400,93.714130
1600940398600,11668,82.272727
1600940399604,13237,97.060683
1600940400607,8120,81.943533
1600940401609,18338,92.967192
1600940403372,22811,77.098480
1600940404374,25666,83.945044
1600940405984,17920,42.557252
1600940406986,11840,85.294118
1600940407989,11776,95.149017
1600940408992,8823,59.069326
1600940410958,4105,23.922070
1600940411960,384,26.210826
1600940412961,576,48.732573
1600940413963,9114,99.375585
1600940414970,15388,98.372457
1600940415972,22739,96.370583
1600940416977,18129,97.419761
1600940417980,15669,94.230156
1600940418982,18737,96.618205
1600940419984,5072,88.206628
1600940420986,20720,77.456258
1600940421989,22617,98.029403
1600940423325,15463,82.956408
1600940424328,22528,94.564657
1600940425565,8877,86.148760
1600940426571,16917,97.929087
1600940427573,8897,84.075617
1600940428584,13878,96.618058
1600940429600,9671,75.558565
1600940430602,17473,97.264151
1600940432322,21887,78.653586
1600940433324,25472,92.022603
1600940435251,28226,65.405755
1600940436253,18814,84.556222
1600940438318,25281,65.114038
1600940439320,17855,70.963705
1600940440872,6656,57.602339
1600940441875,1664,52.545052
1600940442877,576,69.984351
1600940443879,320,22.522236
1600940444880,384,60.930668
1600940445882,19776,98.443337
1600940447106,10217,96.197360
1600940448108,27671,98.587796
1600940449286,6336,96.590185
1600940450306,21824,97.594175
1600940451308,5504,89.354839
1600940452851,13813,92.285753
1600940455220,31986,80.735786
1600940456223,21017,94.244149
1600940457935,22788,84.552580
1600940458938,17788,95.158151
1600940460241,11135,79.738343
1600940461243,18753,98.416737
1600940462371,4409,85.737598
1600940463374,22270,98.682560
1600940464444,5868,80.453636
1600940465451,20637,95.051890
1600940467167,18760,77.803661
1600940468169,22840,88.121990
1600940469741,18587,78.514056
1600940470761,20837,98.405253
1600940471765,5104,89.885472
1600940474296,32901,51.867220
1600940475298,3723,61.789639
1600940476303,512,65.911950
1600940477305,384,22.981956
1600940478306,384,62.748188
1600940479308,14330,98.637138
1600940480985,22154,97.596004
1600940481988,28220,96.391913
1600940483105,9703,95.878250
1600940484107,18457,84.886401
1600940485109,23616,93.955696
1600940486396,11455,86.425490
1600940487399,21357,96.915329
1600940488405,6484,91.192543
1600940489406,16000,79.658177
1600940490408,21184,95.576708
1600940492111,21248,85.517241
1600940493112,19200,93.621795
1600940494515,11306,82.738854
1600940495553,20166,99.251170
1600940496593,5438,90.628571
1600940498567,22866,82.360656
1600940499569,18240,96.810754
1600940500768,4908,81.950274
1600940501813,24087,98.345301
1600940503196,14653,83.859421
1600940504199,19520,94.349195
1600940506028,21125,81.623377
1600940507030,19003,92.947274
1600940508455,11712,41.632395
1600940509456,320,20.832020
1600940510457,320,26.565465
1600940511458,320,76.385844
1600940512868,989,99.436972
1600940513870,21791,98.988917
1600940515503,22777,96.955643
1600940518146,56459,84.542173
1600940519148,16832,94.179057
1600940521429,30529,81.102362
1600940522434,21951,90.035651
1600940524249,22914,85.675676
1600940525252,17854,93.351801
1600940527131,22006,80.513847
1600940528132,20234,90.344403
1600940530237,31406,80.237938
1600940531239,24082,93.406940
1600940533025,24960,53.447165
1600940534027,12224,85.124099
1600940536001,23232,39.029875
1600940537003,11584,16.592214
1600940538004,5824,80.788177
1600940539481,7817,47.483221
1600940540483,12983,17.257910
1600940541484,5633,42.802669
1600940542488,5890,75.212867
1600940543489,4477,25.286624
1600940544490,7744,10.359072
