Warning: Permanently added '54.241.188.53' (ECDSA) to the list of known hosts.
/etc/profile.d/lang.sh: line 19: warning: setlocale: LC_CTYPE: cannot change locale (UTF-8): No such file or directory
initializing server with:
addr=0107aed1aac615c000ab8c02c13c0d1006b063c5571ac07881054f9c31bf70ed, instance=0, port=6666, benchmark=true, pprof=false, batchVerification=true, mapType=insertOnly, merklePooling=true, merklePoolSize=64
initializing map with len = 1.000000e+07...
initialized map. server is ready.
collect and dispatch: 64
1600939917201,64,6.291080
1600939918202,576,8.325509
1600939919204,832,3.735091
1600939920205,832,1.251564
1600939921206,448,0.938673
1600939922207,320,0.970874
1600939923208,384,0.813772
1600939924209,320,28.198680
1600939925212,1664,12.905237
1600939926217,1344,20.746363
1600939927218,2304,37.860728
1600939928221,2496,58.185841
1600939929222,4160,41.232529
1600939930227,3904,91.839297
1600939931229,6208,66.499687
1600939932231,6144,60.360065
1600939933233,5568,95.729200
1600939934235,6847,81.555556
1600939935236,8897,74.803150
1600939936242,8169,98.845554
1600939937246,6231,94.069401
1600939938249,6656,83.528296
1600939939253,7808,70.771313
1600939940255,5824,92.134475
1600939941257,3328,99.937480
1600939942259,2638,99.315282
1600939943262,5322,98.977378
1600939944270,4072,98.497182
1600939945272,1088,99.813953
1600939948281,12288,71.767900
1600939949285,1344,63.355105
1600939950286,1216,80.771790
1600939951288,1240,99.624883
1600939952290,5096,99.780702
1600939953293,5120,99.968711
1600939954295,4864,99.191291
1600939955299,5079,98.309859
1600939956302,5225,97.267588
1600939957304,6848,98.786559
1600939958309,7296,99.781250
1600939959313,8064,98.499062
1600939960422,6997,98.623710
1600939961425,9451,99.311640
1600939962427,10623,94.290172
1600939963428,8385,15.802862
1600939964430,64,56.208739
1600939965431,3815,98.065523
1600939966433,19727,98.654147
1600939967438,13153,98.967136
1600939968440,15975,98.121478
1600939969945,21456,97.012579
1600939971369,23443,97.140928
1600939972767,27629,96.482412
1600939973771,18227,95.230575
1600939974773,15304,91.808000
1600939975776,14775,71.600130
1600939976777,8192,89.191790
1600939977794,11648,64.342423
1600939978796,16960,87.899543
1600939979798,12224,65.704467
1600939980799,17536,83.879423
1600939981801,11904,68.990261
1600939983097,12288,29.610883
1600939984098,256,74.897638
1600939985101,256,41.335915
1600939986103,631,99.466750
1600939987131,10313,98.294864
1600939988645,21184,97.390958
1600939990232,15312,96.705733
1600939991234,68651,94.575844
1600939992236,25273,90.792580
1600939993239,8780,89.100906
1600939994496,8076,86.021044
1600939996025,19754,85.475410
1600939997027,19338,93.921069
1600939998029,15033,88.410489
1600939999655,29831,90.883009
1600940000659,20352,79.880728
1600940001661,3392,45.955414
1600940002663,256,79.754021
1600940003665,563,99.126910
1600940004667,16932,98.654147
1600940005673,26280,98.489616
1600940006677,32782,95.635553
1600940007678,39363,95.386573
1600940008680,13404,91.843613
1600940009682,12657,95.197472
1600940010684,9539,94.659127
1600940011688,12769,94.728485
1600940012689,14399,87.123908
1600940013695,21318,93.159923
1600940014697,17146,93.542199
1600940015698,15541,89.173228
1600940016701,23499,95.414295
1600940017704,15361,86.946972
1600940018716,15487,62.555911
1600940019718,1216,76.593720
1600940020719,256,52.614694
1600940021721,6217,98.471616
1600940023025,34474,96.164728
1600940024028,32525,95.579219
1600940025031,18186,94.482091
1600940026040,16650,95.457433
1600940027535,22456,95.960591
1600940028809,18773,94.434251
1600940029885,9951,88.579882
1600940031519,24064,83.773087
1600940032521,22830,94.839121
1600940033523,16530,92.268533
1600940034525,17970,88.269987
1600940035527,19600,95.453110
1600940036530,13630,91.472373
1600940037531,6592,45.312997
1600940038534,256,83.880126
1600940039535,384,68.943707
1600940040539,20187,98.088374
1600940041591,15300,97.630569
1600940043473,58347,94.865395
1600940045275,33208,94.560290
1600940046681,16336,89.004217
1600940047683,19118,92.683706
1600940048685,17024,95.038168
1600940049688,16304,92.534444
1600940050690,18320,88.512658
1600940051692,19776,70.191403
1600940052699,13440,69.225827
1600940053701,14848,90.012763
1600940054702,14272,91.757537
1600940055705,14911,64.228935
1600940056706,2113,78.380952
1600940057708,320,34.715190
1600940058709,256,97.689666
1600940059912,24430,95.620438
1600940060919,36370,97.117718
1600940061956,19714,72.738977
1600940063832,31675,92.652965
1600940065202,17613,91.619408
1600940066820,25911,94.049695
1600940068292,24205,92.765802
1600940070044,33331,42.407705
1600940071045,12607,67.858263
1600940072047,8896,86.825397
1600940073288,17280,91.181187
1600940074701,21036,91.618497
1600940075910,6868,44.124312
1600940076912,384,77.505498
1600940077913,320,58.061451
1600940078916,10816,98.529872
1600940079920,20015,93.284062
1600940080922,36753,96.675031
1600940081924,18882,94.679834
1600940082927,15040,94.042969
1600940083930,14526,95.885678
1600940084934,13801,95.499208
1600940085938,10006,92.880155
1600940086940,16065,95.241117
1600940087942,14404,85.057096
1600940088944,26172,93.576222
1600940089946,14860,92.868513
1600940091326,20788,88.668831
1600940092329,19202,92.839037
1600940093331,16766,93.573265
1600940094654,20240,86.284068
1600940096096,5104,35.303364
1600940097097,320,50.954198
1600940099065,20587,97.426938
1600940100135,29990,97.321707
1600940101137,33021,88.970354
1600940102139,21298,66.730280
1600940103779,19712,93.046709
1600940105615,30248,93.735873
1600940106617,12313,89.887640
1600940107619,14911,89.134045
1600940108977,24051,91.262755
1600940110778,29838,56.503675
1600940111780,17279,91.290780
1600940112891,15936,63.258786
1600940113896,16223,97.559449
1600940114898,13473,73.252474
1600940115900,8704,57.732614
1600940116902,384,77.371093
1600940118090,512,60.875079
1600940119092,15081,98.563428
1600940120384,24204,96.984649
1600940122106,43859,65.264848
1600940123109,19320,88.292226
1600940124384,17900,92.667307
1600940125386,16965,94.780395
1600940126388,14351,92.684972
1600940127916,23050,89.899644
1600940128918,21104,94.836272
1600940129921,16198,46.052632
1600940130922,13056,82.274247
1600940131953,11369,47.328000
1600940132955,13783,93.366866
1600940133957,10339,87.797046
1600940134961,11917,91.026469
1600940135963,14032,94.399351
1600940137136,12736,38.205453
1600940138137,384,69.490255
1600940139400,448,58.457161
1600940140406,12473,99.001871
1600940141938,37067,95.952667
1600940143778,39188,94.358327
1600940145564,28797,92.461800
1600940147458,31714,90.852865
1600940148462,16079,94.792332
1600940149463,14586,95.145939
1600940150465,8733,91.143676
1600940151468,18091,89.512508
1600940152470,17603,89.320388
1600940153472,20921,93.945188
1600940154474,16860,83.974563
1600940155476,15728,91.655928
1600940156479,18032,88.749214
1600940157719,15162,71.087080
1600940159412,2566,33.017975
1600940160414,384,52.952321
1600940161416,6403,99.563863
1600940162422,18749,96.791444
1600940163516,35082,97.793886
1600940164518,16852,93.214286
1600940165522,16981,95.329495
1600940166523,18244,94.126934
1600940167527,14727,95.730550
1600940168529,19991,94.241171
1600940169532,8745,90.268886
1600940170533,21250,94.269341
1600940171969,21535,58.984375
1600940172971,18145,85.547491
1600940173974,13376,67.484076
1600940174976,14464,72.893657
1600940176743,22421,91.570248
1600940178865,39445,54.459942
1600940179866,15062,83.375315
1600940180868,960,36.557429
1600940181869,384,84.759525
1600940182870,320,51.451104
1600940183872,9869,98.253638
1600940185390,29427,93.032258
1600940186393,33664,97.177799
1600940187588,18327,90.006510
1600940189531,31884,94.542011
1600940191384,32542,53.390640
1600940192409,16191,91.125198
1600940193710,14618,90.551765
1600940195884,34599,58.469420
1600940196889,18332,77.311455
1600940197891,11491,72.408293
1600940198892,14336,41.073698
1600940199893,12672,94.673941
1600940201107,15424,62.876579
1600940202108,17920,98.056426
1600940203114,8023,50.435906
1600940204117,7401,89.909403
1600940205119,322,44.310618
1600940206120,638,70.348290
1600940207921,15469,97.446346
1600940209108,46388,97.990581
1600940210110,15069,93.326855
1600940211112,16508,93.940355
1600940212114,19631,60.876571
1600940213117,16120,97.544296
1600940214121,10464,91.407263
1600940216027,29462,72.672386
1600940217053,23337,93.250656
1600940218379,16576,71.657250
1600940219381,18048,86.251580
1600940220653,15936,50.304390
1600940221655,13824,84.903015
1600940223007,14016,92.777865
1600940225037,35264,50.484496
1600940226040,15232,84.362008
1600940227265,15104,48.316768
1600940228267,3136,91.468005
1600940229269,384,35.415346
1600940230270,384,80.839058
1600940231561,512,74.418605
1600940232564,23858,98.009592
1600940233871,21428,93.445218
1600940234882,28830,97.832234
1600940235884,15894,94.215426
1600940237805,33511,83.234908
1600940238809,23529,96.936197
1600940239851,9750,85.566007
1600940240854,18509,95.195954
1600940241856,9419,91.625435
1600940243615,29446,87.711313
1600940244617,23203,96.726862
1600940245741,14335,50.796178
1600940246742,14208,94.827586
1600940247986,13237,89.370255
1600940250127,35152,56.205788
1600940251129,17147,91.951838
1600940252131,12416,59.968504
1600940253133,6656,67.322335
1600940254134,448,67.695214
1600940255136,512,33.652618
1600940256137,448,98.346334
1600940257139,14976,98.054597
1600940258144,22841,94.858612
1600940259989,39600,89.593496
1600940260991,26135,96.516820
1600940262058,11968,45.645161
1600940263060,15232,70.267717
1600940264662,18269,92.033949
1600940266806,30125,79.820180
1600940267810,22262,95.734597
1600940268860,12531,65.678932
1600940269862,17485,94.609840
1600940270873,16630,83.000317
1600940271875,13258,48.727735
1600940272877,13696,91.041052
1600940274270,16898,61.171083
1600940275314,18622,89.207048
1600940276317,12096,80.844260
1600940277320,16512,46.456943
1600940278322,12924,95.675337
1600940279323,3652,70.192828
1600940281110,704,39.711538
1600940282111,384,30.253968
1600940283112,384,88.722274
1600940284639,21741,96.213808
1600940285641,27411,96.687422
1600940286939,16950,91.631664
1600940287942,27788,97.676609
1600940288943,13438,91.500962
1600940289948,21960,96.001259
1600940290949,11192,94.305822
1600940291952,8785,95.455980
1600940293395,10334,89.086212
1600940294399,16416,92.327448
1600940295401,11953,90.806697
1600940297515,32892,85.139520
1600940298517,24900,94.674745
1600940300003,20007,92.544011
1600940301872,24355,92.638273
1600940303524,20893,92.507113
1600940304687,17049,89.591440
1600940305689,15193,81.173436
1600940306691,13223,83.574575
1600940307692,512,31.085421
1600940308693,384,59.848005
1600940309698,384,74.803397
1600940310699,384,90.488110
1600940311701,30270,98.583123
1600940313325,26690,92.396166
1600940314328,31552,96.730769
1600940315480,13587,86.431347
1600940316482,26797,97.516072
1600940317559,11121,93.979813
1600940319336,22886,91.367837
1600940321098,27012,90.086069
1600940322867,19301,78.223113
1600940323872,18886,96.473159
1600940324873,11130,86.287193
1600940325875,20800,91.512493
1600940327561,26618,86.576961
1600940328563,16055,97.682430
1600940329567,9323,86.875800
1600940330573,14120,95.398676
1600940331575,11964,88.411879
1600940332579,14122,92.590227
1600940333581,13590,90.788623
1600940334585,12970,81.295419
1600940335587,5206,37.322387
1600940336588,448,48.240101
1600940337594,384,83.881064
1600940338596,448,66.908976
1600940339600,14282,98.966813
1600940340603,24823,97.867001
1600940341605,19099,91.915977
1600940342607,28068,97.830871
1600940343609,6592,87.156863
1600940344612,26291,98.020735
1600940345926,16013,81.658537
1600940346929,25856,95.872673
1600940348111,10574,92.030021
1600940349922,20881,91.315136
1600940351598,21858,77.018012
1600940352599,20287,90.985222
1600940353907,10432,94.016132
1600940355650,27454,95.151146
1600940357213,13202,93.300807
1600940358911,19641,82.110092
1600940359916,17400,96.023982
1600940360918,11711,86.148318
1600940361920,18368,91.272379
1600940362923,12288,91.750568
1600940363925,17664,87.589112
1600940364928,4736,64.922296
1600940365930,384,39.094121
1600940366931,448,94.187103
1600940367969,320,32.270408
1600940368971,512,85.354478
1600940369974,25728,99.468418
1600940370976,1280,95.503483
1600940371978,36992,98.595506
1600940373005,7476,91.010520
1600940374008,28940,94.178198
1600940375890,30640,87.062257
1600940376892,24976,94.568869
1600940378593,23984,92.336549
1600940381043,31184,82.728165
1600940382045,23296,90.996169
1600940383431,19156,91.839909
1600940385717,33132,86.657989
1600940386719,22724,94.236256
1600940388397,20669,79.218241
1600940389402,22207,88.155828
1600940390964,18560,58.237179
1600940391967,15424,76.532738
1600940394105,22272,46.309371
1600940395106,704,68.657238
1600940396915,832,29.872611
1600940397916,192,79.069767
1600940398923,24192,99.154665
1600940400177,13850,95.871705
1600940401179,31334,98.819509
1600940402189,7343,89.888683
1600940403239,23225,97.750000
1600940404531,15996,84.272224
1600940405534,25628,74.062199
1600940406536,15611,98.200993
1600940407545,11638,82.447507
1600940408547,22095,93.812821
1600940409965,17926,68.066406
1600940410966,16250,49.794758
1600940411968,9728,97.968750
1600940412969,11712,32.492013
1600940413971,9984,56.970083
1600940414973,11264,98.217636
1600940415978,12783,67.153285
1600940416980,15377,91.263040
1600940418698,19972,92.506539
1600940420788,24979,73.427725
1600940421789,24169,79.033271
1600940422791,10558,79.427493
1600940423792,12546,40.582028
1600940424794,12032,88.703587
1600940425797,5331,57.634683
1600940426798,749,66.687757
1600940427800,384,68.049398
1600940428802,384,41.954023
1600940429803,640,67.426401
1600940430805,320,99.150142
1600940431807,18241,95.118060
1600940432809,35434,98.465393
1600940433812,14210,96.378653
1600940434816,21342,88.140509
1600940435818,26329,95.197472
1600940436993,8796,86.115494
1600940438864,20127,91.243549
1600940440804,21244,91.486994
1600940443121,29029,75.728814
1600940444123,24320,92.633868
1600940445303,15175,89.401858
1600940446418,22265,69.761444
1600940447420,18033,98.650345
1600940448634,13567,80.074049
1600940449637,19088,95.398389
1600940451408,22145,62.352941
1600940452410,17663,63.191153
1600940453415,10368,97.386650
1600940454417,12449,64.384442
1600940455419,15967,37.661937
1600940456446,11328,98.774356
1600940457448,8306,78.287364
1600940458449,11662,37.519974
1600940459451,448,80.043655
1600940460859,576,35.049253
1600940461861,448,26.457399
1600940462863,384,73.462270
1600940463867,14777,99.097417
1600940464871,11141,95.776437
1600940465872,31683,93.533931
1600940466877,20330,97.484277
1600940467879,17954,87.901395
1600940468891,20659,99.250468
1600940469928,6025,92.089620
1600940472045,28326,79.933555
1600940473058,21265,94.261424
1600940474868,22054,83.834095
1600940475870,23770,94.802414
1600940477498,23360,40.901771
1600940478500,11904,79.415257
1600940480631,21627,83.110095
1600940481633,22341,97.513377
1600940483320,18944,53.696498
1600940484322,16099,84.362641
1600940486399,25115,47.488731
1600940487401,13570,72.837924
1600940489069,18432,66.881236
1600940490071,17088,77.214786
1600940491076,14145,95.159760
1600940492079,10687,46.478426
1600940493080,512,77.818112
1600940494736,704,33.481717
1600940495738,448,27.348509
1600940496740,400,99.281699
1600940497742,22142,98.021978
1600940498744,13746,92.627900
1600940499746,31870,98.784289
1600940500750,4738,89.548848
1600940501752,24256,97.222222
1600940503008,9472,92.253701
1600940505513,35392,85.515413
1600940506515,20352,94.805667
1600940508267,22206,81.663894
1600940509269,25666,72.044415
1600940511008,23936,49.825894
1600940512010,11840,24.387917
1600940513012,7808,90.294025
1600940514557,13888,91.092825
1600940516787,27089,83.935078
1600940517789,18991,96.383648
1600940519126,11563,81.996727
1600940520127,20693,93.281536
1600940522218,29756,55.569741
1600940523219,15556,65.845182
1600940525415,23744,56.209150
1600940526417,17280,75.417476
1600940528040,2368,31.916903
1600940529041,256,22.838137
1600940530042,320,64.468413
1600940531573,546,62.839975
1600940532576,13698,86.137022
1600940533577,32438,99.289466
1600940534884,6651,97.043865
1600940535888,19376,95.245592
1600940536978,14972,75.924681
1600940537980,23689,89.815713
1600940539631,25590,44.506396
1600940540633,9088,16.895123
1600940541634,5504,19.345616
1600940542635,5952,82.898460
1600940543642,4608,39.693682
1600940544643,8000,8.021560
1600940545645,3136,3.214623
1600940546646,1280,1.826196
1600940547647,768,1.635735
1600940548648,640,2.074819
1600940549649,704,1.860025
1600940550650,768,0.377003
1600940551651,192,0.031407
