Warning: Permanently added '3.101.26.36' (ECDSA) to the list of known hosts.
/etc/profile.d/lang.sh: line 19: warning: setlocale: LC_CTYPE: cannot change locale (UTF-8): No such file or directory
initializing server with:
addr=30e8e32bfdef83879adf45f4f95be3463fc03cc79729adf16ba0442f859e924f, instance=0, port=6666, benchmark=true, pprof=false, batchVerification=true, mapType=insertOnly, merklePooling=true, merklePoolSize=64
initializing map with len = 1.000000e+07...
initialized map. server is ready.
collect and dispatch: 64
1600939917716,320,7.203257
1600939918718,704,8.362042
1600939919719,640,3.767661
1600939920720,1024,0.816327
1600939921721,384,0.814026
1600939922722,320,0.907952
1600939923723,384,12.797992
1600939924725,704,24.450812
1600939925725,1984,20.684194
1600939926726,2048,39.167455
1600939927728,3008,35.477767
1600939928730,3046,42.318657
1600939929736,3354,76.133122
1600939930738,5952,61.315707
1600939931740,4992,48.284545
1600939932745,4992,64.473684
1600939933746,4544,98.317233
1600939934748,6808,95.799627
1600939935752,10664,92.730109
1600939936754,7128,81.120201
1600939937756,7082,99.253035
1600939938761,8011,80.045947
1600939939763,5683,88.119132
1600939940767,3781,99.874961
1600939941769,4330,99.376364
1600939942772,4181,99.874961
1600939943774,5564,99.502333
1600939944903,3571,98.118532
1600939945906,3789,99.532419
1600939946909,3969,98.341677
1600939947913,4290,72.379368
1600939948915,1213,76.480373
1600939949917,704,64.309993
1600939950918,1728,99.183930
1600939951923,4673,99.561815
1600939952925,4671,99.160407
1600939954348,5888,99.156514
1600939955350,5952,97.873006
1600939956353,5952,88.252241
1600939957358,6272,99.937480
1600939958359,7424,98.531250
1600939959361,5415,98.750781
1600939960364,8153,99.562910
1600939961366,9536,98.560250
1600939962368,8384,25.393825
1600939963370,64,31.289507
1600939964371,2305,97.863651
1600939965374,10239,96.179350
1600939966377,21058,98.902133
1600939967379,11639,99.121706
1600939968382,11956,97.972190
1600939969472,13386,96.804970
1600939970897,20795,96.015061
1600939971900,19407,96.547355
1600939972902,18303,96.587351
1600939973904,13282,93.867925
1600939974909,16286,71.103271
1600939975914,9856,90.379102
1600939976917,7808,67.931034
1600939977920,13120,86.362153
1600939978921,11072,64.603008
1600939979923,16512,86.405229
1600939980925,12032,65.422191
1600939981926,17216,63.954228
1600939982928,2112,21.701993
1600939983929,128,54.993598
1600939984932,256,91.796502
1600939985934,9870,97.665006
1600939986948,16231,98.154520
1600939987950,13299,97.862979
1600939988952,16339,97.776386
1600939989954,21893,96.923077
1600939990960,32327,97.197733
1600939991992,25992,93.298555
1600939993583,27109,90.366510
1600939995496,29213,82.339450
1600939996498,23023,94.595449
1600939997500,15040,91.382374
1600939999304,35117,87.035046
1600940000801,13587,45.048544
1600940001804,256,79.195693
1600940002805,256,80.546826
1600940003807,17942,98.939158
1600940004809,16686,98.778937
1600940006041,19611,96.885705
1600940007043,22316,97.496871
1600940008046,47443,96.260214
1600940009050,15125,95.496944
1600940010072,9741,95.216978
1600940011075,13952,91.889313
1600940012078,12928,92.596123
1600940013080,12487,85.962611
1600940014083,20281,96.051800
1600940015085,14080,84.331044
1600940016087,23873,95.438708
1600940017089,16063,91.341853
1600940018093,16617,69.319271
1600940019095,3095,79.388591
1600940020096,192,37.507886
1600940021097,320,84.095178
1600940022850,39815,95.568589
1600940023853,28974,98.425197
1600940024855,10840,93.708472
1600940026428,33076,96.308655
1600940027928,22791,93.878846
1600940028943,14514,95.189551
1600940029945,12678,85.318108
1600940030952,17792,91.762821
1600940031955,19264,90.923669
1600940033111,21290,89.136760
1600940034113,23062,96.032746
1600940035115,14076,91.839080
1600940036512,22876,65.913493
1600940037515,4712,73.250240
1600940038516,256,66.485073
1600940039968,576,95.561851
1600940040970,24251,97.155361
1600940041972,17166,97.238510
1600940043645,47279,96.169213
1600940045003,22493,95.811655
1600940046231,14797,93.962749
1600940047267,14390,89.986911
1600940048270,17312,91.761271
1600940049272,15563,91.381536
1600940050273,21693,93.980147
1600940051275,16946,90.382760
1600940052277,22670,96.070976
1600940053279,14755,90.998728
1600940054281,17506,94.351733
1600940055284,16059,93.483789
1600940056286,7680,42.032258
1600940057287,256,84.933670
1600940058288,384,55.969915
1600940059290,10239,99.296636
1600940060311,13890,96.181761
1600940061314,43778,97.680978
1600940062334,20174,96.645768
1600940063340,16611,94.800638
1600940064342,13452,95.532319
1600940065345,12546,94.451450
1600940066350,13992,86.834463
1600940067353,17174,91.712000
1600940068359,12864,89.941107
1600940069721,22275,85.280679
1600940070723,24838,93.238434
1600940071726,15479,91.426743
1600940072928,19140,90.868311
1600940073932,11196,90.431398
1600940074933,16832,95.564005
1600940075937,7616,48.634921
1600940076939,384,74.288425
1600940077941,384,40.094937
1600940078943,3827,98.732649
1600940079994,8849,91.434071
1600940080996,45436,97.416974
1600940082016,17542,94.293821
1600940083019,23292,96.986997
1600940084023,12030,93.318123
1600940085253,14595,92.915486
1600940087173,24236,75.891964
1600940088181,22801,92.312579
1600940089187,14966,89.067103
1600940090190,21490,96.246057
1600940091191,14865,88.607595
1600940092194,19344,93.745970
1600940093196,16824,96.103080
1600940094199,11862,93.978159
1600940095216,10107,92.140558
1600940096404,9966,38.543965
1600940097406,384,71.165261
1600940098409,320,49.063789
1600940099411,3749,99.343750
1600940100416,16220,98.051540
1600940101418,26573,97.586207
1600940102420,27576,97.304155
1600940103426,21907,97.037504
1600940104428,9959,95.456000
1600940105433,18089,97.117517
1600940106435,13310,95.109559
1600940107438,11627,79.366127
1600940108440,21486,96.204147
1600940109442,13891,88.477767
1600940110444,20349,94.515306
1600940111446,12025,89.069089
1600940112451,23751,96.528873
1600940113453,13791,89.711538
1600940114457,19425,95.950649
1600940115488,14690,91.023417
1600940116958,15198,46.346093
1600940117960,512,71.243687
1600940119119,384,52.701844
1600940120122,9472,99.148936
1600940121446,24880,93.765823
1600940122448,39120,98.398241
1600940123467,14311,92.873194
1600940124470,24473,94.795303
1600940125472,8580,94.138486
1600940126474,10750,90.386458
1600940127476,15557,96.271722
1600940128477,11705,82.381890
1600940129480,22563,96.541878
1600940130482,13405,92.130518
1600940131486,14810,90.631037
1600940132488,19110,90.485374
1600940133491,15799,92.389146
1600940134493,15168,94.516640
1600940135495,11391,88.033635
1600940136499,15370,93.316278
1600940137503,14845,67.574578
1600940138507,7683,65.829146
1600940139509,320,28.403308
1600940140511,320,71.785268
1600940142026,1920,97.921260
1600940144039,17154,94.641117
1600940145045,40924,97.831552
1600940146048,17084,95.390525
1600940147058,35627,95.894335
1600940148060,12411,95.584757
1600940149264,14615,93.090073
1600940151477,31266,82.952665
1600940152478,23175,92.812500
1600940153806,20535,87.788779
1600940154809,20937,96.276428
1600940155935,15646,92.673934
1600940157933,29643,85.058978
1600940158939,19799,96.223421
1600940159964,12489,49.241691
1600940160966,3063,74.651734
1600940162142,448,23.853211
1600940163143,256,87.550934
1600940165383,46512,98.218750
1600940166392,25648,96.871049
1600940167395,7392,94.993622
1600940168398,12742,94.656971
1600940169400,17188,90.311197
1600940170404,14646,93.208883
1600940171405,18464,96.785377
1600940172413,9537,89.534142
1600940173416,21956,96.722876
1600940174418,12091,89.690722
1600940175420,15615,95.295613
1600940176422,14977,95.037927
1600940177424,5376,92.847979
1600940178426,19713,94.428617
1600940179428,13247,91.525424
1600940180431,13189,93.337543
1600940181433,15483,83.069829
1600940182443,20036,95.891720
1600940183534,13266,47.659981
1600940184536,2666,61.060752
1600940186182,576,38.874762
1600940187185,4570,99.201902
1600940189029,32560,98.416218
1600940190031,31961,98.543834
1600940191093,17532,95.594921
1600940193121,46991,95.998759
1600940194128,15122,96.669808
1600940195130,128,97.057893
1600940196169,17088,83.135314
1600940197172,15808,92.729384
1600940198549,15443,82.857143
1600940199551,21037,93.150980
1600940201036,20169,86.620870
1600940202037,20919,96.784363
1600940203040,4589,94.228695
1600940204816,31446,92.849632
1600940206649,24882,88.682927
1600940207652,19393,90.394089
1600940208669,7879,39.171975
1600940209671,1027,58.456029
1600940211254,320,33.765003
1600940212256,3002,99.445215
1600940214060,34700,98.805402
1600940215872,30172,95.425611
1600940218013,34791,91.393051
1600940219025,22647,95.829402
1600940220697,20981,85.262818
1600940221698,22283,91.151866
1600940223155,18609,88.375900
1600940224157,19582,96.985059
1600940225339,13287,85.559921
1600940226341,20970,94.048377
1600940227342,13715,92.480720
1600940228345,17838,86.251621
1600940229349,21933,97.457627
1600940230556,13336,86.032258
1600940231560,21754,94.061303
1600940232884,18114,55.084465
1600940233886,5182,44.893484
1600940234888,320,69.052103
1600940235890,320,17.845762
1600940236891,320,97.397303
1600940237893,20289,99.407361
1600940239171,10017,97.180109
1600940240213,40109,97.961743
1600940241215,4379,94.460641
1600940242221,26774,95.957044
1600940243296,14021,87.121951
1600940244299,21243,93.557472
1600940246111,27370,87.709497
1600940247113,21809,95.050041
1600940248288,12563,91.567428
1600940249290,21778,94.649682
1600940250293,11264,91.712000
1600940251295,18944,85.425497
1600940252297,18439,96.402420
1600940253299,12665,86.945084
1600940254302,18881,96.847690
1600940255305,10465,87.492023
1600940256308,19755,98.173804
1600940257310,9587,92.131980
1600940258822,18418,58.561106
1600940259824,5646,35.516373
1600940260827,256,76.833491
1600940261828,320,26.413317
1600940262830,4197,98.642534
1600940265048,47689,98.238994
1600940266050,24643,97.373358
1600940267436,22555,94.115776
1600940268438,21236,93.143760
1600940269445,13270,93.194222
1600940270446,19959,85.132450
1600940271451,19055,95.920304
1600940272453,13736,89.112119
1600940273455,20508,97.418136
1600940274529,10856,92.994996
1600940276328,24426,92.090698
1600940278125,23211,86.801040
1600940279127,19731,97.862307
1600940280129,8624,86.509496
1600940281134,16411,96.709902
1600940282136,11301,92.561588
1600940283475,13777,85.569372
1600940284477,20719,97.682430
1600940285517,8512,37.367235
1600940286520,1088,35.074391
1600940288234,448,20.278393
1600940289235,320,98.080554
1600940291230,36876,97.569538
1600940293572,43443,97.480315
1600940295698,31958,85.583524
1600940296701,22886,97.243971
1600940297776,8403,89.151244
1600940298791,21546,95.889978
1600940300195,19542,87.597626
1600940301233,19186,95.933165
1600940302392,10048,85.842175
1600940303394,20226,95.656280
1600940304766,16639,83.106086
1600940305768,19967,91.891892
1600940307018,11797,91.904565
1600940309354,34155,82.068966
1600940310356,20032,93.248532
1600940311986,21134,53.458122
1600940312995,8562,26.151420
1600940313997,256,95.048574
1600940314998,384,17.725118
1600940315999,256,79.219144
1600940317001,21727,99.533292
1600940318083,3257,98.014629
1600940319897,39228,95.620438
1600940320899,26668,97.962382
1600940321901,8390,91.279256
1600940322903,17466,96.121884
1600940324109,8449,81.896552
1600940325112,25536,98.497182
1600940326114,6429,94.988899
1600940327117,19042,95.621827
1600940328349,14143,84.162002
1600940329356,19393,92.459677
1600940330960,21589,86.311663
1600940331961,20267,94.645984
1600940333234,13255,92.636684
1600940335417,31736,82.446809
1600940336419,18241,95.754119
1600940338127,20096,79.559118
1600940339129,21696,93.351548
1600940340531,17005,52.513228
1600940341533,5331,71.142410
1600940342862,384,26.626847
1600940343863,192,19.512195
1600940344864,256,91.674521
1600940347108,36469,98.434075
1600940348114,31966,97.893505
1600940349192,7416,93.649815
1600940351803,39384,75.844422
1600940352805,24669,93.311283
1600940354543,25135,83.994665
1600940355544,20266,96.558891
1600940356919,13992,85.523313
1600940357921,18623,95.068976
1600940359002,4544,87.069526
1600940360006,22017,99.029126
1600940361008,4802,92.559427
1600940362977,26159,81.649553
1600940363979,20302,94.845689
1600940365629,20090,84.754692
1600940366631,19846,92.907374
1600940368219,18732,84.214047
1600940369221,23195,98.881293
1600940370228,4666,49.645847
1600940371229,7743,86.435247
1600940372403,448,24.502055
1600940373405,256,23.387602
1600940374407,256,64.957799
1600940375409,15296,99.626168
1600940377541,18778,99.066239
1600940378660,3302,97.372537
1600940379662,30848,98.596382
1600940380664,4043,91.019495
1600940381667,35896,98.933501
1600940382687,3262,79.934534
1600940383689,24447,94.442680
1600940385126,14911,85.569372
1600940386128,19585,94.741036
1600940388130,26256,86.418544
1600940389134,19376,91.493699
1600940390864,21696,87.858509
1600940391898,20864,96.237337
1600940393434,17418,84.508441
1600940394436,19958,94.460989
1600940396036,19572,83.239855
1600940397039,21004,93.309971
1600940398249,12260,86.811780
1600940399251,19933,93.151357
1600940401210,26816,41.029690
1600940402212,1023,23.746452
1600940403214,384,19.910941
1600940404215,384,62.296110
1600940405217,320,99.624765
1600940406628,18462,98.649073
1600940407630,25406,97.866078
1600940409766,40135,90.286266
1600940410768,24541,93.020986
1600940412738,30237,83.033082
1600940413740,23779,93.998928
1600940415527,25636,86.994500
1600940416529,21062,96.747753
1600940417727,9749,93.233979
1600940419861,26428,77.678275
1600940420863,15949,96.827889
1600940422568,20345,79.546213
1600940423570,22335,92.242833
1600940425087,18679,86.662286
1600940426127,18254,98.830964
1600940427130,6051,87.524366
1600940428132,12397,94.775641
1600940429133,8683,92.015331
1600940430141,9409,88.533333
1600940431238,15295,81.428104
1600940432243,18056,92.541087
1600940433273,5304,34.375987
1600940434276,320,24.452207
1600940435277,256,24.228935
1600940436279,256,86.279435
1600940437624,448,93.718750
1600940438627,16812,98.776652
1600940440427,30923,96.937066
1600940443097,46601,77.710843
1600940444099,22528,92.028986
1600940445961,23741,82.890756
1600940446964,22787,94.529262
1600940448215,8512,93.109128
1600940450547,31698,83.503457
1600940451549,15214,87.209902
1600940452815,16962,92.806452
1600940453817,14142,81.181181
1600940454818,21888,88.543004
1600940456439,18479,86.260812
1600940457443,20659,95.445303
1600940459012,15783,79.490572
1600940460014,18935,95.540201
1600940461334,12724,83.151995
1600940462338,19660,93.963718
1600940464328,26368,55.337263
1600940465330,10176,27.798861
1600940466331,256,94.700748
1600940467420,320,28.098120
1600940468422,256,24.889030
1600940469423,320,79.120531
1600940470426,18945,99.375000
1600940471630,18760,97.889417
1600940472688,22999,96.868149
1600940474949,34512,89.285714
1600940475960,21840,86.214800
1600940476963,17937,97.225725
1600940478046,14299,80.536246
1600940479049,24265,90.581358
1600940480051,15264,96.778309
1600940481053,9969,86.983607
1600940482062,12539,97.872340
1600940483064,9699,79.662162
1600940484066,17448,97.592245
1600940485695,16308,79.231534
1600940486697,21312,88.153648
1600940488283,17474,78.435374
1600940489285,17342,98.851590
1600940490348,3527,92.163009
1600940492407,23026,90.709374
1600940494347,21708,82.316067
1600940495349,17083,93.748027
1600940496359,7303,92.685274
1600940497361,16377,76.424695
1600940498363,21440,69.505322
1600940499369,2304,71.979760
1600940500370,256,24.620253
1600940501372,320,22.158730
1600940502373,256,18.023990
1600940503376,321,98.190328
1600940504383,8334,99.343545
1600940505385,8173,96.106363
1600940506389,29008,98.803150
1600940507859,21451,89.651868
1600940508862,23529,93.381410
1600940510845,24440,81.354269
1600940511847,22472,80.941409
1600940513823,28118,88.963898
1600940514930,21994,82.266970
1600940515932,18944,99.374218
1600940517068,5043,89.327534
1600940518075,20301,98.999687
1600940519091,6083,80.199667
1600940520095,17533,93.287366
1600940521673,13770,80.197694
1600940522675,18806,95.688428
1600940524254,13442,80.281219
1600940525257,18686,95.411542
1600940526614,11126,78.929987
1600940527617,18954,94.829760
1600940529577,23616,74.184783
1600940530579,22528,84.713168
1600940531587,16771,94.387895
1600940532750,13543,70.328198
1600940533757,18198,99.501402
1600940534802,512,33.386633
1600940535804,384,60.361199
1600940537507,640,27.281339
1600940538508,384,23.359746
1600940539510,2343,89.719880
1600940541847,34457,63.157895
1600940542848,19776,58.292683
1600940543850,19712,87.651689
1600940545828,32704,12.766635
1600940546829,5376,1.952756
1600940547830,832,1.982379
1600940548831,768,1.891551
1600940549832,768,1.858268
1600940550833,768,0.062755
