Warning: Permanently added '18.144.42.104' (ECDSA) to the list of known hosts.
/etc/profile.d/lang.sh: line 19: warning: setlocale: LC_CTYPE: cannot change locale (en_CH.UTF-8)
initializing server with:
addr=c8766183072ad3a0aeb17e672152bff7d5382a62f14a818f2a7dbe3c123d1fc3, instance=0, port=6666, benchmark=true, pprof=false, batchVerification=true, mapType=insertOnly, merklePooling=true, merklePoolSize=64
initializing map with len = 1.000000e+07...
initialized map. server is ready.
collect and dispatch: 64
1600787610907,384,6.781790
1600787611908,3776,23.117942
1600787612908,7104,32.694440
1600787613909,17344,41.563334
1600787614913,17088,47.654282
1600787615914,12736,55.205457
1600787616915,19200,79.497908
1600787617916,27584,72.805207
1600787618917,26368,85.479675
1600787619918,40832,64.225671
1600787620919,25728,45.200254
1600787621919,26176,82.229013
1600787622921,43340,75.873221
1600787623922,38196,68.455623
1600787624942,41600,68.775256
1600787625968,40898,59.319054
1600787626969,26316,76.859635
1600787627971,46744,64.285714
1600787628973,36890,70.034898
1600787629974,34304,76.115360
1600787630975,47757,60.780876
1600787631976,35863,70.538694
1600787632977,19868,66.345359
1600787634146,44166,83.898579
1600787635147,39802,68.286526
1600787636148,15680,89.390378
1600787637153,46784,86.225144
1600787638156,43840,78.775771
1600787639156,29696,72.645740
1600787640157,34176,87.925498
1600787641159,35171,82.764696
1600787642160,42333,64.236001
1600787643164,13504,91.838649
1600787644166,51687,82.831228
1600787645167,45529,78.074694
1600787646167,28736,77.512478
1600787647339,36041,86.046512
1600787648587,53178,70.916205
1600787649588,41469,81.124122
1600787650588,20672,86.088401
1600787651840,57703,82.836422
1600787652845,42030,69.171514
1600787653846,13611,90.668560
1600787655088,58590,80.364173
1600787656089,49890,87.183569
1600787657091,32396,72.554081
1600787658389,32238,90.145706
1600787659630,55452,80.137435
1600787660631,44138,71.517220
1600787661645,14592,83.996777
1600787662646,55567,89.177694
1600787663647,36404,80.503145
1600787664649,40865,75.330752
1600787665650,22108,79.836812
1600787666651,39300,85.084034
1600787667651,47804,85.033579
1600787668652,37375,64.128678
1600787669653,26753,79.855769
1600787670654,29888,80.675299
1600787671655,50048,83.425829
1600787672722,40466,69.637973
1600787673723,34158,74.535769
1600787674779,25280,81.154771
1600787675780,52800,72.639110
1600787676781,31360,65.807478
1600787677781,38016,72.513505
1600787678788,19905,72.953052
1600787679788,48511,74.405135
1600787680801,28224,80.181200
1600787681802,35266,65.071090
1600787682803,19198,84.432760
1600787683805,46985,85.022307
1600787684808,43703,74.707860
1600787685945,41280,66.783439
1600787686946,27328,80.781169
1600787688184,49711,58.105297
1600787689185,33489,65.504499
1600787690185,37824,57.448176
1600787691195,26312,59.422348
1600787692197,10488,68.546707
1600787693198,28383,80.086719
1600787694199,53153,53.936137
1600787695200,30656,81.304629
1600787696203,37137,72.151695
1600787697203,22511,68.253205
1600787698207,25995,87.073955
1600787699208,45365,67.732091
1600787700210,39572,86.897424
1600787701211,32620,66.714859
1600787702212,26112,73.230720
1600787703212,40960,62.262056
1600787704213,36928,47.312166
1600787705217,22142,77.554004
1600787706217,34114,82.916886
1600787707447,36864,64.332119
1600787708448,23657,81.581066
1600787709448,51159,68.019093
1600787710464,33659,85.262482
1600787711465,39827,62.896508
1600787712468,31494,61.713204
1600787713469,18011,84.217273
1600787714470,49297,56.005077
1600787715471,31875,87.793795
1600787716484,29998,80.226171
1600787717485,45391,56.394163
1600787718486,12807,89.784946
1600787719665,42717,62.744469
1600787720666,39516,66.836491
1600787721667,19712,82.174402
1600787722668,52928,60.683761
1600787723669,19264,86.049641
1600787724721,29921,84.424126
1600787725722,50312,36.212312
1600787726725,20420,84.579812
1600787727726,30867,77.729398
1600787728727,41052,57.439063
1600787729729,13796,91.654858
1600787730732,26688,82.480695
1600787731733,45220,82.897481
1600787732734,40204,91.168136
1600787733735,31782,81.549637
1600787734735,34986,61.784752
1600787735736,23099,86.324924
1600787736737,47557,56.049225
1600787737738,31040,60.137996
1600787738740,23703,85.745961
1600787739746,22732,87.188838
1600787740751,31629,51.175917
1600787741751,8656,81.171750
1600787742752,37240,90.673245
1600787743755,39236,84.418943
1600787744758,45173,84.231379
1600787745759,24728,85.034124
1600787746760,35323,76.339641
1600787747760,29436,56.216641
1600787748761,14148,93.995633
1600787749768,55138,81.689017
1600787750770,52988,65.008657
1600787751772,32808,52.513878
1600787752774,35042,74.285260
1600787753775,38996,63.705584
1600787754775,13760,68.481095
1600787755776,21120,79.909924
1600787756777,48000,77.938144
1600787757778,33216,82.668589
1600787758779,42560,71.130573
1600787759780,34432,71.791614
1600787760780,30272,53.093434
1600787761845,17441,86.297740
1600787762876,52319,14.843873
1600787763877,13696,72.300618
1600787764878,35008,86.178533
1600787766061,28288,80.690209
1600787767062,41664,67.828162
1600787768063,26496,49.141221
1600787769246,24799,85.398441
1600787770247,46241,35.563215
1600787771250,14913,87.646314
1600787772251,29121,80.055222
1600787773252,37630,82.800783
1600787774253,42073,71.106202
1600787775253,29479,56.274541
1600787776254,2816,86.531191
1600787777260,38345,78.175687
1600787778264,37943,64.598250
1600787779273,38272,85.837321
1600787780278,20096,85.245902
1600787781324,31505,84.376997
1600787782326,36136,69.011619
1600787783327,16903,58.106827
1600787784331,20769,72.277546
1600787785335,44002,86.992182
1600787786570,40952,83.159583
1600787787573,34284,82.548163
1600787788575,44251,68.444111
1600787789848,44670,46.680270
1600787790861,13760,81.147410
1600787791863,21940,83.623750
1600787792865,39109,78.375359
1600787793866,44337,60.586836
1600787794866,33302,69.490990
1600787795867,27840,64.660691
1600787797062,39936,81.316754
1600787798064,32768,40.641289
1600787799067,4696,83.352245
1600787800067,49832,59.453882
1600787801068,26953,71.939260
1600787802072,30519,83.177117
1600787803073,38208,62.620060
1600787804137,26176,85.302003
1600787805163,39744,78.956690
1600787806164,27008,57.182967
1600787807182,1024,75.436924
1600787808192,28540,78.173899
1600787809193,43410,58.059342
1600787810198,41846,79.733680
1600787811198,37756,71.503580
1600787812200,25728,83.173385
1600787813201,37952,62.550900
1600787814427,31616,40.873390
1600787815432,5546,88.328828
1600787816440,39354,72.240313
1600787817440,46172,51.876759
1600787818441,17704,63.122665
1600787819462,35353,67.375436
1600787820470,31581,73.793982
1600787821471,34338,77.507550
1600787822475,18560,66.809865
1600787823476,21376,61.131957
1600787824477,1152,75.922271
1600787825525,31341,82.932731
1600787826526,48147,51.160149
1600787827527,43035,77.424458
1600787828532,16807,83.610797
1600787829536,36990,85.664056
1600787830537,33154,84.932379
1600787831555,40524,49.556962
1600787832559,28146,48.858088
1600787833560,1344,79.317560
1600787834564,27072,86.119570
1600787835565,40896,45.923567
1600787836574,34710,77.025084
1600787837579,21706,80.233123
1600787838583,37820,78.477564
1600787839584,34980,72.463311
1600787840585,26694,82.513309
1600787841586,34440,44.434194
1600787842618,14066,58.766859
1600787843619,14528,85.438735
1600787844624,32875,80.491306
1600787845625,40637,48.493928
1600787846626,23946,79.244365
1600787847627,34662,69.102099
1600787848628,33192,77.804070
1600787849628,28032,66.774038
1600787850633,28416,84.061945
1600787851634,17866,58.800440
1600787852640,15798,41.011942
1600787853640,6848,82.692006
1600787854641,35050,86.434420
1600787855642,37940,85.808634
1600787856644,34775,83.703891
1600787857913,46808,68.796329
1600787859268,42734,83.412850
1600787860269,36419,50.343286
1600787861270,35586,74.391202
1600787862270,20032,27.510008
1600787863271,11136,86.260511
1600787864272,31680,79.578710
1600787865273,34447,48.694414
1600787866274,21849,62.848985
1600787867281,31128,87.201392
1600787868282,25472,76.194319
1600787869285,13760,88.610406
1600787870289,23107,77.595451
1600787871293,34258,81.606938
1600787872298,25727,72.538449
1600787873299,26604,51.335482
1600787874665,1143,27.792000
1600787875666,21513,72.324135
1600787876667,26496,74.452030
1600787878041,51971,54.855519
1600787879046,30462,82.760267
1600787880050,33535,88.495575
1600787881053,25279,84.081436
1600787882054,37249,87.024609
1600787883055,27456,87.746276
1600787884056,28480,88.018062
1600787885057,27455,24.196091
1600787886058,4545,89.907673
1600787887059,35712,76.949983
1600787888455,56210,50.427213
1600787889457,37777,89.690059
1600787890457,36703,80.613363
1600787891462,24062,84.718196
1600787892462,35068,57.078216
1600787893467,39346,86.917506
1600787894468,32722,39.873418
1600787895475,8960,55.161190
1600787896495,4189,86.652780
1600787897496,33251,82.566586
1600787898500,35259,83.816892
1600787899502,42260,73.664736
1600787900507,43121,90.514776
1600787901508,31168,83.537159
1600787902509,25975,76.353010
1600787903865,45848,52.320743
1600787905408,42084,71.069345
1600787906634,8077,32.590931
1600787907634,20544,89.580686
1600787908635,33984,71.360811
1600787909643,52672,88.935148
1600787910644,33291,86.676083
1600787911647,28784,67.734226
1600787913310,51717,51.714240
1600787914310,39168,86.506293
1600787915315,23289,87.085594
1600787916375,32711,25.043124
1600787917375,4608,72.877912
1600787918383,10154,85.770508
1600787919688,56943,35.779965
1600787920688,32487,49.606795
1600787921690,21780,80.767979
1600787922691,37513,82.455308
1600787923692,25953,55.962862
1600787924695,37078,83.991617
1600787925698,27424,87.456829
1600787926699,25239,59.954751
