Warning: Permanently added '13.56.255.190' (ECDSA) to the list of known hosts.
/etc/profile.d/lang.sh: line 19: warning: setlocale: LC_CTYPE: cannot change locale (en_CH.UTF-8)
initializing server with:
addr=a77000e6e7e77df500e39144e34e31f1715c98a5ecaaf34b8863f2d907c35ab4, instance=17, port=6666, benchmark=true, pprof=false, batchVerification=true, mapType=insertOnly, merklePooling=true, merklePoolSize=64
initializing map with len = 1.000000e+07...
initialized map. server is ready.
collect and dispatch: 64
1600989943998,448,0.595985
1600989944999,576,1.002192
1600989946000,704,1.254705
1600989947001,960,1.411543
1600989948002,1088,1.854180
1600989949003,1408,2.545569
1600989950004,1792,2.954117
1600989951005,2048,3.052234
1600989952006,2240,3.193171
1600989953007,2560,11.272498
1600989954008,2880,3.907974
1600989955009,2944,4.062992
1600989956010,3136,4.351939
1600989957011,3213,3.859538
1600989958012,3251,13.197492
1600989959013,3456,4.313352
1600989960014,3584,5.366162
1600989961015,4032,5.625790
1600989962016,4288,14.985773
1600989963017,4800,6.763590
1600989964018,5056,6.395164
1600989965019,5376,8.299148
1600989966024,5376,14.484064
1600989967025,5696,7.505519
1600989968026,5696,9.795918
1600989969033,5760,13.939585
1600989970035,6144,8.559697
1600989971036,6464,16.985271
1600989972037,6400,8.396465
1600989973038,6336,8.967477
1600989974039,6656,17.446271
1600989975040,6720,9.773727
1600989976041,6912,18.469740
1600989977042,7424,10.541221
1600989978043,7488,10.599369
1600989979045,7680,18.510301
1600989980046,7744,10.757098
1600989981047,7872,18.854793
1600989982048,7808,11.226742
1600989983049,8064,19.334390
1600989984050,8000,11.280585
1600989985051,8448,20.233955
1600989986053,8448,11.511701
1600989987054,8384,19.566603
1600989988055,8538,11.949287
1600989989056,8742,21.214037
1600989990057,8960,13.066751
1600989991059,9088,22.005659
1600989992060,9152,12.773376
1600989993061,9088,22.063944
1600989994062,9536,13.305942
1600989995064,9472,23.001888
1600989996065,9280,13.424310
1600989997066,9600,23.240538
1600989998067,9664,14.560353
1600989999068,9984,24.624531
1600990000069,10176,15.115178
1600990001072,10432,24.438113
1600990002073,10432,17.174254
1600990003074,10816,24.469097
1600990004076,11121,26.666667
1600990005077,11407,18.041562
1600990006078,11712,27.585120
1600990007079,12096,26.927980
1600990008080,12032,19.047619
1600990009082,12416,29.619138
1600990010083,12480,29.661017
1600990011084,12736,21.430823
1600990012085,13568,30.069708
1600990013087,13568,31.012658
1600990014088,13760,22.386185
1600990015089,13952,31.392405
1600990016090,13960,32.412928
1600990017092,14072,32.443597
1600990018093,14400,22.894237
1600990019094,14400,33.005395
1600990020095,14848,33.428390
1600990021097,14912,33.375959
1600990022098,14912,23.770232
1600990023100,14912,34.922640
1600990024101,15616,35.982057
1600990025103,16704,37.632399
1600990026104,16448,35.258456
1600990027105,16320,28.298339
1600990028107,16768,36.247607
1600990029108,16615,36.019108
1600990030109,16537,36.656051
1600990031110,16832,36.427883
1600990032111,16704,29.369085
1600990033115,16512,34.443387
1600990034116,17152,39.594552
1600990035117,18048,39.828353
1600990036118,18240,39.266348
1600990037119,18176,40.172304
1600990038120,18688,41.499203
1600990039122,19520,40.576425
1600990040124,19456,39.796243
1600990041127,20544,47.173367
1600990042130,21952,52.948718
1600990043132,23899,52.321486
1600990044133,25061,50.782998
1600990045134,24064,51.051440
1600990046135,24512,51.513221
1600990047137,24576,54.716981
1600990048138,26432,56.173633
1600990049139,27136,54.896239
1600990050140,25856,57.974684
1600990051142,27456,57.226372
1600990052143,27584,67.832720
1600990053341,33182,58.199872
1600990054343,27810,60.135571
1600990055344,28608,59.703894
1600990056347,28288,60.854319
1600990057348,28416,61.638615
1600990058350,28935,62.543499
1600990059351,29689,70.096372
1600990060481,31488,56.601942
1600990061488,26160,63.511791
1600990062490,26320,64.834816
1600990063492,30144,64.996829
1600990064493,29953,67.193039
1600990065495,30783,63.546954
1600990066496,29312,65.716999
1600990067498,30144,70.875635
1600990068499,31538,68.223705
1600990069503,30526,74.275480
1600990070505,32683,75.039898
1600990071507,31953,73.532212
1600990072510,31335,76.040674
1600990073512,33645,76.758312
1600990074514,34624,75.651621
1600990075518,34112,67.644276
1600990076519,28800,79.126214
1600990077521,35904,74.587779
1600990078522,33472,75.878443
1600990079525,33728,79.577465
1600990080528,35129,80.597907
1600990081600,32908,67.420084
1600990082602,29627,80.813953
1600990083604,36096,72.466539
1600990084606,32128,83.154574
1600990085608,35847,74.500966
1600990086610,29179,77.154626
1600990087612,31998,82.664942
1600990088613,36672,78.016000
1600990089614,34240,85.564054
1600990090616,37888,76.160203
1600990091618,30784,90.220820
1600990092620,36992,76.743442
1600990093626,31548,84.810931
1600990094628,35972,74.255858
1600990095629,31527,81.558691
1600990096631,35737,87.519848
1600990097632,37632,73.495519
1600990098635,31872,89.317602
1600990099637,38559,80.309246
1600990100639,32481,85.554847
1600990101640,37376,86.779770
1600990102641,37120,90.644753
1600990103898,44692,83.370571
1600990104903,36301,78.587058
1600990105905,34719,74.669604
1600990106914,30080,75.902844
1600990107916,24354,78.397982
1600990108918,36992,81.319378
1600990109920,33694,79.140329
1600990110976,35693,63.168124
1600990111982,28251,82.788945
1600990112984,36485,62.603175
1600990113986,26041,67.158093
1600990114988,29610,79.759646
1600990115991,34448,51.520853
1600990116993,15559,79.402314
1600990117995,34857,80.279595
1600990119053,37712,68.030171
1600990120161,30784,82.622533
1600990121163,36861,65.619048
1600990122164,32369,75.729695
1600990123170,31634,78.831658
1600990124171,33856,73.020434
1600990125173,26609,82.933845
1600990126175,36623,70.670038
1600990127176,28800,76.406995
1600990128178,30167,81.133270
1600990129180,35423,69.816107
1600990130182,32571,78.755642
1600990131185,31248,82.459994
1600990132187,34187,64.938350
1600990133189,31026,82.980070
1600990134191,33049,92.240025
1600990135192,40041,69.880684
1600990136194,26432,83.428753
1600990137196,35648,81.683480
1600990138197,33855,67.863894
1600990139199,23105,78.690096
1600990140200,34176,72.887213
1600990141202,30374,63.555272
1600990142204,31002,88.406176
1600990143422,37376,82.260101
1600990144424,35981,56.653871
1600990145443,29652,89.956687
1600990146614,33368,97.256858
1600990147628,43911,74.431272
1600990148629,26496,88.024142
1600990149632,37742,98.184095
1600990150633,41178,70.616264
1600990151637,26296,75.684278
1600990152641,33088,77.943510
1600990153645,35202,66.332288
1600990154646,28605,83.694268
1600990155648,31239,94.309965
1600990156652,31992,90.351145
1600990157694,37361,63.324022
1600990158833,26471,82.332380
1600990159835,33579,78.954723
1600990160977,36744,63.345029
1600990162342,37931,83.742331
1600990163577,42012,78.218445
1600990164579,28737,87.946429
1600990165580,39471,56.761966
1600990166582,17664,88.983586
1600990167584,37760,88.520488
1600990168585,36160,52.332913
1600990169588,25301,81.400507
1600990170590,33319,96.231156
1600990171592,40065,85.165354
1600990172594,33210,54.508325
1600990173598,24962,80.081684
1600990174602,33156,97.468750
1600990175608,29049,94.860545
1600990176610,42762,58.357120
1600990177612,25030,88.655194
1600990178616,28682,82.302569
1600990179618,32152,84.895017
1600990180621,35648,55.590354
1600990181623,29698,66.135712
1600990182625,20941,96.902017
1600990183937,42635,96.144431
1600990184959,42942,61.777116
1600990186248,29184,56.872797
1600990187252,27216,89.857369
1600990188254,33192,81.556736
1600990189259,39015,69.581512
1600990190264,27706,69.898926
1600990191266,20669,98.689139
1600990192271,41498,98.325062
1600990193273,37456,79.686520
1600990194275,33755,85.480769
1600990195277,29788,98.742534
1600990196279,40063,98.528030
1600990197282,40185,66.834646
1600990198283,24529,84.240688
1600990199285,27264,98.489141
1600990200287,40850,96.662508
1600990201288,39918,83.248731
1600990202289,31296,64.306039
1600990203291,23292,63.196669
1600990204294,30039,96.361355
1600990205296,37474,97.509340
1600990206554,41931,49.112238
1600990207557,24744,65.180534
1600990208559,20704,95.339381
1600990209561,40240,82.177596
1600990210562,31432,89.730745
1600990211567,34697,56.382642
1600990212571,24196,67.508683
1600990213573,25203,84.343112
1600990214574,32279,76.440785
1600990215576,25915,94.386955
1600990216578,38312,46.949686
1600990217580,28614,88.718270
1600990218581,29312,66.807611
1600990219786,28462,95.199247
1600990220893,44712,88.066992
1600990222251,49313,72.619048
1600990223573,37833,85.171205
1600990224759,37090,89.794629
1600990225937,44272,77.470356
1600990226974,33743,72.833281
1600990227979,34719,62.766625
1600990228981,16704,76.540598
1600990230187,34660,83.791278
1600990231437,42889,81.233374
1600990232762,42620,68.156425
1600990234249,45975,61.892501
1600990235252,33920,98.374492
1600990236254,35540,93.890274
1600990237257,33452,78.499686
1600990238258,31168,56.976378
1600990239260,26790,75.271565
1600990240262,24390,98.212606
1600990241266,34648,99.093750
1600990242269,42819,92.774112
1600990243272,36023,81.033396
1600990244275,29698,69.530755
1600990245279,30670,87.972292
1600990246281,35698,92.082941
1600990247285,31857,91.195961
1600990248287,36166,75.331230
1600990249291,28617,57.906459
1600990250294,27441,66.561514
1600990251296,17871,98.283396
1600990252298,37138,86.054638
1600990253300,32781,78.727386
1600990254302,42337,86.040609
1600990255303,30720,74.259868
1600990256455,30480,75.102816
1600990257457,35632,79.186377
1600990258459,23909,83.484517
1600990259462,37595,86.801872
1600990260463,39360,79.280984
1600990261465,27328,75.525143
1600990262467,29376,56.478828
1600990263469,20357,98.786181
1600990264472,36609,98.281787
1600990265476,35382,94.753279
1600990266478,40386,71.509792
1600990267480,32578,87.244898
1600990268482,29493,46.480701
1600990269486,21415,95.498898
1600990270488,36324,93.173198
1600990271490,31925,93.132380
1600990272492,33364,98.880945
1600990273503,36928,42.807351
1600990274505,25975,76.402016
1600990275507,14720,84.731834
1600990276977,50161,98.838037
1600990278303,53557,82.945357
1600990279595,35521,64.161667
1600990280598,34267,87.009727
1600990281599,32126,82.892250
1600990282601,25837,98.658346
1600990283606,38667,87.835309
1600990284608,27865,84.378921
1600990285612,37292,83.248892
1600990286614,40515,81.496430
1600990287625,24530,55.619782
1600990288627,26158,91.910607
1600990289633,32596,85.870243
1600990290860,37041,81.127914
1600990291862,40911,98.401755
1600990292866,32683,70.534011
1600990293868,29780,62.167300
1600990295244,28013,54.086845
1600990296246,32704,91.453800
1600990297247,30219,89.177354
1600990298427,35681,83.439355
1600990299925,52308,55.474913
1600990300926,32128,80.081812
1600990301927,24403,78.163214
1600990303198,32916,61.727617
1600990304203,30288,95.511613
1600990305205,35593,80.203368
1600990306207,30638,78.788830
1600990307208,36723,88.025276
1600990308209,29663,75.071270
1600990309211,24353,65.629012
1600990310213,23775,97.070866
1600990311215,32785,92.657672
1600990312218,38790,83.959583
1600990313221,34282,97.519623
1600990314223,35582,87.977458
1600990315224,34433,51.198466
1600990316227,16640,83.069030
1600990317573,28864,82.256020
1600990318576,35257,96.846421
1600990319579,40319,98.199876
1600990320581,32707,83.458412
1600990321584,37704,98.082364
1600990322587,35855,53.838892
1600990323591,30766,87.642948
1600990324593,20160,54.923274
1600990325598,23986,81.961526
1600990326599,33486,93.450329
1600990327601,28608,80.326326
1600990328605,28858,97.986788
1600990329608,36932,87.223434
1600990330612,40898,69.395466
1600990331615,16212,74.928685
1600990332624,35615,98.754670
1600990333628,34247,99.370475
1600990334630,27065,79.345794
1600990335635,37892,84.968750
1600990336636,38793,97.935565
1600990337638,30506,60.025461
1600990338640,34454,94.132413
1600990339641,28544,79.530917
1600990341004,36160,60.394490
1600990342005,33231,90.869018
1600990343010,26208,77.694470
1600990344016,34140,96.291640
1600990345017,41589,78.610083
1600990346166,26746,49.272612
1600990347189,29120,87.669078
1600990348193,16454,66.472114
1600990349196,30754,98.680075
1600990350198,39241,86.683261
1600990351253,25237,86.008072
1600990352892,57418,79.348494
1600990353924,37012,77.202885
1600990354926,29026,86.303526
1600990355967,24320,55.996068
1600990356972,24768,98.490091
1600990357974,33487,93.399784
1600990359141,35156,78.990797
1600990360144,41693,96.151420
1600990361146,31815,50.416133
1600990362147,28985,96.127420
1600990363149,30480,55.384131
1600990364151,15248,68.125000
1600990365152,30422,58.260305
1600990366155,13161,92.529818
1600990367157,41441,88.016270
1600990368158,25472,62.451985
1600990369160,34752,91.962323
1600990370161,26432,73.724247
1600990371166,37652,84.622612
1600990372168,25900,35.424588
1600990373169,20608,95.391414
1600990374171,25593,65.517241
1600990375176,27626,99.215809
1600990376180,35135,74.595074
1600990377606,33497,97.966538
1600990378827,39573,90.038783
1600990380368,60336,70.088720
1600990381369,34816,32.433291
1600990382371,13376,97.582418
1600990383372,34368,75.803624
1600990384983,35583,81.952888
1600990386632,50459,93.013825
1600990388326,61559,66.803928
1600990389328,38191,92.863850
1600990390421,29562,47.363435
1600990391426,25350,65.831506
1600990392429,24641,75.911950
1600990393431,20159,69.735585
1600990394432,40320,88.551767
1600990395434,25536,78.285357
1600990396436,15405,98.654147
1600990397441,34283,71.586599
1600990398443,38282,92.705736
1600990399448,28430,72.090073
1600990400453,37328,91.081594
1600990401454,26240,49.126779
1600990402455,27211,73.969153
1600990403457,6837,76.702737
1600990404462,33701,88.791758
1600990405464,37979,77.875550
1600990406465,19714,67.952427
1600990407468,36291,87.535322
1600990408470,21220,71.668782
1600990409471,41111,98.971001
1600990410473,28512,84.535759
1600990411476,28768,51.593563
1600990412478,22448,57.610063
1600990413481,18374,51.212508
1600990414483,7498,98.508390
1600990415485,41220,90.091512
1600990416487,37397,87.294960
1600990417549,26390,68.543257
1600990418551,37713,97.025673
1600990419553,24641,68.316832
1600990420560,31034,97.589230
1600990421562,36997,27.871460
1600990422563,17216,97.110553
1600990423565,26875,57.332491
1600990424566,29317,61.810155
1600990425568,13823,81.599500
1600990426570,39489,92.563539
1600990427572,23744,79.463722
1600990428574,41728,89.453861
1600990429576,20925,89.374411
1600990430577,46659,70.777396
1600990431581,20181,68.556865
1600990432582,29419,52.833753
1600990433586,21430,91.209476
1600990434587,20554,29.413639
1600990435589,15406,99.405693
1600990436592,37560,99.088624
1600990437594,43496,79.677113
1600990438596,31342,99.159925
1600990439601,34574,93.073048
1600990440603,40016,82.600443
1600990441605,31974,52.677733
1600990442613,28672,75.748975
1600990443616,18048,62.330281
1600990444617,22836,55.855284
1600990445619,6988,91.987281
1600990446623,32450,73.402256
1600990447625,35966,91.461514
1600990448627,25521,73.929471
1600990449629,35855,92.404269
1600990450633,28860,68.881890
1600990451635,31095,51.505547
1600990452636,30797,98.448169
1600990453641,24210,48.200064
1600990454644,29614,89.152860
1600990455646,14637,61.785041
1600990457550,54886,59.413050
1600990458571,33595,99.525140
1600990459740,32646,66.603892
1600990460741,40196,97.451227
1600990461743,21308,73.329069
1600990462745,43290,97.751405
1600990463749,21630,67.108586
1600990464753,37623,85.358942
1600990465756,22493,85.673893
1600990467138,33280,52.518213
1600990468150,26426,98.844111
1600990469481,42267,57.061250
1600990470493,35435,70.294856
1600990471496,14359,81.009464
1600990472498,40809,88.686361
1600990473499,24428,75.102686
1600990474501,34580,58.947039
1600990475501,33088,94.115806
1600990476506,19577,53.942308
1600990477507,33863,87.784091
1600990478509,17735,43.264659
1600990479511,18425,98.294916
1600990480514,43452,92.210260
1600990481516,31300,73.048849
1600990483217,37533,95.076827
1600990484219,51363,99.315068
1600990485268,22083,78.428888
1600990486270,47101,86.426332
1600990487277,14760,40.000000
1600990488279,24920,57.506361
1600990489282,26171,98.828968
1600990490298,27537,46.668823
1600990491299,17396,69.691241
1600990492303,32448,97.607806
1600990493306,29680,98.969072
1600990494308,25485,62.992376
1600990495312,33886,99.406435
1600990496314,25135,57.500793
1600990497319,27506,99.148534
1600990498321,23953,68.497475
1600990499325,45114,99.278771
1600990500422,28729,34.721781
1600990501424,19456,52.530429
1600990502427,24712,77.784731
1600990503428,9016,70.222930
1600990504430,40491,99.531689
1600990505568,28540,71.147848
1600990506588,42393,89.009611
1600990508089,38750,60.920635
1600990509091,36386,86.695952
1600990510755,47295,62.722081
1600990511769,36481,70.482658
1600990513172,27328,52.553124
1600990514174,28583,66.248795
1600990515805,25689,58.434505
1600990516807,25796,84.311103
1600990518467,42054,82.474874
1600990519469,49398,85.419314
1600990520471,16196,98.628429
1600990521473,49494,98.992443
1600990522581,33574,56.556082
1600990523585,28032,67.953300
1600990524930,19008,65.429749
1600990525932,35840,74.183417
1600990527396,31878,50.285896
1600990528402,22458,53.587589
1600990529406,23761,99.338374
1600990530408,25989,62.958281
1600990531409,38890,91.789871
1600990532411,13762,63.575949
1600990533415,39679,99.594384
1600990534418,17270,98.429648
1600990535422,50953,97.376640
1600990536423,27520,52.795226
1600990537424,29824,56.069731
1600990538428,20524,70.693442
1600990539430,18580,51.763584
1600990540431,29120,76.666667
1600990541434,17495,56.949259
1600990542437,11305,64.713500
1600990543438,40320,77.943400
1600990544898,25763,76.303166
1600990545899,45533,88.028831
1600990547345,34363,62.178892
1600990548371,39337,71.956675
1600990549697,16156,97.230091
1600990551445,63859,61.553090
1600990552448,35789,19.570028
1600990553449,12096,91.273069
1600990554794,33024,51.937240
1600990555796,25216,59.116719
1600990556802,22316,99.470075
1600990557805,30291,56.541020
1600990558806,32080,97.751405
1600990560146,35492,75.442478
1600990561165,42253,68.465909
1600990562167,18041,93.053363
1600990563171,37575,79.918674
1600990564176,27105,97.083994
1600990565177,33631,60.089115
1600990566178,28928,79.485571
1600990567180,15232,60.634921
1600990568181,33472,67.565947
1600990569753,23168,57.260883
1600990570758,25320,66.070308
1600990571760,28379,97.251185
1600990572762,29437,90.512865
1600990574564,53509,51.372673
1600990575567,28475,73.246169
1600990577862,52653,60.038059
1600990578864,37779,91.494764
1600990580688,57088,34.322703
1600990581690,19520,49.146110
1600990582692,27812,69.797596
1600990584103,22345,45.095541
1600990585106,20247,56.103732
1600990586109,28287,99.749216
1600990587111,22583,70.595651
1600990588112,41094,77.784810
1600990589837,45014,56.818182
1600990590846,31082,82.208333
1600990592361,30560,64.648066
1600990593362,38624,84.140875
1600990594955,36163,63.665595
1600990595957,37117,8.278663
1600990596958,5376,79.025157
1600990598673,46050,38.113327
1600990599675,17182,31.933842
1600990600677,19136,50.569406
1600990602783,51028,65.779468
