Warning: Permanently added '3.101.135.64' (ECDSA) to the list of known hosts.
/etc/profile.d/lang.sh: line 19: warning: setlocale: LC_CTYPE: cannot change locale (en_CH.UTF-8)
initializing server with:
addr=a77000e6e7e77df500e39144e34e31f1715c98a5ecaaf34b8863f2d907c35ab4, instance=27, port=6666, benchmark=true, pprof=false, batchVerification=true, mapType=insertOnly, merklePooling=true, merklePoolSize=64
initializing map with len = 1.000000e+07...
initialized map. server is ready.
collect and dispatch: 64
1600989942320,320,1.158059
1600989943321,704,1.628562
1600989944322,1152,1.791889
1600989945323,1408,2.889447
1600989946324,1920,3.054156
1600989947325,2304,3.341740
1600989948326,2496,4.276212
1600989949327,3264,13.834491
1600989950328,3904,5.583756
1600989951329,4544,6.087508
1600989952330,4800,15.547806
1600989953417,5888,7.535771
1600989954419,6208,8.251660
1600989955420,6528,18.340196
1600989956421,6336,8.615774
1600989957422,6784,8.277831
1600989958423,6656,18.161788
1600989959424,7296,9.898477
1600989960425,7808,19.841270
1600989961426,8512,12.389381
1600989962427,9216,22.590837
1600989963428,10048,15.100251
1600989964429,10560,23.111111
1600989965430,10752,23.521933
1600989966431,11136,15.561869
1600989967432,11328,24.092616
1600989968445,11584,25.301587
1600989969447,12032,17.326576
1600989970448,12672,26.450999
1600989971449,12800,26.458400
1600989972450,12864,16.858974
1600989973451,13121,27.546445
1600989974452,13503,28.748019
1600989975453,13760,29.329962
1600989976454,14208,21.130764
1600989977455,14784,31.037766
1600989978456,15424,31.570664
1600989979457,15360,32.107765
1600989980458,15680,31.940487
1600989981459,15680,22.039265
1600989982460,15680,32.708796
1600989983461,16192,32.210459
1600989984462,16512,33.270202
1600989985463,16576,34.730159
1600989986464,17088,34.294770
1600989987465,16896,33.618776
1600989988469,17536,27.045022
1600989989471,17818,35.237791
1600989990474,18086,35.771575
1600989991475,17984,36.636829
1600989992476,18624,38.188109
1600989993477,18624,37.123639
1600989994480,18880,38.271605
1600989995482,18496,36.838730
1600989996483,18560,39.798489
1600989997484,19264,38.587480
1600989998485,19392,39.025953
1600989999487,19712,42.693774
1600990000488,20992,41.774892
1600990001517,21312,41.011772
1600990002519,21248,43.675571
1600990003521,21952,46.647691
1600990004523,22592,48.153992
1600990005528,22720,50.253325
1600990006529,23744,49.920102
1600990007531,24448,48.940333
1600990008535,24832,50.470932
1600990009536,24640,51.515152
1600990010537,25216,53.945250
1600990011538,26368,54.371410
1600990012539,26368,57.111252
1600990013540,27264,65.281108
1600990014734,32640,57.274460
1600990015735,27520,59.746835
1600990016737,27987,59.504132
1600990017738,28397,58.035427
1600990018740,28224,61.528622
1600990019741,29199,63.031072
1600990020743,29489,66.549745
1600990021744,29388,66.539561
1600990022746,29172,68.043548
1600990023748,30592,67.919720
1600990024750,30400,71.414822
1600990025754,32128,68.674315
1600990026755,32132,67.384421
1600990027757,31292,69.707677
1600990028761,32320,73.001888
1600990029769,31817,71.306278
1600990030771,32339,75.634518
1600990031773,32066,72.796691
1600990032775,32040,71.826031
1600990033777,32513,76.090417
1600990034779,35129,75.786769
1600990035780,34176,75.221800
1600990036781,34176,69.220945
1600990037783,32128,82.821497
1600990038786,34837,87.078211
1600990039997,44050,79.658285
1600990040999,36249,83.133291
1600990042001,36928,81.838493
1600990043003,34048,64.814815
1600990044005,28993,86.721208
1600990045076,36719,84.143223
1600990046078,33809,75.520000
1600990047080,35496,83.324607
1600990048301,37182,90.825688
1600990049303,44633,77.760152
1600990050305,34944,83.061681
1600990051307,35681,83.510972
1600990052309,36292,88.224061
1600990053312,33561,81.974128
1600990054431,39774,89.793978
1600990055432,38756,82.977367
1600990056434,35008,85.054945
1600990057435,38848,84.100946
1600990058436,33152,81.603774
1600990059439,37312,89.133166
1600990060440,27648,74.414125
1600990061444,33984,96.878901
1600990062447,39192,93.065579
1600990063449,37992,95.842451
1600990064451,39997,73.578914
1600990065453,34243,88.436440
1600990066672,39027,69.711237
1600990067674,32269,83.601896
1600990068677,35519,98.627573
1600990069679,35593,95.841210
1600990070681,41506,81.979368
1600990071683,32726,57.080035
1600990072775,27627,89.555065
1600990073777,36172,60.745543
1600990074779,26190,89.150943
1600990075780,38587,71.728749
1600990076781,30016,92.274143
1600990077783,40064,83.934219
1600990078784,32832,90.224174
1600990080152,48770,88.735053
1600990081158,35980,81.115336
1600990082160,35378,87.909006
1600990083162,34384,75.320102
1600990084164,33328,79.980904
1600990085165,34048,71.789065
1600990086167,23424,82.389937
1600990087169,38144,73.888363
1600990088173,30557,92.096111
1600990089175,36982,80.703799
1600990090529,41124,81.838074
1600990091538,30183,85.071315
1600990092540,34658,94.975031
1600990093542,44096,81.179423
1600990094552,31274,87.146937
1600990095556,25101,98.050743
1600990096558,44135,96.125000
1600990097561,37119,97.837668
1600990098563,44515,78.960630
1600990099565,32458,80.416272
1600990100566,26166,82.296344
1600990101568,36736,97.984887
1600990102570,42880,95.597877
1600990103572,36327,81.694594
1600990104574,36569,94.509309
1600990105577,32739,89.607535
1600990106580,32029,87.527699
1600990107583,37243,86.389594
1600990108586,34989,94.453149
1600990109588,37400,89.780325
1600990110590,38740,92.767689
1600990111592,39484,96.874023
1600990112593,33520,69.710468
1600990113595,27688,98.816568
1600990114597,42147,93.967955
1600990115599,37745,81.641124
1600990116601,30972,83.966112
1600990117608,38900,93.908154
1600990118616,42452,82.560356
1600990119619,27209,93.687921
1600990120621,38780,87.374055
1600990121623,36248,91.002172
1600990122624,36963,60.175329
1600990123628,24897,90.624020
1600990124630,36505,86.379474
1600990125632,33904,85.558328
1600990126635,32250,85.318369
1600990128003,52796,96.964956
1600990129005,40036,91.086001
1600990130006,33628,89.638932
1600990131007,38784,91.801716
1600990132009,36544,85.494505
1600990133012,33789,78.149668
1600990134015,22787,94.196004
1600990135017,41730,96.932135
1600990136022,39752,86.357908
1600990137025,33732,80.012792
1600990138026,25586,95.051676
1600990139028,42112,82.371393
1600990140029,33024,87.208570
1600990141261,32241,85.566363
1600990142263,28303,85.061846
1600990143269,34404,99.132052
1600990144286,41734,85.835962
1600990145289,36330,92.261529
1600990146290,29868,90.471638
1600990147292,36247,93.044292
1600990148300,38385,87.872140
1600990149302,37688,79.337587
1600990150342,28049,75.055371
1600990151512,30582,91.268586
1600990152516,40697,98.123827
1600990153521,38081,99.156514
1600990154527,40562,65.184244
1600990155531,17037,96.683299
1600990156608,43585,82.147395
1600990157611,36997,83.845915
1600990158612,38650,90.172144
1600990159614,28992,78.537055
1600990160616,29571,82.855342
1600990161621,32061,88.293147
1600990162622,35008,98.570623
1600990164372,61085,42.650834
1600990165375,20820,98.021357
1600990166377,39245,98.517818
1600990167379,39081,80.859743
1600990168384,31818,97.630184
1600990169387,32143,69.042316
1600990170391,24813,98.931490
1600990171393,47476,98.651615
1600990172396,38778,98.624570
1600990173400,36997,74.834437
1600990174401,26912,84.518167
1600990175403,32546,98.281787
1600990176409,40120,85.581001
1600990177602,34302,98.417132
1600990178604,40636,79.569892
1600990179606,27308,97.233574
1600990180608,39487,80.433417
1600990181612,34705,96.592685
1600990182616,37308,81.695447
1600990183617,39604,81.835383
1600990184618,22336,68.463010
1600990185620,22062,98.848070
1600990186623,41439,72.888750
1600990187626,35231,99.002183
1600990188635,42125,98.646522
1600990189637,37785,75.474124
1600990190639,19768,98.487713
1600990191641,37521,83.213053
1600990192643,31406,95.822864
1600990193646,43317,86.929331
1600990194648,40386,79.749609
1600990195650,19840,63.647959
1600990196652,28162,98.365737
1600990197762,38272,68.865850
1600990198764,36670,94.829760
1600990199766,34063,91.796009
1600990200768,30953,57.133655
1600990201771,26312,94.868546
1600990202772,32255,95.911950
1600990203774,38542,75.343321
1600990204778,32521,94.674556
1600990205783,41280,97.779168
1600990206785,34043,70.410095
1600990207786,18351,91.449460
1600990208788,32233,98.214286
1600990209790,39444,97.992472
1600990210792,32459,98.716745
1600990211796,29466,98.654989
1600990212799,34325,78.207547
1600990213800,33289,89.684814
1600990214802,35712,83.234096
1600990215804,24728,98.967782
1600990216806,32335,98.967459
1600990217809,38048,98.681319
1600990218811,37935,98.039216
1600990219816,35739,69.618321
1600990221074,27159,99.122532
1600990222077,33703,98.591108
1600990223080,38764,98.875722
1600990224133,39020,98.363295
1600990225304,48799,85.325407
1600990226316,29312,63.955758
1600990227318,30394,89.293633
1600990228320,31116,98.781250
1600990229322,35543,73.436026
1600990230326,25710,98.682973
1600990231330,46360,97.504679
1600990232331,36832,81.367998
1600990233333,17320,83.407080
1600990234495,38513,84.676617
1600990235761,38378,98.172077
1600990236764,33756,98.674484
1600990238004,49028,98.657928
1600990239015,41556,72.912844
1600990240422,23465,96.155900
1600990241602,50096,66.464582
1600990242604,36593,98.535826
1600990243606,34359,97.847114
1600990244608,34412,93.971239
1600990245742,37671,66.750314
1600990246758,30378,88.396226
1600990247759,34562,95.594295
1600990248761,32508,86.237374
1600990249764,33488,86.587277
1600990250765,40820,96.106750
1600990251767,22102,90.513709
1600990252769,35484,94.371482
1600990253773,34863,78.300408
1600990254775,35686,98.309859
1600990255777,28409,98.613300
1600990256779,35905,98.655830
1600990257781,37659,98.538557
1600990258782,37192,97.891756
1600990259785,27755,99.436620
1600990260787,38987,58.810217
1600990261789,18854,95.484897
1600990262791,26117,98.452306
1600990263793,40894,98.597694
1600990264800,33555,98.786936
1600990265843,39715,90.040587
1600990266847,39544,85.660496
1600990267848,36687,82.490637
1600990268850,17375,87.206349
1600990269852,27236,79.620853
1600990270854,40445,94.824341
1600990271856,31657,91.621796
1600990273322,50531,82.134387
1600990274928,47089,86.545682
1600990275932,36129,92.114358
1600990276934,38114,64.606022
1600990277936,6720,64.905540
1600990278937,41664,97.701511
1600990279939,22509,98.226624
1600990281302,58899,65.453384
1600990282304,36032,87.480240
1600990283306,18898,92.481913
1600990284651,47489,94.933128
1600990285872,39917,53.309067
1600990286883,22981,97.330402
1600990287885,25920,70.847778
1600990288889,37048,98.272613
1600990289891,41725,98.620690
1600990290894,32770,98.672147
1600990291896,31544,98.780106
1600990292898,27027,99.214824
1600990293901,40570,66.176471
1600990294902,18751,80.797448
1600990295904,23744,75.770218
1600990296906,31890,97.986788
1600990297911,35694,98.447205
1600990298920,35223,99.031250
1600990299922,33065,98.059468
1600990300925,30830,98.745295
1600990301927,29192,98.593310
1600990302929,29950,66.101152
1600990303930,30284,94.344392
1600990304932,30649,98.785047
1600990305934,24937,90.422535
1600990306936,38141,89.440800
1600990307937,46425,86.483902
1600990308941,25367,77.314364
1600990310554,38300,98.736975
1600990311558,40494,91.319444
1600990312559,35239,82.466709
1600990313561,20821,76.219318
1600990314567,30472,98.013871
1600990315571,33038,99.094599
1600990316574,41071,75.644249
1600990317578,25477,95.253165
1600990318580,44641,98.096130
1600990319729,33216,68.968721
1600990320753,39715,88.552507
1600990321755,19357,57.011192
1600990322756,20864,88.244564
1600990323758,18677,99.164179
1600990324860,32490,98.433941
1600990325959,39649,98.778195
1600990326961,39447,98.735378
1600990327965,43059,86.664585
1600990328967,31499,85.172414
1600990329971,44322,96.433041
1600990330974,28169,73.803446
1600990331975,3520,89.345315
1600990333299,36288,97.958605
1600990334406,41975,98.541920
1600990335960,51858,96.281841
1600990337486,62488,87.382378
1600990338958,49432,97.305171
1600990340248,50578,63.556942
1600990341249,14592,58.759843
1600990342251,36853,84.892541
1600990343253,14734,98.585795
1600990344255,31733,98.752339
1600990345376,29199,98.654434
1600990346409,42272,98.719150
1600990347411,40827,70.081967
1600990348415,34364,95.184136
1600990349417,39266,98.121478
1600990350419,29429,38.053097
1600990351421,6912,73.522836
1600990352589,20177,91.417844
1600990354347,70628,91.866330
1600990355349,43403,98.960630
1600990356351,31867,52.299397
1600990357353,19727,98.761512
1600990358355,34727,98.270440
1600990359358,23548,98.844111
1600990360361,52400,93.352148
1600990361362,24675,35.228758
1600990362364,20544,75.588785
1600990364070,42111,91.431353
1600990365723,52736,95.972829
1600990367033,40195,98.716120
1600990368267,41616,98.717316
1600990369548,44375,98.795535
1600990370619,39066,95.924082
1600990371626,35901,65.828402
1600990372953,24832,86.383929
1600990373957,24620,91.254753
1600990374959,46868,80.367321
1600990375961,14098,98.538103
1600990376972,41762,98.699690
1600990377982,38596,96.611998
1600990379480,48891,63.330215
1600990380482,36459,98.841215
1600990381484,22782,97.627488
1600990382645,32548,50.271305
1600990383647,25666,92.910944
1600990385085,40352,81.711569
1600990386087,49566,73.985530
1600990387213,12812,97.697161
1600990388759,56704,75.146469
1600990389771,41598,98.938826
1600990390773,31578,98.548438
1600990391775,19395,99.092332
1600990392777,37499,77.087929
1600990393779,24350,74.362205
1600990394780,44864,72.446276
1600990395847,7312,97.869674
1600990396851,41585,98.652882
1600990397854,33867,99.030038
1600990398857,21245,98.370417
1600990399859,23306,98.484370
1600990400864,45208,98.725917
1600990401870,42865,98.723934
1600990402872,19350,99.059856
1600990403876,24925,67.423065
1600990404877,33521,63.286713
1600990405879,11893,98.741347
1600990406882,52480,70.049969
1600990407887,16807,87.951051
1600990408890,42214,99.248591
1600990409892,28328,91.088479
1600990410894,45422,88.520971
1600990411897,18508,97.546398
1600990412901,44829,97.395670
1600990413903,33919,99.252802
1600990414905,21379,78.032684
1600990415906,38909,59.954604
1600990416911,19258,88.327581
1600990417912,30790,48.281349
1600990418913,27840,74.960876
1600990419916,18679,96.889031
1600990420920,43378,98.689548
1600990421923,23522,99.266703
1600990423095,29224,98.757764
1600990424867,64763,67.951960
1600990425871,42300,99.218017
1600990426873,26036,93.068810
1600990428129,23074,50.000000
1600990429131,26000,99.157566
1600990430295,40821,87.743558
1600990431297,44603,63.973799
1600990432646,11395,98.447205
1600990433653,40373,98.713120
1600990434655,27435,98.457664
1600990435657,23133,98.651192
1600990436662,36458,98.479677
1600990437668,42134,99.036968
1600990438973,36578,63.212928
1600990439974,34910,31.575563
1600990440976,21696,80.535202
1600990441979,13312,97.088532
1600990443567,41136,98.710167
1600990444809,41357,98.375000
1600990445811,51899,98.808404
1600990446815,15331,98.899371
1600990447825,34703,98.309859
1600990448829,42280,98.934503
1600990449831,24890,98.809524
1600990450835,34430,98.686679
1600990451837,45991,76.949577
1600990452839,1871,52.979275
1600990453842,31644,99.280125
1600990454847,12037,98.879402
1600990456026,41196,98.907743
1600990457653,51277,98.843389
1600990458658,40326,98.625000
1600990459660,32370,98.938826
1600990460662,23023,98.692403
1600990461667,42940,98.680905
1600990462672,33842,99.032157
1600990463751,37910,73.186750
1600990464864,35963,33.107890
1600990465866,8384,74.697581
1600990467450,32630,98.628429
1600990468456,32423,99.220212
1600990469458,39124,99.096573
1600990470460,25222,99.034869
1600990471464,44078,98.714734
1600990472470,33994,78.423896
1600990473474,38921,93.343799
1600990474476,24362,71.124334
1600990475478,36274,99.313144
1600990476621,26532,72.266198
1600990477703,44200,61.518987
1600990478705,9251,98.717146
1600990479707,31537,98.723139
1600990480712,30810,98.651615
1600990481714,45157,65.726921
1600990483445,23141,98.127341
1600990484450,45609,98.484370
1600990485452,26667,99.062500
1600990486485,23186,98.833936
1600990488051,50066,97.462406
1600990489915,66952,82.081107
1600990490945,47400,84.687794
1600990491947,64,48.990885
1600990492949,28971,99.468418
1600990493953,20745,98.362176
1600990494970,40837,98.996551
1600990495972,30029,99.316346
1600990497189,22345,98.833366
1600990498831,60777,98.687910
1600990499835,40396,98.810642
1600990500837,26189,99.009288
1600990501848,42189,92.814371
1600990502850,38818,67.536601
1600990503852,36897,99.190031
1600990504857,17055,36.067162
1600990505860,5696,47.573457
1600990506861,31296,91.253181
1600990507863,12151,97.656982
1600990508866,52716,99.655820
1600990509968,17226,75.952156
1600990510969,52051,93.133583
1600990512179,23184,91.885965
1600990513182,51587,77.552378
1600990515076,35539,85.014227
1600990516087,53338,71.051805
1600990517992,39358,76.456876
1600990519087,38530,32.187295
1600990520088,18112,75.643061
1600990521253,16757,88.913525
1600990522254,46155,72.140609
1600990523473,7782,98.097911
1600990524479,44529,98.843027
1600990525481,13963,99.034569
1600990526664,30564,97.564022
1600990527674,46446,98.817673
1600990528676,28790,98.657509
1600990529678,47928,99.002494
1600990530683,28095,78.916519
1600990532711,55515,98.655410
1600990533714,38545,60.326941
1600990534716,1203,74.371219
1600990535721,42705,99.155722
1600990536724,11403,99.066002
1600990537729,33672,98.775510
1600990538732,36119,99.219653
1600990539815,22303,97.976339
1600990540822,50001,99.592859
1600990541996,30624,69.780045
1600990542998,46128,86.164530
1600990544761,48961,73.082991
1600990545763,35629,56.464297
1600990546765,32279,69.543465
1600990547771,6319,96.085296
1600990548773,37050,80.483213
1600990549774,151,85.777080
1600990550776,44237,98.972854
1600990552050,35863,68.256475
1600990553051,42268,78.975320
1600990554210,7848,98.606582
1600990555272,43185,99.218750
1600990556275,20998,99.030947
1600990558138,59893,76.878798
1600990559140,55852,84.612984
1600990560551,32320,91.547099
1600990561554,47248,95.824935
1600990562649,16940,48.213721
1600990563651,29892,46.742568
1600990564652,13952,68.611735
1600990565656,22336,98.719550
1600990566658,27664,63.426372
1600990567660,38576,78.652393
1600990568662,34574,99.565082
1600990569666,22262,62.623368
1600990570667,35964,83.033743
1600990571672,15855,99.252336
1600990572674,43847,62.564267
1600990573675,34058,95.958968
1600990574819,15960,80.956907
1600990575821,49181,93.541033
1600990577524,32867,72.598779
1600990578526,52456,81.184669
1600990579527,20117,55.336463
1600990580529,875,33.126023
1600990581530,22720,83.396465
1600990582535,27623,99.090339
1600990583537,27195,99.157566
1600990584968,30556,98.355664
1600990586701,55261,98.192227
1600990587734,53160,99.214331
1600990588736,18167,63.576159
1600990589739,44665,99.906221
1600990590806,14526,96.966825
1600990591808,56783,79.943680
1600990592809,18962,96.582278
1600990593811,34414,64.067903
1600990594812,35328,80.000000
1600990595817,17493,58.613046
1600990596819,2603,77.911013
1600990597820,48320,82.771536
1600990598827,13757,98.281250
1600990599835,31885,65.715182
1600990600842,36183,99.500468
1600990601844,11121,98.446240
1600990602848,48878,99.283935
1600990603850,21109,99.253267
1600990604857,26229,98.783531
1600990605897,43315,99.595142
1600990606908,12142,71.304591
1600990608033,57461,94.079529
1600990609098,8542,98.262719
1600990610898,50020,96.884735
1600990611903,47355,92.836767
1600990612904,12611,35.849653
1600990613906,18970,99.373434
1600990614908,23968,98.549811
1600990615910,33255,98.213166
1600990616916,46990,99.437676
1600990617919,20968,55.400697
1600990618921,38343,99.313144
1600990619923,21350,91.442155
1600990620924,36220,53.709010
1600990621926,30713,99.502023
1600990622932,25351,88.683964
1600990623933,31360,37.639198
1600990624935,22656,55.604673
1600990625936,32448,85.669685
1600990626939,12394,97.144670
1600990627942,38714,99.316770
1600990628947,17886,75.418641
1600990629949,27902,47.247409
