Warning: Permanently added '52.53.236.71' (ECDSA) to the list of known hosts.
/etc/profile.d/lang.sh: line 19: warning: setlocale: LC_CTYPE: cannot change locale (en_CH.UTF-8)
initializing server with:
addr=a77000e6e7e77df500e39144e34e31f1715c98a5ecaaf34b8863f2d907c35ab4, instance=3, port=6666, benchmark=true, pprof=false, batchVerification=true, mapType=insertOnly, merklePooling=true, merklePoolSize=64
initializing map with len = 1.000000e+07...
initialized map. server is ready.
collect and dispatch: 64
1600989941959,128,0.594307
1600989942960,448,1.598245
1600989943961,1088,1.321586
1600989944963,1280,1.887980
1600989945964,1664,2.308665
1600989946965,2176,2.775150
1600989947966,2304,4.095778
1600989948967,3008,5.727848
1600989949972,3712,11.203055
1600989950974,4288,5.432020
1600989951975,4672,5.626598
1600989952976,5248,15.283982
1600989953977,5824,7.097187
1600989954978,6336,6.952900
1600989955980,6400,15.777707
1600989956981,6528,8.176901
1600989957983,6848,16.857871
1600989958984,7168,9.120000
1600989959985,7680,18.841971
1600989960987,8320,11.755336
1600989961988,8832,20.616570
1600989962989,9600,13.067267
1600989963991,10368,23.309949
1600989964993,10560,13.851133
1600989965994,11072,23.225806
1600989966995,11200,24.343370
1600989967997,11504,15.098610
1600989968998,11600,25.933076
1600989969999,12544,27.229299
1600989971001,12829,18.861323
1600989972003,12879,26.178179
1600989973004,12820,28.020566
1600989974005,13248,26.182033
1600989975102,14784,20.181406
1600989976105,14208,30.155139
1600989977106,14720,31.286174
1600989978107,15232,32.077295
1600989979109,15488,31.467000
1600989980146,16448,23.199739
1600989981148,16000,32.036316
1600989982149,16000,32.770928
1600989983150,15808,33.063209
1600989984152,16384,32.661028
1600989985154,16512,33.398311
1600989986156,16832,25.817946
1600989987158,17408,34.342784
1600989988159,17152,36.112893
1600989989161,17472,35.156250
1600989990164,17920,36.736672
1600989991166,17984,36.336731
1600989992167,18688,38.040346
1600989993169,18496,37.633366
1600989994171,18752,37.911025
1600989995172,18496,35.762657
1600989996174,18684,33.247340
1600989997177,19268,36.348792
1600989998178,19584,38.841343
1600989999180,19968,40.104678
1600990000181,20288,41.052632
1600990001183,20672,42.514773
1600990002184,21120,42.307692
1600990003186,21312,44.368042
1600990004187,22464,45.172864
1600990005189,22900,46.894309
1600990006190,23436,55.577354
1600990007362,27712,49.459902
1600990008365,24832,49.756414
1600990009367,24704,50.484809
1600990010369,25024,51.557323
1600990011370,25890,53.084790
1600990012372,26526,54.330709
1600990013373,27200,55.314323
1600990014375,27456,57.577741
1600990015378,26982,60.622951
1600990016381,28007,61.951539
1600990017382,28211,57.918999
1600990018384,28416,56.884058
1600990019386,28352,59.526160
1600990020387,29376,60.192244
1600990021388,29824,59.087927
1600990022390,29056,69.779333
1600990023596,35647,62.070106
1600990024598,29185,67.041439
1600990025599,30976,67.788304
1600990026601,31744,65.929350
1600990027604,31808,67.473822
1600990028606,32576,68.340398
1600990029608,32512,68.975706
1600990030610,30937,74.055880
1600990031669,30784,70.468699
1600990032670,34471,68.721160
1600990033672,32576,74.183112
1600990034673,34483,72.191104
1600990035675,34061,81.615532
1600990037032,46976,77.365192
1600990038037,35235,73.955614
1600990039039,34461,77.338129
1600990040041,35968,78.494272
1600990041042,36329,75.827385
1600990042046,33105,84.069655
1600990043048,37356,88.440426
1600990044052,31579,83.748404
1600990045055,40319,77.792422
1600990046060,36288,85.806037
1600990047063,36251,69.112851
1600990048065,31013,89.391526
1600990049067,34048,83.098592
1600990050072,34276,89.176090
1600990051074,42716,83.878278
1600990052077,35111,89.635499
1600990053079,38601,89.150032
1600990054081,36496,78.557441
1600990055083,35712,87.687400
1600990056084,39667,77.199224
1600990057086,32219,72.104247
1600990058088,33394,83.697047
1600990059090,35372,88.745981
1600990060092,41247,82.833440
1600990061094,36597,76.663421
1600990062096,34624,77.372963
1600990063098,32320,86.424164
1600990064100,37231,69.533011
1600990065103,30759,79.910285
1600990066105,33024,81.881264
1600990067369,42830,90.588988
1600990068372,41308,76.666667
1600990069374,30656,85.347288
1600990070375,38208,50.177134
1600990071377,25623,82.980090
1600990072379,31584,88.278971
1600990073589,45769,86.237942
1600990074597,36059,86.379256
1600990075626,40752,84.168013
1600990076634,35384,88.017429
1600990077651,40189,67.666989
1600990078653,23360,94.469027
1600990079655,43311,66.452648
1600990080657,28921,78.594455
1600990081661,26915,92.612728
1600990082663,45109,80.300065
1600990083664,31808,95.052331
1600990084666,42184,75.167571
1600990085668,33016,82.998053
1600990086670,31208,91.446645
1600990087824,40086,86.745073
1600990088897,37954,93.318486
1600990089899,40226,81.556196
1600990090902,36282,82.101542
1600990091904,29945,86.817027
1600990092906,39287,83.343869
1600990093908,36156,95.194740
1600990095165,42511,88.835963
1600990096229,42537,70.188088
1600990097271,27136,88.003808
1600990098273,37015,85.830354
1600990099275,37801,79.851947
1600990100277,30144,90.390775
1600990101279,38360,89.870622
1600990102281,39400,68.815497
1600990103282,27072,83.489499
1600990104283,36352,76.857949
1600990105285,32064,75.706398
1600990106286,32064,76.751695
1600990107288,25108,98.722680
1600990108405,38082,80.121058
1600990109408,35329,90.423515
1600990110410,32743,98.705399
1600990111413,46739,73.757962
1600990112414,31223,83.873036
1600990113417,31396,88.738170
1600990114419,40374,96.309148
1600990115421,40254,76.571614
1600990116423,24480,98.897638
1600990117425,39488,94.531002
1600990118427,45952,68.436019
1600990119429,26318,86.413393
1600990120431,28989,98.812500
1600990121435,35866,90.465632
1600990122437,37723,71.679438
1600990123439,28032,91.700982
1600990124442,28381,98.297067
1600990125444,46561,79.524564
1600990126446,34055,92.779898
1600990127448,37776,89.833176
1600990128450,37505,97.826762
1600990129459,35562,66.612799
1600990130462,26791,93.282636
1600990131464,31714,98.808777
1600990132471,37405,93.238994
1600990133473,42202,79.949239
1600990134475,25664,93.935525
1600990135502,40993,91.341310
1600990136506,38153,91.714286
1600990137508,39382,75.023985
1600990138511,25925,98.525259
1600990139513,43333,98.731367
1600990140515,40665,80.624602
1600990141521,32364,78.097063
1600990142523,30709,98.202503
1600990143941,47533,85.430464
1600990144943,36281,73.682540
1600990145946,30866,84.554393
1600990146948,34249,99.002494
1600990147956,44368,88.377953
1600990148957,38608,73.165284
1600990149959,25691,76.772152
1600990150961,21069,98.896247
1600990151963,42035,97.334986
1600990152974,36324,78.490208
1600990153975,37276,83.244094
1600990154977,27200,93.827160
1600990155979,36421,97.870341
1600990156981,41787,88.303909
1600990157983,34102,74.959923
1600990158984,29962,70.522626
1600990159986,20547,99.464398
1600990161050,44806,89.878163
1600990162063,41336,65.347798
1600990163065,34239,80.538827
1600990164067,24832,98.624140
1600990165070,40890,98.162566
1600990166073,37830,90.672589
1600990167078,39944,60.864081
1600990168080,22328,71.382740
1600990169082,18240,98.615917
1600990170084,38318,97.007874
1600990171090,41557,98.560174
1600990172268,48584,39.532650
1600990173270,24822,66.243252
1600990174272,11775,93.524721
1600990175275,33879,98.925071
1600990176277,44350,98.771654
1600990177280,38961,78.810642
1600990178281,33402,58.234908
1600990179284,20673,75.119161
1600990180288,20928,98.971963
1600990181292,34995,98.618958
1600990182294,41495,91.629677
1600990183296,35497,83.945535
1600990184298,34444,68.152866
1600990185299,11328,93.308081
1600990186301,30260,98.960302
1600990187303,42470,94.962217
1600990188306,41100,93.312203
1600990189313,36325,42.857143
1600990190315,28769,88.773258
1600990191317,25153,98.751561
1600990192322,36755,99.096573
1600990193326,34433,96.974472
1600990194328,48383,79.193139
1600990195329,28672,64.982850
1600990196417,19127,80.694489
1600990197420,23316,98.587127
1600990198422,35682,98.561151
1600990199424,37709,99.023622
1600990200427,43850,84.173580
1600990201428,34492,65.690377
1600990202430,24645,98.399247
1600990203434,33764,98.520617
1600990204438,42202,98.872180
1600990205442,25145,98.301887
1600990206445,44213,90.662461
1600990207449,39183,88.717302
1600990208613,24717,99.245994
1600990209617,38264,98.450348
1600990210619,30204,98.713120
1600990211621,46527,95.701643
1600990212623,38016,53.961526
1600990213627,25472,98.455233
1600990214630,29182,98.778961
1600990215827,35598,98.125586
1600990216829,35669,98.545225
1600990217831,39739,92.412267
1600990218833,41638,77.194687
1600990219835,17861,99.063086
1600990220837,33140,98.829484
1600990221876,41029,87.568032
1600990223026,43997,95.670038
1600990224029,35915,95.347375
1600990225033,43743,52.513609
1600990226035,13004,99.186483
1600990227038,38359,89.981037
1600990228210,40520,78.017348
1600990229517,43086,95.393192
1600990230601,38003,72.784223
1600990231962,33714,75.709308
1600990233251,30497,98.840489
1600990234254,33709,99.030341
1600990235256,43362,90.009545
1600990236258,45395,90.165988
1600990237264,36568,98.189763
1600990238266,33682,61.109360
1600990239270,19886,77.084224
1600990240749,38114,87.620579
1600990242030,43610,97.656012
1600990243060,43431,71.948134
1600990244062,37277,96.385921
1600990245064,33978,46.225845
1600990246126,25710,80.603725
1600990247128,18776,99.154665
1600990248130,38045,95.578880
1600990249133,37059,71.396966
1600990250135,36626,96.607483
1600990251137,34686,97.159091
1600990252141,34240,99.061914
1600990253143,35700,34.321624
1600990254146,13922,98.962264
1600990255149,31470,98.990218
1600990256151,36268,98.652038
1600990257153,38815,78.903495
1600990258155,41779,94.175372
1600990259157,32712,71.973308
1600990260160,21552,57.211232
1600990261162,28950,89.005363
1600990262484,43606,63.161354
1600990263486,35457,87.027546
1600990264488,26005,72.222222
1600990265492,27178,99.024237
1600990266494,47970,98.597694
1600990267504,31623,65.521669
1600990268507,22438,60.415968
1600990269509,19803,77.038217
1600990270511,21231,86.094393
1600990271996,55822,64.960390
1600990273043,39555,89.655172
1600990274045,23991,89.980977
1600990275050,30681,85.496183
1600990276053,35782,81.812421
1600990277055,34346,82.463399
1600990278057,22010,74.509804
1600990279061,37724,93.761875
1600990280063,36906,96.746950
1600990281065,22864,98.927445
1600990282067,40846,98.238994
1600990283070,40846,90.482234
1600990284075,37308,85.272553
1600990285077,24600,84.205426
1600990286079,23661,98.999375
1600990287139,38097,75.079064
1600990288158,38555,95.587772
1600990289162,34766,98.604061
1600990290168,34006,92.161666
1600990291198,33475,96.649810
1600990292200,34688,75.852090
1600990293202,27456,77.861873
1600990294349,31997,65.050113
1600990295351,36995,87.215190
1600990296352,26880,95.998750
1600990297354,34801,79.336493
1600990298356,38671,78.474630
1600990299358,9166,98.444938
1600990300360,42718,90.282629
1600990301362,45131,66.934706
1600990302364,4041,87.116368
1600990303366,26458,98.775126
1600990304370,34790,98.441397
1600990305374,38331,98.511245
1600990306377,36262,97.913373
1600990307379,29341,98.283396
1600990308384,31099,98.591108
1600990309386,30628,99.000312
1600990310390,35867,61.739130
1600990311392,32392,90.626999
1600990312394,30513,99.247413
1600990313396,37925,70.449402
1600990314399,34410,93.897452
1600990315402,30360,73.494354
1600990316413,34181,91.236216
1600990317504,35815,97.460317
1600990318506,32828,99.217282
1600990319508,32611,54.943274
1600990320510,14330,66.243076
1600990321513,24239,98.871119
1600990322518,37747,98.650345
1600990323522,40555,98.541997
1600990324525,29036,64.142049
1600990325948,36205,98.357467
1600990327408,51799,96.444763
1600990328740,53934,59.067850
1600990329742,21368,84.979359
1600990330747,25425,98.685034
1600990331788,34490,52.592830
1600990332790,30325,90.124640
1600990333792,16909,98.486759
1600990335170,59785,99.026489
1600990336560,50858,61.807766
1600990337562,33408,86.249213
1600990338564,17098,94.715447
1600990339566,24182,54.548346
1600990340568,29504,94.671741
1600990341571,20645,99.087763
1600990342573,29005,99.198273
1600990343636,35635,97.554806
1600990344772,38408,96.364581
1600990345977,44307,98.753117
1600990347236,43874,98.341625
1600990348585,45305,87.749288
1600990349748,26661,62.646294
1600990350750,39808,62.884293
1600990351881,12917,98.413762
1600990353297,50015,99.113709
1600990354970,63079,71.313845
1600990355971,44677,90.966921
1600990356973,18901,98.812069
1600990358294,45838,98.245614
1600990359301,39060,56.091289
1600990360303,18062,99.094599
1600990361305,40728,90.134961
1600990362307,39395,62.838263
1600990363310,9155,98.534456
1600990364314,48021,99.307523
1600990365317,33306,96.925972
1600990366319,21122,98.251748
1600990367324,53580,98.608476
1600990368327,33808,98.994027
1600990369329,23984,36.330579
1600990370330,13632,95.014200
1600990371332,23734,99.594257
1600990372337,25772,97.993631
1600990373340,40308,98.557089
1600990374343,37137,98.102467
1600990375345,26454,99.153074
1600990376349,25521,97.534766
1600990377355,40861,98.673405
1600990378357,41602,97.758131
1600990379359,26173,98.727498
1600990380368,26870,43.770600
1600990381371,25152,95.165315
1600990382382,24962,98.648224
1600990383387,39126,98.670465
1600990384389,30674,98.704991
1600990385391,24731,97.864882
1600990386396,26970,98.998748
1600990387400,49870,98.385565
1600990388403,33683,98.037994
1600990389423,27264,99.126910
1600990390427,30193,59.912033
1600990391429,28111,71.297510
1600990392433,18191,97.879747
1600990393437,39869,98.693009
1600990394478,24761,98.958662
1600990395480,26692,98.785425
1600990396485,39371,98.058561
1600990397487,47704,81.384324
1600990398492,41520,90.203562
1600990399495,33049,98.994027
1600990400497,29946,99.067454
1600990401502,27664,55.502545
1600990402508,14657,80.430473
1600990403634,22534,98.078740
1600990404638,50958,98.480051
1600990405640,31924,53.280757
1600990406642,31521,99.309696
1600990407644,15747,93.644741
1600990408701,60563,94.987390
1600990409704,25162,84.299593
1600990411507,55989,60.220636
1600990412510,38168,92.104435
1600990413511,13482,44.481163
1600990414513,22321,99.372844
1600990415515,21837,98.617324
1600990417060,61800,58.468383
1600990418062,35098,90.964912
1600990419157,19712,97.810914
1600990420160,46000,95.656250
1600990421162,37392,97.416509
1600990422469,39580,66.125365
1600990423471,36330,80.460505
1600990424476,25836,72.401549
1600990425478,17422,74.197438
1600990427633,57645,73.847146
1600990428636,47507,89.468661
1600990429911,26191,62.771908
1600990430969,42328,98.490091
1600990431971,25271,98.483412
1600990432973,31296,90.810811
1600990433976,40937,54.415502
1600990434985,30587,98.727331
1600990435988,14020,92.628915
1600990436992,39802,50.222930
1600990437993,5056,88.242812
1600990438997,38014,98.938495
1600990440000,36554,99.344160
1600990441131,33643,74.799872
1600990442134,41774,99.593369
1600990443136,21056,80.458307
1600990444137,48095,68.663739
1600990445335,13937,85.415997
1600990446337,50259,97.503949
1600990447340,16710,90.605296
1600990448344,29427,91.170886
1600990449347,38211,70.851875
1600990450349,1280,39.393939
1600990451351,26368,92.832333
1600990452355,22365,96.727623
1600990453359,48929,99.438027
1600990454361,16037,99.497960
1600990455364,27253,98.480620
1600990456377,48357,99.780702
1600990457385,34032,59.449952
1600990458389,36668,96.161616
1600990459635,35351,97.434273
1600990461189,52480,68.225191
1600990462191,31360,81.315055
1600990463439,21175,46.720000
1600990464443,32201,90.746820
1600990465980,42531,82.326478
1600990466982,45085,51.998741
1600990467986,9648,98.930145
1600990468989,31379,80.396155
1600990470081,46528,91.871456
1600990471083,30141,90.053849
1600990472085,33135,98.300818
1600990473124,34835,39.896708
1600990474126,25598,98.897985
1600990475131,11654,50.063939
1600990476133,21178,87.648762
1600990477137,24322,92.486639
1600990478138,48254,70.896696
1600990479359,10070,95.415197
1600990480366,45754,99.717868
1600990481460,35122,88.789809
1600990482470,47806,56.043956
1600990483474,7809,98.580442
1600990484477,40511,96.617136
1600990485480,17220,99.190377
1600990486838,40739,98.694842
1600990487843,45945,98.186933
1600990488846,25229,59.247550
1600990490150,26953,97.767145
1600990491152,27200,70.459659
1600990492154,52490,84.218799
1600990493155,24932,82.039141
1600990494157,30556,77.767236
1600990495161,34759,99.623942
1600990496163,27635,63.583629
1600990497165,34886,92.080414
1600990498300,20080,95.033008
1600990499306,50179,80.949129
1600990501188,39725,94.708146
1600990502190,49504,63.860189
1600990503633,16748,78.731582
1600990504634,44884,62.146713
1600990505639,11129,98.085974
1600990506642,43320,99.216301
1600990507953,32465,54.809437
1600990509039,38270,98.817305
1600990510121,18523,89.109195
1600990511232,47497,94.078740
1600990512235,31365,99.035170
1600990513239,27004,97.948232
1600990514242,41018,61.706222
1600990515244,28130,94.353312
1600990516246,26111,40.595963
1600990517247,4224,81.281888
1600990518249,16316,94.419784
1600990519251,51460,92.086103
1600990520253,10982,96.235654
1600990522314,75554,64.288010
1600990523315,35704,91.863022
1600990524319,17600,88.355498
1600990525321,43905,99.338791
1600990526323,17766,97.908211
1600990527327,41464,98.280713
1600990528347,32420,69.661500
1600990529348,39229,65.975765
1600990530352,11892,99.435383
1600990531354,31308,37.219147
1600990532356,21926,99.341693
1600990533359,17251,96.532905
1600990534362,55096,99.812617
1600990535709,33743,53.335402
1600990536727,31792,90.159523
1600990538369,44622,85.064516
1600990539371,45362,84.966358
1600990540890,29696,87.932443
1600990543231,78226,86.601204
1600990544233,49454,48.198916
1600990545234,10703,98.419222
1600990546236,28977,29.701398
1600990547238,16096,98.715136
1600990548240,9056,99.107143
1600990550347,84274,99.364884
1600990551874,37766,98.192771
1600990552876,61338,98.153942
1600990554023,26316,88.029290
1600990555033,45970,40.246992
1600990556039,10362,99.406991
1600990557041,16218,98.843027
1600990558315,29257,98.723566
1600990559967,51607,75.752773
1600990560968,49884,69.647495
