Warning: Permanently added '54.176.198.204' (ECDSA) to the list of known hosts.
/etc/profile.d/lang.sh: line 19: warning: setlocale: LC_CTYPE: cannot change locale (en_CH.UTF-8)
initializing server with:
addr=c8766183072ad3a0aeb17e672152bff7d5382a62f14a818f2a7dbe3c123d1fc3, instance=45, port=6666, benchmark=true, pprof=false, batchVerification=true, mapType=insertOnly, merklePooling=true, merklePoolSize=64
initializing map with len = 1.000000e+07...
initialized map. server is ready.
collect and dispatch: 64
1600989938964,256,0.468604
1600989939965,320,0.219024
1600989940966,256,0.562852
1600989941967,320,1.252740
1600989942968,896,2.234813
1600989943969,1664,3.016023
1600989944970,2048,3.441743
1600989945971,2624,4.486572
1600989946972,3328,5.110410
1600989947973,3584,14.258675
1600989948974,4480,7.888924
1600989949975,5696,8.875553
1600989950976,6464,18.426043
1600989951977,7232,10.282450
1600989952979,7744,22.548092
1600989953980,8960,13.299395
1600989954981,9600,22.025316
1600989955983,9600,15.350600
1600989956984,9664,22.281922
1600989957986,10432,23.417117
1600989958987,10624,16.412698
1600989959989,11113,27.586207
1600989960990,12503,29.025087
1600989961991,13184,22.370089
1600989962992,14336,32.984459
1600989963993,15232,33.802366
1600989964994,16128,34.671765
1600989965996,16448,36.684526
1600989966997,17088,36.272932
1600989967998,17856,37.269841
1600989969000,17728,38.134518
1600989970001,18496,39.162171
1600989971003,19328,40.280433
1600989972010,19136,39.597315
1600989973055,20160,39.608339
1600989974057,19648,41.066236
1600989975059,20288,44.112980
1600989976062,21056,45.756808
1600989977065,21952,44.796670
1600989978066,22144,46.875000
1600989979067,23040,46.361013
1600989980069,23168,47.732390
1600989981070,23917,47.663252
1600989982071,23507,48.248408
1600989983073,23680,50.047725
1600989984074,24384,50.321130
1600989985077,25024,60.598291
1600989986184,27712,52.280026
1600989987186,25152,52.571983
1600989988187,25856,52.873194
1600989989189,26112,54.626391
1600989990190,26500,54.539662
1600989991191,26460,55.965638
1600989992193,27296,63.205128
1600989993195,27520,61.669342
1600989994198,27712,57.535545
1600989995199,27584,57.523260
1600989996200,28160,59.216442
1600989997202,28416,58.567775
1600989998204,28352,66.087780
1600989999206,29390,69.359511
1600990000209,29617,64.758270
1600990001211,30529,67.117117
1600990002213,31488,68.453145
1600990003215,32320,72.402905
1600990004216,33216,78.163900
1600990005459,41109,74.872449
1600990006461,34411,71.303502
1600990007463,32896,75.744954
1600990008465,34432,77.738854
1600990009467,36041,79.313632
1600990010469,34351,82.904884
1600990011471,35955,80.851064
1600990012479,34811,82.174463
1600990013481,37722,81.085370
1600990014483,37153,85.968765
1600990015784,46108,81.345178
1600990016786,37315,87.840873
1600990017947,40917,86.586141
1600990018959,41771,75.645873
1600990019961,34865,83.105748
1600990020963,34368,88.454259
1600990021965,37263,80.838323
1600990022967,36544,83.524173
1600990023968,36224,81.137441
1600990024970,36608,89.418860
1600990026134,36250,87.279718
1600990027135,41126,79.796373
1600990028136,36416,85.920462
1600990029138,36480,89.362374
1600990030145,36915,94.853173
1600990031147,38861,86.016414
1600990032149,38592,89.431417
1600990033151,40058,72.510340
1600990034154,28486,85.430464
1600990035155,39744,88.675684
1600990036160,37248,97.057893
1600990037163,36993,91.978777
1600990038164,40959,92.421384
1600990039167,40616,95.870848
1600990040169,34114,96.045198
1600990041171,44478,88.965952
1600990042173,38936,87.019534
1600990043175,35554,95.687756
1600990044177,34977,93.513854
1600990045179,43056,81.800948
1600990046181,34105,86.791852
1600990047183,38740,76.070288
1600990048185,24832,98.938826
1600990049187,38152,82.254500
1600990050189,31224,96.668782
1600990051191,42496,98.306148
1600990052193,38075,86.183791
1600990053195,35681,98.851114
1600990054534,50021,84.316226
1600990055536,35852,89.514867
1600990056538,41011,88.436899
1600990057540,35952,99.171345
1600990058713,47521,81.496685
1600990059715,32939,98.446240
1600990060717,43192,63.613312
1600990061892,31123,90.372475
1600990062894,38073,99.034569
1600990063897,46170,93.276783
1600990064899,32534,98.717949
1600990065915,38672,86.885246
1600990066916,37888,93.890977
1600990067918,39730,98.600311
1600990069040,42054,77.795426
1600990070042,28935,98.436034
1600990071044,42388,93.281005
1600990072046,43949,88.689915
1600990073048,37718,89.651899
1600990074051,31909,93.980460
1600990075053,32290,97.420758
1600990076058,42261,98.810642
1600990077065,31181,91.598490
1600990078066,39499,97.856242
1600990079068,44982,94.046865
1600990080070,38976,70.749370
1600990081072,18816,87.230621
1600990082074,35513,98.277035
1600990083461,55836,80.126582
1600990084464,26027,96.199749
1600990085469,39220,94.519685
1600990086471,41008,78.448824
1600990087474,31092,76.694110
1600990088478,20670,98.156250
1600990089481,40721,84.639498
1600990090482,38800,81.985411
1600990091485,26377,98.365294
1600990092487,42182,98.721945
1600990093491,39429,67.655502
1600990094493,32629,85.420019
1600990095496,26821,98.241206
1600990096499,42364,88.457900
1600990097500,38719,83.317415
1600990098502,26569,97.440758
1600990099506,37753,99.063963
1600990100509,34936,94.334898
1600990101511,42182,86.421320
1600990102513,29030,86.799620
1600990103515,38427,82.802146
1600990104520,27553,86.472065
1600990105522,43041,88.300924
1600990106524,33739,92.650265
1600990107531,30692,84.399622
1600990108533,41130,91.974522
1600990109534,32804,91.527062
1600990110536,38970,97.303230
1600990111539,35901,74.096196
1600990112541,34441,93.005671
1600990113543,30273,90.971787
1600990114546,22406,98.508854
1600990115550,44591,99.124453
1600990116553,38991,72.269706
1600990117555,27901,88.290545
1600990118557,31004,98.829114
1600990119559,43180,87.804117
1600990120561,38320,81.210393
1600990121564,33831,80.728667
1600990122569,32212,98.091364
1600990123572,34902,98.616787
1600990124574,33834,97.679455
1600990125587,46191,84.306220
1600990126588,25116,93.934582
1600990127590,37451,98.895899
1600990128593,41810,93.391795
1600990129594,39267,58.002520
1600990130597,20395,81.367250
1600990131599,31712,95.966229
1600990132602,41784,99.161751
1600990133606,39916,75.992439
1600990134607,30865,76.817401
1600990135743,27136,70.332151
1600990136746,27152,98.512907
1600990137865,34300,88.299582
1600990138867,40250,95.365474
1600990139869,39995,69.494247
1600990141049,26804,93.051914
1600990142256,34953,97.895729
1600990143258,37773,98.417132
1600990144261,42829,98.682973
1600990145264,40712,76.786844
1600990146265,20192,97.792494
1600990147267,38127,98.467792
1600990148269,35943,98.471139
1600990149273,40102,94.141732
1600990150277,38923,88.811850
1600990151279,29735,98.843389
1600990152284,38223,98.865427
1600990153286,43203,86.471495
1600990154303,33593,79.392971
1600990155305,30151,69.274448
1600990156307,16256,81.194690
1600990157311,23731,98.713927
1600990158314,39885,98.842730
1600990159370,34698,98.474471
1600990160372,37242,98.242310
1600990161374,47932,91.765081
1600990162377,24059,98.562051
1600990163379,38662,98.559349
1600990164381,36218,98.030019
1600990165383,40769,98.529872
1600990166385,40388,66.299213
1600990167388,17984,91.026856
1600990168390,31871,98.194271
1600990169393,39758,98.654989
1600990170397,35177,98.778195
1600990171401,27256,97.464789
1600990172404,45286,77.978689
1600990173406,26988,98.112614
1600990174407,37461,90.500000
1600990175409,33910,99.282819
1600990176411,37507,79.937402
1600990177414,32432,64.644826
1600990178416,33666,65.649575
1600990179418,15837,84.911055
1600990180420,30101,98.357030
1600990181423,29980,98.496241
1600990182427,34178,98.426683
1600990183430,37955,98.911692
1600990184435,37140,98.528030
1600990185437,36880,62.216376
1600990186439,22123,98.658346
1600990187444,27132,98.934837
1600990188448,27932,98.052764
1600990189451,33171,98.444790
1600990190454,40746,98.509780
1600990191457,46095,89.828897
1600990192459,32481,95.176545
1600990193461,32978,89.291289
1600990194463,35354,96.976309
1600990195466,31992,98.430141
1600990196468,37039,98.931490
1600990197470,44823,66.347076
1600990198473,28719,98.844472
1600990199475,32949,80.718750
1600990200478,34555,97.483485
1600990201482,45164,98.007472
1600990202487,35459,85.647717
1600990203488,32737,57.493703
1600990204490,15184,82.803150
1600990205492,33968,98.621554
1600990206494,38242,98.236220
1600990207496,32100,99.064546
1600990208498,40215,98.082967
1600990209500,38886,74.791265
1600990210502,36605,80.178458
1600990211507,26682,73.753619
1600990212510,19551,99.061327
1600990213513,38195,98.269896
1600990214517,33947,98.498123
1600990215520,28726,98.549354
1600990216523,34487,98.634389
1600990217526,38214,87.452949
1600990218530,42009,84.634840
1600990219532,20365,81.680354
1600990220620,28584,98.782772
1600990221622,43371,82.869785
1600990222624,42861,95.370079
1600990223626,21976,98.680490
1600990224628,36122,74.202716
1600990225630,41459,83.869949
1600990226632,27227,92.542480
1600990227633,28073,65.734700
1600990228635,37591,95.682103
1600990229640,29880,98.806158
1600990230643,31837,90.531250
1600990231650,37875,88.205772
1600990232652,44088,85.888611
1600990233653,26112,51.670870
1600990234655,19328,80.720607
1600990235656,20206,98.367859
1600990236660,39748,98.746082
1600990237664,34791,98.878505
1600990238668,36930,97.695707
1600990239671,45546,97.542533
1600990240676,38572,90.419162
1600990241679,31466,65.444199
1600990242681,14885,58.749597
1600990243683,23568,98.614173
1600990244689,22894,98.582677
1600990245691,28656,98.591549
1600990246693,30866,98.101266
1600990247695,30401,98.174953
1600990248882,53645,86.453089
1600990250262,48049,95.065201
1600990251492,39053,77.029564
1600990252865,23909,98.740157
1600990254027,29394,98.234748
1600990255139,46219,98.047660
1600990256227,40182,98.467792
1600990257238,31625,96.867292
1600990258511,55646,91.836735
1600990259519,42663,79.898542
1600990260521,14062,75.805412
1600990261525,31845,96.884833
1600990262527,25689,89.838409
1600990263537,28301,98.063105
1600990264542,29850,97.508564
1600990265544,27060,98.682146
1600990266549,39655,74.132994
1600990267552,56512,99.404202
1600990268554,26277,70.309539
1600990269558,24026,91.998755
1600990270562,39073,93.561558
1600990271563,35914,83.897501
1600990272565,25238,97.471555
1600990273567,31741,98.285536
1600990274570,31798,98.333709
1600990275958,50445,90.546022
1600990276961,35983,91.359193
1600990277962,35505,78.728760
1600990278965,11956,84.605652
1600990280458,54784,94.487202
1600990282220,64932,55.062893
1600990283222,30312,94.036409
1600990284223,25396,89.899308
1600990285225,25231,75.661209
1600990286229,38273,96.300980
1600990287232,38966,67.756410
1600990288236,11333,86.088328
1600990289237,44161,97.848457
1600990290239,21466,86.765168
1600990291268,31002,88.426111
1600990292837,51686,98.625000
1600990293842,44275,86.448156
1600990294845,38137,92.669994
1600990295847,26631,85.956204
1600990296929,33032,56.315290
1600990297934,7198,89.715746
1600990299074,30098,98.112020
1600990300078,39741,98.682146
1600990301079,41406,98.431619
1600990302081,26597,99.238634
1600990303525,60478,66.318786
1600990304527,40800,91.054113
1600990305529,27389,56.807363
1600990306530,32009,71.131571
1600990307590,17399,65.124555
1600990308592,14373,91.217565
1600990309707,29767,98.276402
1600990311023,35477,98.199317
1600990312027,48803,98.748827
1600990313032,47075,78.774617
1600990314071,28964,77.431539
1600990315074,34857,84.644840
1600990316720,48685,61.288285
1600990317721,35778,87.755102
1600990318723,6397,84.183995
1600990320361,51449,98.294574
1600990321378,47518,99.094033
1600990322380,33685,68.988550
1600990323382,44884,90.794848
1600990324386,24557,72.687086
1600990325387,38693,97.881107
1600990326477,26283,72.661645
1600990327482,45472,86.700443
1600990328483,14243,77.369439
1600990329485,28416,97.935853
1600990330487,25412,81.214600
1600990331492,37952,98.655830
1600990332494,41956,85.179358
1600990333499,25902,98.472569
1600990334502,37830,98.843750
1600990335504,37814,98.528951
1600990336507,30378,73.769470
1600990337511,26898,85.553471
1600990338513,37554,83.044983
1600990339515,7616,97.747858
1600990340802,40240,98.500824
1600990342707,70168,64.447236
1600990343710,43618,99.155722
1600990344712,22322,98.392652
1600990346039,46218,98.249849
1600990347080,46050,98.932496
1600990348086,37621,86.516149
1600990349301,33859,51.420364
1600990350303,18412,74.061327
1600990351305,34499,95.582203
1600990352307,35857,88.261142
1600990353311,29687,96.626734
1600990354313,42761,78.620690
1600990355315,28447,99.283489
1600990356317,36405,72.388766
1600990357326,36847,96.407373
1600990358330,30896,97.923222
1600990359332,33867,71.469284
1600990360335,14082,72.103415
1600990361337,42426,99.168207
1600990362354,27143,51.433121
1600990363356,28605,90.575275
1600990364646,30717,95.240128
1600990366126,50986,98.123324
1600990367179,48330,96.251172
1600990368182,32081,66.185897
1600990369184,36608,85.541045
1600990370814,43861,54.116927
1600990371850,18411,42.727578
1600990372853,27968,95.269841
1600990373855,14144,75.224072
1600990374857,40534,92.683696
1600990375859,32544,99.219238
1600990377104,40236,84.530907
1600990378106,44510,65.732344
1600990379255,9343,97.307451
1600990380257,54334,97.895700
1600990381854,43690,99.190283
1600990382856,30812,74.055416
1600990383858,29565,85.355781
1600990385033,26459,68.190476
1600990386035,41957,87.190730
1600990387684,47030,65.494297
1600990388686,40842,83.153895
1600990389689,14351,98.583713
1600990391548,68000,97.281022
1600990393277,64417,71.536287
1600990394279,37616,83.088235
1600990395577,20547,72.838710
1600990396579,28221,82.901057
1600990397696,20314,94.555239
1600990399505,64677,83.209187
1600990400533,51074,99.561541
1600990401535,21344,63.231110
1600990402536,39711,96.711557
1600990403539,23618,97.765187
1600990404541,49863,98.694842
1600990405547,26142,88.374291
1600990406548,44121,73.106138
1600990408084,24485,81.025151
1600990409086,27593,99.504305
1600990410282,35980,93.823250
1600990411283,55430,86.230745
1600990412697,35286,39.112649
1600990413698,22506,96.195822
1600990414702,28811,96.763959
1600990415704,45435,99.125820
1600990416706,14358,90.641628
1600990418254,52682,96.612766
1600990420091,68892,66.427681
1600990421106,25534,92.412267
1600990422113,18807,98.956027
1600990424104,72841,72.565245
1600990425106,42190,92.371871
1600990426159,25971,81.121318
1600990427161,41471,61.353712
1600990428492,12963,91.952729
1600990430175,53641,98.444306
1600990431178,45490,99.213589
1600990432180,34267,97.977883
1600990433184,20321,66.866709
1600990434186,22185,99.159664
1600990435437,25355,85.820433
1600990436455,62268,95.460238
1600990437460,20010,93.215761
1600990439442,69258,76.996198
1600990440444,38722,63.092269
1600990441452,19338,98.971001
1600990442456,26719,91.978923
1600990444077,51496,91.157961
1600990445082,52401,92.497656
1600990446085,19423,75.958517
1600990447090,23519,79.942510
1600990448092,4736,56.385135
1600990449094,35712,83.397068
1600990450099,16580,97.450425
1600990451103,42526,98.911353
1600990452107,23549,95.358255
1600990453109,50371,99.312929
1600990454112,10251,98.563398
1600990455160,37395,91.475904
1600990456212,42809,99.248826
1600990457214,11016,98.936836
1600990458331,27222,97.451737
1600990459959,44876,98.223192
1600990460968,46257,98.690773
1600990461970,29292,45.944233
1600990462974,20485,99.437148
1600990463977,17266,98.168614
1600990465319,40457,98.594189
1600990466322,42154,98.490566
1600990467323,18902,97.934919
1600990468329,51833,98.713927
1600990469331,22045,98.615046
1600990470333,38206,98.022599
1600990471335,33718,98.975155
1600990472376,23387,97.562500
1600990473387,56175,99.501868
1600990474392,30262,99.096573
1600990475397,18397,78.983907
1600990476399,34137,78.217200
1600990478457,39078,99.502642
1600990479462,13657,97.399749
1600990480467,41591,98.584461
1600990481469,11490,98.333333
1600990482473,40702,98.136450
1600990483475,33852,99.070632
1600990484481,19509,96.977251
1600990485486,55193,99.062500
1600990486488,11277,98.805031
1600990487491,37997,93.907035
1600990488493,56643,99.013564
1600990489541,17919,97.082811
1600990490546,33498,96.309040
1600990491548,31562,40.293638
1600990492549,18497,94.427670
1600990493698,19908,97.983617
1600990495352,39148,98.422127
1600990497043,50511,97.993067
1600990498750,52234,98.473005
1600990500562,52308,98.044086
1600990501567,59238,98.776662
1600990502569,23013,98.839398
1600990503573,32880,98.567424
1600990504575,34380,99.531981
1600990505579,20027,77.520351
1600990506580,44128,71.414883
1600990507582,18048,99.247649
1600990508699,30575,90.048840
1600990509739,65105,84.404537
1600990511104,31360,89.632213
1600990512107,45358,94.971716
1600990513109,17043,72.141503
1600990514110,39487,79.690905
1600990515735,23663,77.223427
1600990516748,52753,92.475124
1600990517752,15957,98.775895
1600990518755,43365,86.094582
1600990520676,63097,47.746612
1600990521679,17933,49.115334
1600990522680,31040,90.259330
1600990523682,15717,86.267047
1600990524684,38363,71.980993
1600990526616,40105,80.081428
1600990527622,43351,58.889934
1600990528629,12457,97.961104
1600990529631,20540,86.538462
1600990530633,59099,96.950644
1600990531635,16338,99.063378
1600990532637,50745,55.886116
1600990533642,21173,99.874922
1600990534645,20954,57.699681
1600990535647,36286,99.123082
1600990536649,25212,88.483146
1600990537650,22188,43.547849
1600990538652,15232,47.226780
1600990539656,23425,99.687500
1600990540659,18272,97.826772
1600990541666,48467,98.595067
1600990542670,9073,98.116170
1600990543672,56155,99.282595
1600990544675,23100,51.705099
1600990545677,33676,97.259421
1600990547321,49456,91.062341
1600990548328,47351,99.719713
1600990549330,18195,79.399553
1600990550331,41086,41.934458
1600990551335,16198,99.844285
1600990552513,19898,97.400951
1600990553515,63042,96.558257
1600990554517,2558,35.133418
1600990555522,6144,83.978079
1600990556526,35078,99.408100
1600990557530,16410,98.474946
1600990558533,32111,98.775510
1600990559535,42295,99.532419
1600990560540,20298,98.305085
1600990561542,45012,99.406435
1600990562544,18756,98.308801
1600990563547,50499,99.128269
1600990564551,16286,98.306148
1600990565556,42363,99.500312
1600990566901,45524,80.902778
1600990567904,49320,65.476190
1600990569563,27380,86.332503
1600990570587,39948,83.712239
1600990572593,46621,99.127726
1600990573599,17475,98.342714
1600990574602,53466,99.185464
1600990575604,3773,98.540373
1600990576608,50561,99.286600
1600990577610,27464,98.843389
1600990578617,29841,98.461055
1600990579619,32037,71.845276
1600990580621,43658,77.556818
1600990581626,20441,98.967136
1600990582627,33447,90.423862
1600990583630,48128,71.046841
1600990584633,17388,97.815764
1600990585635,16037,72.043682
1600990586637,51564,97.622028
1600990587640,5766,32.262170
1600990588641,3453,61.075544
1600990589643,35727,99.376753
1600990590646,5676,98.179535
1600990591651,45853,98.876054
1600990592657,18437,98.533084
1600990593662,44327,98.684211
1600990594664,35196,98.941799
1600990596071,25240,98.657832
1600990597916,61711,99.048152
1600990599590,60901,98.935171
1600990600592,51337,99.294844
1600990602020,23399,98.946390
1600990603390,29158,98.899929
1600990605158,60831,43.199748
1600990606160,15999,98.464135
1600990608012,53716,92.641928
1600990609013,57196,75.336509
1600990610528,14515,86.397415
1600990611531,47950,99.625585
1600990612557,8595,97.621254
1600990613570,53469,98.927106
1600990614572,18813,93.464665
1600990615575,38098,99.687695
1600990616827,28688,52.161100
1600990617830,37104,96.401770
1600990619465,48192,74.539683
1600990620466,34560,73.400673
1600990622431,31963,90.083173
1600990623433,41893,65.954006
1600990625201,18880,73.214852
1600990626203,43392,93.855383
1600990628141,50778,64.771638
1600990629142,36774,57.687461
1600990630146,29019,99.939595
1600990631185,10743,79.760404
1600990632187,48448,99.563863
1600990633253,7557,95.140423
1600990634261,56608,99.342929
1600990635806,30510,58.723672
1600990636812,41014,98.649722
1600990638387,47077,95.487308
1600990639389,43456,69.123901
1600990641604,28673,48.572335
1600990642606,26431,77.664327
1600990643610,31232,99.906221
1600990644766,32863,98.008220
1600990645768,47921,63.620415
1600990647741,19232,97.586963
1600990648747,50161,99.750779
1600990649749,7780,98.470662
1600990651572,45806,98.701715
1600990653537,65235,97.965571
1600990654541,54030,99.563183
1600990655543,11965,98.119122
1600990656547,58754,99.593877
1600990658164,36646,65.210704
1600990659217,43238,90.355011
1600990660219,26209,63.650546
1600990661222,128,58.967742
1600990662224,36574,99.061620
1600990663429,20706,87.794024
1600990664432,49920,79.244674
1600990666373,25285,79.235828
1600990667390,52819,71.032746
1600990669139,20678,96.318253
1600990670143,55210,99.434724
1600990671305,15129,98.509829
1600990672307,52105,84.602157
1600990674313,38929,83.558205
1600990675366,55557,68.929016
1600990676371,16309,99.595394
1600990677379,26265,98.188175
1600990678381,45496,74.394464
1600990679388,30650,90.840652
1600990680390,320,28.978546
1600990681392,17054,43.247537
1600990682400,31330,82.964119
1600990683405,23747,99.435737
1600990684407,27389,99.237382
1600990686671,66368,87.724834
1600990687673,52224,78.786936
1600990689089,13425,97.165605
1600990690091,47056,99.318569
1600990691195,10379,98.602484
1600990692200,57269,99.377722
1600990693208,6783,98.942457
1600990694215,46494,99.719189
1600990695217,5727,98.021978
1600990696222,64925,99.562637
1600990697867,39832,71.003482
1600990698875,40206,38.981979
1600990699876,12608,83.296565
1600990701435,32957,73.284856
1600990702436,32771,55.880503
1600990703439,30844,86.122322
1600990704443,12986,97.914033
1600990705445,35161,99.089768
1600990706448,30393,99.467585
1600990707772,37150,60.623410
1600990708779,42906,57.539554
1600990709781,33123,99.315068
1600990710785,18495,99.411035
1600990711795,35278,63.341886
1600990712797,32848,45.017510
1600990713798,26048,76.120797
1600990716459,71699,76.626506
1600990717512,45675,44.200627
1600990718513,25858,88.296203
1600990719515,10687,85.435057
1600990720516,18625,47.748031
1600990721518,25196,99.564812
1600990722524,11597,97.085553
1600990723526,48222,99.339830
1600990724529,20500,98.970037
1600990725579,29431,68.805591
1600990726583,51542,95.528652
1600990728531,51784,53.638645
1600990729532,28800,48.318139
1600990730534,25404,99.968876
1600990731563,836,62.247749
1600990732582,43072,70.412915
1600990733586,17869,99.499218
1600990734913,38259,48.031746
1600990735916,29419,46.984127
1600990736917,27413,76.256718
1600990738581,23074,96.271295
1600990739584,52985,95.965239
1600990741604,48293,22.147651
1600990742605,10176,32.742507
1600990743607,20800,27.444694
1600990744609,17216,84.760113
1600990745615,25856,99.345387
1600990746618,22805,48.226270
1600990747619,23531,48.688784
1600990748621,28288,61.788618
1600990749627,24807,99.627445
1600990751194,38204,89.732283
1600990752212,49197,43.875278
1600990753215,21468,99.937753
1600990754719,24862,70.393901
1600990755747,46282,76.738306
1600990758056,61227,47.619048
1600990759058,26177,27.734878
1600990760060,17728,95.627740
1600990762869,84898,66.962587
1600990763871,38750,25.870329
1600990764872,2432,6.345178
1600990765873,6208,58.172458
1600990766878,30243,99.968983
1600990767886,3874,79.803424
1600990768888,48187,66.180666
1600990771510,61616,95.521024
1600990772557,59152,38.348271
1600990773560,22912,99.875117
1600990775809,64011,55.878594
1600990776811,30645,36.656051
1600990777812,22016,71.940862
1600990778814,36032,99.906279
1600990780836,53479,71.405121
1600990781838,36121,51.098556
1600990782839,28928,47.161572
1600990785532,58932,54.288407
1600990786540,30476,32.463399
1600990787542,8384,13.305547
1600990788544,11136,72.508811
1600990789548,22525,99.562089
1600990791161,50672,64.819506
1600990792163,31315,47.640165
1600990793165,27648,39.658983
1600990794166,23488,86.691659
1600990796584,63680,59.124557
1600990797592,32781,58.066581
1600990798594,34035,36.272040
1600990799597,19968,99.656143
1600990801721,54261,60.861364
1600990802725,36199,55.184705
1600990803727,31908,93.331246
1600990806342,79007,54.304847
1600990807345,28833,59.047006
1600990808347,33052,95.666976
1600990809358,26084,67.364147
1600990810360,1152,42.346939
1600990811362,26026,34.107311
1600990812364,20183,92.647451
1600990814730,62783,95.722433
1600990815731,51776,40.384010
