Warning: Permanently added '18.144.75.183' (ECDSA) to the list of known hosts.
/etc/profile.d/lang.sh: line 19: warning: setlocale: LC_CTYPE: cannot change locale (en_CH.UTF-8)
initializing server with:
addr=c8766183072ad3a0aeb17e672152bff7d5382a62f14a818f2a7dbe3c123d1fc3, instance=9, port=6666, benchmark=true, pprof=false, batchVerification=true, mapType=insertOnly, merklePooling=true, merklePoolSize=64
initializing map with len = 1.000000e+07...
initialized map. server is ready.
collect and dispatch: 64
1600989942341,320,0.847192
1600989943342,704,1.382344
1600989944343,1152,2.134338
1600989945344,1408,3.230866
1600989946345,1856,2.867948
1600989947346,2304,3.612944
1600989948348,2432,11.426880
1600989949420,3584,5.166403
1600989950421,3968,5.947485
1600989951422,4480,6.059645
1600989952423,4864,15.998728
1600989953424,5568,8.040519
1600989954425,6144,9.296482
1600989955426,6528,16.497783
1600989956427,6272,8.783570
1600989957428,6656,16.391360
1600989958429,6720,10.188679
1600989959431,7232,11.247637
1600989960432,7744,19.765600
1600989961433,8357,13.299716
1600989962434,8987,23.052464
1600989963436,10048,23.204069
1600989964437,10304,15.087719
1600989965438,10816,24.462025
1600989966440,11008,17.040076
1600989967441,11328,24.640460
1600989968442,11584,27.143758
1600989969444,11968,18.902632
1600989970445,12480,27.969591
1600989971446,12608,28.312679
1600989972447,12800,19.525316
1600989973449,12864,28.725428
1600989974450,13184,30.222222
1600989975452,13696,32.881463
1600989976455,14336,23.469711
1600989977456,14720,32.492013
1600989978458,15232,33.027523
1600989979459,15424,34.575308
1600989980461,15808,32.692923
1600989981462,15680,24.968153
1600989982464,15808,34.629981
1600989983465,16000,34.612944
1600989984466,16320,35.411392
1600989985468,16384,36.392709
1600989986469,16960,35.952534
1600989987470,17024,35.074391
1600989988473,17472,28.566838
1600989989478,17664,37.138264
1600989990480,17984,36.815123
1600989991481,17728,39.005736
1600989992482,18368,39.181472
1600989993483,18496,38.774194
1600989994485,18816,38.389994
1600989995486,18368,39.698331
1600989996488,18944,40.625000
1600989997489,19136,41.541892
1600989998490,19648,41.295287
1600989999491,19840,42.520687
1600990000496,21056,40.582960
1600990001498,20800,44.067797
1600990002500,21376,48.543689
1600990003588,23296,48.234917
1600990004589,23196,47.629653
1600990005590,22884,48.934139
1600990006592,23424,50.585628
1600990007593,24384,51.225724
1600990008595,24704,52.032000
1600990009596,24960,51.785140
1600990010598,25280,54.608806
1600990011600,26112,55.516914
1600990012601,26432,57.220102
1600990013603,27136,58.338679
1600990014606,27520,63.213261
1600990015609,27648,64.226869
1600990016611,28090,59.752224
1600990017613,28038,60.089974
1600990018614,28608,61.629393
1600990019616,29568,61.678366
1600990020617,29312,60.886320
1600990021618,29202,61.611978
1600990022621,29166,75.823546
1600990023732,33159,67.447833
1600990024734,31289,71.316121
1600990025735,31872,67.758186
1600990026736,31552,68.720379
1600990027738,31936,70.109748
1600990028739,32384,68.619247
1600990029741,31872,77.338771
1600990030982,38191,71.492490
1600990031984,33873,68.636218
1600990032986,31680,74.063307
1600990033987,33920,71.014020
1600990034989,33216,77.393532
1600990035990,35330,76.382708
1600990037272,42507,76.669925
1600990038274,34163,80.292435
1600990039277,36288,80.479344
1600990040279,36096,78.593848
1600990041281,35200,75.753729
1600990042282,34553,83.575032
1600990043285,32250,77.502414
1600990044288,33485,80.584684
1600990045290,36672,92.089692
1600990046292,35329,92.823118
1600990047294,40291,92.888748
1600990048297,42012,89.505582
1600990049301,31494,91.341310
1600990050305,40184,82.306226
1600990051307,36866,77.820268
1600990052309,31232,91.656171
1600990053310,36928,80.222222
1600990054313,32633,83.760684
1600990055316,39299,85.271075
1600990056318,33872,77.822706
1600990057325,34440,81.244080
1600990058327,30483,85.914179
1600990059329,38891,74.705320
1600990060332,32579,78.752375
1600990061334,35307,83.477703
1600990062340,35685,77.317617
1600990063342,33755,81.700787
1600990064345,34560,87.654321
1600990065347,32512,77.809343
1600990066350,28800,92.669826
1600990067351,43142,79.961526
1600990068353,30522,95.060957
1600990069355,43392,83.543506
1600990070358,33370,83.508103
1600990071360,30711,72.202853
1600990072362,30130,92.607868
1600990073364,34051,77.351368
1600990074367,38266,87.273306
1600990075370,34981,86.216553
1600990076374,38811,86.533041
1600990077377,33856,90.369435
1600990078391,30370,80.025126
1600990079394,35226,85.387097
1600990080395,31172,92.768080
1600990081397,42624,79.844237
1600990082399,34124,83.359847
1600990083401,34612,83.515090
1600990084672,36247,91.745432
1600990085674,42537,79.387364
1600990086675,33792,90.784130
1600990087677,35333,88.244564
1600990088678,39419,69.269521
1600990089680,28512,91.423186
1600990090683,33983,98.706525
1600990091777,39889,73.421301
1600990092779,31225,92.188976
1600990093781,33740,92.857143
1600990094783,43019,92.181070
1600990095785,38144,94.084151
1600990096787,39168,83.475513
1600990097788,35562,85.903919
1600990098790,31254,97.293855
1600990099791,34576,83.875039
1600990100794,37684,85.673534
1600990101800,35930,98.808030
1600990102803,42722,67.150979
1600990103805,29184,88.324220
1600990104809,34048,88.086984
1600990105811,37824,75.650794
1600990106813,30336,93.262300
1600990107816,30080,88.207547
1600990108818,31718,91.442006
1600990109821,37446,91.779528
1600990110823,39177,70.669228
1600990111825,23325,98.846633
1600990112829,41097,77.614796
1600990113832,35418,90.647482
1600990114835,39244,78.528765
1600990115837,31566,83.969944
1600990116840,31247,78.077889
1600990117843,35451,80.711789
1600990118845,23159,94.233783
1600990119847,34682,98.250000
1600990120849,45363,81.835383
1600990121852,25475,91.389245
1600990122854,37992,87.196262
1600990123859,38424,74.756366
1600990124862,28388,75.410354
1600990125864,23004,83.376123
1600990126866,35070,90.752890
1600990127869,40835,81.964624
1600990128872,34755,73.773645
1600990129874,28936,98.476842
1600990130877,37671,79.044586
1600990131878,36683,90.419162
1600990132880,36290,81.656051
1600990133882,27342,98.383985
1600990135187,46415,92.081377
1600990136189,38311,95.223228
1600990137191,31164,88.787974
1600990138210,39316,85.117005
1600990139518,46805,88.808261
1600990140652,44575,72.755418
1600990141934,30841,95.062112
1600990142937,41855,71.209104
1600990144054,30776,94.227720
1600990145056,37029,84.499358
1600990146059,24861,98.491515
1600990147061,46995,62.638406
1600990148063,20125,93.958464
1600990149065,40635,82.710576
1600990150067,28475,98.065268
1600990151492,48814,81.852315
1600990152502,36571,82.013022
1600990153742,37100,89.529781
1600990154745,34078,98.465874
1600990155747,41856,85.763671
1600990156750,37029,83.692596
1600990157752,29486,83.406250
1600990158766,30586,83.693948
1600990159767,32562,67.917981
1600990160769,36430,68.972021
1600990161771,23487,99.343340
1600990162773,38974,78.531250
1600990163775,22211,94.832446
1600990164777,37028,88.666667
1600990165779,40860,84.394704
1600990166783,31231,76.182965
1600990167786,34593,81.934657
1600990168788,30114,98.969716
1600990169791,40090,83.406387
1600990170793,33798,74.086902
1600990171796,22957,97.481108
1600990172801,39574,69.719862
1600990173805,21492,93.722397
1600990174807,39527,86.225290
1600990175808,33280,82.155092
1600990176809,30848,97.482694
1600990177812,34923,85.068016
1600990178813,24853,91.108987
1600990179815,30476,98.996551
1600990180817,43676,50.940989
1600990181819,30483,98.932831
1600990182823,38698,99.191542
1600990183825,35163,65.045396
1600990184828,15108,98.344785
1600990185833,38904,93.253468
1600990186842,37773,80.388647
1600990188082,40866,97.000937
1600990189084,34255,67.670618
1600990190285,27385,97.870453
1600990191359,40405,82.090967
1600990192362,39268,90.498737
1600990193363,43988,93.018868
1600990194365,32506,87.433071
1600990195368,23913,98.396226
1600990196370,31831,50.538657
1600990197372,38967,92.566929
1600990198374,33632,94.758318
1600990199376,35567,74.911243
1600990200449,24863,89.022340
1600990201758,48206,73.117942
1600990202761,31695,96.149029
1600990203767,36484,93.103448
1600990204773,29057,98.385595
1600990205780,42239,76.480000
1600990206783,27584,95.872420
1600990207787,34690,96.586282
1600990208788,38078,80.863218
1600990209790,26304,96.195179
1600990210872,37214,87.296621
1600990211876,42472,73.839797
1600990212878,21310,98.811757
1600990213880,32320,98.778578
1600990214885,44362,97.945845
1600990215890,33519,98.902821
1600990216896,38041,92.769953
1600990217898,34714,78.954041
1600990218900,18013,97.747184
1600990219904,37593,98.780869
1600990220911,36916,69.427946
1600990221924,21117,97.785447
1600990223020,45929,69.940195
1600990224444,39928,87.453345
1600990225555,31314,99.036091
1600990226952,50847,71.419578
1600990227957,37585,86.533041
1600990228959,36486,93.922306
1600990229961,23193,98.969394
1600990230964,42217,76.526416
1600990231966,21169,98.813983
1600990232969,38922,98.113801
1600990233971,42955,87.227316
1600990234973,31800,88.666110
1600990236107,38414,75.938190
1600990237108,37874,91.301627
1600990238110,28224,80.480000
1600990239112,12427,98.599440
1600990240114,35327,98.934169
1600990241117,39381,86.073562
1600990242120,35941,99.218994
1600990243127,36236,84.331576
1600990244434,38026,92.066071
1600990245599,30566,82.284087
1600990246603,27877,98.110831
1600990247608,33653,91.242938
1600990248612,45926,91.664015
1600990249613,37056,87.084639
1600990250719,30769,69.450619
1600990251721,40719,96.017560
1600990252723,24174,80.190517
1600990254181,37955,97.870426
1600990255228,33078,98.938495
1600990256230,40268,91.130543
1600990257332,35312,98.248358
1600990258508,45338,98.311874
1600990259606,41539,91.344743
1600990260893,36929,98.558897
1600990261896,40255,61.407920
1600990262897,30848,85.101721
1600990263901,24165,76.656151
1600990264904,37401,96.973518
1600990265907,37759,98.286070
1600990266912,32212,60.039113
1600990267914,21074,98.620690
1600990268917,27537,98.908978
1600990269919,30399,98.596382
1600990270921,42339,99.120327
1600990271923,38762,78.210863
1600990272925,36480,85.620094
1600990273929,25198,95.698254
1600990274933,35794,83.165829
1600990275934,36480,89.202762
1600990276936,28736,78.745318
1600990277938,18178,97.447073
1600990278940,35274,92.417513
1600990279944,42333,95.863366
1600990280946,39895,85.262492
1600990281948,30074,73.973910
1600990282950,29510,93.243243
1600990283953,31771,76.640502
1600990284955,39845,98.847352
1600990285957,29119,74.788335
1600990286966,26166,87.586207
1600990287967,44491,77.830041
1600990288969,13911,91.918239
1600990289974,44384,95.924765
1600990290977,31814,73.374313
1600990291980,17072,99.309045
1600990292982,34653,97.668557
1600990293984,39402,88.697558
1600990294986,40431,55.625990
1600990295990,23657,98.181818
1600990296993,38079,98.655830
1600990297999,24117,94.186047
1600990299148,38588,71.931436
1600990300211,30532,81.307815
1600990301214,15985,98.531250
1600990302258,26592,97.484110
1600990303450,42611,67.733836
1600990304454,48509,98.541279
1600990305461,29830,98.998435
1600990306463,38783,96.781250
1600990307465,29782,70.447385
1600990308467,32597,71.123666
1600990309469,2703,87.662132
1600990310471,25421,99.283712
1600990311477,31967,97.947123
1600990312479,38212,97.864322
1600990313483,47018,99.061914
1600990314486,34339,96.281250
1600990315488,32313,63.370429
1600990316491,32097,94.078740
1600990317492,29481,97.628705
1600990318498,21376,83.243926
1600990319500,31918,98.394712
1600990320502,31479,98.600311
1600990321505,31583,98.748827
1600990322507,39336,44.080204
1600990323509,25492,93.356315
1600990324513,19998,98.341677
1600990325515,27186,98.716745
1600990326604,41308,98.553004
1600990327607,43924,66.645015
1600990328610,10624,89.112388
1600990329614,26433,98.564295
1600990330617,33559,99.153074
1600990331619,44251,98.554822
1600990332622,36665,54.836683
1600990333626,21229,99.372254
1600990334628,35879,97.802888
1600990335631,36240,76.896659
1600990336632,35376,76.978417
1600990337636,14944,75.643879
1600990338639,27646,98.843027
1600990339641,21974,98.315133
1600990340647,28511,99.160970
1600990341652,30537,81.147804
1600990342655,53042,99.057197
1600990343657,31262,56.763511
1600990344660,24835,94.212524
1600990345671,35607,99.093750
1600990346674,30719,98.193146
1600990347680,25558,45.084314
1600990348681,11941,87.997473
1600990349685,31609,98.343232
1600990350690,39368,98.784289
1600990351693,37887,40.517513
1600990352694,22464,70.820288
1600990353698,21071,90.968750
1600990354700,39616,59.202261
1600990355705,17245,97.710881
1600990356708,33047,98.841941
1600990357710,25879,98.085974
1600990358712,22481,61.414077
1600990359714,36725,98.750781
1600990360716,18230,99.061914
1600990361721,40611,98.269352
1600990362723,39239,79.305994
1600990363726,31768,92.041199
1600990364737,33581,94.457929
1600990366293,47099,80.176768
1600990367294,43456,92.081932
1600990368322,15631,72.544713
1600990369326,29809,91.326531
1600990370328,23941,99.376753
1600990371330,20053,99.067454
1600990372540,37886,97.588832
1600990373546,60940,77.899002
1600990374548,22940,89.055660
1600990375552,41024,94.260486
1600990376554,30675,67.648903
1600990377556,16271,95.902931
1600990378561,48129,99.243306
1600990379635,22136,70.501567
1600990380637,37412,73.603744
1600990381642,19902,82.884856
1600990382644,39875,91.099969
1600990383649,21625,75.544336
1600990384651,41223,67.929847
1600990385653,11899,99.026076
1600990386655,44750,96.289367
1600990387657,29216,88.864283
1600990388660,49316,98.621986
1600990389663,19751,92.091110
1600990390665,15052,62.258065
1600990391668,26361,98.877105
1600990392670,22716,98.754670
1600990393673,38749,98.633116
1600990394678,40740,79.898702
1600990395680,30922,92.562244
1600990396683,35770,84.622612
1600990397684,31160,99.123905
1600990399001,43035,96.041470
1600990400753,63775,66.784452
1600990401755,16468,73.775070
1600990403035,22762,98.969534
1600990404437,36083,97.866332
1600990405443,44606,97.665733
1600990406444,52134,81.111536
1600990408089,38744,70.860927
1600990409093,40387,97.046811
1600990410095,27406,68.407724
1600990411097,37078,96.277760
1600990412099,13181,83.032436
1600990414162,59512,83.159228
1600990415165,47464,99.030038
1600990416167,26048,97.978227
1600990417463,41443,45.187080
1600990418465,25600,48.086049
1600990419468,17399,99.246468
1600990420470,22248,90.799874
1600990421473,52573,99.407176
1600990422478,29658,57.904702
1600990423479,32177,88.495298
1600990424481,11842,60.470289
1600990425483,20151,84.061205
1600990426487,24706,98.913718
1600990427496,37774,98.655410
1600990428498,22326,98.907274
1600990429503,34540,81.020535
1600990430504,51086,79.350567
1600990431780,21011,93.865031
1600990433517,59209,95.076827
1600990434519,48850,98.937832
1600990435527,29073,55.616046
1600990436630,28545,96.757948
1600990437631,14052,98.224852
1600990438634,44720,98.806158
1600990439636,32041,99.058971
1600990440638,20719,98.466834
1600990441641,50556,76.664573
1600990442642,26136,71.334586
1600990443644,39552,74.323474
1600990444648,23385,97.700063
1600990445651,36071,83.301708
1600990446653,37673,99.780839
1600990447761,34391,59.993511
1600990448763,23221,38.165021
1600990449765,23947,96.109194
1600990450768,11112,98.230583
1600990452460,63507,76.159148
1600990453461,43973,73.400079
1600990455060,31721,79.112105
1600990456062,42583,52.305749
1600990457749,24876,95.006203
1600990458765,58095,99.719539
1600990459792,22643,75.773847
1600990460793,27698,55.175750
1600990461798,13690,98.937500
1600990462800,36511,59.735350
1600990463804,27529,96.017560
1600990464806,32158,95.284810
1600990465808,40193,94.077307
1600990466811,29503,53.203698
1600990467812,29760,58.940397
1600990468815,10214,98.217079
1600990469817,41579,83.343889
1600990470821,26636,99.561678
1600990471823,39423,63.463970
1600990472825,35337,99.623470
1600990473831,19755,47.880372
1600990474923,11632,83.645008
1600990475925,44266,98.318804
1600990476928,23266,79.755563
1600990477932,35066,99.186992
1600990478935,19169,71.008536
1600990479938,47884,73.183661
1600990480940,14605,67.594370
1600990481942,37888,91.053616
1600990482946,19639,70.442422
1600990483948,33225,89.052236
1600990484951,21639,99.218017
1600990485953,44859,83.458177
1600990486956,36938,99.246231
1600990487959,18169,43.519695
1600990488963,21790,99.407546
1600990489966,34599,92.892924
1600990490968,41169,36.892278
1600990491969,21797,96.257018
1600990492972,9610,98.360149
1600990493989,49462,55.394778
1600990494991,11712,73.487773
1600990495993,40561,97.537333
1600990497194,25145,67.912088
1600990498197,39382,84.776349
1600990499850,40722,97.850417
1600990501620,61922,45.336294
1600990502622,5708,91.434010
1600990503625,32748,98.038615
1600990504659,35274,54.531201
1600990505660,37002,85.521507
1600990506835,12886,98.824889
1600990508468,61610,53.865653
1600990509470,29760,66.020297
1600990511208,19744,93.129771
1600990512215,52999,99.248356
1600990513218,10670,99.179811
1600990514330,27085,97.675130
1600990515352,48195,98.559349
1600990516359,21195,98.975155
1600990517501,28048,50.838710
1600990518504,23008,99.219725
1600990519507,31968,98.297067
1600990520510,38376,98.795987
1600990521915,40548,65.539045
1600990522917,42484,43.404523
1600990523919,17731,96.351731
1600990524921,24061,72.881900
1600990525922,39616,78.080050
1600990526928,16064,97.824716
1600990527932,39920,82.885696
1600990528937,17832,98.213726
1600990529939,35706,99.090909
1600990530942,13187,98.815760
1600990532324,40358,39.954560
1600990533326,16696,81.656465
1600990535018,32736,97.645951
1600990536028,51914,99.374805
1600990537030,11051,98.401755
1600990538382,42847,55.486284
1600990539408,45468,99.127998
1600990540412,17958,76.928062
1600990541414,43095,89.962359
1600990542843,33541,78.299213
1600990543847,43195,44.985854
1600990544849,13632,98.594189
1600990545852,10689,98.592871
1600990546855,30071,94.913658
1600990547857,46024,62.072214
1600990548860,4029,99.025464
1600990549862,43059,81.981698
1600990550868,22855,98.769328
1600990551870,41192,99.287705
1600990552875,19231,73.024269
1600990553877,41154,32.989368
1600990554885,9000,99.060445
1600990555891,25884,93.583725
1600990556893,29888,98.255814
1600990557925,26108,75.614367
1600990558926,51776,63.217589
1600990560742,21002,97.882615
1600990562435,49638,98.344785
1600990563440,40312,90.809285
1600990564441,17176,54.627832
1600990565443,26097,99.405507
1600990566445,10130,98.611111
1600990567448,50913,99.188007
1600990568450,17631,98.600311
1600990569460,48981,78.323882
1600990570461,23208,55.601528
1600990571463,30455,68.216100
1600990573573,31464,84.629803
1600990574580,52516,99.718838
1600990575693,16247,77.763537
1600990576695,49606,94.974555
1600990577700,21991,98.927106
1600990578703,39602,34.526449
1600990579704,21607,90.246212
1600990580706,2240,41.051956
1600990581710,16960,94.190436
1600990583231,37147,98.245064
1600990584236,45364,99.498904
1600990585238,18736,78.128911
1600990587129,57806,36.352081
1600990588131,28366,79.197959
1600990590446,54979,98.844472
1600990591450,54664,99.531689
1600990592453,10998,98.319328
1600990593459,43108,99.782946
1600990594468,28325,79.440737
1600990595469,43867,67.867299
1600990596472,17601,62.178280
1600990597473,895,77.018436
1600990598475,44668,99.343545
1600990599478,8971,84.734026
1600990600482,52029,99.564134
1600990601484,11322,77.995574
1600990602488,50178,99.750234
1600990603611,22400,50.396951
1600990604612,27328,72.148092
1600990606305,20672,80.227416
1600990607307,49856,95.389408
1600990608457,16393,79.275270
1600990609460,45840,97.914692
1600990611113,46631,64.285714
1600990612115,34816,69.483568
1600990614009,30458,48.177749
1600990615053,17094,99.322034
1600990616694,42355,92.251969
1600990617697,52521,99.562500
1600990618706,13070,88.821656
1600990619707,54998,68.705119
1600990621064,13568,75.192061
1600990622066,39372,31.270011
1600990623251,12511,99.843896
1600990624253,15790,73.545310
1600990625256,46439,70.025349
1600990626711,22689,98.525721
1600990627714,46574,44.117647
1600990628718,29286,99.530957
1600990629720,5671,96.986381
1600990631881,74596,47.644986
1600990632884,14997,93.905905
1600990633886,46972,99.686717
1600990635315,32045,63.869086
1600990636318,42823,41.003516
1600990637319,25403,93.335419
1600990638542,21347,26.100932
1600990639543,16349,50.770198
1600990640545,29056,97.521957
1600990641702,19280,98.467792
1600990642705,44377,45.619624
1600990643707,30180,85.362776
1600990644713,27263,99.343545
1600990645716,30133,69.125160
1600990646717,38335,93.441094
1600990648482,42134,45.977322
1600990649666,27114,31.452389
1600990650669,20366,94.461926
1600990651677,21138,89.004411
1600990652679,37216,33.397436
1600990653680,20288,98.789261
1600990655487,44570,51.006068
1600990656489,33894,33.611825
1600990657490,20352,68.559774
1600990658495,17459,99.782067
1600990659648,36629,50.702875
1600990660650,27640,74.888748
1600990661653,38182,99.906133
1600990662962,27999,74.445852
1600990663973,39547,52.727273
1600990664978,16128,99.782271
1600990666049,23431,51.437309
1600990667098,34424,90.729721
1600990668461,20097,31.386393
1600990669464,14757,99.221184
1600990670722,39649,98.879203
1600990671725,36759,54.115030
1600990672726,35895,90.906593
1600990675010,65724,24.468770
1600990676011,13040,51.388889
1600990677013,28964,39.917955
1600990678017,23708,99.906250
1600990679303,28027,61.696091
1600990680413,34181,69.329574
1600990681414,38848,52.578616
1600990682419,15717,99.436620
1600990683422,16318,96.416112
1600990684427,46308,99.064838
1600990685430,14912,52.993069
1600990686432,34169,92.036027
1600990687758,15383,23.152866
1600990688760,5353,84.143629
1600990689761,51456,88.660436
1600990691278,28458,98.780106
1600990692281,47111,37.231353
1600990693283,26620,96.448468
1600990694630,23866,53.906742
1600990695631,31833,49.827424
1600990696636,24780,99.688085
1600990698220,40178,51.103294
1600990699222,28738,82.662052
1600990700228,34970,99.875039
1600990701268,22239,63.029728
1600990702269,32135,63.896758
1600990703276,25148,99.686619
1600990704547,31743,45.916115
1600990705555,26565,51.268872
1600990706557,30208,86.589169
1600990707703,640,33.621795
1600990708705,16483,62.127393
1600990709707,39453,85.981892
1600990710709,10797,98.989261
1600990711711,40694,62.665804
1600990712713,35741,86.113729
1600990713716,21603,99.655496
1600990714898,37410,28.792570
1600990715916,18811,22.763706
1600990716918,14976,44.770006
