Warning: Permanently added '54.215.110.147' (ECDSA) to the list of known hosts.
/etc/profile.d/lang.sh: line 19: warning: setlocale: LC_CTYPE: cannot change locale (en_CH.UTF-8)
initializing server with:
addr=564c67c3cd08863a570e632c60409d57b02f576a0582bcaf297aa4610f98aead, instance=35, port=6666, benchmark=true, pprof=false, batchVerification=true, mapType=insertOnly, merklePooling=true, merklePoolSize=64
initializing map with len = 1.000000e+07...
initialized map. server is ready.
collect and dispatch: 64
1600989938240,128,0.563910
1600989939241,512,0.438734
1600989940242,448,0.563910
1600989941243,512,1.005341
1600989942244,832,2.108244
1600989943245,1600,3.497164
1600989944246,2560,4.736512
1600989945247,3008,5.539728
1600989946248,4032,15.099088
1600989947249,4672,6.780196
1600989948250,4928,9.517806
1600989949251,6656,19.561815
1600989950253,7808,12.911392
1600989951254,9088,22.624722
1600989952255,9792,15.605096
1600989953256,10752,26.967005
1600989954257,12160,28.666245
1600989955258,12992,28.003755
1600989956265,12928,20.618228
1600989957266,13440,28.881097
1600989958268,13440,31.846932
1600989959269,14656,32.325803
1600989960271,15360,30.761935
1600989961274,16576,33.204881
1600989962275,17984,41.243294
1600989963277,19776,49.314302
1600989964403,22976,44.106464
1600989965405,21952,45.312000
1600989966406,21760,44.415835
1600989967407,22400,46.459193
1600989968409,23360,47.945205
1600989969410,23808,50.000000
1600989970412,25088,51.053640
1600989971413,24960,58.325374
1600989972415,26112,55.150352
1600989973416,25664,53.386076
1600989974417,26112,54.591837
1600989975418,26752,57.791372
1600989976419,28416,64.854493
1600989977421,29246,68.132221
1600989978423,30082,62.334303
1600989979424,30720,64.463602
1600989980426,31040,68.727858
1600989981427,31040,70.396419
1600989982428,31104,65.733376
1600989983430,31168,66.569767
1600989984431,32448,67.355372
1600989985432,32448,75.813072
1600989986434,32576,73.552926
1600989987436,32640,70.820089
1600989988438,33664,71.405802
1600989989439,33984,73.708157
1600989990442,33518,78.401797
1600989991444,34611,77.399873
1600989992445,34271,77.050243
1600989993447,35776,77.107280
1600989994448,35328,74.363868
1600989995450,35008,77.792082
1600989996451,32483,83.098140
1600989997453,34166,79.558728
1600989998456,36608,79.450304
1600989999457,35815,80.299649
1600990000458,37440,79.804046
1600990001460,36864,90.157233
1600990002463,35696,88.061127
1600990003465,39696,86.015748
1600990004466,38791,84.925421
1600990005468,38849,85.297845
1600990006470,35834,87.234043
1600990007472,37034,86.133923
1600990008474,36350,83.012203
1600990009476,40342,84.727967
1600990010477,37248,93.422307
1600990011479,36021,92.607611
1600990012480,42827,89.704030
1600990013482,38117,97.896389
1600990014484,40202,96.480201
1600990015486,40666,90.768746
1600990016487,41591,94.054054
1600990017604,38805,98.466834
1600990018609,46999,89.015511
1600990019611,40724,98.878343
1600990020716,39812,91.836735
1600990021721,42606,99.025770
1600990022725,37281,98.200189
1600990023727,45229,87.721124
1600990024937,38912,94.536213
1600990025938,42123,94.486452
1600990026941,42307,89.072953
1600990027943,40242,94.263323
1600990028945,30913,97.611565
1600990029947,46723,97.492260
1600990030949,33390,95.373554
1600990031951,46016,88.240887
1600990032953,33742,89.607098
1600990033955,41280,81.955836
1600990034956,35520,91.464968
1600990035958,27817,98.240653
1600990036960,43731,89.237100
1600990037962,32972,98.782011
1600990038965,34997,98.719950
1600990039967,39555,85.210824
1600990040969,41280,96.930786
1600990041971,41124,94.182390
1600990042977,35205,98.357549
1600990043979,41194,85.601516
1600990044981,30203,95.800689
1600990045983,44722,80.044487
1600990046988,34389,81.557116
1600990047990,25774,98.838594
1600990049046,37782,98.590226
1600990050048,44609,95.904762
1600990051050,36558,92.269171
1600990052318,48280,80.587684
1600990053321,32473,90.909091
1600990054322,40811,89.636651
1600990055325,33803,89.339623
1600990056326,33957,91.190401
1600990057328,37041,93.773825
1600990058330,43396,85.828025
1600990059332,35799,91.373404
1600990060333,39175,88.587642
1600990061337,32634,90.084454
1600990062339,33815,90.485075
1600990063342,38824,75.293000
1600990064344,32448,85.057471
1600990065347,26774,99.004356
1600990066349,44944,96.266335
1600990067356,44399,93.878195
1600990068358,29024,99.220698
1600990069362,38508,98.563846
1600990070364,43333,89.284579
1600990071366,29172,98.941140
1600990072370,32885,98.205855
1600990073372,42284,98.584906
1600990074374,40848,98.627145
1600990075376,39071,98.117352
1600990076379,40574,82.373418
1600990077381,35223,86.771654
1600990078383,25100,98.751950
1600990079385,42791,98.772427
1600990080388,36299,79.578140
1600990081393,33540,93.211816
1600990082396,39902,95.217118
1600990083398,39401,75.158428
1600990084400,36327,90.601504
1600990085403,32933,86.357908
1600990086405,37100,95.599251
1600990087407,39488,91.403564
1600990088409,35359,93.239437
1600990089412,32550,88.831240
1600990090571,39947,89.692018
1600990091574,35378,86.091882
1600990092575,30846,95.826845
1600990093577,38976,82.563943
1600990094579,36864,91.573572
1600990095582,36301,85.969308
1600990096584,31475,92.353870
1600990097588,36546,91.168180
1600990098592,35519,93.372929
1600990099594,37759,95.948492
1600990100595,32128,85.601764
1600990101597,35013,90.562500
1600990102599,34299,95.208463
1600990103600,42496,74.920635
1600990104601,28928,86.577608
1600990105604,26685,98.355569
1600990106608,40707,86.174539
1600990107612,39168,86.781790
1600990108613,34880,84.414358
1600990109615,22848,85.174419
1600990110617,32700,99.095728
1600990111619,36882,98.214845
1600990112621,43785,86.047980
1600990113623,37827,76.261504
1600990114625,16619,98.709474
1600990115627,35860,98.720749
1600990116629,33785,98.402756
1600990117634,42519,98.629710
1600990118637,39396,86.121554
1600990119639,22813,98.657089
1600990120641,35034,98.175527
1600990121647,45534,94.297289
1600990122649,36547,78.537810
1600990123652,34446,67.384319
1600990124655,26113,98.906250
1600990125658,41258,98.055817
1600990126660,31039,99.052133
1600990128140,59915,78.322785
1600990129143,29720,88.514357
1600990130321,39844,96.166760
1600990131445,48924,83.264659
1600990132447,30080,95.017794
1600990133515,40932,77.347243
1600990134795,32533,98.654306
1600990135844,44353,80.205580
1600990136917,31795,92.188488
1600990137921,33068,98.681319
1600990138923,36543,86.099907
1600990139925,27097,98.900408
1600990140927,30905,98.502043
1600990142318,44313,98.069738
1600990143321,36358,97.902973
1600990144371,54679,83.768481
1600990145373,23195,98.961284
1600990146375,41245,93.584906
1600990147378,31774,90.192410
1600990148560,50142,96.203144
1600990149860,51095,72.807851
1600990150862,35383,91.430392
1600990151867,33183,90.041100
1600990152868,34399,66.476591
1600990153917,18733,92.314991
1600990154919,38300,98.970680
1600990155921,33720,78.326996
1600990157261,36444,98.544233
1600990158393,46450,71.119473
1600990159400,33290,84.793492
1600990160402,32842,95.895990
1600990161404,39383,98.238440
1600990162408,31144,81.926164
1600990163410,22723,98.492462
1600990164412,27779,98.405752
1600990165416,32378,97.810447
1600990166418,44351,98.632266
1600990167421,40764,98.678414
1600990168424,35425,93.824827
1600990169427,33676,98.506534
1600990170433,31941,98.936836
1600990171436,29158,98.411215
1600990172440,39168,96.638391
1600990173442,44848,80.195522
1600990174446,34698,91.587902
1600990175448,24241,77.459016
1600990176450,18102,98.278560
1600990177452,23742,97.646690
1600990178454,36215,97.455231
1600990179456,43863,98.621554
1600990180458,38921,98.836844
1600990181460,39055,95.308564
1600990182462,25126,76.655844
1600990183465,25985,98.462504
1600990184468,26091,97.438525
1600990185708,34939,97.932978
1600990186711,39692,98.096130
1600990187716,47866,89.964732
1600990188718,26019,98.144654
1600990189720,36002,84.062783
1600990190771,26102,98.771077
1600990191965,28458,98.283931
1600990192970,35396,97.801508
1600990193972,40179,97.818635
1600990194976,38257,97.891756
1600990195981,38814,98.214286
1600990196984,36935,62.210797
1600990197986,28257,87.626582
1600990198987,24252,98.650345
1600990199989,42517,98.745688
1600990200992,24996,98.398744
1600990201994,25359,97.979484
1600990202996,33575,98.209799
1600990204000,37060,98.181248
1600990205002,28175,92.208608
1600990206003,32962,95.547193
1600990207005,36236,98.401254
1600990208009,33933,98.217636
1600990209013,26792,97.342089
1600990210015,34506,97.891092
1600990211018,42550,98.066729
1600990212023,26742,98.438963
1600990213026,40786,80.782581
1600990214028,23607,89.094979
1600990215030,25637,99.072643
1600990216046,32264,98.134682
1600990217050,23056,97.670084
1600990218060,39455,97.744361
1600990219063,33002,97.950947
1600990220071,38258,98.322981
1600990221077,39475,97.667087
1600990222079,34957,79.530516
1600990223081,12114,99.191291
1600990224185,31900,97.771921
1600990225522,36673,98.134224
1600990226659,38515,97.674419
1600990227662,39031,97.404628
1600990228665,41761,97.180868
1600990229668,38329,98.008850
1600990230670,42916,83.301648
1600990231672,13296,98.366834
1600990232674,26982,99.218750
1600990233676,26153,98.050314
1600990234679,33540,98.368372
1600990235681,35702,97.544081
1600990236684,35048,97.949037
1600990237773,22659,97.746747
1600990238776,38788,98.689139
1600990239779,39177,78.178914
1600990240782,38848,98.785047
1600990241785,16414,97.919950
1600990242787,19746,97.779168
1600990243789,38039,98.591108
1600990244792,46814,97.549482
1600990245796,38654,97.804955
1600990246799,40081,97.932331
1600990247801,37704,91.587603
1600990248802,31348,91.333123
1600990249804,15936,80.301160
1600990251084,26854,98.469388
1600990252388,25966,97.681796
1600990253694,45079,98.365808
1600990254699,37318,97.406250
1600990255706,40864,98.068536
1600990256708,30672,97.957260
1600990257710,33881,97.898369
1600990258756,27335,98.644816
1600990259760,34762,87.112248
1600990260762,42111,98.644816
1600990261764,25959,98.493409
1600990262801,33452,98.940357
1600990263892,24476,98.205855
1600990264896,34467,98.846993
1600990265905,34584,97.298146
1600990267018,20253,98.521335
1600990268501,80043,93.137255
1600990269503,53252,82.812006
1600990270505,1412,89.258380
1600990271715,32675,98.932677
1600990273240,33705,98.010180
1600990274600,49199,97.497654
1600990275603,44783,98.041045
1600990276605,50034,98.122653
1600990277607,43350,98.533999
1600990278637,29852,98.117155
1600990279990,48819,81.058059
1600990281421,24315,97.713139
1600990282988,47733,97.977898
1600990284327,39179,98.134908
1600990285577,58122,98.204159
1600990286582,39248,98.351990
1600990287588,36464,98.427673
1600990288591,45110,80.220126
1600990289593,11268,90.468701
1600990290594,37879,69.049118
1600990291597,17180,99.346405
1600990292601,29307,98.999687
1600990293604,58105,62.107905
1600990294608,20589,98.282860
1600990295611,42661,98.938164
1600990296613,31601,99.224806
1600990297925,42222,97.451227
1600990298928,37956,93.889063
1600990299930,42255,91.684833
1600990300933,28657,45.233399
1600990301934,16048,98.073887
1600990302936,15847,98.746474
1600990303940,25275,97.736561
1600990304942,50962,96.193772
1600990305944,48796,72.335025
1600990306946,17152,97.555625
1600990307952,37248,98.625000
1600990308954,38912,98.651615
1600990309956,32691,87.374372
1600990310959,19470,88.147224
1600990311963,40862,74.667089
1600990312965,18529,94.531250
1600990313967,20842,98.940480
1600990314970,27723,94.682190
1600990315974,56156,99.121431
1600990316976,30353,60.828328
1600990317978,35535,99.436972
1600990318980,29115,98.120889
1600990319982,35536,98.486759
1600990320984,27850,57.196732
1600990321985,45946,85.678313
1600990322986,12670,93.947582
1600990324146,34498,78.258126
1600990325151,26891,98.313554
1600990326153,13769,97.955390
1600990327160,24813,98.588899
1600990328397,63241,92.578751
1600990330187,63142,89.716088
1600990331190,49242,95.816294
1600990332192,26934,66.708781
1600990333194,36096,97.180451
1600990334196,23881,77.506266
1600990335197,40354,64.757709
1600990336848,19783,98.694316
1600990338522,50954,76.908577
1600990339526,59014,99.034268
1600990340530,23076,95.242567
1600990341900,44965,61.602564
1600990342902,40300,99.511135
1600990344054,35084,92.739171
1600990345449,47892,77.507029
1600990346450,39721,77.550378
1600990347452,7148,71.437579
1600990348455,19029,98.625430
1600990349458,17717,97.835634
1600990350462,45449,97.815231
1600990351464,12901,96.976378
1600990352599,63637,99.024307
1600990354436,68865,60.553633
1600990355438,37062,93.915511
1600990356440,23488,90.043832
1600990357445,37325,99.255352
1600990358449,38243,98.717146
1600990359453,26064,60.353866
1600990360455,14978,98.967782
1600990361457,20214,98.998121
1600990362461,37570,97.198615
1600990363463,41540,65.506428
1600990364464,42946,95.768513
1600990365480,23808,75.541601
1600990366482,40676,92.642455
1600990367484,20023,98.857868
1600990368965,52517,64.824121
1600990369966,35456,86.744332
1600990370971,20048,69.539141
1600990371972,37552,89.750000
1600990372974,8832,77.784891
1600990373979,26024,99.247413
1600990374981,26900,98.813242
1600990375985,21084,97.630184
1600990376989,48512,98.964218
1600990377993,30732,98.781250
1600990378996,23762,98.884067
1600990380002,36338,98.690365
1600990381006,27300,98.375000
1600990382009,15464,98.440424
1600990383014,41982,99.156514
1600990384018,28408,97.879638
1600990385023,64215,76.923077
1600990386025,18684,98.405752
1600990387030,41044,97.889099
1600990388032,34185,75.503778
1600990389037,21192,94.914719
1600990390039,47198,84.642069
1600990391041,25978,95.400126
1600990392042,40774,97.799249
1600990393209,32384,94.178975
1600990394659,49984,98.254364
1600990395661,43594,98.747652
1600990396663,23188,63.227430
1600990397664,29410,72.050874
1600990398666,12092,98.083569
1600990399668,48533,99.279449
1600990400671,26992,60.907668
1600990401672,29079,74.701446
1600990402676,24040,76.183015
1600990403677,27840,91.558746
1600990405704,67328,74.850488
1600990406706,40289,65.959200
1600990408244,16649,97.720887
1600990409679,43414,98.232819
1600990410796,46272,98.078740
1600990411798,13740,98.751950
1600990412801,29074,33.120205
1600990413802,7106,91.919192
1600990414807,23941,98.393701
1600990415810,29330,98.120889
1600990416812,13615,98.467792
1600990417815,46138,98.314081
1600990418818,33602,98.818040
1600990419822,34650,97.803577
1600990420827,56291,99.533292
1600990421963,34076,98.974518
1600990423006,57893,99.562773
1600990424180,30126,63.452419
1600990425182,38738,94.962453
1600990426185,17633,64.474512
1600990427187,11359,96.328671
1600990428388,23091,98.813242
1600990429393,31557,98.284467
1600990430395,22480,98.968105
1600990431608,27193,97.441498
1600990432617,60862,98.147567
1600990433619,26187,98.504207
1600990434623,44709,98.347365
1600990435626,47439,98.245064
1600990436628,8210,98.191456
1600990437630,57975,99.311209
1600990438632,21371,75.964297
1600990439634,53780,97.683275
1600990440636,7466,73.957338
1600990441637,28736,93.795971
1600990442912,32833,73.189327
1600990443913,43007,88.944410
1600990444919,21811,81.892487
1600990445922,36173,86.899471
1600990447405,34943,78.778237
1600990448410,45057,99.812734
1600990449414,21632,80.224930
1600990450416,42503,92.174733
1600990451417,18105,87.558352
1600990452963,35573,96.597233
1600990454944,77387,79.159987
1600990455946,21248,46.666667
1600990456948,14242,98.994659
1600990457950,19662,98.938826
1600990458953,30356,98.341677
1600990459956,28985,98.346850
1600990460958,16477,97.897050
1600990461960,52929,98.407743
1600990462962,35847,98.590667
1600990463968,39902,98.474471
1600990464970,47033,99.021627
1600990466186,28203,60.627943
1600990467193,33436,68.917640
1600990468835,29356,97.823344
1600990469839,55129,99.625702
1600990470841,19463,67.580340
1600990471843,25910,87.429421
1600990473953,68974,49.887279
1600990474955,26447,77.206184
1600990477313,54178,62.806026
1600990478314,44831,91.932458
1600990479554,27008,83.048703
1600990480556,44032,59.703844
1600990482265,27754,67.302799
1600990483297,43478,77.912932
1600990484988,37864,87.712131
1600990486000,51834,90.726817
1600990487001,15326,73.266078
1600990488002,15616,75.633714
1600990489006,14038,99.371662
1600990490008,37395,99.283712
1600990491013,15735,98.028169
1600990492015,35210,97.900345
1600990493019,11686,98.273697
1600990494020,47301,98.202711
1600990495083,29274,98.683386
1600990497132,99678,73.632627
1600990498134,37939,64.179576
1600990499956,44566,75.156250
1600990500964,39020,98.742929
1600990501967,15018,93.154460
1600990504130,55385,59.924027
1600990505132,27696,99.258710
1600990506840,51918,92.870662
1600990507841,57981,86.342675
1600990509609,42772,91.300251
1600990510611,49132,54.895768
1600990511615,11328,98.868636
1600990512617,33408,57.365079
1600990513619,31178,96.195822
1600990514621,8630,79.752460
1600990515622,50944,98.418114
1600990516694,20544,74.461442
1600990517696,36588,68.197332
1600990519749,23140,93.822023
1600990520750,61552,96.420722
1600990521752,128,57.183454
1600990522758,20311,99.594763
1600990523763,18250,98.968750
1600990524766,36436,98.908978
1600990525791,9248,97.337927
1600990526800,53759,99.439427
1600990527807,14912,97.538656
1600990528809,54645,99.191542
1600990530451,69200,68.224592
1600990531453,37031,41.295287
1600990532454,24768,92.125739
1600990533528,8140,96.693699
1600990534537,52314,99.687988
1600990535538,10432,60.948790
1600990536540,42907,99.497960
1600990537761,26879,94.604505
1600990539563,30784,59.089452
1600990540565,20569,98.169935
1600990542979,71924,63.022306
1600990543981,60019,92.106084
1600990544984,15236,97.016332
1600990545986,47705,98.660853
1600990546990,14745,75.760456
1600990547992,42250,91.742830
1600990548995,23104,99.154400
1600990549998,38551,43.479664
1600990550999,25769,88.420390
1600990552003,12764,98.741743
1600990553005,45476,71.791614
1600990554009,34496,99.624531
1600990555019,13404,79.106356
1600990556020,48036,60.723270
1600990557022,8384,82.150672
1600990558023,128,55.349135
1600990559028,28478,97.266730
1600990560030,16049,98.721945
1600990561032,40362,98.849860
1600990562041,37095,97.351828
1600990563043,28649,98.205446
1600990564052,47204,99.342517
1600990565917,66547,46.537742
1600990566920,25280,65.981013
1600990567921,36736,39.824945
1600990568927,6556,96.892655
1600990569929,2052,98.284467
1600990570931,45596,99.122807
1600990571933,18942,98.973881
1600990572938,34275,98.618090
1600990573940,30781,99.154135
1600990574944,16003,97.605545
1600990575946,54950,99.310777
1600990576948,1918,41.590613
1600990577949,18239,70.066445
1600990578951,44609,98.909997
1600990579953,4134,98.774356
1600990580956,46089,99.061620
1600990581958,8850,98.383587
1600990582963,69630,98.530331
1600990583965,10813,99.153340
1600990584970,24948,98.973881
1600990585975,25439,98.009950
1600990586978,55472,99.278545
1600990587980,21616,48.011364
1600990588982,33911,99.408836
1600990589985,21803,89.475348
1600990590987,39726,96.215202
1600990591990,15547,98.939488
1600990592994,47546,99.363328
1600990594473,36778,81.632000
1600990595474,18209,20.204931
1600990596475,10816,90.601608
1600990597615,9340,98.847352
1600990598617,56275,98.771707
1600990600101,23053,58.055381
1600990602034,57217,97.521685
1600990603063,50466,99.374609
1600990604218,16118,94.558458
1600990605250,57473,99.503876
1600990606751,35758,55.640051
1600990607757,31623,88.396226
1600990608759,36858,99.782135
1600990609761,20965,84.704774
1600990610762,43894,21.788413
1600990611763,13312,92.221181
1600990612765,2816,77.976953
1600990613767,34240,99.440024
1600990614830,10098,88.545282
1600990615832,42446,51.547389
1600990616834,10282,99.437676
1600990617836,20204,98.442962
1600990618838,47296,98.615917
1600990619840,51287,99.751012
1600990620846,25043,71.437619
1600990621847,38127,35.337150
1600990622849,20439,99.392949
1600990624216,20694,72.951598
1600990625217,44772,58.894155
1600990626909,27264,70.646607
1600990627910,37376,38.199437
1600990628912,17152,99.655280
1600990630336,25589,61.708434
1600990631521,47707,99.375390
1600990632938,25759,91.735016
1600990633944,54993,99.599644
1600990635354,31603,31.389852
1600990636355,8205,79.429288
1600990637364,45898,99.906279
1600990638544,20342,89.180538
1600990639547,42246,99.160801
1600990640701,19578,96.106750
1600990641703,49229,99.553682
1600990642968,24043,90.347853
1600990643969,48584,12.987013
1600990644971,7979,99.531616
1600990646437,31465,82.975313
1600990647439,42924,37.042875
1600990648442,16256,96.387833
1600990649444,2867,95.850692
1600990651343,44839,97.300691
1600990652378,67110,99.780908
1600990654386,44348,99.408468
1600990655389,7528,49.750623
1600990656391,43612,88.727818
1600990658946,71475,45.248724
1600990659948,25869,50.141911
1600990660949,28608,98.669454
1600990662638,31463,70.295440
1600990663640,49428,99.186483
1600990664645,15315,96.032746
1600990665647,44575,73.395785
1600990668329,53844,67.075137
1600990669331,42215,32.706407
1600990670332,19864,61.933062
1600990672199,24277,97.227357
1600990673234,58149,99.252336
1600990674862,40318,87.562814
1600990675969,52744,27.163613
1600990676970,5184,59.526854
1600990677974,15360,99.188007
1600990678977,192,97.705426
1600990679982,52316,99.092900
1600990680984,16801,97.780556
1600990681992,59779,99.624531
1600990683350,29543,46.389152
1600990684447,33253,81.638418
1600990685450,31156,87.412141
1600990686452,11328,98.385398
1600990688257,46537,97.950173
1600990689259,49409,99.098259
1600990690922,35826,55.583438
1600990691940,38148,85.554172
1600990692945,31962,99.749687
1600990694135,28534,84.180967
1600990695137,45296,76.289532
1600990696996,23926,76.602564
1600990697997,28874,67.777963
1600990699890,20796,98.937168
1600990700892,57533,99.304227
1600990702695,46216,93.388430
1600990703697,48319,69.943317
1600990705818,25764,97.697573
1600990706832,58468,99.560853
1600990708386,33400,76.440461
1600990709388,39104,26.781790
1600990710389,14731,99.438553
1600990712139,43701,83.549921
1600990713140,44631,30.207337
1600990714142,18373,99.693757
1600990715469,16037,97.629583
1600990716471,55452,96.885210
1600990717906,20515,95.837305
1600990718908,41601,99.470075
1600990719914,9727,20.816327
1600990721916,40571,44.195584
1600990722918,31301,96.074766
1600990724153,6982,97.120501
1600990725166,49586,99.093467
1600990726419,14981,97.544296
1600990727431,53226,98.840125
1600990729406,49260,63.395141
1600990730417,45869,13.793103
1600990731418,8576,37.829159
1600990732419,22336,86.102337
1600990734680,59136,53.349648
1600990735708,30400,70.578931
1600990736710,39040,85.182342
1600990738342,16816,97.557881
1600990739346,45635,98.935171
1600990740877,28932,96.659449
1600990741892,52133,97.365158
1600990742901,9636,35.573248
1600990743903,4544,94.056604
1600990744905,47710,99.249061
1600990745907,35619,99.253035
1600990746909,22835,50.553622
1600990747913,33036,76.611884
1600990748916,31211,99.686520
1600990750841,58169,64.052080
1600990751898,37276,61.805999
1600990752900,35072,83.126787
1600990753902,26240,88.642835
1600990754904,13165,97.302384
1600990755906,49683,92.777433
1600990756954,11776,98.898332
1600990757956,43858,44.672779
1600990758957,27822,63.182674
1600990759959,5888,99.063963
1600990760961,28207,93.502377
1600990761963,50257,46.052218
1600990762968,9665,99.906191
1600990764318,32520,44.700748
1600990765342,15735,74.253020
1600990766343,44416,40.257700
1600990768380,17703,88.428184
1600990769554,62105,67.251096
1600990772022,45611,70.547731
1600990773024,53141,43.306836
1600990774026,23155,95.624227
1600990775302,29441,98.226726
1600990776304,31954,50.426540
1600990777306,30906,55.664247
1600990778307,30495,99.561815
1600990780132,49463,94.568993
1600990781133,41659,66.287160
1600990782135,35473,99.655927
1600990783878,33863,38.323353
1600990784896,23383,40.867652
1600990785897,23424,49.407621
1600990786898,28288,99.177801
1600990788114,7706,41.215365
1600990789116,14630,58.699809
1600990790117,32259,99.268792
1600990792272,64184,55.738765
1600990793274,25358,63.444302
1600990794275,35959,77.384089
1600990796676,44482,96.267943
1600990797678,51616,97.510690
1600990799730,50782,26.955128
1600990800733,15872,67.157962
1600990801734,38464,81.797878
1600990803436,16513,98.389643
1600990804438,56112,14.136952
1600990805440,8449,99.531543
1600990807279,38327,71.866119
1600990808286,44119,38.755213
1600990809288,23700,99.576652
1600990811725,67282,39.755155
1600990812727,20186,20.032415
1600990813728,8768,69.115299
1600990814729,40256,60.012796
1600990815731,25835,99.844140
1600990817822,55978,70.760050
1600990818824,36908,32.441897
1600990819825,19263,55.980707
1600990820826,32437,99.375975
1600990823032,59383,30.207337
1600990824033,8980,48.857702
1600990825035,29124,78.511327
1600990826037,43461,63.980006
1600990827042,18807,99.812265
1600990829182,64169,69.739730
1600990830193,38487,35.100607
1600990831194,22144,35.592126
1600990832195,22400,88.576838
1600990834989,80256,47.608347
1600990835991,24064,20.835972
1600990836992,12288,10.745891
1600990837993,6720,13.128141
1600990838995,8512,36.084829
1600990839996,23104,83.731907
1600990841002,19520,99.281923
1600990842077,25344,48.501276
1600990843079,27264,37.162162
1600990844081,23779,87.439097
1600990846743,66874,35.429301
1600990847745,21058,38.080000
1600990848746,24161,35.481812
1600990849748,22720,72.195742
1600990850751,17792,73.962623
1600990851753,6464,30.095238
1600990852755,18624,28.388337
1600990853756,18560,27.767115
1600990854757,18240,69.150731
1600990855881,15910,91.120907
1600990856883,18586,25.904762
1600990857884,16064,22.762148
1600990858885,14656,21.577429
1600990859886,14464,22.721519
1600990860888,14528,45.552390
1600990861892,12946,99.844285
1600990862944,12654,17.806041
1600990863945,10112,12.263849
1600990864946,9344,11.079456
1600990865948,7936,7.578150
1600990866949,5440,3.936508
1600990867950,3264,2.367424
1600990868951,1920,1.729016
1600990869952,1280,0.062775
