Warning: Permanently added '54.183.222.65' (ECDSA) to the list of known hosts.
/etc/profile.d/lang.sh: line 19: warning: setlocale: LC_CTYPE: cannot change locale (en_CH.UTF-8)
initializing server with:
addr=4a155d1c1d86854aae1008373c3e9a92dd02cbbef52e5372aee13c2efe22398d, instance=26, port=6666, benchmark=true, pprof=false, batchVerification=true, mapType=insertOnly, merklePooling=true, merklePoolSize=64
initializing map with len = 1.000000e+07...
initialized map. server is ready.
collect and dispatch: 64
1600989943179,64,0.563557
1600989944180,448,0.782963
1600989945181,576,0.879397
1600989946182,832,1.378878
1600989947183,1024,1.381910
1600989948184,1088,1.856514
1600989949185,1472,2.362949
1600989950186,1856,2.864337
1600989951187,2112,3.056081
1600989952188,2304,3.280757
1600989953189,2496,13.053028
1600989954190,2944,3.945707
1600989955190,3072,4.057880
1600989956192,3008,4.139021
1600989957193,3264,4.380712
1600989958194,3264,11.368688
1600989959195,3520,4.683544
1600989960196,3776,5.520505
1600989961197,4096,5.467260
1600989962198,4416,14.503332
1600989963199,4736,7.307087
1600989964200,5248,6.410663
1600989965201,5248,15.379767
1600989966202,5440,6.711196
1600989967203,5568,7.262924
1600989968204,5824,16.246057
1600989969206,5824,8.040519
1600989970207,6208,8.338598
1600989971208,6400,16.787630
1600989972209,6336,7.958148
1600989973210,6336,8.575949
1600989974211,6592,18.147567
1600989975213,6784,9.845863
1600989976214,7040,18.126984
1600989977215,7363,10.347003
1600989978216,7677,17.255521
1600989979218,7488,12.097284
1600989980219,7808,10.514683
1600989981220,7744,19.344675
1600989982222,7872,11.819887
1600989983223,8000,20.176267
1600989984224,8256,11.089987
1600989985226,8256,20.434509
1600989986226,8384,11.604312
1600989987228,8576,20.613342
1600989988229,8576,12.168142
1600989989230,8704,21.148990
1600989990231,8896,12.266835
1600989991232,8832,22.173228
1600989992233,9216,12.535703
1600989993235,9088,22.037095
1600989994236,9280,13.156230
1600989995238,9472,21.776233
1600989996239,9280,13.437103
1600989997240,9664,22.285533
1600989998241,9664,14.213198
1600989999241,10112,24.661417
1600990000242,10304,15.445357
1600990001244,10432,24.278007
1600990002245,10560,25.070866
1600990003246,10688,15.674984
1600990004248,11328,25.870804
1600990005249,11328,17.831173
1600990006251,11776,27.032196
1600990007252,12160,28.072404
1600990008253,12288,17.725966
1600990009255,12352,28.070175
1600990010256,12544,29.691436
1600990011258,12800,19.852941
1600990012259,13376,30.832542
1600990013261,13696,31.182109
1600990014262,13888,31.365777
1600990015263,13824,21.623335
1600990016265,13952,32.151980
1600990017266,14336,31.984829
1600990018268,14336,28.057325
1600990019270,14376,27.462781
1600990020272,14744,33.365079
1600990021273,15104,32.323876
1600990022275,14784,33.146592
1600990023299,15552,26.275992
1600990024300,15680,36.185897
1600990025302,16512,35.501442
1600990026303,16320,37.028825
1600990027305,16512,35.965473
1600990028306,16704,25.680435
1600990029308,16704,36.378053
1600990030309,16768,36.940654
1600990031311,16640,36.601513
1600990032313,16576,36.639031
1600990033314,16640,31.084951
1600990034315,17088,35.307227
1600990035317,18368,40.745420
1600990036319,18432,39.733840
1600990037321,18176,40.451223
1600990038322,18688,41.562998
1600990039324,19264,41.782995
1600990040326,19328,43.244105
1600990041327,20480,46.769527
1600990042329,22081,51.044009
1600990043330,24383,51.677215
1600990044332,24064,50.449583
1600990045333,24422,51.095586
1600990046335,24346,53.860942
1600990047336,25455,57.487310
1600990048338,26897,55.261480
1600990049340,26048,54.641825
1600990050341,26176,57.174745
1600990051343,27264,59.324195
1600990052344,28160,63.722100
1600990053345,27712,62.998405
1600990054347,26816,58.675283
1600990055349,27072,59.296000
1600990056350,28160,58.564593
1600990057352,27776,59.955186
1600990058353,28259,63.593005
1600990059356,29127,65.085933
1600990060358,28374,61.724806
1600990061360,24960,60.865354
1600990062362,25984,63.630573
1600990063364,29952,64.331210
1600990064365,29888,65.627010
1600990065367,29729,66.124920
1600990066368,30431,64.802314
1600990067370,28805,69.371645
1600990068373,30554,72.209786
1600990069375,30817,70.833333
1600990070377,31356,71.147647
1600990071379,31492,73.697667
1600990072380,33088,67.828332
1600990073382,29444,62.740693
1600990074384,29052,71.945701
1600990075385,31360,62.508143
1600990076387,28800,73.742839
1600990077389,28873,77.158331
1600990078391,29228,69.906058
1600990079393,31825,73.324573
1600990080395,31290,72.131148
1600990081398,32896,83.402147
1600990082559,36037,68.343480
1600990083560,27195,74.295663
1600990084562,33408,78.666667
1600990085563,33728,74.659487
1600990086565,33502,75.055538
1600990087568,30623,80.396358
1600990088751,35459,79.344684
1600990089753,35584,81.880286
1600990090755,36178,82.479443
1600990091759,35630,86.607426
1600990092761,34962,66.319115
1600990093762,31406,78.094933
1600990094766,30109,71.746739
1600990095767,32547,88.533418
1600990096769,34304,83.285760
1600990097771,36186,75.826645
1600990098773,31972,64.599483
1600990099775,31106,82.192669
1600990100776,30826,78.302797
1600990102096,42005,86.706853
1600990103097,37633,79.652845
1600990104099,34688,84.881141
1600990105101,36608,69.599495
1600990106103,29758,85.858586
1600990107104,35842,80.867913
1600990108106,35264,77.674269
1600990109107,32640,73.823155
1600990110108,32000,71.028939
1600990111110,28288,75.148114
1600990112112,31616,68.523855
1600990113114,29504,78.514757
1600990114116,31102,61.942675
1600990115118,25474,67.611846
1600990116119,24000,66.453265
1600990117240,33957,71.473534
1600990118355,35683,83.301527
1600990119357,34659,81.132075
1600990120362,37153,72.362603
1600990121364,26388,77.256098
1600990122405,32289,72.076899
1600990123406,33663,86.858054
1600990124408,35210,80.321665
1600990125410,34166,37.755102
1600990126411,22336,76.950128
1600990127416,29177,92.800507
1600990128419,31579,47.286079
1600990129422,25596,85.750717
1600990130426,34672,89.720812
1600990131428,34481,70.316456
1600990132431,31600,79.746835
1600990133435,33820,62.500000
1600990134436,26115,79.422039
1600990135438,32398,88.305191
1600990136440,35583,90.135518
1600990137441,39859,70.107323
1600990138443,24448,75.015635
1600990139459,32875,75.978535
1600990140460,31200,85.315344
1600990141462,32373,75.832540
1600990142464,32748,71.143491
1600990143468,29332,69.418567
1600990144470,28885,89.351558
1600990145471,36459,93.416928
1600990146473,30491,76.613419
1600990147475,31781,87.640449
1600990148477,34648,82.709391
1600990149478,34922,51.406003
1600990150483,22462,65.663605
1600990151485,22990,83.889239
1600990152487,37699,70.646291
1600990153491,33356,82.152975
1600990154492,29283,83.850538
1600990155495,35008,77.687245
1600990156496,32513,85.105029
1600990157498,35135,74.904580
1600990158500,26495,90.431520
1600990159502,37456,55.923567
1600990160507,31281,85.745891
1600990161511,30900,82.509506
1600990162516,34764,78.001257
1600990163517,31490,79.351590
1600990164519,31486,83.296285
1600990165521,31559,80.414313
1600990166529,33254,73.685867
1600990167531,32851,71.728595
1600990168533,29817,98.120889
1600990169535,34007,98.162566
1600990170537,43032,69.056604
1600990171541,32457,77.835894
1600990172543,23892,82.013933
1600990173546,38164,84.121943
1600990174548,34791,83.211910
1600990175550,31616,76.355612
1600990176553,30466,88.767193
1600990177799,45651,76.320631
1600990179004,37879,86.551944
1600990180007,32053,80.693992
1600990181366,45822,72.226677
1600990182555,36289,65.948021
1600990183635,24064,83.488643
1600990184724,36588,85.651353
1600990185726,33721,84.539369
1600990186728,39323,79.110129
1600990187730,28325,69.971401
1600990188732,32352,91.858630
1600990189734,37036,85.137267
1600990190736,33231,79.101625
1600990191737,25152,85.012755
1600990192739,34008,82.462217
1600990193743,31977,90.171607
1600990194745,37375,78.915853
1600990195747,29860,74.874055
1600990196755,23680,79.174543
1600990197758,33756,80.049953
1600990198762,39297,72.733140
1600990199764,27967,78.705441
1600990200765,23084,91.015873
1600990201767,36147,82.358491
1600990202769,30390,72.855354
1600990203772,32721,69.508401
1600990204775,29797,83.048162
1600990205777,29901,89.342974
1600990206779,36840,92.975854
1600990207780,35980,49.855723
1600990208784,26306,82.323072
1600990209788,32748,79.777070
1600990210790,24356,74.562500
1600990211791,28750,91.163522
1600990212793,36129,58.629362
1600990213795,19763,73.417375
1600990214980,33177,79.125683
1600990216147,30057,58.539643
1600990217151,31947,85.897436
1600990218156,37351,79.477494
1600990219158,30476,77.664652
1600990220159,27904,66.656071
1600990221160,15488,71.579410
1600990222599,44288,47.780596
1600990223602,27136,85.868188
1600990224604,31616,62.213141
1600990225606,18149,79.052133
1600990226607,33745,81.872825
1600990227610,34991,82.779361
1600990228612,32027,78.312874
1600990229614,25465,67.391787
1600990231039,38182,81.289144
1600990232242,39471,87.306654
1600990233550,41016,97.797083
1600990234554,42560,61.521534
1600990235555,30330,70.075519
1600990236557,23616,84.899058
1600990237743,32896,69.853410
1600990238749,33963,89.105431
1600990239752,36458,95.656280
1600990240753,37227,31.934364
1600990241757,14160,81.646168
1600990242759,33328,81.195244
1600990243761,20992,97.203017
1600990244763,38547,77.879169
1600990245765,26477,92.368588
1600990246767,32398,92.196804
1600990247772,38318,59.181732
1600990248774,34180,67.965506
1600990249775,12416,96.549561
1600990250777,39549,77.753304
1600990251779,33730,83.181390
1600990252781,37185,48.480051
1600990253785,13761,82.766296
1600990254788,35784,83.859649
1600990255792,24975,98.341158
1600990256798,37458,73.346056
1600990257800,32222,91.442155
1600990258801,34104,86.900658
1600990259803,31102,69.660118
1600990260805,23258,61.789908
1600990261806,23208,84.937238
1600990262808,30089,98.704581
1600990263810,39193,93.293451
1600990264812,29858,70.673837
1600990265818,33519,84.219521
1600990267473,51694,80.190779
1600990268476,36089,90.344168
1600990269477,35174,87.140175
1600990270479,29416,79.003115
1600990271481,28376,51.760905
1600990272483,29644,94.352055
1600990273488,34036,66.740506
1600990274489,10176,78.016688
1600990275494,29320,86.656151
1600990276497,38760,96.072331
1600990278124,58636,56.251969
1600990279126,29615,98.395722
1600990280128,36063,75.733670
1600990281130,13238,94.252513
1600990282135,37556,98.862990
1600990283240,36202,75.351014
1600990284246,39074,74.952860
1600990285249,31749,71.913678
1600990286252,23995,81.420081
1600990287302,28682,79.995185
1600990288645,29370,98.835746
1600990289647,43994,68.544304
1600990290649,35042,79.904913
1600990291650,26560,49.713193
1600990292653,27009,97.989950
1600990293656,36863,86.516149
1600990294657,23872,86.897208
1600990295659,35822,85.745545
1600990296663,37074,85.432331
1600990297665,29181,60.787402
1600990298667,31427,89.289100
1600990299671,29955,74.326466
1600990300674,23148,86.075150
1600990301678,28433,80.172139
1600990302685,34748,98.024459
1600990303690,34894,98.386076
1600990304692,31691,66.803538
1600990305695,35179,81.348955
1600990306697,30272,90.456563
1600990307699,30652,88.972667
1600990308701,23812,81.248040
1600990309714,37952,79.516939
1600990310716,30975,96.633416
1600990311718,37377,69.705603
1600990312723,33802,89.958952
1600990313725,31195,94.064070
1600990314727,31772,86.419753
1600990315747,19519,91.595845
1600990316754,33305,79.379505
1600990317757,43703,98.397738
1600990318759,33837,72.329635
1600990319766,31866,74.446228
1600990320767,30729,67.803504
1600990321770,9396,90.534488
1600990322834,33639,66.508689
1600990323837,27310,98.806158
1600990324840,42148,97.317530
1600990325842,32654,73.539627
1600990326847,28958,81.924290
1600990327850,36491,91.350674
1600990328852,29483,65.617128
1600990329857,27120,82.812006
1600990330858,30913,91.588493
1600990331860,30119,74.786460
1600990332862,23816,93.934632
1600990333864,47825,93.837973
1600990334871,29824,31.175361
1600990335873,17671,67.552508
1600990337350,33974,86.297550
1600990338935,51183,69.407090
1600990339971,33536,85.354331
1600990340973,27028,71.428571
1600990342362,31593,96.284527
1600990343648,54231,39.625635
1600990344649,22464,86.444933
1600990345656,28221,67.808865
1600990346657,34435,82.435817
1600990347658,14656,70.114213
1600990348660,41152,88.238994
1600990349661,25987,81.078392
1600990351281,47259,81.977636
1600990352722,46735,86.631016
1600990353964,34857,93.557294
1600990355325,48869,79.849695
1600990356674,32701,81.605976
1600990358375,49445,85.064730
1600990359378,38997,88.526646
1600990360380,38494,85.929176
1600990361381,24688,57.803650
1600990362387,31541,98.026316
1600990363389,29389,80.496231
1600990364391,15934,46.173633
1600990365393,25215,98.379052
1600990366396,34191,82.243791
1600990367499,29362,73.888183
1600990368502,37952,75.648640
1600990369504,19840,53.818999
1600990370507,29907,99.218506
1600990371510,25748,55.057252
1600990372511,35993,92.350921
1600990373513,24769,65.232632
1600990374515,27079,73.748820
1600990375517,22136,94.342604
1600990376520,35597,74.258373
1600990377523,35187,91.661422
1600990378525,24004,60.442733
1600990379527,37116,73.329150
1600990380529,17053,67.604753
1600990381533,30386,98.868636
1600990382540,36450,64.844761
1600990383542,15927,93.021807
1600990384544,41801,96.552805
1600990385552,27731,63.592075
1600990386556,33980,99.468584
1600990387559,32188,58.789809
1600990388563,27847,97.017268
1600990389565,35234,98.594628
1600990390567,26550,98.079306
1600990391569,29797,46.161168
1600990392576,18723,98.259494
1600990393578,33340,71.841609
1600990394581,19351,98.033094
1600990395583,40528,84.762802
1600990396586,31290,39.299242
1600990397587,22267,98.781250
1600990398589,30341,39.935795
1600990399591,23168,65.255843
1600990400595,13942,71.203031
1600990401597,37770,83.057205
1600990402599,10048,62.755754
1600990403600,38080,59.912445
1600990404601,11264,54.548377
1600990405604,29650,98.740157
1600990406606,30794,86.206897
1600990407610,26228,69.525316
1600990408611,36528,56.169947
1600990409615,12110,48.670044
1600990410616,22002,95.131910
1600990411619,33024,83.348953
1600990412623,36103,72.169513
1600990413625,7097,66.422194
1600990414626,41600,91.427681
1600990415628,24069,62.720403
1600990416632,29584,99.248591
1600990417635,31124,46.788111
1600990418636,27799,76.227231
1600990419646,22029,71.045918
1600990420647,33203,95.324190
1600990421684,27150,62.765957
1600990422686,36643,98.270440
1600990423688,22223,60.132785
1600990424692,15950,98.251639
1600990425696,39218,99.282819
1600990426698,33499,72.848101
1600990427703,32745,94.659588
1600990428704,34172,54.760404
1600990429706,29909,79.429288
1600990430707,18475,66.592850
1600990431710,31498,99.000625
1600990432713,31282,77.379865
1600990434439,40004,30.539499
1600990435443,14342,73.333333
1600990436447,36703,98.588014
1600990437449,33255,75.707992
1600990438453,25810,74.361400
1600990439454,32034,70.701705
1600990440626,15959,62.089646
1600990441628,39465,55.573148
1600990442629,6336,53.902751
1600990443630,31104,96.207332
1600990444632,26329,98.902821
1600990445634,28867,58.827238
1600990446636,21256,99.373826
1600990447638,47004,99.063378
1600990448641,31205,62.444303
1600990449643,35995,97.303989
1600990450781,33626,43.781726
1600990451784,23337,99.238510
1600990452934,33917,65.000000
1600990453936,33855,99.063378
1600990454938,27171,89.516381
1600990455950,35934,63.610224
1600990456952,11768,99.430037
1600990458057,34760,98.185174
1600990459447,44142,98.649922
1600990460457,45269,68.963357
1600990461458,26813,80.599369
1600990462464,25026,60.892970
1600990463465,26558,83.302239
1600990464583,23702,53.936508
1600990465586,30607,99.219838
1600990466711,29895,46.275753
1600990467713,18644,90.546347
1600990468748,21975,63.639251
1600990469749,40233,90.482154
1600990470752,15355,61.954459
1600990471754,40652,98.062500
1600990472951,35266,63.413849
1600990473954,34161,76.037441
1600990474958,21871,59.599750
1600990475960,24215,85.821832
1600990476963,29317,80.938788
1600990477965,31931,75.866415
1600990478966,23279,56.499521
1600990479968,11327,98.963893
1600990480971,31003,98.343232
1600990481973,43445,99.092616
1600990482976,33460,74.227461
1600990484542,45262,39.639355
1600990485544,21348,80.148489
1600990487326,44992,63.018868
1600990488329,37278,79.404389
1600990489659,31464,59.438378
1600990490665,29756,65.354162
1600990492146,19042,94.555113
1600990494284,79513,66.592640
1600990495286,37599,66.808415
1600990496709,26688,62.682772
1600990497710,31424,79.810127
1600990498712,14150,45.743010
1600990499713,26682,76.951486
1600990501653,49962,98.538071
1600990503202,49558,51.126626
1600990504207,24762,99.255583
1600990505209,21830,65.292637
1600990506211,41600,97.049592
1600990507299,27291,74.660776
1600990508300,39595,72.238141
1600990509367,16378,46.909667
1600990510369,26368,69.754253
1600990511609,19729,46.492608
1600990512612,28335,91.052023
1600990513970,34792,75.173502
1600990514971,42648,49.437148
1600990515976,10069,67.052566
1600990516978,13419,86.189579
1600990518528,53401,97.817146
1600990519531,45507,99.314855
1600990520533,27790,84.270373
1600990521535,41878,14.817150
1600990522536,9600,74.166142
1600990523539,15806,87.437500
1600990524541,41666,73.486037
1600990526150,35484,66.089744
1600990527153,41149,76.958973
1600990528888,39534,34.617855
1600990529892,18633,58.652917
1600990530897,30486,99.906133
1600990531899,24492,82.994278
1600990532900,45934,72.924528
1600990533905,12977,92.658228
1600990534906,44047,6.151420
1600990535909,3776,84.654247
1600990536915,23314,87.584216
1600990537918,36206,49.825008
1600990538922,27408,99.509654
1600990539943,20753,66.476372
1600990540945,38562,75.034294
1600990542542,31973,48.721228
1600990543548,18277,99.368753
1600990544780,34236,58.341277
1600990545782,37047,90.680891
1600990546784,17839,77.440758
1600990547785,40587,91.856177
1600990548804,35142,52.958199
1600990549805,14592,65.073295
1600990550808,31258,99.467585
1600990551810,26622,60.924238
1600990552811,32680,91.664482
1600990554004,22519,66.201649
1600990555005,41033,83.671528
1600990556101,16448,53.885513
1600990557104,25701,71.302173
1600990558756,29827,59.924027
1600990559758,37595,96.340319
1600990561263,41487,57.509271
1600990562289,37358,20.221169
1600990563290,12544,89.959337
1600990564518,21218,64.825397
1600990565521,41566,81.884058
1600990567206,41259,60.900686
1600990568281,42453,86.316123
1600990569284,21183,66.698382
1600990570285,18497,91.973560
1600990572233,67534,55.428933
1600990573260,33138,41.071429
1600990574262,24044,98.652038
1600990575265,15076,56.487590
1600990576267,35079,81.709991
1600990577268,13353,77.634476
1600990578270,41728,86.569987
1600990579272,16064,64.548068
1600990580274,29779,32.049258
1600990581275,19437,98.696462
1600990582281,18775,69.172217
1600990583285,35998,99.844961
1600990584306,20063,44.412424
1600990585309,25023,41.202254
1600990586312,22312,98.777429
1600990587314,21011,51.424953
1600990588316,26801,99.688085
1600990589641,36297,61.786834
1600990590653,35000,99.380215
1600990591970,36660,43.923445
1600990592973,24268,95.148670
1600990594385,40207,51.170247
1600990595387,28860,88.040391
1600990596390,22118,87.790333
1600990597392,37071,61.681048
1600990598397,33979,83.098592
1600990599398,5253,55.680000
1600990600400,30471,85.898647
1600990601828,36441,68.496649
1600990602830,37217,87.590058
1600990604569,46408,60.454691
1600990605571,33045,27.301288
1600990606573,16482,65.482494
1600990608415,31430,54.361568
1600990609417,28858,33.312283
1600990610418,20096,97.840376
1600990611702,28666,63.699277
1600990612704,36625,51.618988
1600990613706,20780,97.955332
1600990614708,25642,35.256204
1600990615710,13151,58.825357
1600990616713,25663,99.593114
1600990617789,27033,59.178434
1600990618809,34589,36.453359
1600990619810,21551,99.494137
1600990621211,34202,60.868167
1600990622212,37506,16.856420
1600990623213,11008,77.770840
1600990624380,15082,78.001921
1600990625381,41110,22.520531
1600990626382,13376,70.833333
1600990627386,10893,80.449225
1600990628388,34547,32.537688
1600990629389,18880,96.421904
1600990630720,30507,58.560794
1600990631751,36501,52.903840
1600990632755,8497,99.155722
1600990633758,33427,36.997750
1600990634760,23036,51.299718
1600990635763,6535,98.533084
1600990636765,38566,36.235072
1600990637771,10815,99.594384
1600990638773,26082,51.438619
1600990639775,30899,86.245353
1600990640790,27711,75.889204
1600990641792,22656,55.233853
1600990642794,31097,94.186741
1600990644391,40823,44.929356
1600990645393,26448,41.971383
1600990646395,25408,87.614245
1600990648215,50433,29.592159
1600990649221,11135,46.426292
1600990650223,27687,71.205606
1600990652202,37464,71.473354
1600990653204,40065,78.582677
1600990654954,44038,66.095238
1600990655956,37370,32.158730
1600990656957,19712,36.855267
1600990657959,8749,99.127726
1600990659069,28472,54.838710
1600990660071,31643,6.514250
1600990661073,4096,77.567141
1600990663049,55970,54.557166
1600990664051,30430,95.249911
1600990665820,51775,12.205976
1600990666822,6145,84.900285
1600990667826,42498,99.435560
1600990668874,20123,95.195008
1600990669878,51845,95.350298
1600990670880,14620,43.064771
1600990671883,24130,28.957406
1600990672884,17472,96.854562
1600990673890,19574,65.476943
1600990674892,30858,52.529810
1600990675893,30592,88.215067
1600990676897,15733,72.799240
1600990677899,32903,45.981428
1600990678900,27076,99.406064
1600990680552,47674,40.957619
1600990681554,21638,38.842975
1600990682555,23002,23.108974
1600990683556,8678,97.773704
1600990684762,23551,69.468322
1600990685764,39110,64.514107
1600990686769,12220,98.998748
1600990687771,37023,40.806605
1600990688773,23648,49.354422
1600990689777,26497,99.781113
1600990691297,42380,8.507274
1600990692299,3699,47.311828
1600990693301,27456,38.520165
1600990694302,23296,88.096734
1600990695652,27648,74.394133
1600990696654,38720,75.820707
1600990697655,23268,99.222878
1600990698658,26627,90.044671
1600990699659,49113,38.478329
1600990700677,6336,75.256410
1600990701678,11840,54.961340
1600990702680,32384,81.067870
1600990704361,32960,75.537551
1600990705363,41856,83.545407
1600990707172,42752,49.728695
1600990708173,26182,40.179430
1600990709176,24186,7.289366
1600990710177,5248,93.402856
1600990711558,27264,55.291090
1600990712560,31424,34.366108
1600990713561,20224,79.104478
1600990715727,48254,49.651237
1600990716729,29442,64.189401
1600990717730,35313,99.591222
1600990719190,34284,18.686548
1600990720192,6243,81.128467
1600990721194,44825,96.813496
1600990723051,51587,87.471892
1600990724059,47012,36.545166
1600990725065,16640,97.402191
1600990726067,17457,97.897196
1600990727689,44879,30.538922
1600990728691,17152,76.023945
1600990729697,35842,97.146441
1600990730699,18046,45.020681
1600990731700,24896,33.879093
1600990732701,19556,99.373041
1600990734152,33948,40.336936
1600990735156,22272,44.271660
1600990736158,25472,95.554190
1600990737681,33152,33.671528
1600990738683,16320,42.807680
1600990739685,25502,89.122137
1600990740689,28655,92.232397
1600990741691,25651,48.656339
1600990742693,27520,54.597337
1600990743698,29019,99.906279
1600990744700,21852,82.273724
1600990745702,34185,24.128091
1600990746703,14144,52.881248
1600990747704,29760,80.875274
1600990749860,50657,20.835992
1600990750862,10368,67.021944
1600990751863,37343,88.455882
1600990753574,38594,93.639241
1600990754575,49854,75.319069
1600990756268,24896,32.598978
1600990757270,16882,98.814791
1600990759257,62032,61.241557
1600990760261,34022,94.547164
1600990762011,47687,52.814674
1600990763013,29265,79.622174
1600990765041,45632,44.955013
1600990766042,23936,43.184755
1600990767043,26048,79.536921
1600990768515,26176,35.916824
1600990769517,19392,41.437700
1600990770518,24192,69.020716
1600990772735,54946,45.668790
1600990773738,25374,42.789223
1600990774739,25088,27.421900
1600990775740,12288,66.854813
1600990776744,15518,96.693955
1600990777748,28898,34.417863
1600990778749,19776,48.826744
1600990779751,28608,91.287997
1600990781383,40320,64.803050
1600990782385,30006,48.467247
1600990783386,28637,77.710941
1600990785323,38125,31.505547
1600990786324,16960,49.179790
1600990787326,29184,95.328382
1600990788950,38336,16.912457
1600990789952,8256,53.361345
1600990790953,30912,48.568702
1600990791955,20063,99.844285
1600990793609,49322,52.822842
1600990794611,26487,42.389896
1600990795612,25792,18.909439
1600990796614,8960,79.962193
1600990798673,52661,55.512821
1600990799675,28491,43.330119
1600990800676,26880,83.760897
1600990803220,65958,41.709677
1600990804221,20122,44.512195
1600990805223,27392,17.126546
1600990806224,11111,66.260814
1600990808400,52696,38.127413
1600990809402,21313,22.449632
1600990810403,14400,35.611626
1600990811405,21760,90.639626
1600990813069,36833,44.380952
1600990814071,25567,43.856272
1600990815073,27200,77.382825
1600990817088,48594,19.050613
1600990818090,7022,28.971963
1600990819092,19200,41.010877
1600990820093,25728,89.431207
1600990821730,32704,28.216704
1600990822731,17152,30.754537
1600990823732,19712,26.984635
1600990824734,17536,61.576971
1600990825735,10944,62.315193
1600990826737,11392,21.462791
1600990827738,14016,18.445365
1600990828739,12288,17.285894
1600990829740,11200,14.376590
1600990830742,10176,56.167815
1600990831744,10435,65.469439
1600990832745,10941,18.821293
1600990833747,12224,6.395715
1600990834748,4480,11.536010
1600990835750,8690,12.999366
1600990836751,9102,12.619199
1600990837752,9152,13.348129
1600990838753,9472,74.672982
1600990840154,12992,14.168507
1600990841155,8320,11.293894
1600990842157,8064,10.136638
1600990843158,7680,10.179641
1600990844159,7232,10.193712
1600990845160,7552,5.977230
1600990846161,4480,9.996846
1600990847162,7168,8.993034
1600990848163,6656,8.003796
1600990849165,6016,92.117610
1600990850167,5376,8.172315
1600990851168,5248,6.451613
1600990852169,4864,5.543167
1600990853170,4672,6.170886
1600990854171,4608,5.943724
1600990855172,4480,5.899054
1600990856173,4288,5.624013
1600990857174,4096,5.007924
1600990858176,3904,5.908234
1600990859176,3968,4.627575
1600990860178,3648,4.216867
1600990861178,3456,4.010104
1600990862180,3008,3.325942
1600990863181,2752,2.966235
1600990864182,2368,3.052234
1600990865183,2112,2.022117
1600990866184,1728,1.415539
1600990867185,1088,0.785669
1600990868186,576,0.282663
1600990869187,192,0.094162
