Warning: Permanently added '54.151.51.141' (ECDSA) to the list of known hosts.
/etc/profile.d/lang.sh: line 19: warning: setlocale: LC_CTYPE: cannot change locale (en_CH.UTF-8)
initializing server with:
addr=4a155d1c1d86854aae1008373c3e9a92dd02cbbef52e5372aee13c2efe22398d, instance=27, port=6666, benchmark=true, pprof=false, batchVerification=true, mapType=insertOnly, merklePooling=true, merklePoolSize=64
initializing map with len = 1.000000e+07...
initialized map. server is ready.
collect and dispatch: 64
1600989942553,448,1.411543
1600989943554,832,1.536532
1600989944555,1152,1.949686
1600989945556,1472,2.744479
1600989946557,2112,2.929134
1600989947558,2240,4.119497
1600989948560,2688,4.585705
1600989949561,3392,14.357683
1600989950562,4032,5.981013
1600989951563,4608,6.721363
1600989952564,4928,15.671406
1600989953565,5696,8.394045
1600989954566,6336,8.314891
1600989955568,6336,16.966257
1600989956569,6400,8.637663
1600989957570,6720,9.460738
1600989958571,6912,18.090452
1600989959572,7168,10.888252
1600989960573,8064,20.712484
1600989961575,8576,12.431913
1600989962576,9216,23.694147
1600989963577,10240,21.134347
1600989964579,10560,18.606870
1600989965580,10944,24.474857
1600989966581,11200,17.344346
1600989967583,11584,26.344086
1600989968584,11584,27.547170
1600989969586,12096,19.218551
1600989970587,12800,27.832434
1600989971588,12672,27.549711
1600989972589,13184,19.619048
1600989973591,12928,29.649511
1600989974592,13440,31.575624
1600989975594,13888,30.201988
1600989976596,14272,24.912837
1600989977597,14753,32.163188
1600989978599,15391,34.349466
1600989979600,15488,34.961929
1600989980602,15872,34.759189
1600989981603,15808,31.968504
1600989982605,15680,27.744000
1600989983607,16355,35.012755
1600989984608,16413,35.721078
1600989985609,16768,36.978004
1600989986611,17280,35.918627
1600989987612,17024,37.515964
1600989988613,17600,37.072243
1600989989617,17856,28.397436
1600989990619,18112,37.572069
1600989991621,17984,39.363057
1600989992622,18752,38.538313
1600989993623,18624,38.680756
1600989994624,18688,38.306064
1600989995625,18496,41.152263
1600989996627,18816,40.694710
1600989997629,19400,41.836735
1600989998630,19704,43.105629
1600989999631,19712,44.578696
1600990000633,20992,43.040823
1600990001634,20544,43.836498
1600990002635,21248,45.563085
1600990003637,22027,47.145606
1600990004638,22645,47.871665
1600990005639,22720,49.389460
1600990006641,23680,50.653491
1600990007643,24384,50.796178
1600990008644,24704,51.685751
1600990009646,24849,52.242152
1600990010647,25135,55.612572
1600990011648,26304,55.174644
1600990012650,26304,56.645570
1600990013654,27200,67.098957
1600990014788,31126,57.660256
1600990015789,27626,58.583280
1600990016790,27904,59.475679
1600990017791,28224,59.680000
1600990018793,28224,61.609415
1600990019796,29092,61.602298
1600990020797,29288,67.653543
1600990021799,29251,67.309547
1600990022801,29233,68.983105
1600990023803,30592,67.917981
1600990024805,30080,70.787227
1600990025810,32896,71.178901
1600990026811,32448,68.493151
1600990027812,31296,68.966614
1600990028814,32064,70.452358
1600990029815,32704,73.186322
1600990030818,30539,75.126582
1600990031820,33077,73.477280
1600990032822,32056,73.556327
1600990033824,33288,76.549094
1600990034826,34432,74.010217
1600990035828,34176,76.309068
1600990036830,33258,77.241919
1600990038057,40790,81.752056
1600990039061,35442,82.456140
1600990040064,36942,81.745779
1600990041066,35850,82.076998
1600990042067,36918,76.332691
1600990043070,34368,68.209192
1600990044071,30336,76.381434
1600990045073,34048,84.133077
1600990046075,38272,74.014739
1600990047077,30209,93.785669
1600990048080,35915,81.795116
1600990049082,36980,85.682469
1600990050084,34570,84.087314
1600990051086,32704,89.344262
1600990052088,41782,79.778130
1600990053090,35200,82.330097
1600990054092,34251,86.673058
1600990055094,38645,82.765152
1600990056095,36800,76.325758
1600990057097,29184,92.960859
1600990058101,43584,83.584000
1600990059103,33354,89.134555
1600990060105,35380,64.423381
1600990061107,26370,87.368421
1600990062113,38364,95.179584
1600990063115,40979,97.168088
1600990064158,37843,80.705658
1600990065160,36158,81.637168
1600990066161,36348,78.893833
1600990067162,33476,67.201258
1600990068163,28480,84.193754
1600990069166,34816,96.562500
1600990070168,39614,90.686736
1600990071170,32130,74.038767
1600990072171,34081,76.881890
1600990073173,33893,78.932225
1600990074175,30020,67.986177
1600990075177,27510,85.544802
1600990076180,33162,86.922103
1600990077183,33597,93.895532
1600990078190,40296,78.288633
1600990079193,34000,86.961986
1600990080196,37377,84.305511
1600990081198,32125,86.866433
1600990082200,38709,86.603774
1600990083202,37518,76.123235
1600990084204,26434,84.335098
1600990085205,37694,74.722838
1600990086207,31488,78.382732
1600990087210,22976,91.748031
1600990088216,36304,93.679245
1600990089223,40850,71.144598
1600990090224,28382,83.470551
1600990091226,35189,77.644458
1600990092228,31691,81.553090
1600990093230,35142,87.215190
1600990094231,37818,77.756654
1600990095234,31424,91.370717
1600990096247,35622,98.527107
1600990097250,37883,90.540541
1600990098252,37888,86.450802
1600990099254,38175,92.697328
1600990100256,39552,78.836317
1600990101258,24977,93.222466
1600990102260,38374,93.995599
1600990103262,40349,87.981073
1600990104264,31530,82.275299
1600990105267,37549,92.177722
1600990106270,36357,79.164028
1600990107273,25489,98.289515
1600990108275,42083,92.512690
1600990109278,40186,93.910860
1600990110280,38114,85.195707
1600990111282,33657,91.409692
1600990112284,38600,81.371611
1600990113292,29763,97.885101
1600990114295,32895,99.154135
1600990115298,43478,75.345548
1600990116300,31885,85.543307
1600990117306,34404,95.549984
1600990118308,39286,89.070866
1600990119310,32918,80.975143
1600990120312,33609,88.250158
1600990121314,34425,98.132586
1600990122317,43209,67.833066
1600990123321,20191,99.121982
1600990124325,44288,76.233604
1600990125333,29185,94.472521
1600990126340,39182,85.415997
1600990127342,32724,95.899844
1600990128344,41149,93.032787
1600990129351,38538,84.958572
1600990130352,28182,89.755011
1600990131354,36753,95.214419
1600990132360,42049,90.911940
1600990133363,37678,83.923445
1600990134368,30811,88.080936
1600990135370,36645,87.042875
1600990136372,35392,98.080554
1600990137373,40237,75.168000
1600990138375,22577,86.116382
1600990139377,37154,79.723792
1600990140379,29440,88.152866
1600990141383,36645,71.365220
1600990142388,21083,93.194049
1600990143390,39576,97.994359
1600990144392,40759,85.431089
1600990145395,32419,81.872636
1600990146397,26779,96.997185
1600990147401,40447,86.982622
1600990148403,34603,90.050063
1600990149405,37748,98.501873
1600990150583,32981,69.925542
1600990151589,26560,98.028085
1600990152639,39838,88.132952
1600990153856,42313,95.391414
1600990154858,36737,56.304418
1600990155861,21702,98.844472
1600990156864,32919,98.620257
1600990157868,43131,97.281922
1600990158874,34815,85.513581
1600990159876,27201,77.268386
1600990160878,25348,87.090964
1600990161930,39700,86.766542
1600990162933,36148,98.154520
1600990163935,35940,77.492967
1600990164936,25424,87.840440
1600990166101,43035,97.032177
1600990167104,40583,82.670009
1600990168108,39965,92.114358
1600990169110,36353,74.872286
1600990170114,21881,99.059856
1600990171116,40552,99.404389
1600990172118,40386,98.465874
1600990173120,37208,90.154137
1600990174122,28357,65.888747
1600990175125,26001,98.113801
1600990176128,36833,97.276995
1600990177131,34927,98.714331
1600990178133,39757,91.427681
1600990179136,34450,68.501432
1600990180146,26656,98.968105
1600990181149,33552,98.914055
1600990182156,35837,99.216792
1600990183158,36969,98.514069
1600990184160,37395,69.955157
1600990185166,22747,98.940480
1600990186171,38348,75.196726
1600990187173,31067,94.945055
1600990188175,42307,90.740741
1600990189177,40338,78.541997
1600990190178,16320,82.003829
1600990191180,32233,98.614610
1600990192183,31638,98.750391
1600990193185,39106,98.704172
1600990194188,41331,98.395217
1600990195190,37590,65.749920
1600990196194,16162,98.906250
1600990197196,37813,98.594628
1600990198198,37983,98.903852
1600990199200,40939,80.822785
1600990200203,25584,93.773467
1600990201205,35941,53.528455
1600990202207,22656,97.475544
1600990203212,32233,98.831702
1600990204215,31139,98.807656
1600990205218,40227,98.879552
1600990206221,34245,96.786389
1600990207222,40460,83.057325
1600990208225,27259,75.188206
1600990209230,28585,92.557999
1600990210272,45945,84.511467
1600990211273,33955,91.876574
1600990212275,33161,95.117371
1600990213278,30135,53.430560
1600990214279,24512,90.773621
1600990215281,32662,99.030038
1600990216283,37994,93.421467
1600990217285,34532,93.308200
1600990218289,34037,94.718857
1600990219294,36698,61.845466
1600990220295,16717,91.298825
1600990221298,36502,98.272613
1600990222299,43184,85.597227
1600990223301,37753,99.124179
1600990224304,35832,92.956853
1600990225306,39338,72.785214
1600990226307,17695,61.857326
1600990227309,16640,98.877871
1600990228511,44799,90.546361
1600990229903,56577,76.455855
1600990230906,36655,95.498898
1600990231907,39697,86.918239
1600990232909,26964,71.680261
1600990233912,14573,97.796853
1600990235009,39698,98.687910
1600990236011,33265,98.364780
1600990237013,29553,98.702101
1600990238018,34961,98.378547
1600990239021,33533,98.397234
1600990240023,38823,68.268015
1600990241028,30160,93.155894
1600990242032,32752,98.589784
1600990243034,28974,98.533084
1600990244037,32325,98.569652
1600990245042,35091,98.308271
1600990246044,40693,98.260870
1600990247049,36827,88.436019
1600990248051,28547,98.515477
1600990249053,32731,78.958921
1600990250059,36900,93.271028
1600990251060,44222,95.917085
1600990252066,27630,98.443950
1600990253068,37753,95.663027
1600990254070,29789,86.121465
1600990255512,43649,98.304606
1600990256618,42308,67.271022
1600990257623,33783,99.093467
1600990258625,36437,99.163310
1600990259628,29507,97.044954
1600990261025,58385,54.406504
1600990262029,18700,99.442552
1600990263038,36234,65.056818
1600990264040,34399,97.933626
1600990265465,33820,98.711097
1600990266468,38757,99.031553
1600990267470,48469,98.871473
1600990268472,31721,86.246057
1600990269474,14705,70.397456
1600990270614,27538,98.599004
1600990271952,54712,77.429566
1600990272955,38639,99.188261
1600990273957,24569,81.400507
1600990274961,36736,97.712316
1600990275965,35658,94.563168
1600990276969,33265,54.998423
1600990277973,5338,92.101911
1600990278975,23895,99.032761
1600990279981,40584,98.414672
1600990280985,33746,97.715895
1600990281993,41487,96.123789
1600990282996,39004,98.088972
1600990284000,34959,98.645243
1600990285004,35981,91.564369
1600990286005,19315,63.698187
1600990287009,23469,98.321939
1600990288014,35757,98.777046
1600990289017,33370,98.491515
1600990290019,36768,98.775126
1600990291022,28662,99.314428
1600990292024,41974,75.195008
1600990293025,35456,97.341914
1600990294144,35520,47.492814
1600990295147,9135,71.333333
1600990296149,24210,98.652460
1600990297152,33164,98.970553
1600990298462,39381,98.599876
1600990299589,39505,98.690365
1600990300688,34311,99.037015
1600990301757,38206,98.780826
1600990302888,40056,88.463735
1600990304558,52048,70.670927
1600990305560,39616,90.786164
1600990306562,24568,90.614173
1600990308156,57925,58.994625
1600990309162,33503,78.113208
1600990310165,27333,89.315155
1600990311167,39481,98.808777
1600990312169,26826,47.632850
1600990313171,17436,91.302973
1600990314173,29019,96.945844
1600990315176,31121,82.310356
1600990316178,44006,97.707286
1600990317180,30221,70.632911
1600990318182,29809,96.921144
1600990319184,37731,92.796743
1600990320186,34399,96.162246
1600990321192,38574,89.102362
1600990322194,19605,59.074733
1600990323197,21417,93.912771
1600990324199,40706,65.504122
1600990325203,15232,95.410553
1600990326208,47068,98.994343
1600990327211,30634,98.893572
1600990328404,37486,98.804279
1600990329590,46156,71.325829
1600990330592,35328,89.024390
1600990331596,14243,64.933418
1600990332599,30184,85.237646
1600990333601,38378,98.563398
1600990334603,28117,82.460568
1600990335605,39811,99.623234
1600990336608,30172,60.268714
1600990337609,37911,90.063091
1600990338611,14955,86.138371
1600990339907,41816,82.395473
1600990341029,25149,74.521073
1600990342032,28359,98.998121
1600990343035,25459,97.259421
1600990344038,26358,98.874437
1600990345316,42945,98.324162
1600990346567,43708,97.957222
1600990347869,37836,98.656670
1600990348872,39063,95.824244
1600990350046,43773,78.466812
1600990351048,22195,39.258065
1600990352050,23704,98.776662
1600990353052,19931,98.844111
1600990354055,32121,96.297223
1600990355318,45324,98.687090
1600990356322,41032,98.793363
1600990357776,41438,98.909953
1600990359095,43453,98.633421
1600990360401,40295,68.940585
1600990361402,28414,92.649409
1600990362404,25468,79.102118
1600990363406,47556,97.026604
1600990364408,22187,84.692597
1600990365410,50133,93.959311
1600990366411,18980,63.886256
1600990367413,40028,98.362720
1600990368415,20939,97.584693
1600990369886,58727,73.805758
1600990370888,39182,83.458883
1600990371890,448,45.011375
1600990372892,28274,98.461055
1600990373894,18407,98.819876
1600990374898,32458,98.164281
1600990375903,40887,98.721945
1600990376905,33474,98.011991
1600990377907,28370,98.997180
1600990378921,25417,98.305607
1600990379933,43330,98.688320
1600990380937,41518,98.432110
1600990381939,25829,42.638623
1600990382941,17615,97.031891
1600990383943,18322,98.996236
1600990384948,40132,98.745688
1600990385950,38780,98.663351
1600990386952,26805,99.217282
1600990387959,34059,98.453927
1600990388965,33472,98.813242
1600990389967,38654,97.959184
1600990390970,26785,98.880597
1600990391973,29609,97.427047
1600990392978,35648,65.258812
1600990393979,15691,96.299810
1600990394983,33263,98.087175
1600990395985,44605,98.543539
1600990396987,27408,99.186228
1600990397990,31520,98.978644
1600990399011,51481,82.591093
1600990400017,24811,85.192187
1600990401019,36128,75.746980
1600990402021,38528,99.718486
1600990403142,30457,58.770568
1600990404183,28886,99.372057
1600990405188,25976,31.002554
1600990406193,18873,75.781497
1600990407196,27968,92.636879
1600990408197,34880,74.469872
1600990409702,25186,98.488411
1600990411566,69168,80.716511
1600990412568,53153,99.344160
1600990413571,24401,96.040792
1600990415132,50364,62.418726
1600990416135,15552,61.896400
1600990417783,24267,98.965193
1600990418788,32706,98.188066
1600990419792,44551,98.468271
1600990420795,22350,98.591990
1600990421797,49848,85.736726
1600990422799,33446,87.004061
1600990423802,40722,99.469082
1600990424806,27119,51.345362
1600990425809,31134,98.748044
1600990426811,22329,97.726555
1600990427942,19665,38.540994
1600990428976,19519,99.157303
1600990429979,20175,97.645212
1600990430984,46814,98.338037
1600990431992,28282,99.189273
1600990432996,34076,95.123496
1600990433998,50784,77.943038
1600990435001,36454,99.404762
1600990436003,26317,51.897927
1600990437005,31599,92.176656
1600990438007,15114,98.470662
1600990439011,44553,84.440945
1600990440012,19328,74.555105
1600990441014,15158,84.410289
1600990442016,47690,97.864992
1600990443018,25957,73.640961
1600990444020,34280,85.324881
1600990445022,29327,96.738790
1600990446024,39524,57.694724
1600990447029,25024,98.431619
1600990448031,27678,97.223089
1600990449034,21640,96.457977
1600990451056,75098,65.034965
1600990452058,35392,76.382792
1600990453151,4416,89.254877
1600990454153,45293,50.799624
1600990455158,14291,98.971322
1600990456160,31925,99.242902
1600990457163,18979,98.600746
1600990458166,50096,98.780869
1600990459168,37733,91.063029
1600990460169,14801,98.176101
1600990461176,53381,99.468584
1600990462313,30165,60.200879
1600990463315,33256,92.917581
1600990464318,15571,97.033765
1600990465322,38701,59.393748
1600990466324,3136,55.652174
1600990467329,34475,99.093183
1600990468331,13374,97.974042
1600990469337,51223,99.578533
1600990470455,39595,66.539683
1600990471457,35599,99.345998
1600990472472,16158,90.565458
1600990473492,51437,94.868586
1600990474495,22545,64.472863
1600990475497,35882,87.327478
1600990476987,28340,87.108544
1600990478029,55564,71.938776
1600990479330,11582,87.117904
1600990480339,49730,95.635674
1600990481341,22175,56.144201
1600990482343,31201,89.442499
1600990483523,13584,97.767997
1600990484526,57209,99.812148
1600990485702,31088,67.867389
1600990486704,38535,52.067971
1600990487707,30192,98.853779
1600990488709,12304,96.410419
1600990489712,49457,99.239631
1600990491075,38120,32.408575
1600990492077,8999,61.464044
1600990493079,37493,99.226006
1600990494081,13302,97.243971
1600990495087,46524,99.130435
1600990496089,34846,99.252569
1600990497111,17563,95.366312
1600990498115,48517,99.351652
1600990499162,26169,63.469452
1600990500164,36194,80.387258
1600990501169,17345,90.038314
1600990502172,34246,99.091479
1600990503174,9389,98.653726
1600990504180,43420,98.778961
1600990505184,37679,40.407903
1600990506186,13505,98.624140
1600990507395,34795,58.662038
1600990508419,34325,92.354961
1600990510200,46169,70.608751
1600990511203,45088,95.315789
1600990512410,28807,78.826128
1600990513412,40704,65.444199
1600990514414,10954,99.439950
1600990515417,39432,89.448052
1600990517566,64475,72.050078
1600990518568,45179,90.717432
1600990519581,9176,36.363636
1600990520649,11456,66.361257
1600990521654,33394,99.066002
1600990522656,18688,98.501873
1600990524250,52698,75.818794
1600990525278,48372,90.009455
1600990526280,10151,94.082468
1600990527282,49731,99.687793
1600990528334,26051,75.228203
1600990529336,37267,84.559311
1600990530759,26809,93.235202
1600990531761,52136,97.162457
1600990533170,35123,56.108453
1600990534172,18796,30.567261
1600990535174,19715,99.493976
1600990536471,29424,97.385827
1600990537476,55436,99.406250
1600990538537,23592,64.575758
1600990539579,35225,80.911681
1600990540882,20514,98.823023
1600990543062,78494,76.986388
1600990544064,44032,84.080717
1600990545188,14020,97.412997
1600990546223,47803,99.317194
1600990547225,22529,97.053292
1600990548229,39276,70.250784
1600990549231,276,36.424904
1600990550236,24028,99.478881
1600990551376,17348,96.907874
1600990553081,49244,97.967599
1600990554143,54985,99.407546
1600990555145,26888,75.300823
1600990556147,42547,93.716786
1600990557149,32192,99.500312
1600990558151,33690,54.961588
1600990559154,31142,84.950684
1600990560160,29016,91.564369
1600990561163,23969,95.294118
1600990562168,32071,85.435672
1600990563170,35136,45.648657
1600990564171,15040,70.446872
1600990565768,22209,93.389991
1600990566771,52095,85.399306
1600990568750,43417,60.697306
1600990569752,39960,97.006548
1600990571663,60260,48.793048
1600990572665,27823,57.872616
1600990573666,33916,97.880299
1600990574671,16679,91.841858
1600990575673,44936,77.616646
1600990576677,28626,99.875000
1600990577679,26795,69.940195
1600990578681,36198,57.401525
1600990579683,16558,14.020487
1600990580684,10816,88.046556
1600990581690,9570,96.602096
1600990582692,49959,98.556636
1600990583694,22357,85.403531
1600990584695,39202,86.351066
1600990586626,46398,94.672005
1600990587654,55426,87.941268
1600990589255,38272,62.229987
1600990590257,33920,33.438685
1600990591259,17025,99.594763
1600990592261,13326,96.158730
1600990593263,53511,90.078247
1600990594266,25403,99.346202
1600990595269,33163,49.056604
1600990596270,17828,37.671681
1600990597272,24711,83.312102
1600990598274,22713,99.595645
1600990599517,42179,55.463787
1600990600519,29694,62.804685
1600990601520,35839,93.736366
1600990602720,17631,76.684593
1600990603722,44087,99.488830
1600990605379,45994,78.595837
1600990606385,42880,71.588188
1600990608422,36343,73.057644
1600990609424,42569,85.556607
1600990611143,42301,79.523052
1600990612145,31299,76.003918
1600990614402,52177,47.706422
1600990615403,27951,80.038023
1600990617372,52230,89.141414
1600990618374,49530,55.395683
1600990619880,11887,94.375758
1600990622471,84321,62.351429
1600990623473,43312,35.907094
1600990624474,21953,92.366982
1600990625754,17820,97.277847
1600990626759,47065,99.750078
1600990628221,33747,54.344392
1600990629222,34423,45.789972
1600990630224,25984,63.507557
1600990631227,11522,98.614173
1600990632230,32416,51.944357
1600990633231,29790,88.498903
1600990634235,10245,98.815092
1600990635238,47880,48.771930
1600990636240,27851,99.426934
1600990637657,32519,88.761175
1600990638659,45601,63.337714
1600990640570,19143,87.095761
1600990641571,51065,63.393138
1600990642576,6120,99.154665
1600990643578,31050,64.663081
1600990644580,40078,91.872989
1600990646829,67177,42.289348
1600990647833,9851,26.023863
1600990648834,20443,56.338919
1600990649836,30531,99.371859
1600990651298,34169,95.899555
1600990652303,50060,36.845426
1600990653308,9858,99.592987
1600990654310,11909,81.655129
1600990655313,47817,99.435914
1600990656716,35759,67.329545
1600990657718,38266,61.013216
1600990658722,24452,99.906658
1600990659954,24879,82.592361
1600990660971,49677,56.367041
1600990661978,22836,99.813026
1600990662980,13271,89.574202
1600990663983,54517,94.966814
1600990665113,8656,55.786164
1600990666115,22000,32.682292
1600990667116,22787,99.218017
1600990668401,21835,72.201608
1600990669418,44658,85.815510
1600990671820,60603,73.689168
1600990672828,42757,34.793732
1600990673830,21266,98.524081
1600990675042,14340,87.074180
1600990676043,52394,78.770950
1600990677841,32263,39.899781
1600990678845,28217,41.217064
1600990679846,25728,80.530421
1600990681250,13931,81.148325
1600990682252,48789,70.134014
1600990683254,11569,99.436796
1600990684256,25996,59.281627
1600990685258,42371,21.313035
1600990686260,6016,44.002545
1600990687264,17844,99.625351
1600990688266,9879,71.798148
1600990689268,46453,72.550251
1600990690273,9076,98.936503
1600990691275,26820,60.926102
1600990692278,41096,90.400127
1600990694278,44798,98.825503
1600990697079,102977,74.300254
1600990698080,42497,39.060019
1600990699082,22681,98.786181
1600990700087,11171,80.172689
1600990701089,38340,43.388430
1600990702090,25536,98.747322
1600990703988,48725,45.537685
1600990705034,20587,20.025674
1600990706036,14016,92.611001
1600990707957,44159,94.899875
1600990708960,54147,99.500468
1600990709962,2497,90.616203
1600990710964,57405,97.413262
1600990712530,29648,51.628201
1600990713532,32496,81.550388
1600990715904,69888,49.109415
1600990716906,22881,36.228680
1600990717908,22495,85.211749
1600990719742,33940,56.251969
1600990720743,34028,94.239198
1600990721748,23489,93.059045
1600990722752,28122,92.567146
1600990724782,58469,10.527980
1600990725785,4224,79.517307
1600990726787,44544,12.855338
1600990727788,8576,99.403641
1600990728792,25295,99.719801
1600990729799,33220,46.630119
1600990730801,22701,53.218060
1600990731802,31288,60.864000
1600990732804,22305,99.657000
1600990733806,11976,72.631914
1600990734808,45471,92.178099
1600990736486,28468,84.213836
1600990737489,52684,91.858887
1600990739344,36988,66.794872
1600990740346,39940,80.379027
1600990742865,58278,65.834387
1600990743868,38234,75.650155
1600990745901,30528,23.307791
1600990746903,10711,54.264056
1600990747904,33833,87.240076
1600990749185,24062,99.307305
1600990750187,41171,50.112072
1600990751189,28271,89.348202
1600990752833,33632,96.247655
1600990753834,47840,28.466921
1600990754835,17088,92.353124
1600990756943,55236,53.378162
1600990757952,30268,46.163765
1600990758953,27712,55.919796
1600990759956,18933,99.906191
1600990761083,19689,57.009346
1600990762127,36066,69.788042
1600990763129,32113,99.812441
1600990764280,14718,58.675581
1600990765282,36561,37.349398
1600990766283,22144,57.442151
1600990767289,10889,78.549093
1600990768291,6967,40.740741
1600990769293,23267,91.505198
1600990771943,78116,78.034134
1600990772945,41657,43.810445
1600990773946,26304,98.925347
1600990776155,59238,54.292049
1600990777157,31706,55.722988
1600990778158,32384,62.075472
1600990779161,19279,99.937461
1600990780320,24003,65.286624
1600990781322,33518,37.960885
1600990782324,22528,88.765823
1600990783326,20480,96.094970
1600990784328,27073,50.687120
1600990785330,30527,90.315890
1600990787297,43520,84.761303
1600990788299,43072,15.335463
1600990789301,7744,66.433066
1600990791554,37480,97.996820
1600990792558,41354,46.163522
1600990793560,26382,38.985228
1600990794562,24064,73.242988
1600990796865,56779,54.585705
1600990797868,30193,46.891026
1600990798870,27780,93.669827
1600990801125,59076,53.481717
1600990802126,28008,54.624838
1600990803128,31700,81.185832
1600990805578,55680,58.005083
1600990806579,30848,39.496612
1600990807581,22976,77.268446
1600990809478,33961,44.867285
1600990810480,28183,37.206308
1600990811481,21440,10.065851
1600990812484,2240,82.623690
1600990814858,52775,40.592168
1600990815861,24089,51.254019
1600990816862,29504,96.094225
1600990818931,53568,41.406747
1600990819933,20336,55.857605
1600990820934,32400,88.455439
1600990821940,24538,99.780770
1600990822942,27873,52.816456
1600990823943,22789,49.405718
1600990824945,29696,38.396897
1600990825947,20755,99.782744
1600990826953,23405,89.907673
1600990827954,24384,37.089964
1600990828956,23168,33.079365
1600990829957,20224,50.000000
1600990830959,20544,99.100496
1600990832296,27811,44.998392
1600990833298,21533,32.493622
1600990834299,20544,26.485461
1600990835305,16896,28.090595
1600990836306,17600,93.180434
1600990837851,21568,5.161089
1600990839853,14720,25.064185
1600990840854,16448,25.904579
1600990841855,16256,23.101777
1600990842856,15488,71.336392
1600990845054,32000,28.300695
1600990846056,16192,21.893867
1600990847057,14080,21.045999
1600990848058,13440,18.040583
1600990849060,11904,16.850742
1600990850061,11136,15.525402
1600990851062,10304,96.474259
1600990852271,11788,17.710652
1600990853274,9460,14.064964
1600990854275,9472,12.883824
1600990855276,9024,11.805999
1600990856278,8845,11.489497
1600990857280,8499,10.759494
1600990858281,7808,11.160151
1600990859282,7808,10.161443
1600990860283,7424,9.854706
1600990861284,7168,83.503876
1600990862293,6016,33.805923
1600990863295,5609,6.279734
1600990864296,4793,5.682540
1600990865297,4510,4.807084
1600990866299,3584,2.280646
1600990867300,2112,1.792453
1600990868301,1216,1.131364
1600990869302,768,0.125826
1600990870303,192,0.062775
