Warning: Permanently added '13.52.101.85' (ECDSA) to the list of known hosts.
/etc/profile.d/lang.sh: line 19: warning: setlocale: LC_CTYPE: cannot change locale (UTF-8): No such file or directory
initializing server with:
addr=e5b20db307f5b5251b038ae5f0a8019867e27bafb928ec02a4498f42c3b0a7a1, instance=0, port=6666, benchmark=true, pprof=false, batchVerification=true, mapType=insertOnly, merklePooling=true, merklePoolSize=64
initializing map with len = 1.000000e+07...
initialized map. server is ready.
collect and dispatch: 64
1600947573936,128,2.878598
1600947574937,384,1.753287
1600947575938,256,0.687500
1600947576939,64,7.948476
1600947577940,640,4.696306
1600947578941,512,2.543970
1600947579942,448,5.593966
1600947580943,896,6.045340
1600947581944,832,26.855346
1600947582945,1664,11.589196
1600947583946,1600,19.431280
1600947584952,1920,9.039191
1600947585954,1344,13.073539
1600947586955,1920,33.554922
1600947587957,2752,14.605678
1600947588958,2752,21.780006
1600947589959,2624,18.380952
1600947590960,3008,29.296752
1600947591962,3008,24.512272
1600947592963,3200,28.549044
1600947593965,3840,51.580278
1600947594967,4544,62.582886
1600947595970,5442,69.415243
1600947596972,6398,34.604385
1600947597974,4992,33.121019
1600947598975,5120,38.265306
1600947599977,5568,33.109834
1600947600978,5312,45.064648
1600947601981,5503,68.684294
1600947602990,7747,76.404142
1600947603997,8638,72.400636
1600947604999,8704,82.563291
1600947606001,8256,87.500000
1600947607003,9472,65.343086
1600947608006,9607,49.257586
1600947609008,8633,44.780395
1600947610009,8192,40.949649
1600947611011,8064,55.055468
1600947612013,8832,71.278626
1600947613017,9920,51.024328
1600947614019,9152,47.162552
1600947615021,9408,59.561432
1600947616023,9600,53.279483
1600947617025,8512,85.736776
1600947618027,9606,99.189526
1600947619030,9406,99.056604
1600947620033,11805,98.688320
1600947621035,11680,98.997808
1600947622039,14207,97.568579
1600947623041,10544,97.519623
1600947624044,11473,97.986788
1600947625048,9412,81.435800
1600947626050,5561,87.109267
1600947627211,10965,99.480407
1600947628657,16807,88.171355
1600947629659,8646,73.242784
1600947630661,3808,63.755158
1600947631663,3936,74.425574
1600947632665,2816,89.451747
1600947633667,5215,99.968867
1600947634670,6434,98.750391
1600947635673,4452,99.874922
1600947636675,5469,99.968740
1600947637677,5758,98.933835
1600947638681,3905,96.549541
1600947639682,6207,96.856520
1600947640684,6787,98.778195
1600947642009,7869,99.280125
1600947643011,8256,99.408100
1600947644014,9472,97.904285
1600947645016,7296,98.777813
1600947646018,11513,98.141637
1600947647271,12404,96.630982
1600947648274,14547,73.796791
1600947649275,5312,26.103525
1600947650277,256,79.874214
1600947651279,3713,98.699456
1600947652606,25661,98.658601
1600947653794,20162,97.155226
1600947655234,22595,85.086594
1600947656236,16125,82.496741
1600947657238,14976,80.350877
1600947658563,18560,71.211621
1600947659565,18112,86.231658
1600947660603,13904,71.292517
1600947661606,18800,90.422444
1600947662608,12288,84.691196
1600947663609,15170,84.208820
1600947664611,17864,89.808307
1600947665613,11638,87.912088
1600947666615,12248,71.026771
1600947667617,16616,91.621707
1600947668619,10112,36.167513
1600947669622,704,64.500942
1600947670624,384,38.493194
1600947671626,5271,99.152542
1600947672630,26091,98.224299
1600947673638,25204,97.934272
1600947674641,16184,96.083960
1600947675644,20242,96.948726
1600947676646,13414,94.208916
1600947678105,22468,92.711480
1600947679802,29077,89.620978
1600947681255,26640,90.416263
1600947682257,20849,93.375796
1600947683259,14976,88.307892
1600947684262,19072,88.672623
1600947685264,16384,77.082678
1600947686266,704,45.274585
1600947687267,640,85.861745
1600947688270,1849,97.795970
1600947689273,27546,98.556183
1600947690277,20991,97.298995
1600947691279,20784,97.430945
1600947692906,27874,94.417476
1600947693967,19816,92.946058
1600947694969,19060,93.746032
1600947696142,19848,92.198982
1600947697831,31062,89.369952
1600947698835,22480,92.884493
1600947699837,18470,95.108696
1600947700839,13626,91.339832
1600947702255,19336,73.722628
1600947703513,11178,56.876383
1600947704515,896,39.186228
1600947705517,2816,98.751561
1600947706765,28529,96.205788
1600947707767,27405,97.434293
1600947708769,16219,94.261493
1600947710238,23814,95.701643
1600947711241,14753,94.192320
1600947712243,15232,91.593583
1600947713767,27843,86.067416
1600947714769,27837,94.796594
1600947715773,17351,93.095813
1600947717366,30201,69.225806
1600947718371,16322,95.804196
1600947719374,12889,90.846682
1600947720561,16427,48.382924
1600947721565,4794,68.148849
1600947722567,576,44.985673
1600947723569,6848,99.342723
1600947724572,17550,98.530331
1600947725575,28083,97.512594
1600947726577,23679,96.439924
1600947727579,11106,94.694274
1600947728582,17694,94.797319
1600947729585,7920,89.819005
1600947730587,15952,89.770894
1600947731591,16548,90.051847
1600947732592,23712,94.348105
1600947733594,15100,91.712175
1600947734603,19575,93.583227
1600947735606,15561,94.733523
1600947736608,14228,91.060558
1600947737610,16306,91.772554
1600947738612,18042,82.289690
1600947739614,5568,34.309357
1600947740615,704,74.795726
1600947741616,640,79.097462
1600947742618,22519,98.555730
1600947743620,15480,96.962025
1600947744623,14008,97.810447
1600947745628,18905,93.329138
1600947746636,14211,96.498906
1600947747638,14022,95.378812
1600947748641,15434,90.853209
1600947749957,24777,93.918277
1600947750959,19016,91.337825
1600947752370,24864,92.721816
1600947754078,31078,94.306269
1600947755631,24088,91.433318
1600947756995,20350,90.260753
1600947758443,19202,38.478676
1600947759445,830,75.226209
1600947760447,640,52.183544
1600947761449,8523,99.121706
1600947762471,15933,98.559349
1600947763473,23569,97.892419
1600947764476,21482,97.037730
1600947765481,22453,97.901003
1600947766484,14277,93.258786
1600947767486,14718,91.326695
1600947768488,20293,95.250239
1600947769490,12800,91.577236
1600947770494,16637,90.941101
1600947771495,17795,88.927555
1600947772499,22593,93.104565
1600947773501,14911,93.115594
1600947774504,15206,90.597738
1600947775506,18010,94.082468
1600947776513,11324,92.612903
1600947777515,18473,66.940582
1600947778517,8091,50.336431
1600947779519,960,64.709596
1600947780521,768,73.503466
1600947781525,18216,98.650769
1600947782615,23075,96.717724
1600947783624,24817,97.304075
1600947784626,18692,95.378151
1600947785629,15021,95.931341
1600947786631,21360,95.372993
1600947787633,9507,93.003195
1600947788635,14104,92.632582
1600947789637,20005,95.411392
1600947790639,12863,91.009813
1600947791646,18373,93.767886
1600947792649,17087,75.598706
1600947793651,20917,75.762339
1600947794653,11787,62.158730
1600947795655,12757,93.450479
1600947796658,12715,91.307147
1600947797660,19713,87.344992
1600947798662,14527,75.055327
1600947799664,832,39.898024
1600947800666,704,74.300974
1600947801668,576,86.273895
1600947802673,29846,98.299748
1600947803700,19008,95.884380
1600947805403,33514,87.983746
1600947807051,29120,55.675676
1600947808114,15474,86.096257
1600947809116,12110,61.575103
1600947810118,13312,58.821676
1600947811119,9088,93.408360
1600947812124,6530,93.176020
1600947813128,11896,94.611727
1600947814130,12030,92.088405
1600947815133,16710,90.655106
1600947816136,19114,94.117647
1600947817139,16152,95.042898
1600947818373,15104,83.881579
1600947819376,23630,97.143754
1600947820377,12082,92.703030
1600947821705,16256,37.128238
1600947822707,768,81.007194
1600947823798,640,44.510665
1600947824801,3111,99.142669
1600947826222,29625,98.575949
1600947827224,30273,97.804584
1600947828525,25204,94.478750
1600947830271,29342,92.599743
1600947831275,20750,93.889243
1600947832277,16198,70.016000
1600947833279,18361,98.625000
1600947834281,15552,94.089457
1600947835284,13632,95.867513
1600947837351,36153,59.038089
1600947838355,16028,99.375390
1600947839358,13419,69.833653
1600947840361,16873,98.397234
1600947841390,13207,72.282958
1600947842393,19283,86.731190
1600947843394,11245,65.960760
1600947844398,8576,60.347551
1600947845399,768,62.375669
1600947847042,1152,75.890069
1600947848044,19050,98.207124
1600947849376,25170,98.753117
1600947850381,24540,97.117517
1600947851383,18604,96.331738
1600947852388,15420,95.173502
1600947853390,17216,88.881664
1600947854392,21060,93.225101
1600947855394,15868,37.098314
1600947856395,10660,74.653652
1600947857402,11164,40.937896
1600947858404,8960,97.714465
1600947859405,12224,57.632498
1600947860407,13112,98.085974
1600947861409,13202,93.135377
1600947862411,19463,83.227041
1600947863413,16495,95.026455
1600947864915,23086,41.240409
1600947865922,11858,95.413132
1600947867006,6077,89.865530
1600947868011,16996,97.247706
1600947869013,11295,54.721781
1600947870015,960,67.147335
1600947871017,704,26.637280
1600947872019,960,90.297092
1600947873890,26739,98.349340
1600947874947,40325,97.490590
1600947875953,10823,92.391653
1600947876955,20170,96.810507
1600947877958,13690,92.911877
1600947878960,21129,95.163317
1600947879962,12724,91.248025
1600947881666,31061,63.759253
1600947882667,21035,88.837415
1600947884098,18989,52.897855
1600947885099,15699,96.129032
1600947886224,14366,82.287765
1600947888270,27562,54.917235
1600947889271,16952,74.400253
1600947890274,7301,92.096000
1600947891276,15804,94.096888
1600947892279,11122,83.979494
1600947893282,16973,78.377622
1600947894402,1024,37.914692
1600947895405,832,64.979611
1600947896716,1280,76.828885
1600947897718,20600,97.322515
1600947899269,30792,98.485327
1600947900272,24194,97.853810
1600947901274,13488,90.932642
1600947902276,23054,96.722345
1600947903438,14468,92.281938
1600947905263,32630,90.491591
1600947906265,20486,95.655877
1600947907379,13953,75.153078
1600947908380,21631,67.564183
1600947909384,9856,70.933165
1600947910386,12416,47.567222
1600947911387,13211,97.649895
1600947912429,13606,54.720000
1600947913430,15359,81.823880
1600947914437,11136,37.913486
1600947915438,8000,80.628771
1600947916445,9729,89.723828
1600947917450,15039,79.764887
1600947919108,18634,94.946201
1600947920111,13046,54.672600
1600947921113,832,85.951709
1600947922115,576,32.270287
1600947923117,585,98.466834
1600947924119,1079,79.541839
1600947925121,24424,96.941392
1600947926841,47907,96.947536
1600947927844,21173,96.147774
1600947928846,3520,93.261719
1600947930626,22785,83.073349
1600947931628,21074,93.586471
1600947932633,9917,93.543019
1600947934565,28784,92.458356
1600947936322,29844,86.480878
1600947937415,21548,94.513162
1600947938447,9507,86.122847
1600947939453,21279,96.421786
1600947940454,11518,91.016799
1600947942259,32494,84.279191
1600947943261,21458,98.840125
1600947944265,11072,57.569913
1600947945268,15040,97.998123
1600947946428,12673,76.472585
1600947948302,4895,48.690439
1600947949304,1568,68.821204
1600947950653,1216,69.473684
1600947951657,18821,95.481928
1600947953648,47338,95.256288
1600947954652,27348,97.859616
1600947955654,11577,94.880330
1600947957672,29507,89.578643
1600947958677,22746,96.964907
1600947959679,12072,90.848214
1600947961715,36543,50.446713
1600947962717,14400,95.551601
1600947963953,14466,64.203085
1600947964955,17214,96.227997
1600947966080,11148,59.549114
1600947967082,17524,89.283470
1600947968326,14410,30.638978
1600947969329,8647,63.983229
1600947970840,14503,89.707301
1600947971842,15742,92.584341
1600947973643,28113,75.440846
1600947974646,20537,87.832343
1600947975648,4544,39.554140
1600947976649,576,85.093750
1600947977654,832,45.773063
1600947978656,768,18.822023
1600947979658,8448,95.697236
1600947980660,24305,97.558685
1600947981663,25009,97.978227
1600947982670,17849,96.230599
1600947983676,11868,93.805021
1600947985332,21257,95.768491
1600947987134,22656,91.522891
1600947989516,41849,87.026333
1600947990529,26567,95.097656
1600947992153,21409,74.072859
1600947993155,21279,93.343799
1600947994157,11715,77.105691
1600947995158,17405,46.073132
1600947996161,9325,98.387097
1600947997163,12104,48.209719
1600947998164,13643,80.302435
1600947999771,17600,37.447496
1600948000772,11200,79.875000
1600948002320,18226,92.250809
1600948004393,32206,86.472322
1600948005397,7361,98.178964
1600948006399,703,97.623574
1600948007414,960,26.269316
1600948008416,768,27.212806
1600948009417,960,51.369427
1600948010419,13874,99.471064
1600948011611,17294,96.551724
1600948012613,36672,97.470588
1600948013682,11514,93.504823
1600948014684,21958,95.294774
1600948016403,23572,88.073691
1600948017405,26796,94.346178
1600948018980,25511,69.357443
1600948019984,19947,94.009106
1600948021298,16622,70.973902
1600948022299,16768,74.818555
1600948024037,15872,78.559844
1600948025040,23936,92.580231
1600948026267,14472,53.863636
1600948027269,14264,76.032316
1600948029377,24064,35.800893
1600948030379,10624,81.698507
1600948032344,24576,58.611825
1600948033346,16192,83.443709
1600948034790,16448,30.531678
1600948035792,8547,77.210884
1600948037002,2781,48.069074
1600948038003,768,97.926484
1600948039172,577,96.852376
1600948040489,1600,40.528634
1600948041491,895,35.996211
1600948042493,11969,99.501558
1600948043498,17633,97.582697
1600948044501,8602,98.673405
1600948045505,37341,98.025697
1600948046507,20903,97.756077
1600948048035,12553,79.940318
1600948049067,21431,96.744627
1600948050641,20306,82.865632
1600948051643,25070,93.023256
1600948053322,25698,89.451199
1600948054323,17238,97.811256
1600948055436,8554,90.130835
1600948057414,27275,79.428196
1600948058416,21139,95.235502
1600948059580,11500,84.169381
1600948060582,23700,96.054817
1600948062102,17437,85.449735
1600948063104,22435,95.534808
1600948064657,19968,71.938941
1600948065659,20928,81.981132
1600948066661,6905,89.402262
1600948067663,16839,47.813688
1600948068664,10176,96.086412
1600948069669,640,43.168000
1600948070671,1216,56.686502
1600948072375,1984,42.817164
1600948073378,11905,93.578388
1600948075524,42336,93.608182
1600948076528,27616,98.784289
1600948077530,4581,95.157255
1600948079315,23385,89.944788
1600948081234,26920,86.675418
1600948082236,24473,94.985302
1600948084075,25397,81.406869
1600948085079,24843,79.708769
1600948087021,23296,76.616915
1600948088024,22144,71.356784
1600948089574,16384,55.484078
1600948090576,14848,81.117777
1600948091578,9283,77.489593
1600948092580,14205,68.255481
1600948093584,12248,95.806861
1600948094585,10152,75.985779
1600948095587,18240,99.000312
1600948096614,11456,32.413574
1600948097616,9472,53.318654
1600948098623,10701,97.612315
1600948099626,8179,55.497723
1600948100627,17408,83.999180
1600948102165,10816,35.045988
1600948103167,1024,99.068323
1600948104561,1280,34.802856
1600948105576,832,24.525917
1600948106577,832,95.641267
1600948107585,20414,99.409020
1600948108662,26065,94.536741
1600948109667,26609,94.903450
1600948110671,16464,97.160883
1600948111674,14814,92.931065
1600948113528,21678,94.568690
1600948114533,20015,95.982423
1600948115535,10357,92.692186
1600948116540,14825,95.551378
1600948117542,14231,96.003806
1600948118544,10304,93.614344
1600948119546,15808,89.268604
1600948120550,15937,96.721311
1600948121552,10303,86.172280
1600948122554,16065,96.846421
1600948123556,12287,90.570861
1600948124685,13767,94.513162
1600948125689,14916,84.535738
1600948126690,22901,90.703598
1600948128557,24095,82.827609
1600948129560,20642,95.722618
1600948131022,15679,50.547680
1600948132023,16320,59.911336
1600948133025,10112,84.530907
1600948134028,9600,71.299289
1600948135030,16064,82.984702
1600948136032,6144,17.405063
1600948137033,3264,46.969697
1600948138037,448,78.955597
1600948139039,576,9.034073
1600948140041,128,97.708726
1600948141466,1152,44.135903
1600948142468,18684,96.497318
1600948143473,19436,99.164113
1600948144768,31807,97.278699
1600948145770,29080,99.190134
1600948147486,25665,91.346464
1600948148541,17530,97.057893
1600948150138,23567,49.022122
1600948151140,13239,39.854844
1600948152143,10625,97.872340
1600948153820,19007,55.620915
1600948154823,17280,62.212276
1600948155829,11079,96.748737
1600948156831,15353,48.445840
1600948157833,10048,32.723257
1600948158835,10560,83.040752
1600948160359,16128,26.823829
1600948161361,7936,83.293051
1600948163468,22306,90.470160
1600948165514,22044,92.817982
1600948167854,40611,80.874137
1600948168855,17375,85.992970
1600948170652,22720,48.011639
1600948171654,12992,71.131421
1600948172658,11073,96.708075
1600948173683,9215,55.297158
1600948174685,8000,72.841444
1600948176174,1408,32.067645
1600948177176,704,21.219742
1600948178177,512,79.570572
1600948180503,49280,85.219036
1600948181504,30592,60.787402
1600948182506,11648,98.615917
1600948183920,14904,82.726090
1600948184924,18504,94.740177
1600948185927,9722,91.091675
1600948186928,17862,48.914100
1600948187930,18240,77.691207
1600948189921,20836,36.737951
1600948190922,8988,63.595792
1600948193089,27712,41.833175
1600948194091,12608,71.807152
1600948196013,24328,41.712087
1600948197015,11000,31.114650
1600948198017,10240,93.172565
1600948199546,17088,47.949629
1600948200547,12544,88.782635
1600948202637,24771,70.026178
1600948203639,19773,54.063382
1600948204642,6336,96.770108
1600948205644,12160,37.202664
1600948206645,10624,49.716267
1600948207653,10496,98.997265
1600948208743,9620,78.942308
1600948209757,21100,98.488665
1600948210759,7464,71.169162
1600948211761,6168,18.472750
1600948212762,876,23.563036
1600948213763,724,89.200124
1600948215035,1152,27.352572
1600948216041,704,96.182965
1600948218042,41340,87.071752
1600948219044,24196,96.284909
1600948220280,8237,85.638999
1600948221282,21843,92.828061
1600948222436,3856,66.244163
1600948223479,17834,89.848044
1600948225308,20102,64.387755
1600948226310,19200,37.495914
1600948227312,12544,86.694847
1600948228887,16448,39.240102
1600948229889,8256,20.557157
1600948230890,7104,10.886715
1600948231891,4096,1.004079
1600948232892,320,10.356805
1600948233893,3776,48.725212
1600948234896,3008,54.000000
1600948235898,3136,2.049180
1600948236899,768,1.231449
1600948237900,576,0.788892
1600948238901,384,0.852004
1600948239902,384,0.282575
1600948240903,64,0.062834
