Warning: Permanently added '54.219.76.183' (ECDSA) to the list of known hosts.
/etc/profile.d/lang.sh: line 19: warning: setlocale: LC_CTYPE: cannot change locale (UTF-8): No such file or directory
initializing server with:
addr=618a1a777293968592084a0b5ef0ef6117358025fa513c978197ad027273b1f2, instance=1, port=6666, benchmark=true, pprof=false, batchVerification=true, mapType=insertOnly, merklePooling=true, merklePoolSize=64
initializing map with len = 1.000000e+07...
initialized map. server is ready.
collect and dispatch: 64
1600947573932,128,2.875899
1600947574933,192,4.381847
1600947575934,512,12.476430
1600947576935,896,2.952261
1600947577936,576,1.504702
1600947578937,384,2.005641
1600947579938,512,5.620094
1600947580939,896,14.806665
1600947581940,896,19.118110
1600947582942,1664,10.796349
1600947583943,1472,22.606214
1600947584944,2048,8.887488
1600947585945,1664,7.131587
1600947586947,1536,35.114744
1600947587948,2816,18.468336
1600947589021,2560,10.752688
1600947590022,2432,31.905371
1600947591023,3264,25.411914
1600947592024,3328,20.551855
1600947593025,3072,39.145570
1600947594027,3584,34.420985
1600947595030,4800,70.100503
1600947596032,6208,66.360232
1600947597034,4928,40.833864
1600947598035,6272,28.435417
1600947599036,4864,40.633914
1600947600038,6272,34.313099
1600947601040,5888,55.861850
1600947602042,6976,72.750560
1600947603044,7744,59.624563
1600947604048,7616,78.434455
1600947605053,8832,91.221493
1600947606057,9691,87.825249
1600947607059,8933,67.075665
1600947608060,10240,45.870352
1600947609062,8960,37.407527
1600947610063,8384,40.390150
1600947611064,7846,57.224880
1600947612066,10074,64.150347
1600947613070,9537,60.510367
1600947614075,10081,56.566304
1600947615077,10142,60.614793
1600947616078,9920,71.277279
1600947617079,10432,85.118483
1600947618080,10176,70.883662
1600947619082,7995,99.377916
1600947620086,13351,98.740554
1600947621088,10681,98.129093
1600947622091,11813,98.434565
1600947623093,9721,97.608559
1600947624095,11655,98.083569
1600947625097,9792,98.707032
1600947626102,9216,98.836478
1600947627104,6929,48.411450
1600947628106,1931,98.252185
1600947629107,11748,75.532623
1600947630108,7488,70.289608
1600947631111,6080,79.351423
1600947632113,3520,92.689129
1600947633115,5332,99.555336
1600947634381,6511,99.686619
1600947635383,6079,99.844479
1600947636385,6159,98.802395
1600947637387,3863,99.906629
1600947638392,4983,99.008367
1600947639403,6113,98.807656
1600947640406,5057,99.529928
1600947641408,7231,99.751012
1600947642414,8000,98.114986
1600947643416,6145,99.184442
1600947644418,9599,98.326055
1600947645705,11200,96.620776
1600947646707,12936,96.811504
1600947647712,10808,95.143488
1600947648714,17811,95.229008
1600947649716,14509,90.641628
1600947650717,14144,39.491256
1600947652722,420,98.900063
1600947653724,16476,87.503985
1600947654727,16870,92.395800
1600947655729,26650,94.000000
1600947656731,18880,76.300390
1600947657733,23936,50.557147
1600947658735,9618,59.418458
1600947659737,9710,31.437700
1600947660738,10050,83.837098
1600947661740,13633,77.194983
1600947663152,17586,86.761547
1600947664372,16790,84.392828
1600947665982,23925,85.099446
1600947666987,12307,79.102990
1600947667990,12525,85.691110
1600947669084,13440,66.700235
1600947670087,16578,63.134796
1600947671089,190,38.063492
1600947674761,19663,97.734424
1600947675764,35830,97.122302
1600947676766,19664,98.031865
1600947677769,13466,91.085642
1600947678772,23121,93.286890
1600947679774,14081,89.505777
1600947680781,22468,91.655886
1600947681782,16187,92.827276
1600947682784,13100,80.081301
1600947683786,20483,92.882448
1600947684789,12561,89.840256
1600947685791,15724,83.774834
1600947686793,16118,91.106906
1600947687796,5790,31.920278
1600947690800,21702,98.384030
1600947691803,19379,98.190328
1600947692809,20423,96.135572
1600947693811,24384,95.809704
1600947694816,14499,92.097747
1600947695822,19165,91.166989
1600947696825,19840,90.765257
1600947697973,18086,94.441805
1600947699316,18654,88.678032
1600947700320,18195,92.201096
1600947701322,14633,91.991992
1600947702599,19520,82.319894
1600947703605,23718,92.366902
1600947704607,14874,63.118971
1600947707788,1627,98.499840
1600947708790,12503,97.986155
1600947709792,8590,97.492931
1600947711459,50394,94.637053
1600947713212,33758,86.866060
1600947714215,24246,94.875875
1600947715217,17563,90.976474
1600947716219,19400,92.684478
1600947717222,14959,94.474436
1600947718224,11968,93.346008
1600947719226,11499,85.122898
1600947720228,19066,94.616120
1600947721230,11990,82.588849
1600947722234,21126,73.715726
1600947723235,9215,36.602165
1600947726239,10459,98.852713
1600947727246,12619,97.278699
1600947728254,22173,98.646948
1600947729256,18058,95.386064
1600947730258,21722,96.984925
1600947731260,17305,90.868167
1600947732263,17944,89.737852
1600947733265,21561,93.044047
1600947734738,25999,89.980608
1600947735740,19229,93.805875
1600947736742,14339,95.108005
1600947737744,10149,91.103307
1600947738830,15420,87.968952
1600947739907,17406,94.597156
1600947740909,12916,72.920825
1600947741913,17965,64.184731
1600947744917,8060,98.893805
1600947745920,13659,97.656982
1600947747406,35608,94.048377
1600947748408,28113,93.364929
1600947749676,20904,90.736842
1600947750767,20060,96.065471
1600947751769,12412,92.206963
1600947752772,16001,91.533546
1600947753774,18559,94.104596
1600947754777,12058,89.427740
1600947755780,22334,96.466877
1600947756782,12776,92.195893
1600947757783,13688,90.859700
1600947758786,17608,91.196327
1600947759979,17005,76.514175
1600947760981,19923,67.181102
1600947761983,64,25.793015
1600947764288,10240,97.860289
1600947765291,8140,97.998749
1600947766296,5277,97.634069
1600947767299,13080,97.115083
1600947768302,19583,99.003426
1600947769307,49984,81.649553
1600947770309,17664,92.780294
1600947771440,13888,82.053806
1600947772442,22912,95.722433
1600947773447,13824,90.519399
1600947774840,19461,92.773109
1600947776535,24675,91.905626
1600947778313,25401,82.273476
1600947779317,21025,95.642494
1600947780319,14526,75.654116
1600947781324,15744,56.458267
1600947784331,10996,98.552093
1600947785333,14038,96.389325
1600947786335,25128,92.706334
1600947787338,6741,95.725142
1600947788341,18707,96.297458
1600947789349,13991,88.371336
1600947790351,22463,86.120183
1600947791353,19631,93.221433
1600947792355,17297,91.796502
1600947793357,15535,92.361777
1600947794360,17041,85.849673
1600947795362,16614,92.527615
1600947796363,13370,94.968354
1600947797365,11296,82.272576
1600947798367,19905,91.145332
1600947799553,15688,86.732737
1600947800565,22075,95.189873
1600947801568,13820,85.189914
1600947802792,6080,38.903143
1600947806027,19687,97.983527
1600947807169,11288,98.121478
1600947808171,44020,98.089571
1600947809174,18248,97.217831
1600947810181,15892,96.091516
1600947811183,19569,95.703313
1600947812499,18650,86.468113
1600947813501,21606,95.277778
1600947814644,15296,87.479568
1600947815647,23276,96.367053
1600947816649,13588,92.294455
1600947818315,27046,89.399112
1600947820203,28836,86.463298
1600947821215,20966,94.009509
1600947822217,13200,90.102241
1600947823676,16512,35.500319
1600947826684,13585,98.411710
1600947828227,27283,97.998489
1600947829893,44638,93.591412
1600947830896,19409,96.628859
1600947831913,12894,79.070523
1600947832916,24079,96.173308
1600947833918,14272,38.181242
1600947834920,11456,77.373418
1600947835922,10881,86.395874
1600947836924,17727,55.681818
1600947837929,11003,96.519796
1600947838934,12294,90.179718
1600947839939,13009,92.850334
1600947840942,19374,91.637182
1600947841944,18176,75.342466
1600947842945,14976,54.588758
1600947843948,11853,95.141315
1600947844950,14131,69.496956
1600947845953,6336,68.367990
1600947848959,3889,98.057644
1600947849962,34325,98.861480
1600947850964,8974,98.013245
1600947852107,20105,97.213855
1600947853782,36534,96.053868
1600947854789,20208,93.492063
1600947855790,19581,80.631754
1600947857691,28480,50.792111
1600947858693,14784,94.841604
1600947859828,13825,87.725928
1600947861772,30463,90.945825
1600947863889,34159,43.782051
1600947864891,14033,65.645722
1600947865894,11018,84.418083
1600947866896,15350,72.271884
1600947868765,18304,37.283237
1600947871803,106,98.408736
1600947872806,22040,98.493881
1600947873808,22014,96.939620
1600947875738,42098,90.710383
1600947876740,24999,95.204863
1600947878143,23847,47.261146
1600947879144,14016,78.173949
1600947880683,19328,31.466069
1600947881684,10240,91.721750
1600947882687,11558,89.664083
1600947883689,19098,89.629164
1600947885004,16640,89.192626
1600947886027,13410,95.400501
1600947887029,17066,88.229540
1600947888033,17206,93.640141
1600947889034,13054,52.720871
1600947890036,17472,95.875000
1600947891285,16128,50.403616
1600947892287,11904,92.264328
1600947896296,12907,99.068034
1600947897300,22105,98.554822
1600947898302,25078,98.341158
1600947899307,18124,96.409616
1600947900309,20154,94.763407
1600947901312,18322,93.859370
1600947902314,17070,89.285714
1600947903316,19200,67.436709
1600947904317,12864,66.468417
1600947905859,15872,53.962629
1600947906864,13632,96.982081
1600947907866,9723,90.788193
1600947909144,10083,86.501467
1600947910194,16114,91.360000
1600947911196,15280,95.303078
1600947912198,5925,89.529299
1600947913202,11803,91.712528
1600947914205,14848,82.492582
1600947915209,20099,94.336000
1600947916211,12782,94.326241
1600947917516,14991,48.084291
1600947918519,3648,92.023772
1600947922214,2560,98.135272
1600947923219,47762,98.501405
1600947924489,23790,96.140462
1600947925501,22337,97.876327
1600947926509,9559,96.684560
1600947927736,11592,78.959576
1600947928738,20896,94.622251
1600947930192,21824,81.986755
1600947931194,27776,93.554563
1600947932196,12280,89.882507
1600947933198,13704,94.104381
1600947934202,10117,90.859525
1600947935205,14148,97.062500
1600947936207,9335,88.314607
1600947937211,13889,93.834967
1600947938213,15679,78.922717
1600947939215,26496,94.828130
1600947940218,12275,88.227726
1600947941220,17869,94.553515
1600947942221,10600,71.492633
1600947943223,11864,90.957447
1600947947241,2521,97.618301
1600947948245,33831,98.815092
1600947949250,11424,96.695652
1600947950709,20705,93.779904
1600947951711,24651,96.180556
1600947952819,15869,84.359565
1600947953822,22455,96.485233
1600947955116,16536,81.663392
1600947956118,25224,93.174214
1600947957547,21692,69.762211
1600947958548,19556,95.168563
1600947960032,18112,92.469546
1600947962059,33216,58.472401
1600947963062,16128,97.301630
1600947964241,13724,47.813411
1600947965243,14116,76.330798
1600947966245,9984,77.784850
1600947967247,14400,92.709328
1600947968249,12821,79.761136
1600947969251,14891,68.234195
1600947974279,29129,98.535369
1600947975289,11960,97.204774
1600947976291,27518,97.403004
1600947977293,14525,93.110048
1600947978295,22532,92.891308
1600947980229,33400,72.475570
1600947981231,21512,85.144472
1600947982232,7737,69.245343
1600947983243,15175,93.396524
1600947984245,9600,81.495703
1600947985983,23168,79.671392
1600947986986,18054,97.895068
1600947988109,12218,58.382066
1600947989110,17664,91.529153
1600947990537,18112,45.998699
1600947991538,13632,83.962868
1600947992539,5056,85.022595
1600947993544,18646,96.532679
1600947994597,10986,87.323086
1600947996769,32130,35.806037
1600947997771,126,89.146074
1600948000812,5052,98.935504
1600948001814,8659,96.060991
1600948002816,33456,98.781631
1600948003821,10793,95.750745
1600948006270,50284,89.190061
1600948007273,21659,97.596004
1600948008367,10305,80.620667
1600948009370,24976,91.573499
1600948010901,18799,43.596295
1600948011903,13713,70.730159
1600948012907,12714,94.992076
1600948013909,13078,46.329684
1600948014910,13760,74.105461
1600948016661,20487,88.725176
1600948017663,20358,93.530947
1600948019363,24371,41.085271
1600948020365,12096,51.238095
1600948022566,27392,49.790119
1600948023569,13696,63.881830
1600948025319,15616,45.530816
1600948026337,1216,83.971142
1600948030351,13807,98.076923
1600948031354,19944,91.863517
1600948032356,29737,98.621122
1600948033358,8454,90.980137
1600948034360,21641,96.607483
1600948035362,10057,91.108987
1600948036364,19432,81.294730
1600948038134,26854,89.459595
1600948040084,28907,81.941235
1600948041086,22019,95.739981
1600948042088,10156,88.231490
1600948043090,17911,94.109905
1600948045045,28489,80.530105
1600948046047,22528,89.611179
1600948047602,18712,54.593176
1600948048603,14824,72.514071
1600948050399,21696,43.418088
1600948051401,12858,64.791865
1600948053408,24826,51.866029
1600948054410,8716,80.269339
1600948059617,34360,97.717323
1600948061150,21687,91.827542
1600948062152,30353,96.533249
1600948063157,10440,94.079755
1600948065250,27000,91.510928
1600948066256,10322,92.356892
1600948067259,16750,86.003924
1600948068261,14347,92.275507
1600948069267,16885,69.911794
1600948070268,21440,98.183526
1600948071458,12993,69.200524
1600948072460,18427,94.123223
1600948073913,15255,67.512039
1600948074914,18541,92.678348
1600948075919,11840,76.345113
1600948076921,14336,77.384732
1600948079029,23233,51.435021
1600948080045,15231,69.368520
1600948081055,10496,91.705938
1600948082057,13632,49.951535
1600948083059,14848,91.831997
1600948084546,16256,40.647021
1600948090543,23358,95.151515
1600948091546,31941,96.970643
1600948092621,13819,91.674765
1600948093623,19650,95.595668
1600948095370,23745,83.245383
1600948096371,23039,94.061607
1600948097942,20366,71.178607
1600948098944,24882,79.320113
1600948100219,11136,52.424047
1600948101221,14336,97.879638
1600948102427,11392,64.684744
1600948103429,16999,98.419722
1600948104431,4464,79.272727
1600948105433,16809,91.375698
1600948107276,22912,74.717103
1600948108278,22784,90.845563
1600948110085,23350,48.599936
1600948111087,13706,73.867925
1600948112090,11414,94.343820
1600948113092,12650,41.332906
1600948114094,13696,85.168823
1600948115097,10816,87.073325
1600948116099,10304,35.904000
1600948120402,7515,99.220698
1600948121571,2597,94.715319
1600948122574,35776,98.567119
1600948123824,10710,87.425150
1600948124841,28330,97.894406
1600948125918,5140,86.586554
1600948126935,21600,97.941360
1600948128090,9711,80.994251
1600948129092,20078,88.513650
1600948130694,20455,91.064516
1600948132712,27262,84.023476
1600948133977,26290,97.826087
1600948134982,13743,60.672324
1600948135983,18089,86.706102
1600948137747,17920,79.941099
1600948138750,22144,81.515799
1600948140076,15411,88.269417
1600948141078,15053,34.249201
1600948142079,11136,93.541342
1600948143832,20800,47.087222
1600948144834,14208,48.022778
1600948145837,10420,98.275321
1600948147280,18124,49.291237
1600948148282,14976,68.396226
1600948149285,768,72.707217
1600948154296,27072,97.680290
1600948156280,29385,91.592640
1600948157304,34754,95.809704
1600948158307,10294,84.207120
1600948159309,14463,95.997459
1600948160314,7430,84.475479
1600948161316,17018,95.757954
1600948162318,9258,87.435567
