Warning: Permanently added '18.144.166.97' (ECDSA) to the list of known hosts.
initializing server with:
addr=30d615e6962bcfd30847a8aa6ed103aba903603b0f0b11a090b344aca881a114, instance=1, port=6666, benchmark=true, pprof=false, batchVerification=true, mapType=insertOnly, merklePooling=true, merklePoolSize=64
initializing map with len = 1.000000e+07...
initialized map. server is ready.
collect and dispatch: 64
1600935745409,256,6.024474
1600935746410,1792,17.979291
1600935747411,4480,38.714783
1600935748413,7808,76.545166
1600935749415,16704,82.682458
1600935750417,15871,98.687090
1600935751419,22306,97.118697
1600935752421,22239,95.536562
1600935753424,15512,92.105263
1600935754426,18948,98.997180
1600935755429,23500,97.963659
1600935756431,26795,90.997797
1600935757434,28046,98.149890
1600935758436,26605,90.909091
1600935759439,30255,88.846399
1600935760441,22979,95.145019
1600935761444,33605,94.664587
1600935762446,32621,97.778473
1600935763448,31684,86.458996
1600935764450,22511,98.626717
1600935765453,37755,98.370417
1600935766455,31392,89.933941
1600935767457,27648,80.505762
1600935768765,36242,82.504720
1600935769767,27182,84.374155
1600935770950,34191,91.475827
1600935771951,33201,85.345651
1600935772953,27008,83.577339
1600935773955,23123,83.134796
1600935774957,33772,95.680958
1600935775960,30013,81.783920
1600935776961,21188,90.269931
1600935777965,30336,86.666667
1600935778970,29632,75.278396
1600935779971,24960,90.552417
1600935780974,22784,89.352291
1600935781976,30360,98.342196
1600935782978,30930,88.322317
1600935783979,32790,84.183673
1600935784981,21248,93.204775
1600935786004,23104,97.196850
1600935787007,41000,93.821293
1600935788009,31638,71.414914
1600935789011,22658,64.615875
1600935790017,20882,82.771654
1600935791018,31022,91.992434
/etc/profile.d/lang.sh: line 19: warning: setlocale: LC_CTYPE: cannot change locale (UTF-8): No such file or directory
1600935792226,32799,97.891756
1600935793229,34999,76.375712
1600935794231,25456,83.559055
1600935795232,29626,86.899152
1600935796234,30080,88.142786
1600935797499,33456,72.029029
1600935798551,26448,94.456624
1600935799554,32268,76.593720
1600935800557,27622,83.437037
1600935801634,26776,87.357052
1600935802635,19638,98.086606
1600935803889,43334,98.241758
1600935804891,33701,68.287258
1600935805893,24405,75.728466
1600935806894,21248,72.828863
1600935807896,26177,96.300940
1600935808901,20631,71.337782
1600935809903,29850,71.002199
1600935810905,26126,78.555591
1600935811907,19776,82.946708
1600935812917,18176,98.958991
1600935813919,22556,97.649640
1600935814921,35982,97.664879
1600935815923,33497,98.783531
1600935816925,35652,89.330808
1600935817931,17135,95.954488
1600935818933,34490,89.404609
1600935819935,31312,76.847134
1600935820936,25728,97.373358
1600935821947,28335,82.797839
1600935823062,26653,90.985652
1600935824064,29620,83.349012
1600935825066,25190,82.076947
1600935826068,29658,77.029578
1600935827074,24543,83.912769
1600935828077,15265,93.382119
1600935829081,29844,98.226509
1600935830083,34634,94.700315
1600935831085,32930,82.649842
1600935832087,26709,74.092774
1600935833089,13365,98.565190
1600935834091,28230,92.216671
1600935835286,43184,81.723155
1600935836288,27520,66.458463
1600935837289,21056,80.669856
1600935838291,27136,67.907857
1600935839292,16075,82.547170
1600935840294,31413,88.567839
1600935841296,29089,79.491206
1600935842633,30402,94.470625
1600935843642,33379,71.597823
1600935844644,14394,95.947220
1600935845645,31276,97.839023
1600935846650,27004,97.452029
1600935847703,34964,80.505529
1600935848705,28896,69.646241
1600935849707,21540,58.886781
1600935850709,13952,72.421384
1600935851711,5369,98.933501
1600935852713,30402,97.545626
1600935853716,19932,97.119599
1600935854719,37052,97.575567
1600935855721,31529,95.789807
1600935856726,42767,80.752071
1600935857729,4597,92.300380
1600935858732,32173,98.213736
1600935859805,30086,98.368883
1600935860808,27326,98.151050
1600935861810,37946,97.546584
1600935862815,32581,83.557783
1600935863829,8208,97.005988
1600935864831,33258,98.691589
1600935865835,37270,86.915297
1600935866837,29838,77.834233
1600935867839,29740,95.694840
1600935868843,25031,72.111682
1600935869847,13455,98.238440
1600935870849,26935,97.934272
1600935871852,36448,70.964691
1600935872854,27737,87.602266
1600935873856,29053,83.759874
1600935874858,25219,77.989385
1600935875860,17329,98.023839
1600935876862,34289,67.033312
1600935877866,25438,95.982284
1600935878868,28357,53.065811
1600935879870,22331,76.225103
1600935880871,23232,67.055485
1600935881873,18624,83.417402
1600935882875,12370,95.646688
1600935883878,27632,98.411215
1600935884881,23423,97.553325
1600935885882,25004,97.107828
1600935886884,17078,97.197452
1600935887886,51315,95.625798
1600935888888,23339,82.455584
1600935889892,13119,98.698078
1600935890905,42240,96.984925
1600935891913,23809,98.474946
1600935892917,30195,98.311445
1600935893919,33688,91.807459
1600935894921,28532,66.792216
1600935895924,14337,69.856459
1600935896927,17482,98.123827
1600935897929,38032,98.275862
1600935898933,26995,71.047619
1600935899935,27378,88.733735
1600935900937,25879,88.250079
1600935901939,27402,84.101749
1600935902941,23007,50.334928
1600935903943,11659,98.402256
1600935904947,26485,95.540797
1600935905949,29312,98.149890
1600935906951,26195,98.317233
1600935907954,35439,83.016477
1600935908955,29054,80.976538
1600935909957,24128,54.583200
1600935910959,7931,98.327020
1600935911962,17483,97.781943
1600935912964,25868,98.165423
1600935913967,27777,97.301537
1600935914969,47017,97.754911
1600935915973,28356,96.993423
1600935916975,20485,88.400759
1600935917976,20347,73.601012
1600935918979,25630,98.284467
1600935919982,30178,96.406444
1600935921018,10990,87.519697
1600935922020,41610,90.456821
1600935923023,27411,93.765823
1600935924024,31925,89.506558
1600935925026,25900,62.753807
1600935926028,15699,76.387582
1600935927030,29505,83.306987
1600935928033,21513,93.463846
1600935929035,32567,62.026123
1600935930038,20032,97.235313
1600935931072,22402,91.244528
1600935932075,33406,85.714286
1600935933077,22796,59.812176
1600935934081,14196,91.032523
1600935935083,31288,98.319851
1600935936094,28615,79.691436
1600935937097,29377,74.761602
1600935938098,26432,84.671302
1600935939100,23552,74.480806
1600935940103,24122,76.504117
1600935941105,27398,72.190657
1600935942107,704,79.714739
1600935943112,31275,97.253433
1600935944117,30874,98.415701
1600935945445,37159,95.363409
1600935946448,27885,87.634409
1600935947451,21810,93.759799
1600935948453,29988,80.974992
1600935949713,34513,58.844302
1600935950734,15432,97.950173
1600935951738,31155,98.496241
1600935952741,25862,91.784703
1600935953743,33215,65.635847
1600935954745,17694,79.608221
1600935955747,32610,80.357143
1600935956748,21632,84.790155
1600935957749,24832,72.863520
1600935958751,10176,87.222575
1600935959755,22531,98.307741
1600935960758,17479,97.892419
1600935961760,31131,98.751561
1600935962778,38942,78.213368
1600935964250,35893,98.174378
1600935965341,30699,69.879899
1600935966713,35101,53.936882
1600935967718,8960,87.559204
1600935968720,34169,91.471415
1600935969721,26119,72.677323
1600935970988,25270,81.521739
1600935972411,37858,62.326608
1600935973415,22888,93.628374
1600935974418,21822,76.102015
1600935975420,26878,81.078524
1600935976422,25412,79.105897
1600935977423,4480,80.006357
1600935978425,14859,98.436034
1600935979428,24904,98.278560
1600935980431,38850,96.938131
1600935981665,40912,56.905901
1600935982668,26904,98.937832
1600935983670,26429,95.954488
1600935984673,27280,61.356093
1600935986020,27938,61.562598
1600935987032,6310,98.391587
1600935988062,25007,97.863651
1600935989065,37778,98.837940
1600935990070,28613,87.007775
1600935991328,32923,88.311923
1600935993064,48654,76.026856
1600935994676,38270,80.797216
1600935995679,18689,66.666667
1600935996682,15552,99.120095
1600935998003,20531,97.812862
1600936000177,53889,98.870765
1600936001181,40139,98.236776
1600936002185,42387,97.499209
1600936003189,19163,97.958543
1600936004194,33132,82.031985
1600936005195,12839,77.278441
1600936006198,16830,97.778473
1600936007202,35457,77.569201
1600936008205,23913,86.399746
1600936009207,27928,75.220960
1600936010208,18944,79.024081
1600936011212,21184,96.981313
1600936012579,35344,61.389237
1600936013586,28528,82.761905
1600936014588,24325,79.162732
1600936015597,5499,76.007039
1600936017215,35114,97.976937
1600936018778,51863,50.000000
1600936019780,25855,88.766865
1600936020782,22528,70.987070
1600936021784,20022,86.867393
1600936022786,32655,91.527559
1600936023788,22655,92.416614
1600936024790,25339,52.917061
1600936025794,16500,74.613687
1600936026795,5645,72.940075
1600936027804,11715,98.723139
1600936028807,20614,97.737272
1600936029811,20020,98.406748
1600936030813,36761,97.689873
1600936031815,27547,86.545112
1600936032819,50959,98.906933
1600936033821,27136,94.336060
1600936035128,36462,51.009292
1600936036130,24338,70.859671
1600936037131,448,79.391390
1600936038426,32451,98.752834
1600936039551,26305,98.226509
1600936040562,28793,97.947584
1600936041564,24007,97.976969
1600936042566,24644,98.785654
1600936043681,34577,58.630483
1600936044683,24039,97.678795
1600936045684,22979,93.186120
1600936046692,29693,50.962773
1600936047694,17728,76.235442
1600936048696,64,85.394322
1600936049698,22196,99.153605
1600936050701,17748,97.425558
1600936051711,29843,97.830871
1600936052713,47091,99.092616
1600936053835,28952,84.678942
1600936055170,35994,72.773863
1600936056171,27520,88.015099
1600936057174,21607,60.811242
1600936058175,25753,85.844034
1600936059178,17980,52.497614
1600936060179,580,58.624063
1600936061182,17335,98.025078
1600936062185,27969,98.105463
1600936063190,29833,98.082967
1600936064193,17414,98.176101
1600936065197,25594,97.196850
1600936066202,27560,98.368350
1600936067607,36354,91.793893
1600936068612,30421,97.443989
1600936069614,21343,97.794581
1600936070616,23931,96.339539
1600936071704,20134,27.241052
1600936072707,2880,61.472819
1600936073710,18031,98.257623
1600936074721,42025,98.969394
1600936075725,20462,97.186216
1600936076728,23178,97.939432
1600936077730,21342,97.274436
1600936078732,20833,97.921836
1600936079741,25989,98.074495
1600936080744,18861,98.379052
1600936081749,25920,98.688729
1600936082752,25700,96.165835
1600936083755,20406,97.277847
1600936084757,32165,71.634766
1600936087176,28683,98.513514
1600936088335,18324,97.770319
1600936089649,40391,98.216363
1600936091272,59643,98.344267
1600936092567,38143,97.343454
1600936094013,41378,97.288875
1600936095015,22120,97.396487
1600936096017,27407,78.875908
1600936097019,18567,70.034407
1600936099249,25500,97.789256
1600936100884,49730,97.895985
1600936103012,70879,98.003120
1600936104016,37955,98.783151
1600936105021,28794,53.913608
1600936106023,25286,81.883605
1600936107026,19053,97.846442
1600936108030,34131,49.764521
1600936109040,1344,69.208401
1600936110042,18962,91.230324
1600936111043,28709,83.176397
1600936112047,27085,98.780106
1600936113050,21912,60.467319
1600936114052,29589,99.031855
1600936115197,27288,51.649387
1600936116214,24951,74.613199
1600936117215,16401,97.120921
1600936118217,33973,94.432348
1600936119219,23954,66.772858
1600936120221,27816,86.158631
1600936121449,21799,27.559055
1600936122455,733,86.859182
1600936124203,53459,68.649162
1600936125206,33105,98.515152
1600936126245,24516,60.911118
1600936127247,25300,78.923767
1600936128388,22016,47.842761
1600936129395,22528,79.106858
1600936130574,16781,92.164675
1600936131777,27891,97.540984
1600936132780,28543,95.087610
1600936133783,34493,90.062500
1600936134784,14084,73.798989
1600936135785,896,54.203262
1600936136787,21224,98.624140
1600936137789,10912,98.619391
1600936138795,10358,98.501405
1600936139798,33682,98.183526
1600936140801,33627,98.904538
1600936141827,29157,98.116761
1600936142838,38590,88.302823
1600936143856,36146,71.712636
1600936144858,28979,99.374022
1600936145860,22982,54.253968
1600936146862,24263,40.062794
1600936147871,16875,99.624765
1600936148874,19348,35.413316
1600936149875,1601,86.596943
1600936151843,55473,95.966709
1600936152848,37805,91.289308
1600936153850,23447,72.492744
1600936154854,26310,96.483516
1600936155856,25285,52.704891
1600936156857,24832,61.567756
1600936157859,18013,96.883853
1600936158861,25251,76.699029
1600936159867,26764,99.061327
1600936160869,27636,71.378318
1600936161871,27520,86.979823
1600936162872,4480,35.632184
1600936163874,14977,98.759305
1600936164887,27520,98.850575
1600936165995,24427,98.558847
1600936167172,24597,98.382226
1600936168627,26302,98.206785
1600936170597,64988,84.935701
1600936171627,39141,93.799182
1600936172629,23323,94.236311
1600936173631,32973,95.241077
1600936174886,28261,53.504599
1600936175889,17011,75.663027
1600936176910,576,77.265601
1600936177915,38336,99.273388
1600936178949,20652,62.993369
1600936179951,29844,98.254908
1600936181044,22249,97.921260
1600936182047,36759,98.872887
1600936183050,20313,30.570609
1600936184052,17203,65.188679
1600936185054,22621,99.058971
1600936186056,23063,62.354086
1600936187062,23860,99.407731
1600936188073,22300,71.969466
1600936189120,36144,97.360462
1600936190261,20032,33.619048
1600936191264,64,86.727123
1600936193612,68416,64.267756
1600936194614,27392,71.916509
1600936196184,32448,92.461068
1600936198363,58125,32.020493
1600936199368,16947,40.025782
1600936200370,19456,98.936170
1600936201447,20655,52.819852
1600936202459,24529,79.706525
1600936203783,26176,59.633607
1600936204785,25472,88.112410
1600936206049,23191,50.999078
1600936207091,8745,39.704465
1600936208096,10524,99.339415
1600936209100,20481,98.053986
1600936210106,38245,98.626717
1600936211108,28207,98.909318
1600936212112,16015,95.763516
1600936213116,26442,98.055207
1600936214121,34387,98.405253
1600936215127,18465,85.917722
1600936216129,33923,99.593623
1600936217131,20163,86.289819
1600936218135,27644,96.656250
1600936219142,27709,62.580026
1600936220147,27715,99.404948
1600936221456,29897,52.021649
1600936222458,2103,30.272873
1600936223461,14749,96.778191
1600936224478,21887,95.299420
1600936225481,35864,99.497645
1600936226484,17846,98.283931
1600936228090,50028,65.147625
1600936229092,29162,79.390737
1600936230094,10816,55.903767
1600936231094,24960,81.525851
1600936232096,11288,98.059468
1600936233099,37370,99.280125
1600936234238,24564,83.905512
1600936235240,36410,98.053643
1600936236560,27163,49.461002
1600936237561,20389,76.500000
1600936238834,64,86.963334
1600936239837,40867,98.462504
1600936240840,23287,81.404959
1600936242594,36646,87.947494
1600936244179,33088,96.831870
1600936245187,30299,72.989045
1600936246188,18277,84.761303
1600936248179,45390,72.904048
1600936249180,31342,74.395984
1600936250182,17148,98.464431
1600936251184,28894,98.178964
1600936252186,32043,91.393443
1600936253188,22591,44.376802
1600936254189,17088,84.122475
1600936256192,3072,43.617021
1600936257194,25880,98.561151
1600936258196,24987,98.055556
1600936259210,37297,89.890110
1600936260212,23604,70.826734
1600936261217,19216,90.076094
1600936262223,28118,97.901003
1600936263226,25380,28.928233
1600936264228,13342,98.021931
1600936265698,33728,92.664577
1600936266700,36736,99.470240
1600936267702,20236,67.101495
1600936268705,25588,81.344717
1600936270177,29062,82.213673
1600936271254,32762,36.991094
1600936272256,2496,69.722747
1600936273407,7984,92.036802
1600936274409,48656,46.614420
1600936276028,18946,76.920665
1600936277030,33918,86.427898
1600936278033,15873,82.979388
1600936279034,29695,62.234884
1600936280038,13098,95.298201
1600936281039,28246,32.592122
1600936282040,15680,61.754497
1600936283042,20583,99.211854
1600936284045,15451,83.612251
1600936285049,38421,99.562500
1600936286097,14222,70.854756
1600936287101,37595,74.719101
1600936288103,12728,84.137496
1600936289104,26952,50.317058
1600936290105,15232,18.201963
1600936291107,128,98.357341
1600936292351,17664,97.045883
1600936293355,42729,99.657854
1600936294645,35053,70.287540
1600936295647,28586,88.120994
1600936297225,31761,59.898316
1600936298227,28399,94.537417
1600936299289,18048,40.051348
1600936300290,17664,75.686059
1600936302019,27904,98.465393
1600936303022,29792,99.060150
1600936304029,27038,40.345269
1600936305030,18562,65.244668
1600936306039,20382,99.624531
1600936307065,23508,88.273921
1600936308072,35790,82.490637
1600936309074,1216,52.099483
1600936311732,52461,97.052227
1600936312752,39540,99.094033
1600936313753,20767,72.989234
1600936314755,24768,69.507154
1600936315757,20395,97.056982
1600936316759,22997,38.231552
1600936317760,18240,58.100381
1600936318762,20928,99.656357
1600936320061,29843,59.698208
1600936321078,25529,51.739405
1600936322085,18858,99.466750
1600936323428,29648,71.065990
1600936324431,31226,71.728849
1600936326254,25473,86.993744
1600936327256,35541,98.086575
1600936328258,874,23.546326
1600936329260,64,71.238651
1600936331387,45748,91.093474
1600936332473,54746,99.750468
1600936333716,25074,63.235757
1600936334720,24512,99.172604
1600936336089,31808,23.377863
1600936337091,10944,54.915146
1600936338092,23356,99.687988
1600936339223,20676,49.503046
1600936340225,22336,72.170398
1600936341229,17850,99.343545
1600936342232,24093,45.422308
1600936343233,23529,46.323761
1600936345312,32514,77.709169
1600936346342,38474,99.160079
1600936347612,24308,50.671785
1600936348614,1536,18.774194
1600936349615,9088,82.795699
1600936351075,34560,39.928872
1600936352077,19008,61.777438
1600936353327,19222,66.455896
1600936354329,16746,12.132701
1600936355330,6912,13.348059
1600936356331,7488,8.312343
1600936357333,4800,8.125984
1600936358334,4736,59.657854
1600936359482,4672,6.552707
1600936360484,3392,5.950882
1600936361485,3520,7.100220
1600936362486,4032,6.590981
1600936363488,3968,5.044416
1600936364489,3520,5.052100
1600936365490,3136,2.332913
1600936366491,1536,6.271667
1600936367492,3776,68.709378
1600936368508,3520,8.564232
1600936369509,4096,5.858138
1600936370510,3840,6.536154
1600936371512,4032,6.079797
1600936372514,4160,5.432020
1600936373515,3776,3.702532
1600936374516,2560,3.540942
1600936375517,2432,2.483496
1600936376518,1472,0.062775
