Warning: Permanently added '54.183.229.1' (ECDSA) to the list of known hosts.
/etc/profile.d/lang.sh: line 19: warning: setlocale: LC_CTYPE: cannot change locale (UTF-8): No such file or directory
initializing server with:
addr=c8766183072ad3a0aeb17e672152bff7d5382a62f14a818f2a7dbe3c123d1fc3, instance=0, port=6666, benchmark=true, pprof=false, batchVerification=true, mapType=insertOnly, merklePooling=true, merklePoolSize=64
initializing map with len = 1.000000e+07...
initialized map. server is ready.
collect and dispatch: 64
1600950832651,256,1.248439
1600950833654,128,0.563380
1600950834655,128,0.657277
1600950835656,128,2.380207
1600950836657,320,1.692790
1600950837659,320,0.563380
1600950838660,192,0.594493
1600950839661,192,0.501567
1600950840662,256,0.500626
1600950841663,192,0.375704
1600950842664,128,3.341661
1600950843666,384,4.897959
1600950844668,640,2.510986
1600950845669,512,1.128527
1600950846670,320,10.266876
1600950847671,576,2.259887
1600950848672,512,2.010682
1600950849673,576,1.130298
1600950850674,512,1.193093
1600950851675,576,1.159511
1600950852676,448,1.287688
1600950853677,512,10.065851
1600950854678,704,2.798742
1600950855679,640,2.952261
1600950856680,768,1.350078
1600950857682,576,1.412429
1600950858683,512,0.847990
1600950859684,448,1.539428
1600950860685,640,9.090909
1600950861686,576,2.891263
1600950862687,704,2.611705
1600950863688,640,1.760453
1600950864689,640,2.198492
1600950865690,640,3.645506
1600950866691,832,10.091454
1600950867692,896,1.759899
1600950868693,704,1.605793
1600950869694,768,1.699182
1600950870696,704,1.854180
1600950871697,768,1.510384
1600950872698,704,9.704774
1600950873699,704,2.199183
1600950874700,768,6.039635
1600950875701,1088,2.731554
1600950876703,960,11.674009
1600950877704,960,3.438486
1600950878705,1088,3.458032
1600950879706,1088,1.831965
1600950880707,896,12.550988
1600950881711,1152,8.626098
1600950882712,1408,4.349196
1600950883713,1216,5.424156
1600950884714,1408,17.243549
1600950885715,1664,9.062303
1600950886717,1920,21.075949
1600950887718,2048,5.402844
1600950888719,1792,4.266751
1600950889720,1728,16.166719
1600950890721,2112,10.833860
1600950891722,2191,20.784929
1600950892724,2545,11.275591
1600950893725,2496,24.778761
1600950894726,2688,12.267424
1600950895732,2753,19.962335
1600950896733,2815,18.888187
1600950897734,2752,13.692552
1600950898736,3264,20.592873
1600950899737,3008,20.132953
1600950900738,3264,16.036837
1600950901739,3456,25.388765
1600950902740,3968,24.739666
1600950903742,3840,15.009500
1600950904743,3904,27.621159
1600950905744,3968,28.802281
1600950906745,4480,34.597005
1600950907746,5120,52.685676
1600950908747,5568,50.063694
1600950909750,6656,43.811960
1600950910752,6528,43.166614
1600950911753,6464,50.460171
1600950912754,6720,44.114833
1600950913757,6912,42.421354
1600950914758,7232,42.231458
1600950915759,7488,61.093991
1600950916999,10139,81.253999
1600950918001,9609,76.739752
1600950919003,10396,72.243467
1600950920005,8896,82.096934
1600950921006,10432,81.764513
1600950922008,10176,89.852753
1600950923015,13312,54.328935
1600950924017,9984,60.012962
1600950925020,10560,59.657623
1600950926021,10240,74.386747
1600950927023,11268,77.478619
1600950928025,11708,61.955128
1600950929027,11200,68.564994
1600950930030,11776,73.765234
1600950931031,12096,75.992318
1600950932035,12544,85.355649
1600950933037,13248,69.169073
1600950934039,8512,99.218017
1600950935041,16256,85.939470
1600950936047,13953,93.880786
1600950937053,14686,97.650376
1600950938055,13266,96.908517
1600950939057,11983,96.831432
1600950940060,11200,90.488189
1600950941062,10688,62.708661
1600950942067,6353,99.127182
1600950943071,16548,98.740951
1600950944073,13207,98.299213
1600950945076,12276,96.725441
1600950946079,12151,96.435331
1600950947082,11977,67.144600
1600950948183,6336,56.728778
1600950949185,6848,70.043904
1600950950187,5504,61.570106
1600950951189,6784,75.298408
1600950952191,4864,90.414924
1600950953193,9735,83.343789
1600950954194,6329,44.692211
1600950955196,4964,99.438027
1600950956199,10772,99.937753
1600950957203,11978,99.532856
1600950958206,10110,99.596649
1600950959210,10488,98.781250
1600950960212,7242,98.521548
1600950961214,9533,98.679660
1600950962217,10113,96.253968
1600950963220,9664,98.563398
1600950964222,10816,97.954671
1600950965361,10627,98.096130
1600950966364,12673,97.142857
1600950967366,9596,96.975425
1600950968368,14272,96.907542
1600950969370,10176,95.320352
1600950970373,13504,95.473251
1600950971376,14529,63.316424
1600950972378,1919,45.078864
1600950974383,11537,97.211660
1600950975386,9392,98.096130
1600950976388,27188,97.153581
1600950977390,15563,97.231834
1600950978392,24512,94.495705
1600950979396,12942,88.588197
1600950980399,18293,94.232587
1600950981402,14973,93.742217
1600950982428,14994,87.952579
1600950983432,18406,93.902698
1600950984922,20359,90.492117
1600950986273,18554,89.025575
1600950987275,18136,69.627967
1600950988276,10159,58.330699
1600950990280,9020,98.473520
1600950991282,10125,98.906250
1600950992289,19371,96.654040
1600950993292,25612,97.696997
1600950994679,8099,95.330376
1600950996043,43804,86.040658
1600950997718,23862,88.210982
1600950999437,28057,83.257031
1600951000440,19482,91.415901
1600951001443,14680,91.797501
1600951002444,14145,89.898009
1600951003774,19765,55.954271
1600951004783,8330,53.773287
1600951007125,9344,98.524173
1600951008361,31134,97.784633
1600951009482,15248,96.424090
1600951010491,24530,96.053246
1600951011841,16896,83.398311
1600951012845,17345,91.931855
1600951013847,14719,92.199488
1600951014887,14850,89.126251
1600951016563,26844,83.606557
1600951017570,19299,91.853752
1600951018573,14463,90.470099
1600951019575,14300,80.464690
1600951020643,19428,75.293744
1600951021644,4672,16.819186
1600951024648,11186,99.127998
1600951025732,14037,98.288016
1600951027291,45849,93.247470
1600951029016,41628,95.389897
1600951030326,14596,92.330932
1600951031711,17958,91.852037
1600951032979,18133,90.337224
1600951034460,27939,89.658014
1600951036027,30121,60.251451
1600951037029,17017,87.579618
1600951038033,14016,75.055750
1600951039036,10880,46.276257
1600951041038,64,83.510176
1600951042892,36620,96.915212
1600951044792,48451,82.937638
1600951046371,26978,57.341527
1600951047377,14927,96.418384
1600951048379,15040,47.603521
1600951049380,14400,91.014766
1600951050385,14208,51.975781
1600951051387,14208,96.635220
1600951052390,15936,74.338791
1600951053392,15936,87.945724
1600951054394,17472,94.561069
1600951055397,14184,52.409639
1600951056403,3160,61.451461
1600951058408,13237,98.313554
1600951059410,24523,94.614903
1600951060412,20841,96.317460
1600951061415,21156,96.697364
1600951062452,15391,95.046676
1600951064121,29467,80.736286
1600951065864,26553,43.112816
1600951066868,12992,91.279799
1600951067870,13440,57.603093
1600951068875,15052,97.132052
1600951069877,14644,90.966519
1600951071353,27328,61.277832
1600951072355,15936,68.364780
1600951073356,1728,59.512631
1600951075778,21340,95.929869
1600951076834,24100,50.270099
1600951077838,13394,97.400127
1600951078840,10358,97.645951
1600951079842,8722,96.471710
1600951080844,11566,88.988476
1600951082394,25401,85.355512
1600951083401,24575,96.026490
1600951084405,12672,90.445656
1600951085409,20610,92.005076
1600951086411,16894,94.372431
1600951087415,19328,80.309735
1600951088419,16960,78.777320
1600951089421,10946,83.966942
1600951090426,19823,74.021465
1600951091429,207,71.064232
1600951093436,386,98.279637
1600951094438,25303,95.963705
1600951095440,29415,82.142857
1600951096443,19417,83.059937
1600951097445,16935,80.416930
1600951098448,15299,82.041588
1600951099450,16573,39.131823
1600951100452,10771,99.000312
1600951101455,15978,48.908858
1600951102456,13407,87.984743
1600951103458,11744,87.240166
1600951104461,16838,92.122186
1600951105463,6782,82.994758
1600951106466,15958,89.538661
1600951107468,20010,95.524257
1600951108469,13824,87.971622
1600951109473,16384,58.422376
1600951113543,26985,98.788820
1600951114552,26873,96.190176
1600951115555,23300,93.953935
1600951116558,17882,91.814373
1600951117561,13026,89.316375
1600951118562,23134,81.075949
1600951119564,13572,77.395965
1600951120570,16357,92.519562
1600951121573,15166,63.742875
1600951122574,13465,72.620929
1600951123577,12672,83.756522
1600951124580,6446,94.899244
1600951125582,9362,84.857424
1600951126584,14375,90.404845
1600951127586,18969,89.363078
1600951128588,19354,76.563011
1600951129590,9510,71.656250
1600951132835,1152,97.027198
1600951133838,38400,98.654568
1600951134841,14905,97.580899
1600951136228,24225,93.261589
1600951138150,36198,84.869059
1600951139153,26124,97.498437
1600951140160,14132,63.589579
1600951141167,14720,86.672998
1600951142169,12480,59.751829
1600951143171,13801,70.157233
1600951144173,9623,77.204030
1600951145174,9672,90.318430
1600951146176,19320,80.102367
1600951147178,13356,86.184635
1600951148180,15397,78.200580
1600951149184,16146,79.748873
1600951150186,9181,23.045397
1600951151187,64,79.936909
1600951153192,17707,98.620257
1600951154308,13925,98.396408
1600951155780,35952,94.444444
1600951157543,24320,92.224231
1600951159317,28261,85.226567
1600951160380,27995,96.546311
1600951161483,16433,43.163625
1600951162485,11983,85.088832
1600951163487,12508,90.176565
1600951164489,20388,84.187362
1600951165491,10614,74.368114
1600951166492,18250,40.056818
1600951167494,9384,94.979345
1600951168497,9944,86.956522
1600951169498,18655,79.739837
1600951170500,7905,44.249452
1600951173511,9094,99.403454
1600951174513,10692,97.461285
1600951175750,28272,96.621408
1600951176838,26312,96.774194
1600951177841,16600,95.741325
1600951179267,21133,92.995481
1600951181261,35008,92.934534
1600951183361,37568,50.161603
1600951184363,15257,78.262233
1600951185365,11840,75.440846
1600951186367,15936,68.876439
1600951187388,8960,89.297125
1600951188398,11541,87.300064
1600951189400,12476,87.965060
1600951190405,17545,87.103046
1600951191407,12518,80.220820
1600951192408,5120,20.645978
1600951193409,192,73.598497
1600951194416,64,73.930818
1600951195418,12977,99.592604
1600951196420,14131,97.165354
1600951197425,34707,97.336258
1600951198429,13385,95.388503
1600951199432,15676,93.199234
1600951200434,15748,87.035831
1600951201440,22730,94.721871
1600951202442,13878,81.688353
1600951203447,18635,94.917929
1600951204449,13026,57.782719
1600951205452,16846,97.465146
1600951206643,14458,73.692653
1600951207645,20363,82.172003
1600951208646,8640,40.289389
1600951209647,12352,96.070418
1600951210649,10240,88.088377
1600951212084,21186,53.249678
1600951213104,14531,95.983424
1600951214261,13694,39.208174
1600951215262,2685,58.220183
1600951216966,320,80.995953
1600951218755,8927,95.893872
1600951219757,41697,93.225191
1600951220762,21338,93.810758
1600951221765,24232,97.831391
1600951222936,14590,94.289340
1600951223942,14849,94.379168
1600951224944,16511,47.904762
1600951225945,14976,89.313695
1600951227350,18816,55.682540
1600951228358,15872,91.934686
1600951229644,16001,82.370210
1600951231691,31120,55.362319
1600951232693,15855,95.858499
1600951233793,13753,37.520026
1600951234795,11207,76.771528
1600951235950,12672,39.328000
1600951236953,11072,96.113287
1600951237998,10489,89.349477
1600951239550,12359,75.406284
1600951241530,64,14.703110
1600951242531,128,49.218750
1600951243532,20608,72.250084
1600951245432,29696,96.954568
1600951247350,36820,85.395800
1600951248358,24753,97.413249
1600951249360,11583,90.679052
1600951250365,18812,89.068159
1600951251367,3554,95.963128
1600951252369,8734,84.505208
1600951253373,11751,87.491982
1600951254378,17817,93.541257
1600951255678,16150,86.535357
1600951256682,18942,97.868339
1600951257686,10604,90.512576
1600951258690,11263,90.961724
1600951259692,17489,90.796178
1600951260894,11269,91.413980
1600951262908,33516,83.005894
1600951263911,26111,97.659176
1600951264913,5504,36.919555
1600951269222,6848,97.973401
1600951270235,11150,97.522855
1600951271301,9196,96.506606
1600951273783,51079,92.278360
1600951274786,40511,97.891756
1600951275983,13677,84.038334
1600951276986,26195,95.884774
1600951277989,8516,91.101007
1600951278992,20604,93.494129
1600951280570,19745,82.435897
1600951281598,25168,95.812343
