Warning: Permanently added '54.153.22.193' (ECDSA) to the list of known hosts.
/etc/profile.d/lang.sh: line 19: warning: setlocale: LC_CTYPE: cannot change locale (UTF-8): No such file or directory
initializing server with:
addr=c8766183072ad3a0aeb17e672152bff7d5382a62f14a818f2a7dbe3c123d1fc3, instance=1, port=6666, benchmark=true, pprof=false, batchVerification=true, mapType=insertOnly, merklePooling=true, merklePoolSize=64
initializing map with len = 1.000000e+07...
initialized map. server is ready.
collect and dispatch: 64
1600950832134,192,1.596744
1600950833135,256,1.157335
1600950834136,192,0.250235
1600950835137,64,2.255639
1600950836139,320,2.258469
1600950837140,320,0.971178
1600950838141,192,0.500626
1600950839142,192,0.313283
1600950840143,192,0.657277
1600950841144,256,0.406504
1600950842145,128,2.134338
1600950843146,384,7.066246
1600950844147,704,2.447443
1600950845148,448,1.943574
1600950846150,448,9.307427
1600950847151,384,2.455146
1600950848152,640,2.888540
1600950849153,704,1.444724
1600950850154,512,1.097867
1600950851155,448,0.972702
1600950852156,512,0.815814
1600950853157,384,7.126031
1600950854224,512,3.707194
1600950855225,768,3.516484
1600950856227,832,1.507538
1600950857228,512,0.849057
1600950858229,512,1.131364
1600950859230,576,1.195344
1600950860231,640,9.365179
1600950861232,640,2.760351
1600950862234,704,3.620907
1600950863235,896,1.763780
1600950864236,640,2.426725
1600950865237,768,7.540057
1600950866241,960,8.102144
1600950867242,960,1.512287
1600950868243,768,1.697046
1600950869244,768,1.353904
1600950870245,704,1.732283
1600950871246,832,8.790170
1600950872248,768,1.793017
1600950873249,768,1.921260
1600950874250,832,5.848878
1600950875251,1024,6.867357
1600950876259,960,5.715188
1600950877260,960,4.549763
1600950878261,1216,3.729456
1600950879262,1152,1.825622
1600950880263,832,10.652379
1600950881264,1024,8.230842
1600950882265,1472,7.733586
1600950883266,1536,13.245033
1600950884267,1344,11.251182
1600950885269,1984,20.665499
1600950886353,2368,13.029728
1600950887355,2112,9.555769
1600950888356,2112,12.977099
1600950889357,1984,5.906507
1600950890358,1920,22.169363
1600950891359,2560,11.245235
1600950892361,2496,27.275611
1600950893362,3008,20.195954
1600950894363,3136,26.905972
1600950895364,3328,19.257340
1600950896475,3328,10.276806
1600950897476,2880,24.109415
1600950898477,3264,13.952000
1600950899478,3392,22.419253
1600950900482,3264,28.648477
1600950901483,3712,29.490219
1600950902573,4416,21.782820
1600950903575,4224,30.607029
1600950904576,4288,29.191759
1600950905578,4032,32.215837
1600950906579,4806,35.456000
1600950907581,5498,57.559257
1600950908582,6464,59.344158
1600950909585,6848,56.995819
1600950910588,7040,49.466882
1600950911590,6720,58.986025
1600950912591,7744,46.826425
1600950913593,6784,65.108853
1600950914689,8256,53.262317
1600950915692,7616,52.644068
1600950916694,7488,89.964505
1600950917696,9167,81.497084
1600950918698,9778,92.265900
1600950919703,9990,99.055118
1600950920706,10489,84.737175
1600950921708,10756,69.032888
1600950922710,9916,80.141616
1600950923710,12736,69.466146
1600950924711,11072,71.561398
1600950925713,11456,64.463881
1600950926715,11200,77.509653
1600950927718,11844,82.135922
1600950928719,13180,74.959350
1600950929725,12288,76.114546
1600950930728,12480,73.839111
1600950931729,11264,72.524992
1600950932731,9272,99.371069
1600950933734,14011,99.181102
1600950934736,10774,84.471649
1600950935741,13444,79.512032
1600950936743,9459,73.405332
1600950937745,7296,68.493623
1600950938748,7040,68.039821
1600950939749,6272,67.598909
1600950940751,5760,58.420685
1600950941753,7552,75.581004
1600950942755,6830,98.401254
1600950943757,11986,98.389643
1600950944761,8960,47.848794
1600950946036,1728,94.621639
1600950947040,16499,99.065712
1600950948044,13658,99.593496
1600950949046,12987,99.340866
1600950950049,11467,98.358068
1600950951051,7640,99.342105
1600950952595,10840,96.311475
1600950953599,9277,97.476727
1600950954890,8567,99.749059
1600950955893,8381,98.975791
1600950956900,7564,98.618958
1600950957905,7168,99.561541
1600950958907,8768,98.131729
1600950959910,6145,99.063086
1600950960912,9087,98.141732
1600950961914,7041,98.433093
1600950962916,8387,98.656250
1600950963920,10108,80.837731
1600950964922,3968,52.199930
1600950965923,4160,53.262787
1600950966925,4480,69.580179
1600950967926,2816,52.362618
1600950968928,4928,53.434308
1600950969929,5888,49.689847
1600950970935,2176,26.295828
1600950972938,5463,99.533727
1600950973941,16732,99.402560
1600950975040,18512,99.278402
1600950976909,27042,99.149606
1600950977911,18778,98.555276
1600950978914,10402,97.743166
1600950979917,17119,98.538103
1600950980942,11391,96.250397
1600950981944,20353,96.854147
1600950982946,10932,93.248408
1600950983951,19724,97.318612
1600950984953,13546,91.996143
1600950985955,18454,93.640493
1600950986958,16650,92.194025
1600950987961,17078,89.781260
1600950988966,20544,93.346253
1600950989970,15341,85.350529
1600950990973,23388,88.040629
1600950991975,10103,71.522146
1600950995002,128,97.648596
1600950996005,15395,97.683156
1600950997046,16993,98.534913
1600950998229,31875,97.021356
1600950999928,37008,97.871665
1600951000933,19113,97.568677
1600951001937,15845,95.717482
1600951002940,14299,89.279407
1600951004777,33460,90.715553
1600951006419,29308,88.379705
1600951007425,17596,92.312682
1600951008427,14996,89.695024
1600951009433,13112,86.738351
1600951010437,20327,89.118502
1600951011439,16737,90.316333
1600951012606,13824,63.383790
1600951017146,19070,94.641052
1600951018155,27293,97.427755
1600951019157,26095,94.159593
1600951020159,20344,95.094217
1600951021161,10902,91.173362
1600951023000,38253,92.675875
1600951024008,19841,91.626409
1600951025010,16122,94.357166
1600951026029,11930,95.025840
1600951027032,13033,92.734350
1600951028034,12349,90.406504
1600951029036,12251,80.709459
1600951030037,19685,87.516340
1600951031040,15150,84.607746
1600951032041,23250,93.220339
1600951033301,24064,41.887039
1600951034302,6080,69.602544
1600951037348,3008,98.002605
1600951038804,29896,97.426120
1600951039808,20472,97.480064
1600951040811,25382,98.246713
1600951041814,23898,94.231389
1600951042815,17984,94.362018
1600951043818,12671,90.891410
1600951044819,17089,95.676692
1600951045829,10587,90.847348
1600951046831,12687,89.468471
1600951047833,20584,94.017094
1600951048835,10122,90.367719
1600951049841,17912,86.327609
1600951050846,18796,95.660559
1600951051928,12720,81.530782
1600951052933,22528,94.895666
1600951053935,13136,89.825016
1600951054939,15870,68.217054
1600951055940,11330,68.496193
1600951059799,10491,97.401316
1600951060801,18108,97.753425
1600951061959,21507,97.117922
1600951063535,37958,96.617226
1600951064924,30376,90.015552
1600951065971,18915,91.273201
1600951066972,13877,88.290626
1600951067977,16675,89.064559
1600951068979,17501,93.481768
1600951069982,13756,89.398836
1600951070983,21060,91.895383
1600951071987,15390,87.573386
1600951072991,18019,95.820139
1600951073993,12991,90.593900
1600951075000,13719,85.666331
1600951076002,18537,92.659369
1600951077004,11506,87.532982
1600951078007,18703,62.459651
1600951079024,5759,72.027751
1600951083339,26764,98.528746
1600951084732,25621,98.395722
1600951085734,32676,98.160482
1600951086736,13692,94.360902
1600951087738,13984,95.684380
1600951088740,16415,95.401205
1600951089741,11333,90.996785
1600951090746,12987,90.651466
1600951091748,18176,85.369881
1600951092753,17966,91.349593
1600951093755,15762,92.240053
1600951095242,21505,84.366755
1600951096245,22016,95.818591
1600951097247,11391,89.489217
1600951098684,20224,86.837829
1600951099692,14003,87.553933
1600951100694,15693,92.934783
1600951101722,12255,77.567839
1600951103322,10017,25.952227
1600951106601,12300,96.692862
1600951107604,19715,97.456030
1600951108606,13439,95.028385
1600951110523,16691,95.949673
1600951112378,50309,91.879195
1600951113382,48560,95.807804
1600951114551,16971,95.974934
1600951115925,11817,91.273821
1600951116931,14423,90.218455
1600951117933,14719,87.544715
1600951118936,15355,89.238411
1600951119937,17605,93.225284
1600951120941,12072,85.270541
1600951121943,19160,95.517131
1600951122944,11187,87.321122
1600951124077,16563,87.020048
1600951125079,16730,88.014139
1600951126587,23193,46.045469
1600951127589,807,51.688230
1600951131611,34445,98.673018
1600951133477,55079,95.997956
1600951135388,27558,96.050436
1600951137149,26918,88.191524
1600951138877,24263,91.093050
1600951140824,30549,76.439618
1600951141828,24420,98.136450
1600951142924,13145,49.850349
1600951143930,15079,89.609974
1600951144934,12096,75.582902
1600951145935,16640,64.118964
1600951146938,11232,91.974901
1600951147940,14112,59.795515
1600951148942,17088,95.938104
1600951150136,13056,62.803677
1600951151138,19904,82.511069
1600951152140,1728,33.803268
1600951157385,57090,73.097913
1600951158386,22974,70.569720
1600951159897,16963,95.010633
1600951161921,32501,94.856054
1600951163440,21070,88.659341
1600951164912,19834,85.339096
1600951165970,10366,90.323635
1600951166974,17858,87.892522
1600951167983,18539,91.682911
1600951168986,16725,74.208145
1600951169989,14464,92.622951
1600951170991,13781,78.522616
1600951171993,14123,93.085282
1600951172995,14208,58.869650
1600951173998,18074,98.341837
1600951175148,13478,66.032163
1600951176151,19392,90.626660
1600951177356,16320,42.302717
1600951178358,1792,74.248265
1600951181600,12738,97.050428
1600951182602,15830,95.091830
1600951183606,28947,96.688742
1600951184608,18484,96.538210
1600951185900,20897,96.371696
1600951187839,30744,91.271901
1600951188844,15529,95.989651
1600951189847,17023,94.328157
1600951190849,10961,90.567261
1600951191852,18735,78.718354
1600951193881,29171,54.369885
1600951194882,15309,92.649842
1600951196151,15415,50.346878
1600951197153,15369,88.953031
1600951198371,16064,57.203252
1600951199373,14336,77.194106
1600951200716,17664,61.752207
1600951201718,15296,84.985603
1600951203334,18820,55.996036
1600951204344,18172,92.631246
1600951205369,4530,38.781831
1600951206371,78,84.814115
1600951210269,20353,94.674943
1600951211271,33471,98.048473
1600951212273,14412,93.287767
1600951214158,34349,93.455580
1600951216232,34510,86.449184
1600951217275,21535,98.832439
1600951218278,10652,84.182306
1600951220168,27106,78.813275
1600951221170,23132,96.794326
1600951222294,13376,49.182472
1600951223295,14226,94.625101
1600951224483,13442,42.129032
1600951225486,13036,88.108108
1600951226931,17599,57.049821
1600951227933,16961,92.437779
1600951228940,13176,76.978183
1600951229942,16072,62.540717
1600951230945,13200,96.073383
1600951231949,12697,56.245934
1600951232951,16791,86.893050
1600951233953,1856,35.022595
1600951237968,16128,97.517285
1600951239221,22634,94.416562
1600951240232,36943,97.584693
1600951241272,13511,73.978344
1600951242274,15488,98.992126
1600951243276,12443,60.790668
1600951244281,16631,99.273990
1600951245299,12518,85.033632
1600951247016,22664,78.611592
1600951248495,10496,84.073014
1600951250336,18992,90.561147
1600951252490,21904,74.509140
1600951253500,22656,90.406977
1600951254659,16585,82.814527
1600951255691,22839,92.653192
1600951256693,13691,88.017213
1600951257694,16274,89.204175
1600951258697,18812,92.702615
1600951259699,10551,77.690289
1600951260704,19968,95.338297
1600951261896,11712,46.886208
1600951262899,8960,74.583726
1600951267912,26240,81.146744
1600951268918,30660,98.583123
1600951269921,14954,90.425372
1600951272068,40713,81.918082
1600951274173,31525,83.173870
1600951275179,20749,98.101866
1600951276320,14297,91.921867
1600951278310,27968,63.621533
1600951279312,17342,90.061974
1600951280761,16576,44.282001
1600951281762,12800,84.654137
1600951283420,19575,56.070129
1600951284422,16905,94.132211
1600951285713,11862,70.553554
