Warning: Permanently added '54.241.108.206' (ECDSA) to the list of known hosts.
/etc/profile.d/lang.sh: line 19: warning: setlocale: LC_CTYPE: cannot change locale (UTF-8): No such file or directory
initializing server with:
addr=69b11d6b9cc6599be22f49d77a2fbf31963c77a61e94c462e279b3ea0564243f, instance=3, port=6666, benchmark=true, pprof=false, batchVerification=true, mapType=insertOnly, merklePooling=true, merklePoolSize=64
initializing map with len = 1.000000e+07...
initialized map. server is ready.
collect and dispatch: 64
1600950832242,128,1.505174
1600950833243,192,0.625782
1600950834244,64,0.281426
1600950835245,128,1.722518
1600950836246,192,1.818182
1600950837247,320,0.814536
1600950838248,192,0.532415
1600950839249,256,0.438048
1600950840250,128,0.594865
1600950841251,256,0.313676
1600950842252,192,1.880288
1600950843253,320,4.166667
1600950844254,384,2.507837
1600950845255,448,1.505174
1600950846256,384,2.102950
1600950847257,512,10.119048
1600950848258,704,2.510198
1600950849260,576,1.317854
1600950850261,576,1.163156
1600950851262,512,1.162425
1600950852263,512,1.192718
1600950853264,512,0.910804
1600950854265,448,10.883926
1600950855266,576,2.012579
1600950856267,576,1.726303
1600950857268,512,1.442911
1600950858269,576,1.410216
1600950859270,512,1.385827
1600950860271,704,1.100283
1600950861272,512,10.150849
1600950862273,640,2.831079
1600950863274,768,2.581864
1600950864275,704,1.353052
1600950865276,640,4.305468
1600950866278,960,2.641509
1600950867279,768,8.881890
1600950868280,832,1.570352
1600950869281,640,1.418663
1600950870282,704,1.479849
1600950871283,704,1.947848
1600950872284,768,9.592932
1600950873285,768,2.073516
1600950874286,704,4.339623
1600950875287,1024,2.952261
1600950876288,896,2.556011
1600950877289,960,12.158341
1600950878290,1088,3.577032
1600950879291,1024,2.210294
1600950880292,1024,3.110273
1600950881296,1088,13.881910
1600950882296,1152,6.523795
1600950883298,1280,4.628463
1600950884299,1216,16.383648
1600950885301,1728,8.165195
1600950886302,1728,12.153652
1600950887303,1920,15.355570
1600950888304,1856,3.958201
1600950889305,1600,13.242731
1600950890306,1728,7.962085
1600950891307,1920,11.012938
1600950892308,2240,21.790006
1600950893309,2560,17.329545
1600950894313,2624,18.833228
1600950895317,2880,20.169651
1600950896318,2944,8.509297
1600950897319,2560,23.752746
1600950898322,3072,12.480102
1600950899323,3392,20.936116
1600950900323,3200,23.025478
1600950901325,3392,17.867344
1600950902327,3776,25.817720
1600950903328,3776,23.690060
1600950904330,3648,24.681122
1600950905331,3904,16.990137
1600950906332,4032,33.904762
1600950907334,4800,42.911755
1600950908336,5376,50.292778
1600950909337,5760,47.860792
1600950910339,6336,42.353318
1600950911340,6144,45.312000
1600950912341,6656,50.368472
1600950913342,7232,37.616447
1600950914346,6784,55.378232
1600950915349,7552,50.095541
1600950916351,7579,67.004754
1600950917357,8613,74.327785
1600950918358,10240,76.023018
1600950919362,10496,83.328031
1600950920364,11648,74.641148
1600950921366,9367,83.433134
1600950922368,11433,62.516383
1600950923369,11136,59.873460
1600950924371,9920,63.054830
1600950925375,10560,61.675869
1600950926377,10880,60.603144
1600950927379,10816,68.484848
1600950928383,9587,72.793651
1600950929389,11661,72.024382
1600950930391,12480,74.285714
1600950931393,12352,82.725832
1600950932400,13184,86.832854
1600950933402,14413,87.672110
1600950934403,11955,81.826772
1600950935406,11328,93.115482
1600950936408,17579,91.385887
1600950937410,13461,96.222852
1600950938412,13894,96.661417
1600950939414,12474,96.471330
1600950940418,11456,95.242626
1600950941421,11584,61.302561
1600950942425,4591,99.310561
1600950943428,16977,96.676163
1600950944430,11968,98.069009
1600950945432,12992,95.671406
1600950946434,14143,96.669808
1600950947439,13441,96.674058
1600950948441,12160,90.130949
1600950949444,10304,67.727584
1600950950445,5312,66.290212
1600950951447,5248,43.188406
1600950952448,2048,55.629139
1600950953450,5632,98.811386
1600950954457,13586,99.627098
1600950955459,11950,99.377335
1600950956465,9300,99.687011
1600950957467,10034,98.429155
1600950958470,7674,99.408468
1600950959475,9920,98.844111
1600950960478,8576,98.346868
1600950961565,10000,97.848782
1600950962569,11701,95.417193
1600950963572,9275,95.358562
1600950965103,16183,97.713749
1600950966105,13833,96.981252
1600950967108,10944,96.870060
1600950968110,11584,57.861235
1600950969112,6144,60.539523
1600950971441,20571,98.726655
1600950972924,34789,97.092164
1600950974213,21055,97.640768
1600950975215,13800,94.643963
1600950976235,16075,94.484945
1600950977258,15057,91.419355
1600950978260,15756,87.865169
1600950979270,20649,91.173679
1600950980274,15624,92.072188
1600950981276,14523,92.030848
1600950982278,14725,91.485918
1600950983280,14848,74.599686
1600950984283,2560,40.892077
1600950986296,13020,96.969697
1600950987299,32316,96.657116
1600950988301,25192,95.975919
1600950989304,19133,73.410035
1600950990307,14780,79.739186
1600950991309,14548,95.322377
1600950992311,14580,93.147614
1600950993313,12223,91.736604
1600950994315,11776,91.288975
1600950995316,13952,88.303342
1600950996319,17594,89.961265
1600950997321,16465,88.964622
1600950998325,18818,65.987910
1600950999328,819,72.173089
1600951001331,9706,98.680490
1600951002333,29628,98.618958
1600951003336,23449,91.265360
1600951004343,22476,93.959519
1600951005346,14682,95.793801
1600951006348,16539,91.983258
1600951007350,15872,93.474088
1600951008352,13184,90.824511
1600951009354,13632,88.202795
1600951010356,15672,83.822076
1600951011358,17224,91.567044
1600951012359,14016,89.329946
1600951013361,16705,53.917197
1600951014363,5375,74.739172
1600951016368,11653,98.140561
1600951017370,28859,97.355996
1600951018372,21386,96.227601
1600951019374,20662,66.385789
1600951020769,14339,92.221151
1600951021873,15276,89.863886
1600951022982,16806,88.915989
1600951024171,15285,87.194526
1600951025173,13174,88.986784
1600951026640,23178,90.306122
1600951027643,16015,87.768380
1600951028647,16615,88.546398
1600951029653,9975,81.396812
1600951031153,1097,33.912769
1600951033478,27712,98.969072
1600951034482,29886,94.091056
1600951035485,19618,93.973993
1600951036487,15097,91.740788
1600951037489,14439,92.095116
1600951038490,10546,89.591315
1600951039492,14365,87.824675
1600951040497,14926,88.802589
1600951041499,12708,86.638492
1600951042501,13759,92.614897
1600951043503,12544,84.179877
1600951044505,19297,88.176223
1600951045507,15263,87.901942
1600951046508,11904,54.275686
1600951049518,18813,98.152786
1600951050521,27052,96.694995
1600951051525,17843,72.505614
1600951052528,19834,82.614422
1600951053533,12458,89.849984
1600951054534,9920,79.783394
1600951055539,11904,81.474169
1600951056541,13312,69.556383
1600951057544,17857,82.582583
1600951058546,14911,82.495667
1600951059884,16320,76.277982
1600951060886,14720,91.696056
1600951061888,11392,78.540630
1600951063227,15488,81.185372
1600951064536,12608,33.714649
1600951067822,8660,99.272471
1600951069179,30771,92.214034
1600951070181,27961,95.924171
1600951071185,14144,91.654846
1600951072564,24026,90.602951
1600951073676,16938,92.584270
1600951074678,15150,83.794338
1600951076073,21789,92.724300
1600951077652,23985,83.943290
1600951078654,18941,95.099589
1600951079656,14339,91.758794
1600951081248,26305,49.406991
1600951082251,1471,69.655509
1600951084544,16647,98.255995
1600951085546,12166,97.414112
1600951087247,53427,90.218089
1600951088260,23808,96.347607
1600951089263,12865,92.638231
1600951090265,13759,90.606843
1600951091267,17216,94.242328
1600951092269,15359,85.761155
1600951093273,26305,95.370079
1600951094275,10955,89.582659
1600951095279,10814,91.229773
1600951096281,17911,89.316651
1600951097282,18530,74.072900
1600951098284,12830,56.612091
1600951101292,9664,98.310916
1600951102295,23700,97.574803
1600951103296,11457,95.897275
1600951104616,22961,88.122605
1600951105648,25650,96.191685
1600951106652,14728,92.492782
1600951107655,15109,92.476889
1600951108658,11326,91.640178
1600951109661,12477,83.808290
1600951110666,18368,90.590880
1600951111668,19328,94.368438
1600951112670,13187,92.523962
1600951114328,24960,87.475853
1600951115336,20018,79.385002
1600951116337,2763,47.218750
1600951119343,22247,98.338037
1600951120346,12999,98.427178
1600951121350,27734,95.467422
1600951122352,17020,88.337629
1600951123357,22817,94.007013
1600951124359,18330,94.289340
1600951125361,15413,91.841342
1600951126363,17040,94.753477
1600951127427,14911,94.296917
1600951129207,27713,91.647934
1600951131052,34537,91.489362
1600951132059,22095,95.797788
1600951133061,14344,57.394366
1600951134065,3776,74.976393
1600951136067,1836,98.653304
1600951137436,30629,96.041470
1600951138443,26902,81.296118
1600951142487,71961,70.295144
1600951143489,12416,79.479134
1600951144492,12189,82.619891
1600951145493,18787,91.476553
1600951146660,13953,93.613010
1600951148008,15039,91.120465
1600951149603,27305,89.684769
1600951151657,34841,71.237841
1600951153320,5758,34.489341
1600951155323,11166,98.718349
1600951156327,20720,98.398744
1600951157331,21425,97.810447
1600951158333,21897,96.417248
1600951159336,11192,91.848524
1600951160342,19348,90.894414
1600951161345,17708,88.044164
1600951162349,19264,57.138294
1600951163351,12352,93.541273
1600951164352,11974,93.485860
1600951165354,10955,90.243112
1600951166356,15215,94.915793
1600951167538,17801,88.867624
1600951168541,19417,95.503145
1600951169543,16094,68.938907
1600951170550,16576,87.973274
1600951171552,11136,44.117647
1600951172554,64,71.909800
1600951174678,3593,98.292760
1600951175680,22814,97.996243
1600951176683,25881,98.566308
1600951177911,20856,92.514970
1600951178917,16392,95.801768
1600951179919,13248,92.327448
1600951180923,11794,88.898192
1600951182836,32816,91.885403
1600951184839,33437,65.898019
1600951185841,20897,84.483831
1600951187161,13903,90.311901
1600951189011,30449,58.862983
1600951190012,16192,79.252455
1600951191015,6400,91.832180
1600951192462,11904,76.827757
1600951193995,576,31.251981
1600951195997,9899,98.090169
1600951197037,16533,96.585543
1600951198777,32871,95.207518
1600951200814,36315,85.114007
1600951201817,24894,95.660377
1600951202819,13316,85.700066
1600951203821,24761,95.263488
1600951204892,14433,83.942559
1600951205895,21410,97.625742
1600951206900,13248,91.962405
1600951208871,26872,79.993504
1600951209872,26440,93.896268
1600951211143,14988,48.222863
1600951212148,14004,88.053649
1600951213216,6144,52.064451
1600951218037,28173,93.275418
1600951219039,24563,97.020602
1600951220275,16823,90.154939
1600951221277,25225,96.271722
1600951222280,10002,93.416648
1600951223726,19628,91.304348
1600951225085,20567,92.063834
1600951226559,18664,93.375665
1600951228422,27461,83.893281
1600951229424,23998,96.611127
1600951230550,12522,91.855063
1600951232621,35804,92.580535
1600951234486,30626,61.272958
1600951235487,2968,63.086449
1600951239732,37567,93.248445
1600951240803,30824,97.806330
1600951241808,11093,87.552811
1600951242811,23329,97.633323
1600951243813,11427,94.520114
1600951244815,11713,87.119513
1600951245819,20964,96.515679
1600951246878,11426,83.388375
1600951247898,22649,94.520114
1600951248900,7808,90.550162
1600951250203,17335,80.225614
1600951251239,22218,96.092026
1600951252320,13335,91.823642
1600951254666,40310,54.078356
1600951255667,16370,85.186345
1600951256858,8000,39.838969
1600951261413,7040,96.811266
1600951263371,40098,91.814947
1600951264373,24351,97.669291
1600951265374,11544,89.487262
1600951266376,20391,92.422161
1600951267770,17407,89.020772
1600951268776,21208,95.553453
1600951269778,11177,85.990180
1600951270781,20571,95.454545
1600951271974,15883,83.040742
1600951272976,23962,93.743985
1600951273978,14134,87.854119
1600951274981,17814,94.647977
1600951275983,11549,88.817274
1600951276985,20055,94.012739
1600951278290,14784,65.465079
1600951279296,12992,90.252258
1600951283303,20709,98.309330
1600951284752,25748,94.263074
1600951285755,26431,97.609311
1600951286757,12197,90.891659
1600951287759,23651,96.859296
1600951288761,10212,85.830354
1600951289762,18931,94.723899
1600951291178,17961,84.651009
1600951292180,27107,91.427299
1600951293604,18663,50.319693
1600951294606,13942,81.886438
1600951295953,15104,36.372210
1600951296955,10560,80.206855
1600951298520,17152,91.450777
1600951299522,12299,95.328283
1600951300525,14069,86.636393
1600951301528,21377,95.470274
1600951302529,11519,38.231511
1600951303531,64,49.178255
1600951306538,22400,98.903509
1600951307660,12336,93.250557
1600951308664,28113,98.317460
1600951309665,10175,93.732318
1600951311123,20621,93.416479
1600951312678,18319,95.273235
1600951314272,19897,90.273925
1600951316118,25813,83.866711
1600951317121,22465,98.251639
1600951318127,9797,94.520548
1600951319130,9510,89.173420
1600951320134,19434,90.857503
1600951321854,26620,87.074607
1600951322877,23876,96.297468
1600951323879,7859,77.046036
1600951324881,21901,86.538462
1600951326257,16693,51.588065
1600951327260,2251,95.531781
1600951331680,24063,96.547355
1600951332682,34890,98.004202
1600951333878,15094,90.970874
1600951334880,24684,96.361355
1600951335893,7830,91.725388
1600951337528,17584,85.825243
1600951338532,18064,96.169545
1600951339535,13247,94.500314
1600951340538,9793,88.412439
1600951341541,18111,92.747112
1600951342544,14146,92.999683
1600951343546,15614,84.861338
1600951344554,23936,96.077826
1600951345583,8768,73.337596
1600951346585,22976,95.151224
1600951347892,15680,54.134615
1600951348894,14848,85.859549
1600951350232,12864,62.729913
1600951351234,18880,91.528603
1600951352254,3072,43.996188
1600951356334,5807,98.086124
1600951357920,23046,90.797941
1600951358922,29067,95.402663
1600951360151,15390,87.820721
1600951361154,23202,97.482694
1600951362416,12325,82.162875
1600951363418,23131,96.644716
1600951364420,7162,90.452996
1600951366400,25820,79.706275
1600951367401,22828,95.368823
1600951368729,15197,83.842070
1600951369731,24266,94.581835
1600951371156,15831,61.778066
1600951372159,20032,83.384997
1600951373292,12416,62.623683
1600951374294,14272,86.541812
1600951375740,15489,85.983128
1600951377850,30207,33.599234
1600951380285,64,31.148065
1600951382289,24321,98.744901
1600951383291,12031,94.184576
1600951384296,20226,95.171979
1600951385297,13118,92.887854
1600951387086,27367,84.224000
1600951388090,26201,82.293636
1600951389366,16818,89.489099
1600951390368,14222,92.944984
1600951392335,30656,35.871297
1600951393337,11777,55.222930
1600951394342,11399,96.649810
1600951395344,10552,63.523018
1600951396345,16320,65.850515
1600951397347,12384,97.892419
1600951398441,15136,44.725738
1600951399444,12928,73.254324
1600951400448,11794,95.043915
1600951401455,14528,49.212978
1600951402456,13358,63.260188
1600951403461,10606,96.095718
1600951404463,12985,42.244963
1600951405464,3097,40.630975
1600951409477,31172,98.965622
1600951410512,5940,97.228346
1600951411516,22089,96.302100
1600951412518,15935,92.977439
1600951413524,14085,92.222574
1600951414526,17019,95.489199
1600951415528,10293,90.325670
1600951416530,17675,88.171355
1600951417535,19394,96.393546
1600951418536,10343,85.253308
1600951419539,25111,90.929065
1600951420541,11848,55.186722
1600951421542,11256,67.005399
1600951422544,10624,95.650804
1600951423548,11392,67.119302
1600951424550,17728,99.311855
1600951425807,15830,42.381562
1600951426809,12522,57.174254
1600951428967,24832,50.801282
1600951429969,14720,65.119197
1600951431920,18753,52.761533
1600951432922,16946,84.404665
1600951434081,461,48.887456
1600951438090,9828,98.155097
1600951439568,22237,92.214422
1600951440570,27775,95.542978
1600951442368,26304,87.724936
1600951443370,23296,93.187579
1600951444375,11124,91.412467
1600951445377,18957,96.443262
1600951446689,9836,79.792573
1600951447691,21651,97.772898
1600951448693,5719,82.365827
1600951449893,17826,89.042862
1600951450895,12295,94.565859
1600951452512,16904,80.571800
1600951453515,24952,95.528267
1600951454886,13376,69.004525
1600951455887,21504,85.697238
1600951457760,20548,61.448141
1600951458763,18172,70.957514
1600951460716,23106,49.936749
1600951461718,13566,49.304238
1600951463395,7680,43.069909
1600951467491,1334,98.845438
1600951469177,27359,92.827004
1600951470232,29557,99.095446
1600951471237,2673,95.113493
1600951472239,22330,97.330402
1600951473245,8331,80.118890
1600951474247,20354,98.052764
1600951475649,13908,78.571429
1600951476652,22826,94.982896
1600951478039,13244,80.752581
1600951479041,23364,98.186366
1600951480455,12966,79.902121
1600951481457,20634,95.390365
1600951482980,17611,83.733158
1600951483983,23861,94.841991
1600951485729,26205,50.820199
1600951486731,13859,38.650895
1600951489158,26176,51.048725
1600951490159,14656,61.132316
1600951491162,7936,95.279107
1600951492163,11708,63.498711
1600951493165,10756,72.566845
1600951496933,277,97.865759
1600951498729,27568,91.632066
1600951499732,28539,95.630551
