Warning: Permanently added '54.153.52.66' (ECDSA) to the list of known hosts.
/etc/profile.d/lang.sh: line 19: warning: setlocale: LC_CTYPE: cannot change locale (UTF-8): No such file or directory
initializing server with:
addr=da67cdf6dcf621da70f2a3e902b371853b64d2da457de81eff5c9cb1da811f09, instance=2, port=6666, benchmark=true, pprof=false, batchVerification=true, mapType=insertOnly, merklePooling=true, merklePoolSize=64
initializing map with len = 1.000000e+07...
initialized map. server is ready.
collect and dispatch: 64
1600950832006,128,2.157598
1600950833007,256,1.095805
1600950834008,192,0.125078
1600950836009,256,2.071563
1600950837010,384,1.567890
1600950838011,320,0.500939
1600950839012,192,0.344180
1600950840013,128,0.313381
1600950841014,192,0.282220
1600950842015,192,1.753837
1600950843016,320,6.898714
1600950844017,576,3.078856
1600950845018,640,1.632141
1600950846019,320,9.392611
1600950847020,384,2.510986
1600950848021,576,2.733270
1600950849022,640,1.569366
1600950850023,512,1.034159
1600950851024,384,1.003764
1600950852026,448,1.097523
1600950853027,448,1.002506
1600950854028,384,10.643642
1600950855029,704,3.505477
1600950856030,704,2.069614
1600950857031,576,1.759347
1600950858031,704,1.411986
1600950859032,576,0.972396
1600950860033,384,1.413317
1600950861034,640,10.153557
1600950862038,576,3.752759
1600950863039,960,3.209566
1600950864040,704,1.697579
1600950865041,640,3.710692
1600950866042,896,11.390022
1600950867043,896,2.271293
1600950868044,832,1.510384
1600950869045,704,1.760453
1600950870046,768,1.797540
1600950871047,832,1.415094
1600950872048,640,9.792844
1600950873049,768,1.384083
1600950874050,640,5.765595
1600950875051,960,3.214623
1600950876052,896,2.267003
1600950877053,896,12.979258
1600950878054,1024,4.445145
1600950879055,1152,2.015748
1600950880056,896,2.051768
1600950881057,960,15.478424
1600950882060,1408,7.520453
1600950883061,1472,6.295247
1600950884062,1408,17.019261
1600950885063,1792,11.409608
1600950886064,1984,19.348720
1600950887069,2304,14.420358
1600950888070,1984,5.080467
1600950889071,1664,13.257576
1600950890072,1792,11.470215
1600950891073,2176,22.712934
1600950892076,2688,15.153432
1600950893077,2752,25.471698
1600950894078,2688,19.955584
1600950895079,3264,22.573506
1600950896080,3008,19.549349
1600950897081,3264,14.971392
1600950898083,3392,24.912837
1600950899084,3456,23.499684
1600950900085,3392,12.555626
1600950901086,3200,34.951150
1600950902088,3904,29.895932
1600950903089,4032,19.056724
1600950904090,3904,29.156010
1600950905092,4160,37.940896
1600950906093,4928,34.309357
1600950907094,4864,41.589825
1600950908095,5248,65.434439
1600950909097,6784,55.236271
1600950910099,6788,53.778059
1600950911136,7292,55.386997
1600950912171,7552,56.322208
1600950913172,7680,52.588123
1600950914174,7168,48.851308
1600950915176,7040,49.279077
1600950916177,7616,68.999324
1600950917178,7040,76.429052
1600950918180,7808,96.116198
1600950919184,10240,98.658765
1600950920186,10432,89.401217
1600950921188,10432,74.329502
1600950922189,10368,57.580594
1600950923190,8640,77.259753
1600950924192,12864,65.531642
1600950925195,11328,70.375039
1600950926196,11264,68.906752
1600950927199,10945,78.178914
1600950928203,11775,70.240770
1600950929205,11840,74.679898
1600950930208,11904,83.835792
1600950931210,12672,74.014221
1600950932213,10560,84.300126
1600950933218,11733,99.344365
1600950934526,14547,96.362496
1600950935527,14808,83.136378
1600950936529,14243,98.459119
1600950937531,12564,76.085568
1600950938533,8841,76.992632
1600950939534,5504,80.255403
1600950940536,5184,57.127992
1600950941537,7296,72.553619
1600950942538,5694,72.382104
1600950943931,8834,33.429672
1600950944932,1920,97.530478
1600950945934,11904,98.961938
1600950946937,21097,98.146403
1600950947940,6940,99.154135
1600950948943,13329,98.847711
1600950949946,14416,97.835634
1600950950948,7997,99.813200
1600950951952,8756,97.836991
1600950952954,6954,99.594637
1600950953959,9822,98.584906
1600950954961,6435,94.082087
1600950955963,9214,97.429467
1600950956966,8001,98.875351
1600950957973,7679,99.310561
1600950958976,9024,98.433584
1600950959978,6646,98.867925
1600950960981,9423,98.782392
1600950961983,8503,97.815231
1600950962986,7940,77.540778
1600950963987,7808,57.979226
1600950964989,576,44.433962
1600950965992,4354,99.439601
1600950966997,7294,99.689441
1600950968000,21474,99.064838
1600950969004,11422,87.062165
1600950970006,11072,59.781495
1600950971007,11648,80.157429
1600950972008,6208,61.643369
1600950973010,9408,71.502914
1600950974636,10816,63.836370
1600950975637,8512,61.551784
1600950976639,9152,82.737118
1600950977640,6208,65.375386
1600950978642,10688,78.394095
1600950980127,12480,94.451490
1600950981129,19136,97.489284
1600950982165,12107,95.143213
1600950983801,26101,93.814433
1600950984803,18240,92.723228
1600950985806,16512,92.092039
1600950987009,19386,88.003901
1600950988014,19846,93.251928
1600950989017,13440,88.416149
1600950990018,3968,36.216216
1600950991020,896,74.402516
1600950992022,768,70.621827
1600950993026,12511,98.482453
1600950994027,13478,98.026416
1600950996094,44532,97.928437
1600950997900,31576,95.291823
1600951000186,41646,90.756569
1600951001192,23873,94.995830
1600951002352,15563,88.714426
1600951003354,22517,95.825366
1600951004357,12800,90.006406
1600951005360,18766,93.455245
1600951006362,14898,90.895777
1600951007684,22302,78.986443
1600951008689,21986,65.080875
1600951009690,896,79.612615
1600951010962,1792,42.684862
1600951011964,2176,99.095164
1600951012968,10671,98.370417
1600951013970,38210,97.398119
1600951014975,22211,95.989896
1600951015977,26778,96.418473
1600951016979,17061,96.779337
1600951017981,16211,95.811024
1600951018984,18942,96.586599
1600951019986,10572,96.250788
1600951020989,14768,95.508794
1600951021991,13696,93.729137
1600951023332,19332,87.577437
1600951024334,20575,95.573822
1600951025336,14486,92.057416
1600951026793,23941,88.597319
1600951028533,34798,62.316996
1600951029538,3617,59.513274
1600951030539,1267,74.468085
1600951031973,1536,71.950835
1600951032975,11643,98.750781
1600951033977,14832,98.666111
1600951035476,22230,97.027717
1600951037214,36502,95.639810
1600951038217,24937,96.821901
1600951039220,12599,94.086589
1600951040736,24663,92.514078
1600951042662,31609,86.616492
1600951043663,22203,96.117123
1600951044665,11134,92.725735
1600951046189,23408,87.855974
1600951047191,20820,96.014829
1600951048206,12117,84.958678
1600951049208,22643,94.022258
1600951050212,17076,28.484848
1600951051213,2048,70.483061
1600951052214,1152,49.184522
1600951053218,5059,98.524333
1600951054221,574,98.490091
1600951055749,9896,98.322581
1600951057470,36744,97.621777
1600951060279,63736,97.558656
1600951061282,24666,95.211039
1600951062457,13856,93.862996
1600951064376,36481,88.634193
1600951065381,21532,96.882872
1600951066383,9789,92.392061
1600951068226,30658,89.529299
1600951069229,20597,96.990596
1600951070230,11980,92.400229
1600951071911,26948,59.201558
1600951072913,16508,35.012594
1600951073919,768,50.996520
1600951074921,768,82.350557
1600951076473,17216,97.625831
1600951077598,21192,98.302954
1600951078600,23956,98.152208
1600951079610,6309,98.011364
1600951080614,13254,97.560213
1600951081616,23445,97.044954
1600951082617,12657,95.242480
1600951083645,18347,97.584693
1600951084647,13004,88.261997
1600951085655,19241,95.063291
1600951086657,14995,93.031435
1600951088116,22485,86.384365
1600951089118,21406,93.316359
1600951090344,14943,90.832815
1600951091394,18874,96.101855
1600951092395,13650,94.686366
1600951093619,13797,88.384000
1600951094624,16573,93.719962
1600951095626,16064,94.412879
1600951096747,14712,24.566383
1600951097749,2696,20.632911
1600951098750,896,79.321182
1600951100271,11951,99.056900
1600951101274,14565,98.892216
1600951102324,4023,94.483643
1600951103326,5282,98.020735
1600951104329,5278,96.846129
1600951105783,18933,96.225827
1600951106792,28609,99.061914
1600951107894,25766,94.858775
1600951108897,55449,92.727273
1600951109899,10240,88.084416
1600951110901,21184,95.072647
1600951111910,10955,89.143041
1600951112912,20981,96.066709
1600951113914,11509,89.916506
1600951114917,20299,94.577554
1600951115920,13568,90.415335
1600951116922,18496,93.933649
1600951117926,13257,92.163109
1600951118928,18679,92.609111
1600951119932,16258,81.731985
1600951120934,14014,23.110831
1600951121935,1024,15.093148
1600951122936,512,67.720518
1600951123939,8028,97.805344
1600951124941,21493,99.217037
1600951125945,14895,97.040849
1600951126946,13668,98.370417
1600951127949,9753,98.211484
1600951128951,28015,93.823623
1600951129953,17556,92.841163
1600951130956,11804,95.311517
1600951131959,13988,98.023839
1600951132960,8512,85.861846
1600951133962,15792,96.976378
1600951134964,14096,93.746072
1600951135966,11106,90.200517
1600951136968,19038,90.031746
1600951137970,16398,93.234536
1600951138972,15858,93.708080
1600951139974,12708,92.196994
1600951140976,18204,87.544484
1600951141979,17496,96.622708
1600951142981,13160,94.408740
1600951143983,9691,89.057456
1600951144985,19685,97.139264
1600951145988,8199,62.789938
1600951146989,17017,71.352201
1600951147990,640,17.217281
1600951148991,960,58.055381
1600951149993,11537,99.625117
1600951150999,12388,97.561516
1600951153833,25867,97.354331
1600951154835,24135,95.059343
1600951155993,36788,96.548448
1600951156995,14149,89.621410
1600951157997,18591,97.487277
1600951158999,6954,93.699515
1600951160001,21512,96.223421
1600951161133,16182,85.109156
1600951162137,23225,90.628019
1600951163302,12066,88.235294
1600951164347,23966,96.528841
1600951165588,11597,84.196721
1600951166590,21939,96.948726
1600951167661,9935,85.643890
1600951168665,21009,96.817217
1600951169708,9089,84.565709
1600951170710,21727,96.597353
1600951171711,9575,87.715868
1600951172713,21273,81.208687
1600951173716,2991,21.946565
1600951174718,1105,18.683050
1600951175719,960,92.753623
1600951177372,19077,97.813183
1600951178375,17882,98.563846
1600951179378,25890,97.786505
1600951181206,36736,95.400450
1600951182552,18175,97.805701
1600951184228,15578,82.706035
1600951185230,17769,96.617277
1600951186370,12339,87.831792
1600951187456,22922,95.824176
1600951188460,10159,86.347344
1600951189463,20497,93.522907
1600951190947,19656,88.235294
1600951191949,20728,94.932579
1600951193412,19241,85.695751
1600951194414,20621,98.329130
1600951195416,9418,89.002231
1600951196424,17664,95.197472
1600951197426,10752,90.054715
1600951199320,26725,84.602970
1600951200323,21531,85.526727
1600951201325,1664,14.812480
1600951202326,896,15.796098
1600951203327,768,78.861789
1600951204986,19773,98.577036
1600951207064,10954,96.790434
1600951208068,505,97.504738
1600951209071,21763,96.109325
1600951210073,28543,98.394712
1600951211075,17464,97.160883
1600951212078,35785,95.517677
1600951213080,12797,86.789406
1600951214082,22080,92.437779
1600951215086,8896,91.590909
1600951216088,21248,95.756808
1600951217089,11451,93.418124
1600951218092,19141,85.166075
1600951219095,19423,97.942387
1600951220193,9339,84.736504
1600951221205,23270,95.194436
1600951222804,23565,86.201299
1600951223806,22387,95.360825
1600951225167,17025,92.471380
1600951227554,37759,75.745657
1600951228556,22272,84.126487
1600951229696,1152,23.110971
1600951230697,768,23.162584
1600951231699,960,78.264925
1600951232704,3776,97.452029
1600951233706,30850,98.114986
1600951235368,24303,99.125610
1600951237223,37711,95.378691
1600951238226,25698,97.636206
1600951239314,8568,97.425044
1600951241111,25084,91.145752
1600951243171,31952,87.516171
1600951244173,21928,96.118649
1600951245175,10101,88.953488
1600951246176,20192,94.300306
1600951247740,20495,86.681643
1600951248742,22670,95.592505
1600951249942,12025,91.767738
1600951252067,31751,88.477498
1600951253072,17503,93.775671
1600951254074,11105,91.468443
1600951255076,12420,87.715868
1600951256077,15228,98.522013
1600951257079,8584,82.172064
1600951258082,14072,70.505177
1600951259083,960,27.266983
1600951260084,768,60.483365
1600951261086,832,65.591735
1600951262088,1410,98.469228
1600951263090,34397,98.111426
1600951264093,33,95.913155
1600951265096,20605,98.931490
1600951266103,5602,98.475846
1600951267319,7841,96.231884
1600951269709,55552,90.128205
1600951270710,22272,94.565561
1600951271715,12895,94.110196
1600951272717,19489,86.699346
1600951273719,24320,98.305085
1600951274721,6606,92.391899
1600951277070,32378,85.181518
1600951278071,20920,96.057602
1600951279411,16192,87.648000
1600951280412,20480,93.297332
1600951281683,13428,93.061153
1600951283515,23185,91.398236
1600951285311,22713,89.455241
1600951286833,14786,83.716413
1600951287875,20611,97.397303
1600951288947,10722,27.356104
1600951289949,1947,32.985452
1600951290950,1152,83.770218
1600951292076,960,39.304897
1600951293082,2028,99.438553
1600951294087,20813,99.403454
1600951295090,9407,98.151629
1600951296092,16900,98.871473
1600951297094,14466,97.514942
1600951298860,33154,94.477461
1600951301056,33599,90.809061
1600951302058,24001,96.236667
1600951303623,19579,88.369071
1600951304625,22021,95.669087
1600951305850,10560,93.882280
1600951307925,28808,82.796053
1600951308927,22115,97.800817
1600951309930,4449,82.053002
1600951310932,19764,97.268029
1600951312218,11138,81.021898
1600951313219,19582,95.370370
1600951314412,7496,88.631166
1600951315414,21196,96.689786
1600951316879,15660,83.903552
1600951317882,20544,94.522079
1600951319590,22529,82.570307
1600951320592,23167,81.680806
1600951321783,3520,32.670455
1600951322784,1024,24.137931
1600951323785,832,34.124723
1600951324788,2309,99.781796
1600951326130,15222,97.801848
1600951327132,10649,98.090404
