Warning: Permanently added '54.176.36.66' (ECDSA) to the list of known hosts.
/etc/profile.d/lang.sh: line 19: warning: setlocale: LC_CTYPE: cannot change locale (UTF-8): No such file or directory
initializing server with:
addr=564c67c3cd08863a570e632c60409d57b02f576a0582bcaf297aa4610f98aead, instance=0, port=6666, benchmark=true, pprof=false, batchVerification=true, mapType=insertOnly, merklePooling=true, merklePoolSize=64
initializing map with len = 1.000000e+07...
initialized map. server is ready.
collect and dispatch: 64
1600933434939,2944,7.643514
1600933435940,5504,10.167351
1600933436942,6656,29.876308
1600933437943,12544,41.334184
1600933438944,18816,81.620429
1600933439953,30866,94.876079
1600933441080,45381,88.189588
1600933442311,46786,95.180723
1600933443313,41302,97.929737
1600933444315,36569,98.338037
1600933445318,41209,98.848428
1600933446321,37817,98.822516
1600933447416,45488,96.812875
1600933448419,42782,95.308564
1600933449421,33198,97.544854
1600933450423,40012,98.190328
1600933451425,37740,98.457179
1600933452427,46559,98.690365
1600933453429,44917,98.157977
1600933454431,38782,98.502807
1600933455433,40084,98.524333
1600933456435,43267,93.704980
1600933457437,44459,87.089646
1600933458439,38347,95.039246
1600933459441,42363,87.056962
1600933460443,32248,95.812500
1600933461445,46400,93.630373
1600933462448,34890,95.905512
1600933463449,43641,97.490590
1600933464452,38781,86.267717
1600933465455,42368,86.134853
1600933466456,40064,85.992342
1600933467458,30719,98.121478
1600933468460,44017,96.899715
1600933469463,39689,97.465582
1600933470465,44295,75.151709
1600933471467,31810,91.753555
1600933472472,25701,98.599440
1600933473476,42900,98.556636
1600933474480,37001,98.100872
1600933475483,45615,98.468750
1600933476484,33495,98.845194
1600933477488,39622,96.593750
1600933478491,41554,98.711907
1600933479494,35120,98.689956
1600933480496,41840,93.379791
1600933481503,42428,98.413649
1600933482556,34562,95.888678
1600933483558,30395,98.028786
1600933484560,48369,98.461538
1600933485563,42953,98.112624
1600933486571,39579,96.900438
1600933487573,43083,96.534342
1600933488575,43040,84.907436
1600933489578,37829,75.908652
1600933490581,30261,80.968968
1600933491582,36250,83.644416
1600933492585,35505,87.397606
1600933493587,33525,94.891202
1600933494590,38476,97.877653
1600933495592,41983,96.299780
1600933496595,38016,78.342750
1600933497597,30116,90.316456
1600933498598,36828,77.202243
1600933499600,34763,98.654568
1600933500602,42288,86.513583
1600933501607,28564,97.705124
1600933502610,43726,86.677266
1600933503611,30435,93.115594
1600933504613,44159,98.410720
1600933505617,29416,85.464932
1600933506619,38494,98.590667
1600933507622,40558,89.728000
1600933508624,28882,98.133167
1600933509630,39518,99.187500
1600933510634,44767,85.554847
1600933511636,30229,97.666351
1600933512638,47146,97.056060
1600933513643,40241,83.024888
1600933514646,34329,92.752722
1600933515658,33821,82.291336
1600933516682,36206,97.348721
1600933517684,41278,81.700195
1600933518686,31532,90.000000
1600933519688,41527,97.178683
1600933520691,39725,92.247085
1600933521694,36252,77.178683
1600933522697,33248,96.047679
1600933523699,37703,94.592895
1600933524702,39279,89.544741
1600933525704,38552,99.033666
1600933526708,30546,88.032839
1600933527713,35199,98.344785
1600933528716,44965,98.064721
1600933529718,28534,89.031430
1600933530720,39335,98.423210
1600933532105,51757,89.467045
1600933533108,33215,98.160274
1600933534110,43549,98.689956
1600933535113,45273,84.470531
1600933536425,30285,98.686679
1600933537427,42439,98.530791
1600933538429,44316,92.904447
1600933539433,26178,98.721945
1600933540439,41975,98.597403
1600933541647,45371,84.830019
1600933542650,28271,98.677998
1600933543652,43021,98.842665
1600933544654,44123,90.906220
1600933545656,32738,89.428298
1600933546657,36124,98.598131
1600933547661,44384,85.090793
1600933548662,30276,98.439938
1600933549665,43227,98.940480
1600933550666,41247,84.429066
1600933551668,33094,72.248521
1600933552749,30720,93.063402
1600933553751,40398,97.982346
1600933554753,41846,81.940874
1600933555755,27834,98.868833
1600933557058,47500,98.258391
1600933558061,40921,90.215642
1600933559065,33703,97.573275
1600933560067,29305,98.287671
1600933561069,40957,98.686268
1600933562073,45277,87.484117
1600933563075,25462,96.306954
1600933564389,50256,87.492298
1600933565409,38157,80.140038
1600933566411,32999,98.149310
1600933567413,42601,85.241249
1600933568416,38467,98.306148
1600933569419,40619,78.232406
1600933570421,24859,97.020075
1600933571424,33026,98.752728
1600933572428,38751,98.177820
1600933573460,42869,81.382637
1600933574495,27115,98.600746
1600933575501,38603,98.708255
1600933576503,41013,98.683386
1600933577507,38260,83.127180
1600933578509,34668,98.623710
1600933579511,44246,95.629098
1600933580512,39040,98.245614
1600933581515,38343,64.376997
1600933582517,22187,95.982560
1600933583524,41827,87.096774
1600933584527,37678,90.541810
1600933585530,38673,70.242326
1600933586532,25196,96.712586
1600933587534,37179,96.226415
1600933588537,37111,95.769351
1600933589539,40663,86.101371
1600933590540,36791,69.544441
1600933591542,22881,89.520202
1600933592545,35232,98.313554
1600933593547,42205,98.846633
1600933594549,37026,75.047559
1600933595552,20545,98.656670
1600933596554,42004,98.085974
1600933597556,38698,96.023795
1600933598562,41788,55.345104
1600933599565,23004,95.979740
1600933600566,39092,98.932496
1600933601569,36066,82.404508
1600933602571,36147,98.587127
1600933603573,36076,74.480425
1600933604892,40656,85.807860
1600933606232,47470,74.470408
1600933607702,43839,94.887077
1600933608704,40627,66.894531
1600933609707,30545,97.651112
1600933610709,30037,98.039216
1600933611712,43465,94.250000
1600933612715,43093,89.751650
1600933613716,27328,85.432570
1600933614719,29759,98.209237
1600933615721,39485,96.600125
1600933616723,39940,97.686946
1600933617865,41974,79.415502
1600933618866,26570,93.924051
1600933619868,38267,82.301163
1600933621255,51337,72.164625
1600933622257,32463,88.324873
1600933623259,40493,69.279594
1600933624261,15424,87.283792
1600933625263,33033,98.249453
1600933626265,36059,98.934837
1600933627268,38751,99.062207
1600933628270,45319,70.021950
1600933629273,28150,90.436723
1600933630275,34274,98.719550
1600933631277,38399,97.480315
1600933632279,37095,98.784289
1600933633303,36562,98.721945
1600933634313,34406,71.524235
1600933635316,31169,98.631415
1600933636320,38334,90.491085
1600933637323,42653,90.788224
1600933638325,30533,87.841659
1600933639444,41152,55.125725
1600933640447,20406,98.755445
1600933641465,35933,88.125984
1600933642468,41613,98.020113
1600933643471,37812,91.782554
1600933644472,42251,86.426062
1600933645474,20416,47.207959
1600933646480,19457,80.934343
1600933647481,39807,92.298019
1600933648484,32409,99.468584
1600933649486,38693,89.128397
1600933650488,32532,97.772898
1600933651490,34926,65.124442
1600933652495,15169,98.907956
1600933653498,41189,98.939488
1600933654501,44045,96.188976
1600933655503,42509,94.175063
1600933656504,32778,77.204503
1600933657598,24991,56.337569
1600933658601,28909,99.374022
1600933659603,40884,87.735257
1600933660606,29991,88.354430
1600933661610,30415,82.934509
1600933662613,37638,97.758131
1600933663617,37015,63.951639
1600933664619,19940,98.846274
1600933665621,36220,93.656250
1600933666624,39081,89.735516
1600933667629,42869,98.651192
1600933668633,36086,98.279099
1600933669635,37618,65.323367
1600933670637,19677,77.498409
1600933671639,35872,95.883092
1600933672640,34176,99.405135
1600933673643,39952,76.077313
1600933674644,37104,88.744862
1600933675646,30449,87.269891
1600933676647,19471,74.282983
1600933677654,31525,98.779725
1600933678663,40696,98.965517
1600933679665,42247,85.579345
1600933680667,27354,98.237885
1600933681671,30402,96.453233
1600933682673,42519,74.960128
1600933683675,33937,98.990855
1600933684677,37049,77.003484
1600933685679,27346,98.469706
1600933686683,45602,99.217772
1600933687685,37165,66.550301
1600933688687,26083,71.559055
1600933689689,28123,82.867133
1600933690692,28288,92.503937
1600933691695,41920,82.210327
1600933692697,33809,91.298905
1600933693701,30981,78.807107
1600933694703,43060,98.684211
1600933695705,32711,79.476799
1600933696717,29039,75.876224
1600933697720,31587,98.831333
1600933698722,38598,67.533688
1600933699724,15006,98.779725
1600933700772,36753,98.933618
1600933701959,45397,98.171110
1600933702961,43090,59.346701
1600933703963,17092,98.869347
1600933704965,37084,98.749218
1600933706038,35480,88.532478
1600933707219,37385,97.118697
1600933708226,33987,98.806907
1600933709228,40895,98.184095
1600933710232,40145,69.093800
1600933711234,16990,98.712312
1600933712237,33062,98.625430
1600933713239,35668,98.561371
1600933714265,28261,98.407080
1600933715328,40505,98.995921
1600933716330,38830,98.246163
1600933717332,43147,73.762220
1600933718336,19205,97.753510
1600933719341,32179,98.129952
1600933720343,39430,98.875351
1600933721349,40702,98.256538
1600933722494,39708,96.933667
1600933723496,42976,94.106583
1600933724500,33606,56.794425
1600933725502,18169,80.584416
1600933726504,35789,90.214646
1600933727505,37882,87.326169
1600933728507,31896,98.462504
1600933729509,42028,98.777429
1600933730511,33072,67.768335
1600933731515,27735,98.194850
1600933732694,37816,70.500159
1600933733696,27755,99.033967
1600933734698,31339,84.440228
1600933735700,39835,98.617656
1600933736704,39625,98.927445
1600933737706,28932,67.471769
1600933738710,37183,98.193344
1600933739712,34839,98.622417
1600933740714,27182,58.756345
1600933741716,23613,98.711097
1600933742718,38490,79.246468
1600933743720,32166,97.964297
1600933744768,42078,98.266625
1600933745774,34192,98.912030
1600933746777,31019,95.218622
1600933748442,62754,53.836193
1600933749445,26499,69.542033
1600933750449,25633,92.310127
1600933751451,38774,99.062500
1600933752453,29925,78.908743
1600933753456,40395,98.592430
1600933754459,35360,98.657089
1600933755462,29232,98.819142
1600933756465,33175,59.807074
1600933757467,26956,77.761378
1600933758750,31610,96.289308
1600933759925,45081,97.912713
1600933760928,43733,99.184442
1600933761930,29514,89.134328
1600933763521,54795,76.754386
1600933764526,39018,78.317757
1600933765527,22111,57.389635
1600933766528,34688,90.474673
1600933767531,18690,86.181139
1600933768534,40974,97.921478
1600933770031,43070,98.643068
1600933771100,36093,98.732057
1600933772411,42130,98.294045
1600933773434,47421,69.779874
1600933774437,19686,47.827497
1600933775439,30912,84.986012
1600933776454,24146,96.943231
1600933777458,44041,99.311855
1600933778461,35128,68.080427
1600933779464,30288,98.268807
1600933780465,37222,85.348101
1600933781467,30532,79.358087
1600933782468,34547,45.247148
1600933783470,19456,91.788205
1600933784472,26647,98.013871
1600933785474,30038,98.778961
1600933786479,49480,98.507463
1600933787481,27878,91.617326
1600933788485,38438,85.866834
1600933789487,34305,71.569250
1600933790490,34459,99.311855
1600933791492,29014,56.390495
1600933792494,25759,83.359746
1600933793495,33263,96.753044
1600933794498,39999,84.931078
1600933795501,21504,95.192614
1600933796506,36796,98.122653
1600933797508,36860,65.756903
1600933798510,35177,99.030644
1600933799516,27632,77.496038
1600933800519,41135,92.985215
1600933801521,19392,16.105229
1600933802522,10048,98.216521
1600933803545,23534,72.046110
1600933804553,48603,96.663519
1600933805555,21056,92.750871
1600933806557,40822,98.559349
1600933807558,42177,75.260993
1600933808564,18355,98.348457
1600933810298,55690,99.055153
1600933811723,52099,57.689833
1600933812726,31448,92.221223
1600933814132,40067,59.841521
1600933815133,37733,79.867675
1600933816135,11705,98.079281
1600933817669,61639,92.457514
1600933819320,48129,98.087774
1600933820324,40194,93.629160
1600933821328,40574,67.979670
1600933822342,9654,97.015853
1600933823347,42503,98.453771
1600933824349,37550,98.493881
1600933825617,37113,71.329771
1600933826619,43394,98.858385
1600933827771,35481,63.426372
1600933828818,35776,87.342172
1600933830156,34338,87.401813
1600933831200,45662,81.172348
1600933832202,14753,95.043641
1600933833462,42078,79.475983
1600933834477,39614,99.033365
1600933835480,31558,73.442417
1600933836485,30665,98.995921
1600933837487,33413,99.128811
1600933838489,35896,99.151477
1600933839492,42903,69.269681
1600933840498,32088,92.984127
1600933841500,25928,32.076720
1600933842501,19008,96.834087
1600933843823,37428,73.901892
1600933844824,43084,87.744171
1600933845826,16231,97.653317
1600933847679,68672,70.304726
1600933848716,44441,98.891032
1600933850017,38098,77.440758
1600933851019,43310,72.204872
1600933852023,16746,59.724447
1600933853025,22586,68.662046
1600933854609,39947,87.496053
1600933855611,41169,68.797710
1600933856615,25874,99.623588
1600933857617,34032,81.979695
1600933858620,43994,99.593623
1600933859624,26806,75.184591
1600933860626,41326,78.937341
1600933862102,31462,77.589984
1600933863104,39834,61.873780
1600933864374,13751,97.917350
1600933866286,72765,75.488000
1600933867288,46604,85.638131
1600933868668,33050,65.269105
1600933869751,42124,93.640898
1600933870876,23658,96.465638
1600933873122,86558,60.198210
1600933874124,28178,52.415144
1600933875126,26139,99.564270
1600933876251,30593,76.731904
1600933877271,45128,94.447950
1600933878743,45135,62.515883
1600933879745,34445,91.190558
1600933881582,58500,60.190779
1600933882583,33596,51.197512
1600933883589,18592,97.996870
1600933884591,31069,97.966208
1600933885593,17291,46.489259
1600933886595,24624,99.251870
1600933887847,37069,91.816179
1600933888848,51027,69.613086
1600933890571,43270,91.245686
1600933891585,50049,95.962441
1600933892587,26424,74.863738
1600933893589,33385,53.168221
1600933894590,31936,99.151477
1600933896166,46776,97.331671
1600933897416,34248,32.837269
1600933898419,14161,82.989691
1600933900380,54804,97.885768
1600933901383,42348,99.564541
1600933902385,26114,99.098819
1600933903389,54658,99.565217
1600933904538,33961,91.497851
1600933905572,53122,77.228659
1600933906899,18415,97.316693
1600933907903,47311,99.469910
1600933908905,24510,37.414075
1600933909907,18884,85.159011
1600933910909,40704,99.277411
1600933911915,23017,51.360985
1600933912917,34564,56.976378
1600933914855,43411,72.377622
1600933915858,44597,95.082267
1600933917582,54072,64.158601
1600933918583,36051,76.132348
1600933919586,23320,98.433093
1600933920588,36276,97.857808
1600933921604,17037,43.979395
1600933922606,23271,97.355164
1600933923608,28778,98.308213
1600933924631,45545,56.302784
1600933925634,21787,99.844140
1600933926637,23800,82.288401
1600933927638,51610,66.687559
1600933928642,18696,99.436090
1600933929644,35605,48.386076
1600933930646,28467,60.184303
1600933931649,28524,99.436620
1600933932651,21101,94.601153
1600933934726,72371,33.067856
1600933935729,17763,57.305503
1600933936730,33473,79.054477
1600933937734,13425,91.116751
1600933938735,44367,98.907956
1600933939737,20229,94.494557
1600933940739,49979,88.491446
1600933942356,43571,59.961747
1600933943358,34381,95.039494
1600933944362,28320,98.657509
1600933945369,40603,48.480051
1600933946389,29680,98.469706
1600933947398,16031,32.151899
1600933948399,18230,82.790848
1600933949408,16054,95.511613
1600933950410,48074,58.177792
1600933951412,18778,99.434673
1600933952414,26338,82.425979
1600933953416,49796,73.368717
1600933954420,7744,97.977883
1600933955423,47779,99.844334
1600933956680,32531,82.971939
1600933957688,46986,93.570753
1600933958694,15828,76.935081
1600933959696,42988,80.898523
1600933960698,15774,94.309200
1600933961700,37218,18.158403
1600933962701,12160,95.499208
1600933963705,25600,98.243413
1600933964707,43700,99.561541
1600933965709,25032,80.969079
1600933966711,35716,74.464061
1600933967715,25509,93.827930
1600933968733,30013,67.100254
1600933969735,38302,72.128294
1600933971000,11201,94.003190
1600933972006,48897,99.500312
1600933973405,38902,82.801532
1600933974407,45576,80.088674
1600933976001,28672,40.269750
1600933977003,18108,98.936503
1600933979088,74029,53.654644
1600933980094,29925,98.656250
1600933981495,41778,74.151602
1600933982497,38848,54.162710
1600933983501,13769,99.033365
1600933984503,32157,60.591603
1600933985505,35226,85.489455
1600933986508,9203,97.931683
1600933987511,47500,99.375195
1600933988513,22935,98.402256
1600933989515,37677,92.692067
1600933990516,22909,29.067103
1600933991518,14784,60.497766
1600933992519,35840,81.849530
1600933993520,22720,98.991808
1600933994522,34689,67.467949
1600933995524,38527,96.878901
1600933996795,28041,78.311362
1600933997797,45175,82.515924
1600933999491,41731,59.089441
1600934000496,33733,94.031856
1600934002135,51768,98.583569
1600934003139,42879,34.245703
1600934004141,22103,99.533147
1600934005217,15325,50.808754
1600934006227,21783,99.158354
1600934008128,63707,62.988871
1600934009130,35099,72.329026
1600934010137,27723,99.502178
1600934011149,28341,59.584514
1600934012151,33344,67.454316
1600934013153,28352,99.159402
1600934014157,16496,65.517241
1600934015158,42832,96.287179
1600934016682,33204,65.833597
1600934017722,44048,70.025268
1600934018728,21864,99.239785
1600934019730,24006,42.128463
1600934020733,22286,49.727127
1600934022910,53025,47.385204
1600934023912,30751,84.845828
1600934026070,56946,65.515075
1600934027101,40275,51.775523
1600934028104,21568,98.595944
1600934029106,19573,93.201404
1600934030111,40822,99.125820
1600934031113,17396,82.031985
1600934032116,49488,99.405879
1600934033764,42923,66.553112
1600934034806,44641,28.414948
1600934035807,18432,97.048808
1600934036911,14162,29.499366
1600934037913,15129,38.535337
1600934038915,24917,92.729970
1600934040186,20928,74.810367
1600934041188,46144,86.523929
1600934042444,21181,25.354778
1600934043446,15171,20.386810
1600934044446,13504,16.076555
1600934045448,11520,13.491311
1600934046450,8731,81.946625
1600934047451,6629,8.301887
1600934048453,5760,5.409680
1600934049454,4288,3.700190
1600934050455,3008,3.827903
1600934051456,3072,2.580239
1600934052458,1984,1.760453
1600934053459,1216,1.860612
1600934054460,1536,1.860612
1600934055461,1472,2.046599
1600934056462,1472,1.736111
1600934057463,1472,2.078086
1600934058464,1536,1.888574
1600934059465,1408,2.173913
1600934060466,1600,2.076778
1600934061467,1472,1.857098
1600934062468,1408,0.125589
